--------------------------------------------------------------------------------
                                                                  mHM-UFZ v-5.10
                                                    L. Samaniego & R. Kumar, UFZ
--------------------------------------------------------------------------------

         M A I N  mHM  C O N F I G U R A T I O N  I N F O R M A T I O N         

Number of domain                       1
Total No. of gauges                    1
Time Step [h]                          1
            Domain                     1
No. of cells L0                    46545
            Domain                     1
No. of cells L1                       34
Total No. of nodes                    34
Total No. of reaches                  33
No. of cells L11                      34
Total No. of gauges                    1
Domain  1   Hydrology Resolution [m]              24000.
Domain  1   Routing Resolution [m]                24000.
Flag READ  restart                     F
Flag WRITE restart                     T

-------------------------------------------------------------
                      Model Run Periods for Domain         1
-------------------------------------------------------------
                                       From                To
                            Day Month  Year   Day Month  Year
Warming Period (1)            1     1  1990    30     6  1990Evaluation Period (2)         1     7  1990    30     6  1991Simulation Period (1)+(2)     1     1  1990    30     6  1991

--------------------------------------------------
       Land Cover Observations for Domai         1
--------------------------------------------------
 Start Yea  End Year    Land cover scene     Land Cover File

      1981      1990                   1         lc_1981.asc
      1991      2000                   2         lc_1991.asc

-------------------------------------------------------
  Initial Transfer Function Parameter Ranges (gammas)  
-------------------------------------------------------
         i            min            max        current                               name
         1          0.150          0.400          0.150           canopyInterceptionFactor
         2         -2.000          2.000          1.000           snowTreshholdTemperature
         3          0.000          4.000          1.500             degreeDayFactor_forest
         4          0.000          1.000          0.500         degreeDayFactor_impervious
         5          0.000          2.000          0.500           degreeDayFactor_pervious
         6          0.100          0.900          0.500    increaseDegreeDayFactorByPrecip
         7          0.000          8.000          3.000          maxDegreeDayFactor_forest
         8          0.000          8.000          3.500      maxDegreeDayFactor_impervious
         9          0.000          8.000          4.000        maxDegreeDayFactor_pervious
        10          0.000         20.000          3.400            orgMatterContent_forest
        11          0.000          1.000          0.100        orgMatterContent_impervious
        12          0.000          4.000          0.600          orgMatterContent_pervious
        13          0.646          0.951          0.760             PTF_lower66_5_constant
        14          0.000          0.003          0.001                 PTF_lower66_5_clay
        15         -0.373         -0.187         -0.264                   PTF_lower66_5_Db
        16          0.536          1.123          0.890            PTF_higher66_5_constant
        17         -0.005          0.005         -0.001                PTF_higher66_5_clay
        18         -0.551         -0.091         -0.324                  PTF_higher66_5_Db
        19         -1.200         -0.285         -0.585                    PTF_Ks_constant
        20          0.006          0.026          0.013                        PTF_Ks_sand
        21          0.003          0.013          0.006                        PTF_Ks_clay
        22         60.960         60.960         60.960                  PTF_Ks_curveSlope
        23          0.970          0.985          0.975     rootFractionCoefficient_forest
        24          0.970          0.985          0.975 rootFractionCoefficient_impervious
        25          0.970          0.985          0.975   rootFractionCoefficient_pervious
        26          1.000          4.000          1.750            infiltrationShapeFactor
        27          0.001          0.090          0.090       rootFractionCoefficient_sand
        28          0.900          0.999          0.980       rootFractionCoefficient_clay
        29          0.100          0.200          0.150                         FCmin_glob
        30          0.100          0.400          0.250                       FCdelta_glob
        31          0.000          5.000          0.500          imperviousStorageCapacity
        32          0.300          1.300          0.300                       PET_a_forest
        33          0.300          1.300          0.800                   PET_a_impervious
        34          0.300          1.300          1.300                     PET_a_pervious
        35          0.000          1.500          1.500                              PET_b
        36         -2.000          0.000         -0.700                              PET_c
        37         75.000        200.000         85.000     interflowStorageCapacityFactor
        38          0.000         10.000          7.000           interflowRecession_slope
        39          1.000          3.000          1.500      fastInterflowRecession_forest
        40          1.000         30.000         15.000          slowInterflowRecession_Ks
        41          0.050          0.300          0.125              exponentSlowInterflow
        42          0.000         50.000         35.000                rechargeCoefficient
        43         -5.000          5.000         -1.000             rechargeFactor_karstic
        44          1.000          1.000          1.000      gain_loss_GWreservoir_karstic
        45          0.310          0.350          0.325       muskingumTravelTime_constant
        46          0.070          0.080          0.075    muskingumTravelTime_riverLength
        47          1.950          2.100          2.000     muskingumTravelTime_riverSlope
        48          0.090          0.110          0.100     muskingumTravelTime_impervious
        49          0.010          0.500          0.300    muskingumAttenuation_riverSlope
        50          1.000       1000.000        100.000                      GeoParam(1,:)
        51          1.000       1000.000        100.000                      GeoParam(2,:)
        52          1.000       1000.000        100.000                      GeoParam(3,:)
        53          1.000       1000.000        100.000                      GeoParam(4,:)
        54          1.000       1000.000        100.000                      GeoParam(5,:)
        55          1.000       1000.000        100.000                      GeoParam(6,:)
        56          1.000       1000.000        100.000                      GeoParam(7,:)
        57          1.000       1000.000        100.000                      GeoParam(8,:)
        58          1.000       1000.000        100.000                      GeoParam(9,:)
        59          1.000       1000.000        100.000                     GeoParam(10,:)

--------------------------------------------------
                Domain Runoff Data                
--------------------------------------------------
 Gauge No.  Domain I     Qmax[m3/s]     Qmin[m3/s]
         1         1        932.000         16.000

--------------------------------------------------------------------------------
                          Domain-wise Configuratio
--------------------------------------------------------------------------------

--------------------------------------------------------------------------------
                                 Directory list
--------------------------------------------------------------------------------
Directory to morphological input             ../../test_domain/input/morph/                                                                                                                                                                                                                                  
Directory to land cover input                ../../test_domain/input/luse/                                                                                                                                                                                                                                   
Directory to gauging station input           ../../test_domain/input/gauge/                                                                                                                                                                                                                                  
Directory to precipitation input             ../../test_domain/input/meteo/pre/                                                                                                                                                                                                                              
Directory to temperature input               ../../test_domain/input/meteo/tavg/                                                                                                                                                                                                                             
Directory to reference ET input              ../../test_domain/input/meteo/pet/                                                                                                                                                                                                                              
Directory to write output by default         output_b1/b1_                                                                                                                                                                                                                                                   
File to write mHM output when restarted      output_b1/b1_mHM_restart_001.nc                                                                                                                                                                                                                                 

------------------------------
River Network  (Routing level)
------------------------------
                                           Label 0 = intermediate draining cell 
                                           Label 1 = headwater cell             
                                           Label 2 = sink cell                  

---------------------------------------------------------------------------
   Overall      From        To   Routing     Label         Length      Mean
      Link   Routing   Routing  Sequence                              Slope
        Id      Node      Node                               [km]    [o/oo]
---------------------------------------------------------------------------
         1         1         5         1         1          7.536     0.100
         6         7         3         2         1         28.349     0.100
         9        10         9         3         1          9.243     1.190
        10        11         8         4         1         40.042     0.999
        14        15        14         5         1         27.728     0.938
        19        20        19         6         1         28.435     1.653
        20        21        16         7         1         21.728     4.786
        24        25        24         8         1         32.127     4.171
        29        30        26         9         1         28.642     3.840
        32        33        29        10         1         27.142    13.116
        33        34        32        11         1         31.763     2.613
         2         3         4        12         0         29.642     0.100
         7         8         4        13         0          1.414     0.100
        13        14        13        14         0         38.213     0.576
        15        16        17        15         0          9.985     0.100
        18        19        18        16         0         33.799     1.036
        25        26        22        17         0         61.734     0.794
        28        29        28        18         0          6.243     3.204
        31        32        31        19         0         16.399     1.342
         3         4         5        20         0         38.420     0.833
        12        13        12        21         0         42.127     0.166
        17        18        17        22         0         42.542     0.282
        27        28        24        23         0         32.835     1.980
        30        31        27        24         0         32.728     2.781
        23        24        23        25         0         34.420     1.133
        26        27        23        26         0         29.799     1.141
        22        23        22        27         0          0.707     0.100
        21        22        17        28         0         38.456     0.364
        16        17        12        29         0         35.885     1.728
        11        12         9        30         0         30.263     0.100
         8         9         5        31         0         24.399     0.100
         4         5         6        32         0          5.036     0.100
         5         6         2        33         2         14.692     0.100

--------------------
   Overall     Domai
      Cell   Routing
        Id   Node Id
--------------------
         1
         2
         3
         4
         5
         6
         7
         8
         9
        10
        11
        12
        13
        14
        15
        16
        17
        18
        19
        20
        21
        22
        23
        24
        25
        26
        27
        28
        29
        30
        31
        32
        33
        34

------------------------------
  Modeling   Routing Effective
      Cell   Cell Id      Area
        Id       [-]     [km2]
------------------------------
         1         1   126.750
         2         2   229.750
         3         3   107.750
         4         4   312.500
         5         5   573.750
         6         6   314.250
         7         7    42.500
         8         8   524.750
         9         9   576.000
        10        10   146.500
        11        11   470.000
        12        12   576.000
        13        13   414.500
        14        14   340.750
        15        15     9.000
        16        16   230.250
        17        17   576.000
        18        18   576.000
        19        19   527.250
        20        20    48.250
        21        21    10.500
        22        22   545.000
        23        23   576.000
        24        24   576.000
        25        25   318.500
        26        26   456.250
        27        27   551.250
        28        28   576.000
        29        29   337.000
        30        30     3.250
        31        31   198.000
        32        32   555.250
        33        33    89.000
        34        34   121.750
------------------------------
     Total[km2]      11636.250


