      No     Day     Mon    Year  Qobs_0000000398  Qsim_0000000398
       1       1       1    1990      157.0000000      105.7008116
       2       2       1    1990      129.0000000       96.8222861
       3       3       1    1990      117.0000000       89.6873231
       4       4       1    1990      111.0000000       83.9172019
       5       5       1    1990      112.0000000       79.2470062
       6       6       1    1990       93.0000000       76.0978528
       7       7       1    1990       87.0000000       73.4756966
       8       8       1    1990       84.0000000       70.6550946
       9       9       1    1990       80.0000000       68.1987049
      10      10       1    1990       78.0000000       66.1202541
      11      11       1    1990       78.0000000       64.3434429
      12      12       1    1990       77.0000000       62.8079421
      13      13       1    1990       76.0000000       62.6224459
      14      14       1    1990       73.0000000       66.1005101
      15      15       1    1990       66.0000000       77.7350862
      16      16       1    1990       76.0000000       78.0606152
      17      17       1    1990       73.0000000       89.3739977
      18      18       1    1990       71.0000000       95.7822678
      19      19       1    1990       90.0000000       90.1218641
      20      20       1    1990       82.0000000       90.4759830
      21      21       1    1990       80.0000000       82.9235351
      22      22       1    1990       81.0000000       76.7924870
      23      23       1    1990       97.0000000      201.3416736
      24      24       1    1990      198.0000000      227.3593601
      25      25       1    1990      392.0000000      331.4316449
      26      26       1    1990      519.0000000      327.3975149
      27      27       1    1990      565.0000000      271.6799693
      28      28       1    1990      331.0000000      260.3242051
      29      29       1    1990      293.0000000      253.5562501
      30      30       1    1990      302.0000000      214.2178850
      31      31       1    1990      233.0000000      185.1184174
      32       1       2    1990      198.0000000      196.4531297
      33       2       2    1990      183.0000000      216.1089910
      34       3       2    1990      206.0000000      215.2217175
      35       4       2    1990      215.0000000      184.0330109
      36       5       2    1990      183.0000000      161.2874387
      37       6       2    1990      159.0000000      143.4843604
      38       7       2    1990      167.0000000      129.3872697
      39       8       2    1990      138.0000000      121.7485275
      40       9       2    1990      126.0000000      120.0108491
      41      10       2    1990      131.0000000      232.5704341
      42      11       2    1990      173.0000000      274.2930387
      43      12       2    1990      240.0000000      330.3497718
      44      13       2    1990      270.0000000      537.7030787
      45      14       2    1990      458.0000000     1032.9670826
      46      15       2    1990      996.0000000     1203.4517502
      47      16       2    1990     1370.0000000      953.3792723
      48      17       2    1990     1540.0000000      710.9418334
      49      18       2    1990     1210.0000000      542.1997356
      50      19       2    1990      616.0000000      425.6892156
      51      20       2    1990      465.0000000      351.5169704
      52      21       2    1990      373.0000000      301.3613812
      53      22       2    1990      298.0000000      262.6122817
      54      23       2    1990      270.0000000      232.4158431
      55      24       2    1990      234.0000000      208.7159258
      56      25       2    1990      218.0000000      195.5233929
      57      26       2    1990      203.0000000      351.7694298
      58      27       2    1990      314.0000000      566.9760402
      59      28       2    1990      520.0000000      792.6614872
      60       1       3    1990      689.0000000      802.3820407
      61       2       3    1990      777.0000000      636.4734168
      62       3       3    1990      584.0000000      492.4066497
      63       4       3    1990      429.0000000      404.2930270
      64       5       3    1990      365.0000000      349.5670715
      65       6       3    1990      281.0000000      305.2783760
      66       7       3    1990      257.0000000      270.5958253
      67       8       3    1990      231.0000000      243.5246074
      68       9       3    1990      211.0000000      222.2228250
      69      10       3    1990      191.0000000      205.3334158
      70      11       3    1990      182.0000000      191.8329076
      71      12       3    1990      173.0000000      180.9358630
      72      13       3    1990      159.0000000      172.3906485
      73      14       3    1990      153.0000000      169.4207378
      74      15       3    1990      141.0000000      169.0959266
      75      16       3    1990      136.0000000      162.0780519
      76      17       3    1990      130.0000000      156.2150511
      77      18       3    1990      123.0000000      151.2836008
      78      19       3    1990      115.0000000      147.0912084
      79      20       3    1990      113.0000000      143.9165039
      80      21       3    1990      102.0000000      141.1218224
      81      22       3    1990      105.0000000      138.7113688
      82      23       3    1990      106.0000000      136.7355051
      83      24       3    1990       87.0000000      135.2404816
      84      25       3    1990       80.0000000      136.1341634
      85      26       3    1990       84.0000000      133.5291872
      86      27       3    1990       82.0000000      132.1660362
      87      28       3    1990       91.0000000      152.0975208
      88      29       3    1990       97.0000000      161.2144420
      89      30       3    1990      110.0000000      156.9069928
      90      31       3    1990       97.0000000      149.9558861
      91       1       4    1990       93.0000000      143.4877837
      92       2       4    1990       85.0000000      138.1001000
      93       3       4    1990       84.0000000      144.0955344
      94       4       4    1990       81.0000000      151.5145284
      95       5       4    1990       81.0000000      144.3276740
      96       6       4    1990       76.0000000      144.1394750
      97       7       4    1990       72.0000000      137.8332678
      98       8       4    1990       68.0000000      132.5782870
      99       9       4    1990       72.0000000      128.2137131
     100      10       4    1990       65.0000000      124.6895273
     101      11       4    1990       62.0000000      123.7659429
     102      12       4    1990       62.0000000      126.0870096
     103      13       4    1990       65.0000000      132.4680128
     104      14       4    1990       68.0000000      167.6101775
     105      15       4    1990       75.0000000      171.8952241
     106      16       4    1990       90.0000000      173.0429394
     107      17       4    1990       92.0000000      174.7686188
     108      18       4    1990       94.0000000      178.8605407
     109      19       4    1990      110.0000000      164.8840188
     110      20       4    1990       99.0000000      153.0878279
     111      21       4    1990       86.0000000      143.6300922
     112      22       4    1990       86.0000000      142.8523744
     113      23       4    1990       86.0000000      155.2964576
     114      24       4    1990       88.0000000      162.4201298
     115      25       4    1990       93.0000000      154.0217711
     116      26       4    1990       99.0000000      144.0521982
     117      27       4    1990       86.0000000      138.5135955
     118      28       4    1990       74.0000000      134.1976992
     119      29       4    1990       72.0000000      127.6387156
     120      30       4    1990       77.0000000      122.0371541
     121       1       5    1990       56.0000000      117.3707571
     122       2       5    1990       64.0000000      113.4493152
     123       3       5    1990       58.0000000      110.1222939
     124       4       5    1990       50.0000000      107.2704078
     125       5       5    1990       50.0000000      104.7990218
     126       6       5    1990       50.0000000      102.6329726
     127       7       5    1990       50.0000000      100.7471247
     128       8       5    1990       53.0000000      100.2728866
     129       9       5    1990       62.0000000       99.4110091
     130      10       5    1990       64.0000000      103.0743113
     131      11       5    1990       65.0000000      104.8982624
     132      12       5    1990       75.0000000      100.0531899
     133      13       5    1990       71.0000000       97.6493050
     134      14       5    1990       63.0000000       95.8023614
     135      15       5    1990       61.0000000       94.0558881
     136      16       5    1990       49.0000000       92.6031534
     137      17       5    1990       46.0000000       91.0174195
     138      18       5    1990       46.0000000       89.6423167
     139      19       5    1990       48.0000000       88.3739072
     140      20       5    1990       41.0000000       87.2048981
     141      21       5    1990       45.0000000       94.3780413
     142      22       5    1990       52.0000000       92.6295301
     143      23       5    1990       50.0000000       93.9280822
     144      24       5    1990       56.0000000       98.0201060
     145      25       5    1990       41.0000000       92.8990521
     146      26       5    1990       40.0000000       88.7978482
     147      27       5    1990       39.0000000       86.6496992
     148      28       5    1990       39.0000000       84.7793205
     149      29       5    1990       33.0000000       83.1312111
     150      30       5    1990       37.0000000       81.6614626
     151      31       5    1990       30.0000000       80.3352829
     152       1       6    1990       37.0000000       84.7078002
     153       2       6    1990       36.0000000       90.2999441
     154       3       6    1990       40.0000000      130.0851721
     155       4       6    1990       45.0000000      101.1292661
     156       5       6    1990       39.0000000       90.1000574
     157       6       6    1990       48.0000000       86.5214859
     158       7       6    1990       39.0000000      152.3312587
     159       8       6    1990       49.0000000      153.2471057
     160       9       6    1990       84.0000000      148.5676595
     161      10       6    1990       91.0000000      133.3261010
     162      11       6    1990       80.0000000      120.0139233
     163      12       6    1990       66.0000000      110.6035864
     164      13       6    1990       53.0000000      103.3181899
     165      14       6    1990       64.0000000       97.2424351
     166      15       6    1990       55.0000000       91.8709805
     167      16       6    1990       54.0000000       87.5084706
     168      17       6    1990       42.0000000       83.8910167
     169      18       6    1990       48.0000000       81.6880810
     170      19       6    1990       48.0000000      108.2813833
     171      20       6    1990       60.0000000      139.5542961
     172      21       6    1990       75.0000000      138.0447649
     173      22       6    1990       78.0000000      126.3817838
     174      23       6    1990       66.0000000      115.3930201
     175      24       6    1990       63.0000000      105.2917755
     176      25       6    1990       52.0000000       97.7364757
     177      26       6    1990       49.0000000       91.6376337
     178      27       6    1990       44.0000000       94.8432757
     179      28       6    1990       51.0000000       91.1011638
     180      29       6    1990       61.0000000      115.4683033
     181      30       6    1990       81.0000000      149.8191101
     182       1       7    1990       79.0000000      111.6588696
     183       2       7    1990       92.0000000       98.5717866
     184       3       7    1990       72.0000000      113.9172292
     185       4       7    1990       58.0000000      147.3754047
     186       5       7    1990       69.0000000      197.2079553
     187       6       7    1990       94.0000000      178.1553100
     188       7       7    1990      199.0000000      180.1435502
     189       8       7    1990      133.0000000      178.9748592
     190       9       7    1990      124.0000000      154.0457933
     191      10       7    1990      123.0000000      136.9944391
     192      11       7    1990       99.0000000      123.3573202
     193      12       7    1990       88.0000000      112.4072311
     194      13       7    1990       84.0000000      103.5763891
     195      14       7    1990       72.0000000       96.4202644
     196      15       7    1990       55.0000000       90.5899864
     197      16       7    1990       65.0000000       85.8111736
     198      17       7    1990       50.0000000       81.8676169
     199      18       7    1990       50.0000000       78.5886517
     200      19       7    1990       46.0000000       75.8393520
     201      20       7    1990       44.0000000       73.5128910
     202      21       7    1990       42.0000000       71.5245755
     203      22       7    1990       37.0000000       69.8071753
     204      23       7    1990       38.0000000       68.3072588
     205      24       7    1990       44.0000000       66.9823130
     206      25       7    1990       30.0000000       65.7984758
     207      26       7    1990       26.0000000       64.7287471
     208      27       7    1990       31.0000000       63.7515767
     209      28       7    1990       33.0000000       64.7780372
     210      29       7    1990       42.0000000       62.6901521
     211      30       7    1990       36.0000000       61.3009167
     212      31       7    1990       34.0000000       60.5432214
     213       1       8    1990       25.0000000       59.8219362
     214       2       8    1990       22.0000000       59.1310300
     215       3       8    1990       28.0000000       58.4656547
     216       4       8    1990       25.0000000       57.8219081
     217       5       8    1990       19.0000000       57.1966456
     218       6       8    1990       22.0000000       56.5873294
     219       7       8    1990       19.0000000       55.9919083
     220       8       8    1990       22.0000000       55.4087214
     221       9       8    1990       19.0000000       54.8364216
     222      10       8    1990       20.0000000       54.2739138
     223      11       8    1990       19.0000000       53.7203055
     224      12       8    1990       19.0000000       53.1748673
     225      13       8    1990       22.0000000       56.8126794
     226      14       8    1990       36.0000000       82.1491597
     227      15       8    1990       31.0000000       65.1009514
     228      16       8    1990       30.0000000       64.1083395
     229      17       8    1990       28.0000000       57.2054562
     230      18       8    1990       34.0000000       52.8223531
     231      19       8    1990       21.0000000       51.8518868
     232      20       8    1990       30.0000000       50.9788823
     233      21       8    1990       22.0000000       50.1849092
     234      22       8    1990       21.0000000       49.4552258
     235      23       8    1990       23.0000000       48.7780312
     236      24       8    1990       20.0000000       48.1438704
     237      25       8    1990       29.0000000       47.5452167
     238      26       8    1990       20.0000000       47.3348764
     239      27       8    1990       22.0000000       48.6698511
     240      28       8    1990       23.0000000       46.9746140
     241      29       8    1990       35.0000000       45.9915478
     242      30       8    1990       51.0000000      151.3585858
     243      31       8    1990       80.0000000      108.2370162
     244       1       9    1990       56.0000000       59.2176528
     245       2       9    1990       33.0000000       52.6808778
     246       3       9    1990       27.0000000       50.7419510
     247       4       9    1990       27.0000000       56.6422648
     248       5       9    1990       28.0000000       56.0853726
     249       6       9    1990       26.0000000       52.1801624
     250       7       9    1990       24.0000000       55.9911489
     251       8       9    1990       33.0000000       51.9908060
     252       9       9    1990       26.0000000       48.3407736
     253      10       9    1990       27.0000000       46.7286678
     254      11       9    1990       22.0000000       45.3579485
     255      12       9    1990       22.0000000       44.1808298
     256      13       9    1990       21.0000000       43.1592623
     257      14       9    1990       22.0000000       42.2629172
     258      15       9    1990       22.0000000       41.4675956
     259      16       9    1990       22.0000000       40.7539708
     260      17       9    1990       20.0000000       40.1065926
     261      18       9    1990       22.0000000       39.5130986
     262      19       9    1990       16.0000000       38.9635881
     263      20       9    1990       22.0000000       38.4501244
     264      21       9    1990       19.0000000       47.4415339
     265      22       9    1990       32.0000000      132.0886079
     266      23       9    1990       27.0000000       94.8625121
     267      24       9    1990       45.0000000       79.1289083
     268      25       9    1990       42.0000000       62.1186959
     269      26       9    1990       39.0000000       56.1346377
     270      27       9    1990       30.0000000       52.1915853
     271      28       9    1990       28.0000000       48.9728968
     272      29       9    1990       30.0000000       46.3308538
     273      30       9    1990       30.0000000      119.6708060
     274       1      10    1990       56.0000000      175.4211003
     275       2      10    1990       72.0000000      140.2267514
     276       3      10    1990       73.0000000      140.6054141
     277       4      10    1990       68.0000000      122.6140724
     278       5      10    1990       53.0000000      109.4981227
     279       6      10    1990       42.0000000       95.2961760
     280       7      10    1990       33.0000000       84.1861281
     281       8      10    1990       42.0000000       75.3138342
     282       9      10    1990       34.0000000       68.1627096
     283      10      10    1990       36.0000000       62.3872842
     284      11      10    1990       36.0000000       57.7088393
     285      12      10    1990       28.0000000       53.9012872
     286      13      10    1990       32.0000000       50.7861240
     287      14      10    1990       27.0000000       48.2222000
     288      15      10    1990       35.0000000       46.2446314
     289      16      10    1990       42.0000000       46.0650616
     290      17      10    1990       35.0000000       61.7600064
     291      18      10    1990       39.0000000       58.5169088
     292      19      10    1990       34.0000000       51.3360328
     293      20      10    1990       32.0000000       48.4402472
     294      21      10    1990       34.0000000       46.0593716
     295      22      10    1990       27.0000000       44.0853957
     296      23      10    1990       31.0000000       42.4360073
     297      24      10    1990       28.0000000       41.0459248
     298      25      10    1990       25.0000000       40.7140525
     299      26      10    1990       29.0000000       65.1439852
     300      27      10    1990       31.0000000       72.4096584
     301      28      10    1990       65.0000000      241.6893840
     302      29      10    1990       69.0000000      242.8927061
     303      30      10    1990      157.0000000      210.8457659
     304      31      10    1990      190.0000000      186.2659978
     305       1      11    1990      115.0000000      185.8374316
     306       2      11    1990      104.0000000      198.5892064
     307       3      11    1990      100.0000000      206.7271419
     308       4      11    1990      131.0000000      210.4518488
     309       5      11    1990      130.0000000      194.0247774
     310       6      11    1990      115.0000000      164.5858941
     311       7      11    1990      102.0000000      141.4412792
     312       8      11    1990       95.0000000      123.0584122
     313       9      11    1990       81.0000000      108.4647529
     314      10      11    1990       66.0000000      113.0404405
     315      11      11    1990       67.0000000      168.9930959
     316      12      11    1990       74.0000000      183.4447576
     317      13      11    1990      109.0000000      175.5640580
     318      14      11    1990       92.0000000      208.9847897
     319      15      11    1990       92.0000000      219.0178882
     320      16      11    1990      155.0000000      205.8908160
     321      17      11    1990      159.0000000      192.5506885
     322      18      11    1990      131.0000000      207.6025249
     323      19      11    1990      161.0000000      219.7650897
     324      20      11    1990      196.0000000      357.6009680
     325      21      11    1990      336.0000000      369.0204949
     326      22      11    1990      566.0000000      373.6444809
     327      23      11    1990      373.0000000      389.9784095
     328      24      11    1990      293.0000000      343.1036657
     329      25      11    1990      264.0000000      309.9894465
     330      26      11    1990      226.0000000      266.9942967
     331      27      11    1990      201.0000000      229.2961120
     332      28      11    1990      180.0000000      198.3359917
     333      29      11    1990      161.0000000      192.9170499
     334      30      11    1990      149.0000000      175.8192222
     335       1      12    1990      134.0000000      154.8664234
     336       2      12    1990      113.0000000      139.4945891
     337       3      12    1990       99.0000000      127.3285280
     338       4      12    1990      107.0000000      117.8680149
     339       5      12    1990       99.0000000      109.9429289
     340       6      12    1990       89.0000000      103.4369735
     341       7      12    1990       77.0000000       98.1348093
     342       8      12    1990       71.0000000       93.7808216
     343       9      12    1990       68.0000000       93.0416953
     344      10      12    1990       73.0000000       88.0819648
     345      11      12    1990       84.0000000       85.3464782
     346      12      12    1990       88.0000000      109.8044909
     347      13      12    1990       92.0000000      114.9627284
     348      14      12    1990      128.0000000      105.7388136
     349      15      12    1990      136.0000000       97.5148057
     350      16      12    1990      114.0000000       92.4494709
     351      17      12    1990      101.0000000       88.3745436
     352      18      12    1990       93.0000000       85.0426834
     353      19      12    1990       85.0000000       82.2808768
     354      20      12    1990       81.0000000       85.1139697
     355      21      12    1990      106.0000000      127.3527083
     356      22      12    1990      159.0000000      157.3673070
     357      23      12    1990      250.0000000      164.0441080
     358      24      12    1990      298.0000000      153.6933783
     359      25      12    1990      261.0000000      231.1449725
     360      26      12    1990      228.0000000      356.1336852
     361      27      12    1990      409.0000000      405.4911374
     362      28      12    1990      486.0000000      411.6464058
     363      29      12    1990      440.0000000      564.8906531
     364      30      12    1990      486.0000000      735.1895145
     365      31      12    1990      774.0000000      902.4144527
     366       1       1    1991      889.0000000      869.2773910
     367       2       1    1991      863.0000000      895.5726214
     368       3       1    1991      875.0000000      885.1924121
     369       4       1    1991      932.0000000      737.6353733
     370       5       1    1991      826.0000000      680.8950438
     371       6       1    1991      731.0000000      618.3236751
     372       7       1    1991      613.0000000      604.6827178
     373       8       1    1991      610.0000000      580.0644500
     374       9       1    1991      686.0000000      513.3102657
     375      10       1    1991      556.0000000      566.4867339
     376      11       1    1991      669.0000000      602.9442957
     377      12       1    1991      828.0000000      540.7369454
     378      13       1    1991      735.0000000      431.9015050
     379      14       1    1991      513.0000000      365.3810769
     380      15       1    1991      411.0000000      317.5693118
     381      16       1    1991      345.0000000      280.9407069
     382      17       1    1991      293.0000000      252.5505577
     383      18       1    1991      251.0000000      230.3419777
     384      19       1    1991      222.0000000      212.8554746
     385      20       1    1991      215.0000000      199.2185041
     386      21       1    1991      213.0000000      196.1965844
     387      22       1    1991      202.0000000      197.7943087
     388      23       1    1991      200.0000000      188.1019260
     389      24       1    1991      192.0000000      178.7512597
     390      25       1    1991      176.0000000      170.8827161
     391      26       1    1991      164.0000000      164.4410810
     392      27       1    1991      157.0000000      159.0711898
     393      28       1    1991      134.0000000      154.5553012
     394      29       1    1991      130.0000000      150.7056756
     395      30       1    1991      119.0000000      147.3786577
     396      31       1    1991      107.0000000      144.4637116
     397       1       2    1991      112.0000000      141.8753571
     398       2       2    1991      109.0000000      139.5471877
     399       3       2    1991      101.0000000      137.4273996
     400       4       2    1991       98.0000000      135.4754253
     401       5       2    1991       84.0000000      133.6593843
     402       6       2    1991       93.0000000      131.9541401
     403       7       2    1991       80.0000000      130.3398127
     404       8       2    1991       73.0000000      128.8006330
     405       9       2    1991       89.0000000      127.3240583
     406      10       2    1991       84.0000000      125.9000852
     407      11       2    1991       78.0000000      124.5207142
     408      12       2    1991       79.0000000      123.1795325
     409      13       2    1991       77.0000000      121.8713851
     410      14       2    1991       80.0000000      120.5921176
     411      15       2    1991       72.0000000      119.3383724
     412      16       2    1991       78.0000000      120.5743623
     413      17       2    1991       74.0000000      120.1640764
     414      18       2    1991       77.0000000      118.8237175
     415      19       2    1991       73.0000000      142.6217947
     416      20       2    1991       69.0000000      169.4782218
     417      21       2    1991       74.0000000      210.7612610
     418      22       2    1991       81.0000000      216.5068871
     419      23       2    1991      110.0000000      208.8599939
     420      24       2    1991      180.0000000      210.4343257
     421      25       2    1991      213.0000000      221.5846507
     422      26       2    1991      222.0000000      228.4063971
     423      27       2    1991      208.0000000      229.3491184
     424      28       2    1991      211.0000000      223.2773532
     425       1       3    1991      214.0000000      205.9885788
     426       2       3    1991      208.0000000      205.8821710
     427       3       3    1991      221.0000000      195.2384161
     428       4       3    1991      281.0000000      177.4362890
     429       5       3    1991      219.0000000      164.4690088
     430       6       3    1991      190.0000000      154.1053450
     431       7       3    1991      173.0000000      145.6547093
     432       8       3    1991      164.0000000      139.0902710
     433       9       3    1991      142.0000000      134.8336429
     434      10       3    1991      133.0000000      138.5862886
     435      11       3    1991      133.0000000      136.6871657
     436      12       3    1991      118.0000000      131.0535022
     437      13       3    1991      127.0000000      126.0765706
     438      14       3    1991      113.0000000      121.8989123
     439      15       3    1991      107.0000000      118.3567973
     440      16       3    1991      100.0000000      115.3212013
     441      17       3    1991      100.0000000      112.6929006
     442      18       3    1991       95.0000000      110.4173746
     443      19       3    1991       98.0000000      189.4604175
     444      20       3    1991      119.0000000      195.7790714
     445      21       3    1991      159.0000000      234.0617714
     446      22       3    1991      196.0000000      259.3862638
     447      23       3    1991      242.0000000      238.8502758
     448      24       3    1991      216.0000000      210.4151533
     449      25       3    1991      180.0000000      188.7346560
     450      26       3    1991      145.0000000      172.2175872
     451      27       3    1991      127.0000000      162.0644507
     452      28       3    1991      117.0000000      150.3146225
     453      29       3    1991      109.0000000      140.7895933
     454      30       3    1991      106.0000000      133.0520321
     455      31       3    1991       99.0000000      126.7162914
     456       1       4    1991       96.0000000      121.4835830
     457       2       4    1991       88.0000000      117.1214867
     458       3       4    1991       87.0000000      113.4485695
     459       4       4    1991       82.0000000      110.6534462
     460       5       4    1991       84.0000000      109.0278729
     461       6       4    1991       67.0000000      106.5427414
     462       7       4    1991       89.0000000      104.3814919
     463       8       4    1991       75.0000000      102.4953395
     464       9       4    1991       79.0000000      100.6757796
     465      10       4    1991       70.0000000       99.0154333
     466      11       4    1991       69.0000000       97.5023193
     467      12       4    1991       69.0000000       96.1086485
     468      13       4    1991       56.0000000       94.8123105
     469      14       4    1991       63.0000000       93.6003537
     470      15       4    1991       58.0000000       92.4515686
     471      16       4    1991       56.0000000       91.3540346
     472      17       4    1991       54.0000000       90.3020840
     473      18       4    1991       57.0000000       89.3040043
     474      19       4    1991       53.0000000       89.0679306
     475      20       4    1991       53.0000000       90.9238735
     476      21       4    1991       65.0000000       91.4133794
     477      22       4    1991       69.0000000       94.9123119
     478      23       4    1991       61.0000000       99.2405065
     479      24       4    1991       56.0000000       98.2959771
     480      25       4    1991       56.0000000       95.2524562
     481      26       4    1991       53.0000000       92.1615772
     482      27       4    1991       49.0000000       89.5313023
     483      28       4    1991       53.0000000       87.2794032
     484      29       4    1991       48.0000000       87.8439089
     485      30       4    1991       57.0000000      155.7802692
     486       1       5    1991       69.0000000      151.7031576
     487       2       5    1991       89.0000000      135.8719323
     488       3       5    1991      105.0000000      124.3039852
     489       4       5    1991       79.0000000      115.0337689
     490       5       5    1991       69.0000000      108.2420526
     491       6       5    1991       71.0000000      104.0761715
     492       7       5    1991       60.0000000       98.8775412
     493       8       5    1991       64.0000000       94.1666274
     494       9       5    1991       59.0000000       90.2563599
     495      10       5    1991       57.0000000       95.1424221
     496      11       5    1991       55.0000000      107.6349551
     497      12       5    1991       53.0000000      105.3041287
     498      13       5    1991       52.0000000       99.9128490
     499      14       5    1991       50.0000000       95.5235610
     500      15       5    1991       52.0000000      108.6739474
     501      16       5    1991       54.0000000      116.8100688
     502      17       5    1991       54.0000000      107.3740950
     503      18       5    1991       55.0000000      100.0407271
     504      19       5    1991       48.0000000       94.0205860
     505      20       5    1991       48.0000000       89.0793573
     506      21       5    1991       49.0000000       84.9978606
     507      22       5    1991       41.0000000       81.6021224
     508      23       5    1991       40.0000000       78.7539612
     509      24       5    1991       40.0000000       76.3435531
     510      25       5    1991       39.0000000       74.2835555
     511      26       5    1991       43.0000000       72.5044608
     512      27       5    1991       39.0000000       70.9509190
     513      28       5    1991       36.0000000       69.5788263
     514      29       5    1991       33.0000000       68.3530168
     515      30       5    1991       39.0000000       67.2454336
     516      31       5    1991       34.0000000       66.2336765
     517       1       6    1991       37.0000000       65.2998497
     518       2       6    1991       35.0000000       64.4296459
     519       3       6    1991       29.0000000       63.6116185
     520       4       6    1991       33.0000000       62.8366029
     521       5       6    1991       34.0000000       62.1096832
     522       6       6    1991       32.0000000       79.9770601
     523       7       6    1991       38.0000000       85.9828895
     524       8       6    1991       39.0000000       74.6320414
     525       9       6    1991       41.0000000       76.7218692
     526      10       6    1991       44.0000000       89.1732580
     527      11       6    1991       48.0000000       72.7974863
     528      12       6    1991       42.0000000       68.7437128
     529      13       6    1991       37.0000000       66.1916144
     530      14       6    1991       39.0000000       64.0564466
     531      15       6    1991       35.0000000       63.4320747
     532      16       6    1991       31.0000000       72.1560988
     533      17       6    1991       33.0000000       81.3985490
     534      18       6    1991       31.0000000       80.3474386
     535      19       6    1991       28.0000000       76.8354173
     536      20       6    1991       60.0000000      117.3182797
     537      21       6    1991       48.0000000       87.2150314
     538      22       6    1991       54.0000000       74.9708579
     539      23       6    1991       63.0000000       78.3726360
     540      24       6    1991       41.0000000       70.1605756
     541      25       6    1991       42.0000000       65.1096038
     542      26       6    1991       43.0000000       62.5361125
     543      27       6    1991       38.0000000       73.7603865
     544      28       6    1991       38.0000000       76.3748746
     545      29       6    1991       35.0000000       71.8948143
     546      30       6    1991       41.0000000       67.4639777
     547       1       7    1991       41.0000000       63.9651554
     548       2       7    1991       38.0000000       61.0707615
     549       3       7    1991       34.0000000       58.6589560
     550       4       7    1991       27.0000000       56.6329056
     551       5       7    1991       31.0000000       54.9155926
     552       6       7    1991       30.0000000       53.4457141
     553       7       7    1991       26.0000000       58.5842649
     554       8       7    1991       30.0000000       56.2261387
     555       9       7    1991       31.0000000       51.3627983
     556      10       7    1991       23.0000000       50.2634968
     557      11       7    1991       35.0000000       49.2917095
     558      12       7    1991       19.0000000       52.4369286
     559      13       7    1991       24.0000000       88.1742502
     560      14       7    1991       26.0000000       76.3242142
     561      15       7    1991       27.0000000       66.3268604
     562      16       7    1991       41.0000000       61.0569491
     563      17       7    1991       34.0000000       57.6351494
     564      18       7    1991       27.0000000       54.8142316
     565      19       7    1991       25.0000000       52.4730598
     566      20       7    1991       23.0000000       50.5153168
     567      21       7    1991       22.0000000       48.8643676
     568      22       7    1991       27.0000000       47.4591967
     569      23       7    1991       23.0000000       46.2511924
     570      24       7    1991       21.0000000       47.6029702
     571      25       7    1991       23.0000000       78.5245150
     572      26       7    1991       33.0000000       66.1639739
     573      27       7    1991       23.0000000       56.5598294
     574      28       7    1991       29.0000000       52.0743733
     575      29       7    1991       30.0000000       49.6361169
     576      30       7    1991       35.0000000       66.2971413
     577      31       7    1991       27.0000000       65.3717731
     578       1       8    1991       45.0000000       56.3143069
     579       2       8    1991       47.0000000       52.8334129
     580       3       8    1991       40.0000000       50.0072674
     581       4       8    1991       35.0000000       47.6723864
     582       5       8    1991       26.0000000       45.7298503
     583       6       8    1991       23.0000000       44.1009885
     584       7       8    1991       30.0000000       43.7018322
     585       8       8    1991       33.0000000       44.0620576
     586       9       8    1991       30.0000000       40.8164230
     587      10       8    1991       28.0000000       39.7019061
     588      11       8    1991       19.0000000       38.9150230
     589      12       8    1991       20.0000000       38.2136020
     590      13       8    1991       16.0000000       37.5813097
     591      14       8    1991       18.0000000       37.0050875
     592      15       8    1991       18.0000000       36.4744882
     593      16       8    1991       20.0000000       35.9811477
     594      17       8    1991       16.0000000       35.5183650
     595      18       8    1991       15.0000000       35.0807675
     596      19       8    1991       15.0000000       34.6640443
     597      20       8    1991       14.0000000       34.2647333
     598      21       8    1991       15.0000000       33.8800518
     599      22       8    1991       13.0000000       33.5077744
     600      23       8    1991       12.0000000       33.2438691
     601      24       8    1991       11.0000000       33.1212908
     602      25       8    1991       12.0000000       32.5892845
     603      26       8    1991       11.0000000       32.2260370
     604      27       8    1991       13.0000000       31.8740264
     605      28       8    1991       11.0000000       31.5316444
     606      29       8    1991       12.0000000       31.1975938
     607      30       8    1991       12.0000000       30.8708273
     608      31       8    1991       11.0000000       30.5504975
     609       1       9    1991       11.0000000       32.2931107
     610       2       9    1991       17.0000000       31.3899262
     611       3       9    1991       11.0000000       29.6471217
     612       4       9    1991       12.0000000       29.3444797
     613       5       9    1991       11.0000000       29.0463773
     614       6       9    1991       11.0000000       28.7524650
     615       7       9    1991       18.0000000       28.4624572
     616       8       9    1991       11.0000000       28.1761200
     617       9       9    1991       13.0000000       27.8932602
     618      10       9    1991       12.0000000       28.2757062
     619      11       9    1991       11.0000000       67.2927274
     620      12       9    1991       20.0000000       40.3392489
     621      13       9    1991       21.0000000       29.7695370
     622      14       9    1991       29.0000000       28.9612567
     623      15       9    1991       28.0000000       28.2625686
     624      16       9    1991       20.0000000       27.6520983
     625      17       9    1991       20.0000000       27.1127692
     626      18       9    1991       20.0000000       26.6309295
     627      19       9    1991       12.0000000       26.1956584
     628      20       9    1991       11.0000000       25.7982140
     629      21       9    1991       11.0000000       25.4315942
     630      22       9    1991       22.0000000       56.2597017
     631      23       9    1991       14.0000000       38.5579410
     632      24       9    1991       48.0000000       28.4973128
     633      25       9    1991       45.0000000       97.2404293
     634      26       9    1991       80.0000000       82.0000550
     635      27       9    1991       61.0000000       60.3495576
     636      28       9    1991       61.0000000       97.1313535
     637      29       9    1991       65.0000000       84.7462175
     638      30       9    1991       63.0000000       65.9211178
     639       1      10    1991       90.0000000       54.3713017
     640       2      10    1991       59.0000000       47.2005440
     641       3      10    1991       45.0000000       42.6388411
     642       4      10    1991       42.0000000       39.0484597
     643       5      10    1991       41.0000000      101.1428454
     644       6      10    1991       41.0000000       91.3431037
     645       7      10    1991       73.0000000       67.8899489
     646       8      10    1991       96.0000000       58.2203040
     647       9      10    1991       61.0000000       51.7791893
     648      10      10    1991       44.0000000       46.6195389
     649      11      10    1991       42.0000000       42.5960979
     650      12      10    1991       41.0000000       80.4149882
     651      13      10    1991       42.0000000       79.7446651
     652      14      10    1991       61.0000000       64.5792868
     653      15      10    1991       55.0000000       57.0289696
     654      16      10    1991       41.0000000       55.6004681
     655      17      10    1991       48.0000000       75.6737604
     656      18      10    1991       52.0000000      102.5887073
     657      19      10    1991       66.0000000       78.4577553
     658      20      10    1991       59.0000000       74.0195754
     659      21      10    1991       71.0000000       68.0905678
     660      22      10    1991       74.0000000       60.4071665
     661      23      10    1991       70.0000000       54.2253678
     662      24      10    1991       59.0000000       49.0371337
     663      25      10    1991       57.0000000       44.8506721
     664      26      10    1991       57.0000000       41.4588214
     665      27      10    1991       51.0000000       38.6981668
     666      28      10    1991       47.0000000       36.4395945
     667      29      10    1991       48.0000000       34.5809413
     668      30      10    1991       45.0000000       38.4235130
     669      31      10    1991       43.0000000       40.4432461
     670       1      11    1991       40.0000000       56.3841602
     671       2      11    1991       47.0000000       58.3016003
     672       3      11    1991       46.0000000      115.7928130
     673       4      11    1991       76.0000000      167.3802324
     674       5      11    1991       60.0000000      154.8488969
     675       6      11    1991      132.0000000      139.3342102
     676       7      11    1991      133.0000000      146.5034239
     677       8      11    1991      113.0000000      172.8295323
     678       9      11    1991      120.0000000      168.7014797
     679      10      11    1991      141.0000000      146.7803130
     680      11      11    1991      208.0000000      178.3438930
     681      12      11    1991      166.0000000      221.4269028
     682      13      11    1991      183.0000000      324.9029244
     683      14      11    1991      299.0000000      460.5700682
     684      15      11    1991      521.0000000      390.8029261
     685      16      11    1991      443.0000000      326.9631432
     686      17      11    1991      304.0000000      271.9388509
     687      18      11    1991      231.0000000      278.2777472
     688      19      11    1991      192.0000000      265.8732697
     689      20      11    1991      199.0000000      249.7718059
     690      21      11    1991      201.0000000      228.9756705
     691      22      11    1991      173.0000000      194.5835482
     692      23      11    1991      159.0000000      167.3797633
     693      24      11    1991      160.0000000      145.8320499
     694      25      11    1991      146.0000000      128.7234680
     695      26      11    1991      110.0000000      115.0698856
     696      27      11    1991      114.0000000      104.1402741
     697      28      11    1991       97.0000000       95.3530789
     698      29      11    1991       89.0000000       88.2554100
     699      30      11    1991       73.0000000       82.4928523
     700       1      12    1991       69.0000000       77.7873587
     701       2      12    1991       67.0000000       73.9203097
     702       3      12    1991       63.0000000       70.7194681
     703       4      12    1991       58.0000000       68.0488936
     704       5      12    1991       59.0000000       65.8011159
     705       6      12    1991       53.0000000       63.8910433
     706       7      12    1991       54.0000000       62.2512074
     707       8      12    1991       51.0000000       60.8280426
     708       9      12    1991       47.0000000       59.5789683
     709      10      12    1991       42.0000000       58.4700960
     710      11      12    1991       40.0000000       57.4744246
     711      12      12    1991       39.0000000       56.5704171
     712      13      12    1991       36.0000000       55.7408767
     713      14      12    1991       37.0000000       54.9720580
     714      15      12    1991       32.0000000       54.2529629
     715      16      12    1991       37.0000000       79.0176971
     716      17      12    1991       62.0000000      238.5675936
     717      18      12    1991      118.0000000      314.4437451
     718      19      12    1991      170.0000000      440.1136144
     719      20      12    1991      229.0000000      494.4094751
     720      21      12    1991      448.0000000      648.7617357
     721      22      12    1991      464.0000000      787.4535982
     722      23      12    1991      675.0000000      662.0645147
     723      24      12    1991      844.0000000      529.9148490
     724      25      12    1991      569.0000000      410.1038232
     725      26      12    1991      358.0000000      330.5780214
     726      27      12    1991      279.0000000      281.3482475
     727      28      12    1991      238.0000000      242.5524721
     728      29      12    1991      201.0000000      211.2042802
     729      30      12    1991      185.0000000      186.5268675
     730      31      12    1991      165.0000000      166.9897894
     731       1       1    1992      140.0000000      151.6074545
     732       2       1    1992      126.0000000      141.7003077
     733       3       1    1992      117.0000000      135.0655595
     734       4       1    1992      114.0000000      129.6992387
     735       5       1    1992      108.0000000      122.1699387
     736       6       1    1992      108.0000000      114.7940592
     737       7       1    1992      101.0000000      109.2029793
     738       8       1    1992       97.0000000      107.9446757
     739       9       1    1992       89.0000000      143.8928878
     740      10       1    1992      111.0000000      199.6496109
     741      11       1    1992      135.0000000      188.1164748
     742      12       1    1992      171.0000000      166.1485446
     743      13       1    1992      125.0000000      150.1483132
     744      14       1    1992      111.0000000      137.4446707
     745      15       1    1992      100.0000000      127.6816988
     746      16       1    1992       87.0000000      120.2308900
     747      17       1    1992       75.0000000      113.3568398
     748      18       1    1992       79.0000000      107.7428356
     749      19       1    1992       70.0000000      109.5031070
     750      20       1    1992       72.0000000      107.1423961
     751      21       1    1992       87.0000000      102.2500125
     752      22       1    1992       79.0000000       98.3595905
     753      23       1    1992       71.0000000       95.1346752
     754      24       1    1992       66.0000000       92.4092837
     755      25       1    1992       67.0000000       90.0778119
     756      26       1    1992       65.0000000       88.0582997
     757      27       1    1992       59.0000000       86.2870022
     758      28       1    1992       57.0000000       84.8269534
     759      29       1    1992       54.0000000       84.2314601
     760      30       1    1992       59.0000000       89.6410020
     761      31       1    1992       57.0000000      102.1739550
     762       1       2    1992       56.0000000      106.9385234
     763       2       2    1992       54.0000000      104.7365066
     764       3       2    1992       58.0000000      105.4179912
     765       4       2    1992       63.0000000      196.1890698
     766       5       2    1992       76.0000000      293.6781179
     767       6       2    1992      250.0000000      320.3518461
     768       7       2    1992      346.0000000      267.2330553
     769       8       2    1992      241.0000000      229.5422153
     770       9       2    1992      180.0000000      222.1802175
     771      10       2    1992      164.0000000      219.4248283
     772      11       2    1992      183.0000000      247.8126741
     773      12       2    1992      215.0000000      268.5780634
     774      13       2    1992      265.0000000      275.9032065
     775      14       2    1992      287.0000000      279.9038886
     776      15       2    1992      272.0000000      283.8077563
     777      16       2    1992      253.0000000      309.8028929
     778      17       2    1992      301.0000000      282.7175600
     779      18       2    1992      275.0000000      241.5650663
     780      19       2    1992      224.0000000      211.1915700
     781      20       2    1992      194.0000000      187.4873297
     782      21       2    1992      173.0000000      168.9162173
     783      22       2    1992      157.0000000      154.9097021
     784      23       2    1992      142.0000000      148.4524492
     785      24       2    1992      133.0000000      149.4645550
     786      25       2    1992      128.0000000      148.2458694
     787      26       2    1992      125.0000000      137.9747579
     788      27       2    1992      125.0000000      129.0440402
     789      28       2    1992      110.0000000      121.7562095
     790      29       2    1992      107.0000000      115.7697094
     791       1       3    1992       97.0000000      110.9276073
     792       2       3    1992       97.0000000      111.2740789
     793       3       3    1992       86.0000000      116.8599825
     794       4       3    1992       93.0000000      110.9620589
     795       5       3    1992       86.0000000      106.5310349
     796       6       3    1992       82.0000000      102.8109929
     797       7       3    1992       80.0000000       99.6004719
     798       8       3    1992       77.0000000       96.8624147
     799       9       3    1992       73.0000000       94.5027446
     800      10       3    1992       76.0000000       92.5705253
     801      11       3    1992       68.0000000       90.9030380
     802      12       3    1992       70.0000000      167.6512072
     803      13       3    1992      116.0000000      271.8092096
     804      14       3    1992      206.0000000      336.6017419
     805      15       3    1992      433.0000000      414.0835073
     806      16       3    1992      495.0000000      403.8421588
     807      17       3    1992      331.0000000      325.5043948
     808      18       3    1992      240.0000000      276.3409488
     809      19       3    1992      215.0000000      239.2968136
     810      20       3    1992      185.0000000      210.2668563
     811      21       3    1992      185.0000000      198.7926370
     812      22       3    1992      185.0000000      299.2611662
     813      23       3    1992      213.0000000      399.8529232
     814      24       3    1992      466.0000000      441.7573954
     815      25       3    1992      580.0000000      431.4728493
     816      26       3    1992      566.0000000      384.0493060
     817      27       3    1992      487.0000000      338.0626578
     818      28       3    1992      387.0000000      309.2335332
     819      29       3    1992      311.0000000      277.4160908
     820      30       3    1992      270.0000000      254.7159540
     821      31       3    1992      246.0000000      261.1433279
     822       1       4    1992      229.0000000      275.3953438
     823       2       4    1992      222.0000000      266.1225111
     824       3       4    1992      217.0000000      320.8177060
     825       4       4    1992      208.0000000      378.4935882
     826       5       4    1992      220.0000000      334.1298944
     827       6       4    1992      210.0000000      288.7526438
     828       7       4    1992      190.0000000      254.4602270
     829       8       4    1992      173.0000000      227.2832821
     830       9       4    1992      166.0000000      205.5833151
     831      10       4    1992      133.0000000      188.1795859
     832      11       4    1992      126.0000000      174.1541732
     833      12       4    1992      124.0000000      162.7911570
     834      13       4    1992      116.0000000      153.5438447
     835      14       4    1992      112.0000000      154.8277962
     836      15       4    1992      111.0000000      210.8810714
     837      16       4    1992      137.0000000      213.7831267
     838      17       4    1992      206.0000000      205.3406546
     839      18       4    1992      176.0000000      196.8157311
     840      19       4    1992      161.0000000      180.3169395
     841      20       4    1992      161.0000000      167.2446091
     842      21       4    1992      139.0000000      156.6305200
     843      22       4    1992      139.0000000      148.0453556
     844      23       4    1992      123.0000000      141.0369752
     845      24       4    1992      119.0000000      135.2629452
     846      25       4    1992      111.0000000      130.4590143
     847      26       4    1992       94.0000000      126.4631189
     848      27       4    1992       94.0000000      132.5418809
     849      28       4    1992      102.0000000      147.7500922
     850      29       4    1992      120.0000000      148.8177624
     851      30       4    1992      120.0000000      141.5273629
     852       1       5    1992      114.0000000      186.6986476
     853       2       5    1992      115.0000000      208.3686084
     854       3       5    1992      206.0000000      193.7542610
     855       4       5    1992      215.0000000      176.1780618
     856       5       5    1992      125.0000000      162.3799075
     857       6       5    1992      123.0000000      151.2542259
     858       7       5    1992      113.0000000      142.2274704
     859       8       5    1992       77.0000000      134.8535684
     860       9       5    1992       83.0000000      128.8811365
     861      10       5    1992       83.0000000      136.1999679
     862      11       5    1992       96.0000000      131.6981238
     863      12       5    1992      120.0000000      121.1282125
     864      13       5    1992       80.0000000      116.8679893
     865      14       5    1992       76.0000000      113.5791021
     866      15       5    1992       69.0000000      110.7552856
     867      16       5    1992       63.0000000      108.3022199
     868      17       5    1992       61.0000000      106.1455954
     869      18       5    1992       60.0000000      104.2267346
     870      19       5    1992       59.0000000      102.4992076
     871      20       5    1992       67.0000000      100.9262049
     872      21       5    1992       51.0000000       99.4787202
     873      22       5    1992       44.0000000       98.1331774
     874      23       5    1992       42.0000000       96.8709395
     875      24       5    1992       51.0000000       95.8951163
     876      25       5    1992       42.0000000       95.4295509
     877      26       5    1992       54.0000000      104.7078625
     878      27       5    1992       53.0000000       95.2099375
     879      28       5    1992       59.0000000       92.4627714
     880      29       5    1992       55.0000000      100.3903952
     881      30       5    1992       54.0000000       98.1888698
     882      31       5    1992       48.0000000       94.7535002
     883       1       6    1992       63.0000000      100.1136874
     884       2       6    1992       61.0000000      101.4320603
     885       3       6    1992       55.0000000      107.3095628
     886       4       6    1992       75.0000000      136.4466389
     887       5       6    1992       53.0000000      150.3319852
     888       6       6    1992       77.0000000      147.5594896
     889       7       6    1992      114.0000000      147.7277795
     890       8       6    1992      167.0000000      164.3026080
     891       9       6    1992      116.0000000      141.9305156
     892      10       6    1992       91.0000000      127.1309520
     893      11       6    1992       85.0000000      118.1487663
     894      12       6    1992       68.0000000      110.9013658
     895      13       6    1992       71.0000000      104.9743432
     896      14       6    1992       63.0000000      100.0893815
     897      15       6    1992       59.0000000       96.0331108
     898      16       6    1992       46.0000000       92.6368454
     899      17       6    1992       44.0000000       89.7670557
     900      18       6    1992       39.0000000       87.3179152
     901      19       6    1992       41.0000000       85.2070154
     902      20       6    1992       44.0000000       85.1510699
     903      21       6    1992       39.0000000       82.5523690
     904      22       6    1992       32.0000000       80.5621266
     905      23       6    1992       40.0000000       81.2252721
     906      24       6    1992       41.0000000       99.0445318
     907      25       6    1992       42.0000000       95.9158206
     908      26       6    1992       42.0000000       89.0554195
     909      27       6    1992       48.0000000       85.2714757
     910      28       6    1992       37.0000000       82.4065118
     911      29       6    1992       40.0000000       79.9766900
     912      30       6    1992       29.0000000       78.2533360
     913       1       7    1992       30.0000000       78.5298581
     914       2       7    1992       36.0000000       76.4817721
     915       3       7    1992       29.0000000       84.8919877
     916       4       7    1992       36.0000000      100.8004558
     917       5       7    1992       50.0000000      121.5206966
     918       6       7    1992       78.0000000      119.7767129
     919       7       7    1992       54.0000000       94.6136393
     920       8       7    1992       57.0000000       86.2716805
     921       9       7    1992       51.0000000       83.0511361
     922      10       7    1992       47.0000000      109.1424920
     923      11       7    1992       46.0000000      135.4786010
     924      12       7    1992       76.0000000      133.4324061
     925      13       7    1992       72.0000000      122.1609829
     926      14       7    1992       67.0000000      108.8057177
     927      15       7    1992       63.0000000      100.0938835
     928      16       7    1992       47.0000000       93.0296198
     929      17       7    1992       47.0000000       87.2730534
     930      18       7    1992       42.0000000       82.5557351
     931      19       7    1992       41.0000000       78.6653645
     932      20       7    1992       39.0000000       75.4338513
     933      21       7    1992       37.0000000       75.8341064
     934      22       7    1992       33.0000000       77.9854279
     935      23       7    1992       33.0000000       73.9998082
     936      24       7    1992       33.0000000       71.2784951
     937      25       7    1992       37.0000000       68.9822982
     938      26       7    1992       26.0000000       67.0266827
     939      27       7    1992       24.0000000       65.3444340
     940      28       7    1992       26.0000000       63.8816187
     941      29       7    1992       29.0000000       62.5952654
     942      30       7    1992       19.0000000       61.4511118
     943      31       7    1992       22.0000000       62.4531564
     944       1       8    1992       28.0000000       60.9905830
     945       2       8    1992       35.0000000       58.7625283
     946       3       8    1992       29.0000000       57.9463914
     947       4       8    1992       36.0000000       57.1841154
     948       5       8    1992       52.0000000       56.4660692
     949       6       8    1992       74.0000000       55.7845393
     950       7       8    1992       54.0000000       55.1333443
     951       8       8    1992       57.0000000       54.5075253
     952       9       8    1992       48.0000000       55.7994311
     953      10       8    1992       47.0000000       54.6577915
     954      11       8    1992       46.0000000       62.4240771
     955      12       8    1992       75.0000000       58.4710740
     956      13       8    1992       73.0000000       65.8979044
     957      14       8    1992       66.0000000       68.5246203
     958      15       8    1992       60.0000000       57.4494753
     959      16       8    1992       47.0000000       52.7156651
     960      17       8    1992       46.0000000       51.7685859
     961      18       8    1992       42.0000000       50.9145518
     962      19       8    1992       41.0000000       50.1415105
     963      20       8    1992       40.0000000       56.3856477
     964      21       8    1992       37.0000000       50.9232629
     965      22       8    1992       32.0000000       48.9311374
     966      23       8    1992       32.0000000       48.7063351
     967      24       8    1992       32.0000000       47.4590883
     968      25       8    1992       36.0000000       46.8138607
     969      26       8    1992       27.0000000       46.2387735
     970      27       8    1992       25.0000000       45.6908725
     971      28       8    1992       25.0000000       45.5212048
     972      29       8    1992       28.0000000       52.8229992
     973      30       8    1992       20.0000000       64.3060378
     974      31       8    1992       22.0000000      124.2948076
     975       1       9    1992       49.0000000       78.2357150
     976       2       9    1992       77.0000000       80.0312194
     977       3       9    1992       67.0000000       73.5277068
     978       4       9    1992       45.0000000       73.3348810
     979       5       9    1992       44.0000000       64.7313985
     980       6       9    1992       64.0000000       58.4167879
     981       7       9    1992       52.0000000       55.0452810
     982       8       9    1992       40.0000000       52.2736144
     983       9       9    1992       30.0000000       49.9790851
     984      10       9    1992       34.0000000       48.0647337
     985      11       9    1992       32.0000000       46.8232020
     986      12       9    1992       36.0000000       46.0811813
     987      13       9    1992       28.0000000       44.6752953
     988      14       9    1992       33.0000000       44.5278044
     989      15       9    1992       35.0000000       45.3969770
     990      16       9    1992       30.0000000       43.1321016
     991      17       9    1992       32.0000000       42.0823936
     992      18       9    1992       29.0000000       41.4244363
     993      19       9    1992       30.0000000       41.7432817
     994      20       9    1992       28.0000000       40.7004539
     995      21       9    1992       29.0000000       39.8474264
     996      22       9    1992       29.0000000       39.0918323
     997      23       9    1992       27.0000000       38.4162269
     998      24       9    1992       27.0000000       37.8024693
     999      25       9    1992       23.0000000       37.2403145
    1000      26       9    1992       28.0000000       36.7203540
    1001      27       9    1992       25.0000000       36.2350691
    1002      28       9    1992       25.0000000       39.1262977
    1003      29       9    1992       27.0000000       39.9552965
    1004      30       9    1992       25.0000000       37.5845696
    1005       1      10    1992       27.0000000       37.6088634
    1006       2      10    1992       33.0000000       42.0296979
    1007       3      10    1992       29.0000000       42.3321858
    1008       4      10    1992       31.0000000       41.9632631
    1009       5      10    1992       25.0000000       54.5989081
    1010       6      10    1992       25.0000000       58.4002442
    1011       7      10    1992       36.0000000       41.4181550
    1012       8      10    1992       42.0000000       37.3799039
    1013       9      10    1992       43.0000000       41.3731404
    1014      10      10    1992       26.0000000       50.6229068
    1015      11      10    1992       27.0000000       46.6383555
    1016      12      10    1992       27.0000000       42.1053492
    1017      13      10    1992       26.0000000       39.8437026
    1018      14      10    1992       26.0000000       38.0442173
    1019      15      10    1992       23.0000000       54.9279770
    1020      16      10    1992       21.0000000       50.9301155
    1021      17      10    1992       26.0000000       55.4928611
    1022      18      10    1992       34.0000000       56.3798612
    1023      19      10    1992       37.0000000       52.4175319
    1024      20      10    1992       31.0000000       59.3161969
    1025      21      10    1992       31.0000000       58.0332937
    1026      22      10    1992       35.0000000       55.0816003
    1027      23      10    1992       33.0000000      100.7441086
    1028      24      10    1992       40.0000000      181.0754534
    1029      25      10    1992       74.0000000      244.0088678
    1030      26      10    1992      161.0000000      217.2834716
    1031      27      10    1992      285.0000000      240.6973738
    1032      28      10    1992      244.0000000      253.9863985
    1033      29      10    1992      263.0000000      249.9409060
    1034      30      10    1992      276.0000000      196.6352905
    1035      31      10    1992      186.0000000      164.3652584
    1036       1      11    1992      154.0000000      140.0466701
    1037       2      11    1992      112.0000000      151.4250413
    1038       3      11    1992      104.0000000      155.0518094
    1039       4      11    1992       96.0000000      139.8684412
    1040       5      11    1992       99.0000000      120.1396420
    1041       6      11    1992      126.0000000      105.0800112
    1042       7      11    1992       91.0000000       93.7988821
    1043       8      11    1992       84.0000000       86.9223459
    1044       9      11    1992       81.0000000       91.4224925
    1045      10      11    1992       85.0000000      159.8415887
    1046      11      11    1992      126.0000000      276.7430897
    1047      12      11    1992      279.0000000      310.6945078
    1048      13      11    1992      390.0000000      302.0554038
    1049      14      11    1992      294.0000000      309.9715281
    1050      15      11    1992      260.0000000      447.0824999
    1051      16      11    1992      398.0000000      555.7113782
    1052      17      11    1992      520.0000000      471.2893195
    1053      18      11    1992      487.0000000      452.5549072
    1054      19      11    1992      380.0000000      431.8837143
    1055      20      11    1992      385.0000000      355.4665593
    1056      21      11    1992      351.0000000      435.3786031
    1057      22      11    1992      309.0000000      463.9430387
    1058      23      11    1992      587.0000000      364.7842829
    1059      24      11    1992      661.0000000      310.5081559
    1060      25      11    1992      447.0000000      338.5756869
    1061      26      11    1992      361.0000000      345.9984948
    1062      27      11    1992      351.0000000      338.8427062
    1063      28      11    1992      353.0000000      394.4593731
    1064      29      11    1992      369.0000000      481.6448932
    1065      30      11    1992      452.0000000      433.5960671
    1066       1      12    1992      441.0000000      351.9703682
    1067       2      12    1992      348.0000000      412.7438252
    1068       3      12    1992      394.0000000      422.6517713
    1069       4      12    1992      455.0000000      501.5169053
    1070       5      12    1992      491.0000000      497.7210849
    1071       6      12    1992      469.0000000      439.2866689
    1072       7      12    1992      364.0000000      421.1135788
    1073       8      12    1992      338.0000000      369.0116989
    1074       9      12    1992      334.0000000      319.9620592
    1075      10      12    1992      268.0000000      277.3710571
    1076      11      12    1992      236.0000000      288.9214267
    1077      12      12    1992      230.0000000      280.9292930
    1078      13      12    1992      239.0000000      250.8534594
    1079      14      12    1992      256.0000000      223.6186170
    1080      15      12    1992      217.0000000      209.6371593
    1081      16      12    1992      201.0000000      204.9312112
    1082      17      12    1992      188.0000000      202.5570354
    1083      18      12    1992      176.0000000      198.0793748
    1084      19      12    1992      170.0000000      186.5705206
    1085      20      12    1992      168.0000000      182.5385080
    1086      21      12    1992      131.0000000      197.2488242
    1087      22      12    1992      133.0000000      198.1436740
    1088      23      12    1992      134.0000000      180.8650968
    1089      24      12    1992      127.0000000      168.0346694
    1090      25      12    1992      117.0000000      157.8605148
    1091      26      12    1992      113.0000000      149.5778063
    1092      27      12    1992      100.0000000      142.7792217
    1093      28      12    1992       94.0000000      137.1490505
    1094      29      12    1992       87.0000000      132.4415991
    1095      30      12    1992       86.0000000      128.4649857
    1096      31      12    1992       81.0000000      125.0688853
    1097       1       1    1993       77.0000000      122.1352012
    1098       2       1    1993       76.0000000      119.5709225
    1099       3       1    1993       61.0000000      117.3026285
    1100       4       1    1993       61.0000000      115.2722415
    1101       5       1    1993       57.0000000      113.4337317
    1102       6       1    1993       66.0000000      138.4465442
    1103       7       1    1993       67.0000000      170.6903232
    1104       8       1    1993       84.0000000      185.9354572
    1105       9       1    1993       90.0000000      198.7632213
    1106      10       1    1993      113.0000000      245.4256453
    1107      11       1    1993      265.0000000      499.8259078
    1108      12       1    1993      559.0000000      648.9349608
    1109      13       1    1993      832.0000000      600.2852606
    1110      14       1    1993      601.0000000      483.8220562
    1111      15       1    1993      436.0000000      384.9149015
    1112      16       1    1993      339.0000000      320.0018860
    1113      17       1    1993      292.0000000      279.4994607
    1114      18       1    1993      247.0000000      250.2257986
    1115      19       1    1993      218.0000000      225.0845387
    1116      20       1    1993      205.0000000      204.2298353
    1117      21       1    1993      190.0000000      191.8842703
    1118      22       1    1993      176.0000000      185.7564159
    1119      23       1    1993      173.0000000      182.4617613
    1120      24       1    1993      173.0000000      312.4882415
    1121      25       1    1993      199.0000000      395.9561139
    1122      26       1    1993      361.0000000      344.2169720
    1123      27       1    1993      295.0000000      355.3530032
    1124      28       1    1993      238.0000000      362.7532738
    1125      29       1    1993      263.0000000      335.0922782
    1126      30       1    1993      245.0000000      293.0323998
    1127      31       1    1993      222.0000000      259.4454411
    1128       1       2    1993      199.0000000      233.2348990
    1129       2       2    1993      186.0000000      212.4522262
    1130       3       2    1993      171.0000000      195.8674620
    1131       4       2    1993      157.0000000      182.5443603
    1132       5       2    1993      159.0000000      171.7657634
    1133       6       2    1993      129.0000000      162.9793806
    1134       7       2    1993      119.0000000      155.9311646
    1135       8       2    1993      119.0000000      149.9217369
    1136       9       2    1993      105.0000000      144.8798277
    1137      10       2    1993      106.0000000      140.6159784
    1138      11       2    1993      105.0000000      136.9700914
    1139      12       2    1993       95.0000000      133.8163642
    1140      13       2    1993       91.0000000      131.0557116
    1141      14       2    1993       88.0000000      128.6099262
    1142      15       2    1993       84.0000000      126.4171574
    1143      16       2    1993       83.0000000      124.6612817
    1144      17       2    1993       79.0000000      125.8823329
    1145      18       2    1993       78.0000000      127.6385085
    1146      19       2    1993       84.0000000      132.0511503
    1147      20       2    1993       91.0000000      157.2692792
    1148      21       2    1993       91.0000000      165.1681698
    1149      22       2    1993       90.0000000      159.8671584
    1150      23       2    1993      103.0000000      149.6463578
    1151      24       2    1993       94.0000000      141.9711845
    1152      25       2    1993       81.0000000      135.7292846
    1153      26       2    1993       78.0000000      130.8253278
    1154      27       2    1993       75.0000000      132.6094788
    1155      28       2    1993       76.0000000      130.5023580
    1156       1       3    1993       80.0000000      126.5284762
    1157       2       3    1993       75.0000000      125.0983377
    1158       3       3    1993       76.0000000      124.8946012
    1159       4       3    1993       72.0000000      120.9726765
    1160       5       3    1993       65.0000000      117.6648490
    1161       6       3    1993       64.0000000      115.1666595
    1162       7       3    1993       64.0000000      116.4400848
    1163       8       3    1993       68.0000000      119.0805167
    1164       9       3    1993       68.0000000      118.1115532
    1165      10       3    1993       67.0000000      123.1644654
    1166      11       3    1993       61.0000000      133.4111941
    1167      12       3    1993       57.0000000      140.6380039
    1168      13       3    1993       58.0000000      135.6230667
    1169      14       3    1993       54.0000000      127.9721328
    1170      15       3    1993       66.0000000      121.7330185
    1171      16       3    1993       54.0000000      116.5642870
    1172      17       3    1993       57.0000000      112.2909770
    1173      18       3    1993       57.0000000      109.5371769
    1174      19       3    1993       52.0000000      106.3749425
    1175      20       3    1993       57.0000000      103.5509104
    1176      21       3    1993       58.0000000      103.3845226
    1177      22       3    1993       57.0000000      137.2148443
    1178      23       3    1993       56.0000000      147.9802084
    1179      24       3    1993       63.0000000      134.2017612
    1180      25       3    1993       76.0000000      125.5679072
    1181      26       3    1993       56.0000000      118.5129835
    1182      27       3    1993       59.0000000      112.7117538
    1183      28       3    1993       59.0000000      107.9073813
    1184      29       3    1993       54.0000000      103.8967821
    1185      30       3    1993       48.0000000      100.5191819
    1186      31       3    1993       55.0000000       97.6471569
    1187       1       4    1993       48.0000000      101.8930084
    1188       2       4    1993       53.0000000      117.2655816
    1189       3       4    1993       47.0000000      118.0393709
    1190       4       4    1993       59.0000000      124.2579932
    1191       5       4    1993       53.0000000      152.7609368
    1192       6       4    1993       64.0000000      149.4200078
    1193       7       4    1993       63.0000000      136.0915113
    1194       8       4    1993       75.0000000      128.0882724
    1195       9       4    1993       64.0000000      119.1253540
    1196      10       4    1993       59.0000000      121.9819776
    1197      11       4    1993       60.0000000      134.9959201
    1198      12       4    1993       63.0000000      134.3978927
    1199      13       4    1993       69.0000000      131.7813019
    1200      14       4    1993       79.0000000      125.8199615
    1201      15       4    1993       82.0000000      117.3862850
    1202      16       4    1993       68.0000000      111.6603965
    1203      17       4    1993       56.0000000      105.9060046
    1204      18       4    1993       59.0000000      101.1839291
    1205      19       4    1993       61.0000000       96.9508439
    1206      20       4    1993       62.0000000       93.3541165
    1207      21       4    1993       57.0000000       90.3257079
    1208      22       4    1993       53.0000000       87.7521529
    1209      23       4    1993       47.0000000       85.5404618
    1210      24       4    1993       46.0000000       83.6186054
    1211      25       4    1993       47.0000000       81.9300267
    1212      26       4    1993       45.0000000       80.4291401
    1213      27       4    1993       43.0000000       79.0796587
    1214      28       4    1993       41.0000000       77.8548744
    1215      29       4    1993       38.0000000       76.7339416
    1216      30       4    1993       39.0000000       75.8905103
    1217       1       5    1993       40.0000000       75.8696893
    1218       2       5    1993       41.0000000       80.6178891
    1219       3       5    1993       45.0000000       80.8900380
    1220       4       5    1993       49.0000000       78.4140660
    1221       5       5    1993       40.0000000       76.4295619
    1222       6       5    1993       43.0000000       74.7866503
    1223       7       5    1993       38.0000000       73.2614652
    1224       8       5    1993       38.0000000       72.4693401
    1225       9       5    1993       43.0000000       72.0613906
    1226      10       5    1993       44.0000000       73.4892993
    1227      11       5    1993       41.0000000       71.8581970
    1228      12       5    1993       51.0000000       82.4744385
    1229      13       5    1993       63.0000000      125.8635301
    1230      14       5    1993       68.0000000       88.0180864
    1231      15       5    1993       77.0000000       79.3134340
    1232      16       5    1993       77.0000000       76.0290537
    1233      17       5    1993       59.0000000       73.2846612
    1234      18       5    1993       49.0000000       70.9802654
    1235      19       5    1993       43.0000000       74.0545854
    1236      20       5    1993       44.0000000       90.3980309
    1237      21       5    1993       48.0000000       89.7958974
    1238      22       5    1993       44.0000000       81.9688049
    1239      23       5    1993       46.0000000       77.5833002
    1240      24       5    1993       40.0000000       73.9645977
    1241      25       5    1993       43.0000000       70.9568030
    1242      26       5    1993       30.0000000       68.5283587
    1243      27       5    1993       45.0000000       80.5408407
    1244      28       5    1993       43.0000000       87.1854955
    1245      29       5    1993       44.0000000       80.2221006
    1246      30       5    1993       54.0000000       80.1173768
    1247      31       5    1993       56.0000000       74.9764836
    1248       1       6    1993       44.0000000       69.0955861
    1249       2       6    1993       43.0000000       69.8208168
    1250       3       6    1993       33.0000000       77.8834411
    1251       4       6    1993       45.0000000       74.2606109
    1252       5       6    1993       46.0000000       70.1148661
    1253       6       6    1993       42.0000000       66.9623724
    1254       7       6    1993       40.0000000       64.3357014
    1255       8       6    1993       30.0000000       62.1290782
    1256       9       6    1993       31.0000000       60.3024050
    1257      10       6    1993       32.0000000       59.0864977
    1258      11       6    1993       25.0000000       60.5201687
    1259      12       6    1993       33.0000000       63.2991543
    1260      13       6    1993       29.0000000       61.3538034
    1261      14       6    1993       40.0000000       63.4817794
    1262      15       6    1993       42.0000000       66.6073300
    1263      16       6    1993       37.0000000       67.1439930
    1264      17       6    1993       46.0000000       66.0865897
    1265      18       6    1993       47.0000000       62.5831515
    1266      19       6    1993       50.0000000       65.3810586
    1267      20       6    1993       43.0000000      102.9987183
    1268      21       6    1993       69.0000000       85.2159494
    1269      22       6    1993       61.0000000      115.5347979
    1270      23       6    1993       67.0000000      129.6452147
    1271      24       6    1993       77.0000000      111.2800803
    1272      25       6    1993       87.0000000       99.0719168
    1273      26       6    1993       55.0000000       89.2088941
    1274      27       6    1993       43.0000000       81.2626399
    1275      28       6    1993       40.0000000       74.8373138
    1276      29       6    1993       30.0000000       69.6200566
    1277      30       6    1993       40.0000000       65.3633427
    1278       1       7    1993       40.0000000       64.4832584
    1279       2       7    1993       27.0000000       60.7804529
    1280       3       7    1993       34.0000000       57.2127608
    1281       4       7    1993       30.0000000       55.1051010
    1282       5       7    1993       31.0000000       53.3682399
    1283       6       7    1993       27.0000000       51.8186344
    1284       7       7    1993       31.0000000       50.5186548
    1285       8       7    1993       26.0000000       49.3885939
    1286       9       7    1993       23.0000000       49.3473845
    1287      10       7    1993       24.0000000       52.3679648
    1288      11       7    1993       25.0000000       64.6158110
    1289      12       7    1993       34.0000000       80.5308605
    1290      13       7    1993       40.0000000       80.9176428
    1291      14       7    1993       41.0000000      108.3212823
    1292      15       7    1993       46.0000000       87.8396772
    1293      16       7    1993       39.0000000       74.0240147
    1294      17       7    1993       43.0000000       68.8996562
    1295      18       7    1993       35.0000000       66.3023837
    1296      19       7    1993       49.0000000       85.0689819
    1297      20       7    1993       38.0000000       80.8603516
    1298      21       7    1993       41.0000000       81.4724137
    1299      22       7    1993       45.0000000       74.6010683
    1300      23       7    1993       41.0000000       66.0951040
    1301      24       7    1993       42.0000000       61.3626692
    1302      25       7    1993       40.0000000       57.5089723
    1303      26       7    1993       35.0000000       54.3466774
    1304      27       7    1993       40.0000000       77.6254648
    1305      28       7    1993       40.0000000       60.7615701
    1306      29       7    1993       36.0000000       50.7569795
    1307      30       7    1993       40.0000000      118.9059509
    1308      31       7    1993       61.0000000       78.5982067
    1309       1       8    1993       36.0000000       62.2177060
    1310       2       8    1993       46.0000000       58.0011681
    1311       3       8    1993       32.0000000       54.5627569
    1312       4       8    1993       38.0000000       51.7413336
    1313       5       8    1993       32.0000000       49.4142430
    1314       6       8    1993       25.0000000       47.4761892
    1315       7       8    1993       26.0000000       45.8449166
    1316       8       8    1993       29.0000000       44.4622473
    1317       9       8    1993       29.0000000       52.0830753
    1318      10       8    1993       28.0000000       54.9635339
    1319      11       8    1993       37.0000000       52.9164036
    1320      12       8    1993       40.0000000       49.1376044
    1321      13       8    1993       49.0000000       46.8483442
    1322      14       8    1993       32.0000000       45.6998658
    1323      15       8    1993       37.0000000       44.2427650
    1324      16       8    1993       37.0000000       42.2676170
    1325      17       8    1993       27.0000000       41.0696945
    1326      18       8    1993       24.0000000       40.0384617
    1327      19       8    1993       24.0000000       39.1411924
    1328      20       8    1993       22.0000000       38.3517837
    1329      21       8    1993       21.0000000       37.6493991
    1330      22       8    1993       16.0000000       41.3242677
    1331      23       8    1993       21.0000000       46.1889055
    1332      24       8    1993       27.0000000       43.8845224
    1333      25       8    1993       26.0000000       41.0323213
    1334      26       8    1993       23.0000000       39.5238759
    1335      27       8    1993       21.0000000       45.2017540
    1336      28       8    1993       28.0000000       45.6141529
    1337      29       8    1993       17.0000000       41.6924727
    1338      30       8    1993       24.0000000       39.8575592
    1339      31       8    1993       25.0000000       38.3257723
    1340       1       9    1993       25.0000000       37.0365001
    1341       2       9    1993       19.0000000       35.9414762
    1342       3       9    1993       17.0000000       41.7206183
    1343       4       9    1993       16.0000000       46.9843321
    1344       5       9    1993       19.0000000       41.8828277
    1345       6       9    1993       23.0000000       39.4395479
    1346       7       9    1993       25.0000000       62.5795507
    1347       8       9    1993       34.0000000       51.0163078
    1348       9       9    1993       31.0000000       83.1613729
    1349      10       9    1993       35.0000000      114.4033822
    1350      11       9    1993       53.0000000      153.3265325
    1351      12       9    1993       71.0000000      129.7036783
    1352      13       9    1993       74.0000000      186.6774233
    1353      14       9    1993       87.0000000      188.2426420
    1354      15       9    1993      173.0000000      172.6285405
    1355      16       9    1993      117.0000000      130.7722818
    1356      17       9    1993       93.0000000      109.6044106
    1357      18       9    1993       77.0000000       95.1005595
    1358      19       9    1993       62.0000000       83.5741878
    1359      20       9    1993       54.0000000       74.3821542
    1360      21       9    1993       48.0000000       69.0684818
    1361      22       9    1993       46.0000000       95.4998168
    1362      23       9    1993       55.0000000       96.5250895
    1363      24       9    1993       66.0000000      102.3785144
    1364      25       9    1993       64.0000000       96.4970330
    1365      26       9    1993       52.0000000       82.1292411
    1366      27       9    1993       68.0000000       81.1657503
    1367      28       9    1993       69.0000000       99.9239279
    1368      29       9    1993       62.0000000       99.2393996
    1369      30       9    1993       76.0000000       93.3140279
    1370       1      10    1993       72.0000000      130.5664316
    1371       2      10    1993       68.0000000      137.9679987
    1372       3      10    1993       72.0000000      141.0721766
    1373       4      10    1993       78.0000000      142.4395275
    1374       5      10    1993      116.0000000      230.3317248
    1375       6      10    1993      131.0000000      205.2747484
    1376       7      10    1993      180.0000000      183.1848471
    1377       8      10    1993      203.0000000      200.7981574
    1378       9      10    1993      164.0000000      206.9206271
    1379      10      10    1993      178.0000000      239.8462463
    1380      11      10    1993      161.0000000      249.7525523
    1381      12      10    1993      287.0000000      268.7570189
    1382      13      10    1993      360.0000000      331.2239594
    1383      14      10    1993      374.0000000      302.7473563
    1384      15      10    1993      297.0000000      261.3944724
    1385      16      10    1993      247.0000000      275.4253634
    1386      17      10    1993      273.0000000      269.4107010
    1387      18      10    1993      261.0000000      239.5923332
    1388      19      10    1993      265.0000000      208.9590986
    1389      20      10    1993      230.0000000      179.3464851
    1390      21      10    1993      199.0000000      160.3446870
    1391      22      10    1993      173.0000000      165.2562344
    1392      23      10    1993      182.0000000      199.5653564
    1393      24      10    1993      203.0000000      195.0767234
    1394      25      10    1993      213.0000000      169.8557485
    1395      26      10    1993      180.0000000      149.4561423
    1396      27      10    1993      154.0000000      133.5879715
    1397      28      10    1993      118.0000000      120.9661807
    1398      29      10    1993      112.0000000      110.8717874
    1399      30      10    1993       98.0000000      102.7524886
    1400      31      10    1993       97.0000000       96.1818535
    1401       1      11    1993       91.0000000       90.8291893
    1402       2      11    1993       85.0000000       86.4370672
    1403       3      11    1993       75.0000000       82.8044200
    1404       4      11    1993       76.0000000       79.7737372
    1405       5      11    1993       78.0000000       77.2213034
    1406       6      11    1993       72.0000000       75.1033060
    1407       7      11    1993       76.0000000       75.1481518
    1408       8      11    1993       69.0000000       74.5468819
    1409       9      11    1993       66.0000000       75.2248272
    1410      10      11    1993       71.0000000       77.4822309
    1411      11      11    1993       64.0000000      108.8365652
    1412      12      11    1993       67.0000000      131.8104976
    1413      13      11    1993       80.0000000      126.9903550
    1414      14      11    1993       78.0000000      161.9531597
    1415      15      11    1993       80.0000000      167.9905622
    1416      16      11    1993       86.0000000      162.6996192
    1417      17      11    1993      125.0000000      142.7921239
    1418      18      11    1993       96.0000000      127.6897801
    1419      19      11    1993       82.0000000      115.6126268
    1420      20      11    1993       77.0000000      105.9164160
    1421      21      11    1993       67.0000000       98.0928597
    1422      22      11    1993       71.0000000       91.7460772
    1423      23      11    1993       61.0000000       86.5664187
    1424      24      11    1993       42.0000000       82.3146202
    1425      25      11    1993       63.0000000       80.8832696
    1426      26      11    1993       57.0000000       80.7024503
    1427      27      11    1993       58.0000000       77.2228600
    1428      28      11    1993       49.0000000       74.4309547
    1429      29      11    1993       50.0000000       72.0753242
    1430      30      11    1993       55.0000000       70.0682044
    1431       1      12    1993       54.0000000       68.3399718
    1432       2      12    1993       54.0000000       75.3035715
    1433       3      12    1993       50.0000000       75.7456821
    1434       4      12    1993       51.0000000       82.5733119
    1435       5      12    1993       62.0000000       78.1061822
    1436       6      12    1993       62.0000000       74.2433805
    1437       7      12    1993       71.0000000      126.1690661
    1438       8      12    1993       79.0000000      243.0681848
    1439       9      12    1993      153.0000000      257.8784543
    1440      10      12    1993      291.0000000      358.0976356
    1441      11      12    1993      332.0000000      408.7669701
    1442      12      12    1993      465.0000000      436.9667659
    1443      13      12    1993      518.0000000      495.0387423
    1444      14      12    1993      539.0000000      486.5996045
    1445      15      12    1993      559.0000000      500.8158291
    1446      16      12    1993      500.0000000      559.1876783
    1447      17      12    1993      526.0000000      579.2174458
    1448      18      12    1993      583.0000000      532.1000968
    1449      19      12    1993      677.0000000      665.5877051
    1450      20      12    1993      781.0000000     1039.7294516
    1451      21      12    1993     1180.0000000     1104.7130846
    1452      22      12    1993     1460.0000000     1074.4988855
    1453      23      12    1993     1600.0000000     1145.4770324
    1454      24      12    1993     1410.0000000     1105.9097573
    1455      25      12    1993     1230.0000000      852.0724829
    1456      26      12    1993     1070.0000000      638.6168653
    1457      27      12    1993      746.0000000      503.2792009
    1458      28      12    1993      542.0000000      429.3047207
    1459      29      12    1993      492.0000000      443.7015172
    1460      30      12    1993      491.0000000      548.7053276
    1461      31      12    1993      617.0000000      924.8630482
