      No     Day     Mon    Year  Qobs_0000000398  Qsim_0000000398
       1       1       1    1990      157.0000000       66.8918184
       2       2       1    1990      129.0000000      153.3901816
       3       3       1    1990      117.0000000      147.8508721
       4       4       1    1990      111.0000000      141.8302373
       5       5       1    1990      112.0000000      136.4780821
       6       6       1    1990       93.0000000      136.5961136
       7       7       1    1990       87.0000000      131.6314129
       8       8       1    1990       84.0000000      127.0845232
       9       9       1    1990       80.0000000      129.9860310
      10      10       1    1990       78.0000000      126.2674601
      11      11       1    1990       78.0000000      115.8788486
      12      12       1    1990       77.0000000      111.2910556
      13      13       1    1990       76.0000000      111.3012209
      14      14       1    1990       73.0000000      113.3547002
      15      15       1    1990       66.0000000      118.9319844
      16      16       1    1990       76.0000000      122.6858865
      17      17       1    1990       73.0000000      114.8730771
      18      18       1    1990       71.0000000      111.6943893
      19      19       1    1990       90.0000000      100.1066945
      20      20       1    1990       82.0000000      100.5932903
      21      21       1    1990       80.0000000       97.1892036
      22      22       1    1990       81.0000000       93.4309406
      23      23       1    1990       97.0000000      149.5937610
      24      24       1    1990      198.0000000      146.4074778
      25      25       1    1990      392.0000000      148.4924891
      26      26       1    1990      519.0000000      136.1648087
      27      27       1    1990      565.0000000      103.3181672
      28      28       1    1990      331.0000000      100.8215799
      29      29       1    1990      293.0000000      108.5405951
      30      30       1    1990      302.0000000       93.7691279
      31      31       1    1990      233.0000000       91.2315080
      32       1       2    1990      198.0000000      101.9869459
      33       2       2    1990      183.0000000      108.1008810
      34       3       2    1990      206.0000000      105.0761368
      35       4       2    1990      215.0000000       89.3929521
      36       5       2    1990      183.0000000       86.7424356
      37       6       2    1990      159.0000000       85.0111261
      38       7       2    1990      167.0000000       83.3887657
      39       8       2    1990      138.0000000       82.4339191
      40       9       2    1990      126.0000000       83.8990717
      41      10       2    1990      131.0000000      124.0892296
      42      11       2    1990      173.0000000      139.9645992
      43      12       2    1990      240.0000000      122.3361213
      44      13       2    1990      270.0000000      164.7834204
      45      14       2    1990      458.0000000      260.3024929
      46      15       2    1990      996.0000000      293.4625716
      47      16       2    1990     1370.0000000      229.0448237
      48      17       2    1990     1540.0000000      196.1825983
      49      18       2    1990     1210.0000000      175.6962198
      50      19       2    1990      616.0000000      158.8622004
      51      20       2    1990      465.0000000      147.0109440
      52      21       2    1990      373.0000000      137.8118772
      53      22       2    1990      298.0000000      130.1595519
      54      23       2    1990      270.0000000      123.8268233
      55      24       2    1990      234.0000000      118.2082352
      56      25       2    1990      218.0000000      116.8194287
      57      26       2    1990      203.0000000      169.1232160
      58      27       2    1990      314.0000000      231.9577131
      59      28       2    1990      520.0000000      294.2170521
      60       1       3    1990      689.0000000      340.9817488
      61       2       3    1990      777.0000000      302.5816057
      62       3       3    1990      584.0000000      256.4450673
      63       4       3    1990      429.0000000      222.8416520
      64       5       3    1990      365.0000000      197.2992453
      65       6       3    1990      281.0000000      178.6508262
      66       7       3    1990      257.0000000      162.7296862
      67       8       3    1990      231.0000000      150.2317092
      68       9       3    1990      211.0000000      141.2251812
      69      10       3    1990      191.0000000      133.9263875
      70      11       3    1990      182.0000000      127.7154056
      71      12       3    1990      173.0000000      122.1758955
      72      13       3    1990      159.0000000      117.2303575
      73      14       3    1990      153.0000000      113.4048388
      74      15       3    1990      141.0000000      111.3704840
      75      16       3    1990      136.0000000      106.7845489
      76      17       3    1990      130.0000000      103.1732038
      77      18       3    1990      123.0000000       99.9533947
      78      19       3    1990      115.0000000       97.0032021
      79      20       3    1990      113.0000000       94.4799609
      80      21       3    1990      102.0000000       92.3689635
      81      22       3    1990      105.0000000       90.5048331
      82      23       3    1990      106.0000000       88.5615615
      83      24       3    1990       87.0000000       86.5783996
      84      25       3    1990       80.0000000       85.3094746
      85      26       3    1990       84.0000000       83.5784988
      86      27       3    1990       82.0000000       81.7804645
      87      28       3    1990       91.0000000       84.3483202
      88      29       3    1990       97.0000000       96.4323353
      89      30       3    1990      110.0000000       86.4808630
      90      31       3    1990       97.0000000       82.9811012
      91       1       4    1990       93.0000000       81.0407264
      92       2       4    1990       85.0000000       79.2889944
      93       3       4    1990       84.0000000       80.9628393
      94       4       4    1990       81.0000000       87.3973001
      95       5       4    1990       81.0000000       79.3873627
      96       6       4    1990       76.0000000       78.2674759
      97       7       4    1990       72.0000000       76.8625037
      98       8       4    1990       68.0000000       74.9833211
      99       9       4    1990       72.0000000       73.5203041
     100      10       4    1990       65.0000000       72.1661782
     101      11       4    1990       62.0000000       71.0290354
     102      12       4    1990       62.0000000       71.6999864
     103      13       4    1990       65.0000000       76.1609283
     104      14       4    1990       68.0000000       91.1555336
     105      15       4    1990       75.0000000       97.9825557
     106      16       4    1990       90.0000000       89.7482575
     107      17       4    1990       92.0000000       84.6368399
     108      18       4    1990       94.0000000       86.9014306
     109      19       4    1990      110.0000000       82.9226456
     110      20       4    1990       99.0000000       79.8831307
     111      21       4    1990       86.0000000       77.8333314
     112      22       4    1990       86.0000000       81.9706515
     113      23       4    1990       86.0000000       85.6469939
     114      24       4    1990       88.0000000       87.3368951
     115      25       4    1990       93.0000000       81.1474778
     116      26       4    1990       99.0000000       77.9758672
     117      27       4    1990       86.0000000       75.9449270
     118      28       4    1990       74.0000000       74.4283939
     119      29       4    1990       72.0000000       72.5421569
     120      30       4    1990       77.0000000       70.8256335
     121       1       5    1990       56.0000000       69.2328802
     122       2       5    1990       64.0000000       67.7431698
     123       3       5    1990       58.0000000       66.3461679
     124       4       5    1990       50.0000000       65.0327388
     125       5       5    1990       50.0000000       63.7947903
     126       6       5    1990       50.0000000       62.6251406
     127       7       5    1990       50.0000000       61.5206600
     128       8       5    1990       53.0000000       60.8262649
     129       9       5    1990       62.0000000       61.2963554
     130      10       5    1990       64.0000000       65.0476180
     131      11       5    1990       65.0000000       66.9745778
     132      12       5    1990       75.0000000       60.8907500
     133      13       5    1990       71.0000000       58.7542674
     134      14       5    1990       63.0000000       57.7956609
     135      15       5    1990       61.0000000       57.0770712
     136      16       5    1990       49.0000000       56.5364390
     137      17       5    1990       46.0000000       55.3098462
     138      18       5    1990       46.0000000       54.4304335
     139      19       5    1990       48.0000000       53.6063905
     140      20       5    1990       41.0000000       52.8322209
     141      21       5    1990       45.0000000       55.6409418
     142      22       5    1990       52.0000000       61.3567739
     143      23       5    1990       50.0000000       57.1171680
     144      24       5    1990       56.0000000       60.2538503
     145      25       5    1990       41.0000000       60.5723681
     146      26       5    1990       40.0000000       53.8231345
     147      27       5    1990       39.0000000       52.5528544
     148      28       5    1990       39.0000000       51.6159355
     149      29       5    1990       33.0000000       50.7303515
     150      30       5    1990       37.0000000       49.8908755
     151      31       5    1990       30.0000000       49.0929258
     152       1       6    1990       37.0000000       53.6790805
     153       2       6    1990       36.0000000       55.6632698
     154       3       6    1990       40.0000000       78.9653483
     155       4       6    1990       45.0000000       73.9717764
     156       5       6    1990       39.0000000       52.6721305
     157       6       6    1990       48.0000000       51.2450642
     158       7       6    1990       39.0000000       80.2234231
     159       8       6    1990       49.0000000      113.3072930
     160       9       6    1990       84.0000000       86.4050835
     161      10       6    1990       91.0000000       78.8167162
     162      11       6    1990       80.0000000       67.9445894
     163      12       6    1990       66.0000000       64.7641551
     164      13       6    1990       53.0000000       62.6226095
     165      14       6    1990       64.0000000       60.7002668
     166      15       6    1990       55.0000000       58.5958986
     167      16       6    1990       54.0000000       56.8330217
     168      17       6    1990       42.0000000       55.2191511
     169      18       6    1990       48.0000000       53.7539747
     170      19       6    1990       48.0000000       64.5162208
     171      20       6    1990       60.0000000       85.3901064
     172      21       6    1990       75.0000000       82.3362072
     173      22       6    1990       78.0000000       68.6153717
     174      23       6    1990       66.0000000       64.5998145
     175      24       6    1990       63.0000000       60.8779146
     176      25       6    1990       52.0000000       58.6789190
     177      26       6    1990       49.0000000       56.8758218
     178      27       6    1990       44.0000000       61.7512574
     179      28       6    1990       51.0000000       63.8607420
     180      29       6    1990       61.0000000       75.5584280
     181      30       6    1990       81.0000000      110.5757334
     182       1       7    1990       79.0000000       92.9872582
     183       2       7    1990       92.0000000       72.5105291
     184       3       7    1990       72.0000000       73.0156799
     185       4       7    1990       58.0000000       92.6078763
     186       5       7    1990       69.0000000      115.5525081
     187       6       7    1990       94.0000000      113.9717288
     188       7       7    1990      199.0000000       99.1173753
     189       8       7    1990      133.0000000      106.1962163
     190       9       7    1990      124.0000000       90.7687388
     191      10       7    1990      123.0000000       84.6742017
     192      11       7    1990       99.0000000       80.0308092
     193      12       7    1990       88.0000000       76.3182541
     194      13       7    1990       84.0000000       72.9873881
     195      14       7    1990       72.0000000       69.9763907
     196      15       7    1990       55.0000000       67.2463751
     197      16       7    1990       65.0000000       64.7638383
     198      17       7    1990       50.0000000       62.4998231
     199      18       7    1990       50.0000000       60.4292256
     200      19       7    1990       46.0000000       58.5302201
     201      20       7    1990       44.0000000       56.7837794
     202      21       7    1990       42.0000000       55.1732736
     203      22       7    1990       37.0000000       53.6841320
     204      23       7    1990       38.0000000       52.3035593
     205      24       7    1990       44.0000000       51.0202940
     206      25       7    1990       30.0000000       49.8244039
     207      26       7    1990       26.0000000       48.7071117
     208      27       7    1990       31.0000000       47.6606464
     209      28       7    1990       33.0000000       49.6659308
     210      29       7    1990       42.0000000       47.5606974
     211      30       7    1990       36.0000000       45.2439464
     212      31       7    1990       34.0000000       44.3898712
     213       1       8    1990       25.0000000       43.5818867
     214       2       8    1990       22.0000000       42.8157869
     215       3       8    1990       28.0000000       42.0878138
     216       4       8    1990       25.0000000       41.3946029
     217       5       8    1990       19.0000000       40.7331397
     218       6       8    1990       22.0000000       40.1013652
     219       7       8    1990       19.0000000       39.4957766
     220       8       8    1990       22.0000000       38.9143336
     221       9       8    1990       19.0000000       38.3553370
     222      10       8    1990       20.0000000       37.8170089
     223      11       8    1990       19.0000000       37.2977429
     224      12       8    1990       19.0000000       36.7960868
     225      13       8    1990       22.0000000       39.6765984
     226      14       8    1990       36.0000000       57.5722584
     227      15       8    1990       31.0000000       60.0786505
     228      16       8    1990       30.0000000       46.3881449
     229      17       8    1990       28.0000000       47.0434961
     230      18       8    1990       34.0000000       38.1258239
     231      19       8    1990       21.0000000       37.2294379
     232      20       8    1990       30.0000000       36.5781837
     233      21       8    1990       22.0000000       35.9600962
     234      22       8    1990       21.0000000       35.3721045
     235      23       8    1990       23.0000000       34.8114754
     236      24       8    1990       20.0000000       34.2757718
     237      25       8    1990       29.0000000       33.7639852
     238      26       8    1990       20.0000000       33.3289666
     239      27       8    1990       22.0000000       34.3430864
     240      28       8    1990       23.0000000       34.0709992
     241      29       8    1990       35.0000000       32.2503491
     242      30       8    1990       51.0000000       93.0149503
     243      31       8    1990       80.0000000      134.7571271
     244       1       9    1990       56.0000000       61.5769121
     245       2       9    1990       33.0000000       47.3553486
     246       3       9    1990       27.0000000       45.3809424
     247       4       9    1990       27.0000000       44.9725214
     248       5       9    1990       28.0000000       49.3204550
     249       6       9    1990       26.0000000       42.4434340
     250       7       9    1990       24.0000000       46.0886157
     251       8       9    1990       33.0000000       45.3043285
     252       9       9    1990       26.0000000       40.1029125
     253      10       9    1990       27.0000000       38.7910065
     254      11       9    1990       22.0000000       37.6811972
     255      12       9    1990       22.0000000       36.6574899
     256      13       9    1990       21.0000000       35.7104607
     257      14       9    1990       22.0000000       34.8318633
     258      15       9    1990       22.0000000       34.0144649
     259      16       9    1990       22.0000000       33.2519075
     260      17       9    1990       20.0000000       32.5385905
     261      18       9    1990       22.0000000       31.8695705
     262      19       9    1990       16.0000000       31.2404758
     263      20       9    1990       22.0000000       30.6474332
     264      21       9    1990       19.0000000       36.0192607
     265      22       9    1990       32.0000000       87.2958025
     266      23       9    1990       27.0000000      100.5596521
     267      24       9    1990       45.0000000       68.5483435
     268      25       9    1990       42.0000000       51.4523306
     269      26       9    1990       39.0000000       46.3016115
     270      27       9    1990       30.0000000       44.3673801
     271      28       9    1990       28.0000000       42.6150475
     272      29       9    1990       30.0000000       41.0248012
     273      30       9    1990       30.0000000       69.0412445
     274       1      10    1990       56.0000000      135.4054571
     275       2      10    1990       72.0000000      118.0621478
     276       3      10    1990       73.0000000       98.4243649
     277       4      10    1990       68.0000000       99.5180952
     278       5      10    1990       53.0000000       85.0516596
     279       6      10    1990       42.0000000       77.4763655
     280       7      10    1990       33.0000000       72.3493109
     281       8      10    1990       42.0000000       68.1664001
     282       9      10    1990       34.0000000       64.4512705
     283      10      10    1990       36.0000000       61.1116587
     284      11      10    1990       36.0000000       58.1136837
     285      12      10    1990       28.0000000       55.4146453
     286      13      10    1990       32.0000000       52.9776911
     287      14      10    1990       27.0000000       50.7711281
     288      15      10    1990       35.0000000       49.0874428
     289      16      10    1990       42.0000000       49.8099207
     290      17      10    1990       35.0000000       54.0273132
     291      18      10    1990       39.0000000       62.1255970
     292      19      10    1990       34.0000000       50.1847687
     293      20      10    1990       32.0000000       47.8080842
     294      21      10    1990       34.0000000       46.0430059
     295      22      10    1990       27.0000000       44.4360194
     296      23      10    1990       31.0000000       42.9656327
     297      24      10    1990       28.0000000       41.6164884
     298      25      10    1990       25.0000000       41.1002429
     299      26      10    1990       29.0000000       54.7240398
     300      27      10    1990       31.0000000       69.7240387
     301      28      10    1990       65.0000000      160.2794316
     302      29      10    1990       69.0000000      213.9156686
     303      30      10    1990      157.0000000      182.8242162
     304      31      10    1990      190.0000000      156.2969658
     305       1      11    1990      115.0000000      154.9030811
     306       2      11    1990      104.0000000      158.3191303
     307       3      11    1990      100.0000000      171.8516187
     308       4      11    1990      131.0000000      171.1724341
     309       5      11    1990      130.0000000      168.3578212
     310       6      11    1990      115.0000000      149.3826842
     311       7      11    1990      102.0000000      130.6157493
     312       8      11    1990       95.0000000      114.8839979
     313       9      11    1990       81.0000000      102.3522231
     314      10      11    1990       66.0000000      103.6670421
     315      11      11    1990       67.0000000      126.1851372
     316      12      11    1990       74.0000000      151.0554227
     317      13      11    1990      109.0000000      143.6332400
     318      14      11    1990       92.0000000      155.9195258
     319      15      11    1990       92.0000000      178.9710626
     320      16      11    1990      155.0000000      175.1410457
     321      17      11    1990      159.0000000      160.7844916
     322      18      11    1990      131.0000000      170.5916173
     323      19      11    1990      161.0000000      182.2175364
     324      20      11    1990      196.0000000      248.3591268
     325      21      11    1990      336.0000000      347.7069114
     326      22      11    1990      566.0000000      317.7220496
     327      23      11    1990      373.0000000      327.8722278
     328      24      11    1990      293.0000000      310.6479270
     329      25      11    1990      264.0000000      293.5100744
     330      26      11    1990      226.0000000      270.0045789
     331      27      11    1990      201.0000000      232.9777920
     332      28      11    1990      180.0000000      202.3957239
     333      29      11    1990      161.0000000      185.0796599
     334      30      11    1990      149.0000000      177.0911414
     335       1      12    1990      134.0000000      155.4232084
     336       2      12    1990      113.0000000      139.3306481
     337       3      12    1990       99.0000000      128.4147348
     338       4      12    1990      107.0000000      120.7622694
     339       5      12    1990       99.0000000      114.1695870
     340       6      12    1990       89.0000000      108.2444572
     341       7      12    1990       77.0000000      102.9782764
     342       8      12    1990       71.0000000       98.2552401
     343       9      12    1990       68.0000000       94.0049117
     344      10      12    1990       73.0000000       90.1677176
     345      11      12    1990       84.0000000       86.6926304
     346      12      12    1990       88.0000000       98.7969416
     347      13      12    1990       92.0000000      110.5933529
     348      14      12    1990      128.0000000      103.1194562
     349      15      12    1990      136.0000000       95.6886096
     350      16      12    1990      114.0000000       91.1576267
     351      17      12    1990      101.0000000       87.2701406
     352      18      12    1990       93.0000000       83.7695692
     353      19      12    1990       85.0000000       80.6065774
     354      20      12    1990       81.0000000       77.7389758
     355      21      12    1990      106.0000000      104.6302506
     356      22      12    1990      159.0000000      137.5889666
     357      23      12    1990      250.0000000      151.1799337
     358      24      12    1990      298.0000000      147.2698728
     359      25      12    1990      261.0000000      167.8228281
     360      26      12    1990      228.0000000      276.8344379
     361      27      12    1990      409.0000000      353.3482305
     362      28      12    1990      486.0000000      392.6206245
     363      29      12    1990      440.0000000      452.3500692
     364      30      12    1990      486.0000000      593.6745089
     365      31      12    1990      774.0000000      684.3191972
     366       1       1    1991      889.0000000      759.2388712
     367       2       1    1991      863.0000000      792.8593188
     368       3       1    1991      875.0000000      873.1189881
     369       4       1    1991      932.0000000      807.7698067
     370       5       1    1991      826.0000000      747.2765479
     371       6       1    1991      731.0000000      702.1332949
     372       7       1    1991      613.0000000      649.6483382
     373       8       1    1991      610.0000000      650.8357263
     374       9       1    1991      686.0000000      594.5432457
     375      10       1    1991      556.0000000      603.5124257
     376      11       1    1991      669.0000000      644.3579572
     377      12       1    1991      828.0000000      626.0798826
     378      13       1    1991      735.0000000      528.1700139
     379      14       1    1991      513.0000000      434.9411260
     380      15       1    1991      411.0000000      360.4278697
     381      16       1    1991      345.0000000      301.2894206
     382      17       1    1991      293.0000000      255.8924255
     383      18       1    1991      251.0000000      224.1151086
     384      19       1    1991      222.0000000      201.8323769
     385      20       1    1991      215.0000000      186.4079783
     386      21       1    1991      213.0000000      177.9367237
     387      22       1    1991      202.0000000      179.7249604
     388      23       1    1991      200.0000000      172.6889074
     389      24       1    1991      192.0000000      163.8951440
     390      25       1    1991      176.0000000      155.7732005
     391      26       1    1991      164.0000000      148.7322556
     392      27       1    1991      157.0000000      142.2209865
     393      28       1    1991      134.0000000      136.3737844
     394      29       1    1991      130.0000000      131.1061070
     395      30       1    1991      119.0000000      126.3436612
     396      31       1    1991      107.0000000      122.0229811
     397       1       2    1991      112.0000000      118.0896626
     398       2       2    1991      109.0000000      114.4969181
     399       3       2    1991      101.0000000      111.2043865
     400       4       2    1991       98.0000000      108.1771486
     401       5       2    1991       84.0000000      105.3849103
     402       6       2    1991       93.0000000      102.8013205
     403       7       2    1991       80.0000000      100.4034012
     404       8       2    1991       73.0000000       98.1710679
     405       9       2    1991       89.0000000       96.0867252
     406      10       2    1991       84.0000000       94.1349255
     407      11       2    1991       78.0000000       92.3020781
     408      12       2    1991       79.0000000       90.5762030
     409      13       2    1991       77.0000000       88.9467197
     410      14       2    1991       80.0000000       87.4042664
     411      15       2    1991       72.0000000       85.9405458
     412      16       2    1991       78.0000000       85.6474884
     413      17       2    1991       74.0000000       86.1441998
     414      18       2    1991       77.0000000       84.5295641
     415      19       2    1991       73.0000000       89.0198957
     416      20       2    1991       69.0000000      107.0941343
     417      21       2    1991       74.0000000      130.5166291
     418      22       2    1991       81.0000000      153.9492978
     419      23       2    1991      110.0000000      152.9879737
     420      24       2    1991      180.0000000      151.8242267
     421      25       2    1991      213.0000000      146.6325689
     422      26       2    1991      222.0000000      141.8829967
     423      27       2    1991      208.0000000      142.3345519
     424      28       2    1991      211.0000000      139.5979518
     425       1       3    1991      214.0000000      132.5042972
     426       2       3    1991      208.0000000      136.4207290
     427       3       3    1991      221.0000000      138.9122351
     428       4       3    1991      281.0000000      130.0403817
     429       5       3    1991      219.0000000      124.1658831
     430       6       3    1991      190.0000000      119.1638450
     431       7       3    1991      173.0000000      114.6678610
     432       8       3    1991      164.0000000      110.6082790
     433       9       3    1991      142.0000000      107.7429786
     434      10       3    1991      133.0000000      106.5703757
     435      11       3    1991      133.0000000      105.5142015
     436      12       3    1991      118.0000000      102.0644064
     437      13       3    1991      127.0000000       98.8143233
     438      14       3    1991      113.0000000       95.9360010
     439      15       3    1991      107.0000000       93.2908589
     440      16       3    1991      100.0000000       90.8520090
     441      17       3    1991      100.0000000       88.6001612
     442      18       3    1991       95.0000000       86.5467711
     443      19       3    1991       98.0000000      125.1836933
     444      20       3    1991      119.0000000      156.8374601
     445      21       3    1991      159.0000000      154.4608129
     446      22       3    1991      196.0000000      181.1299306
     447      23       3    1991      242.0000000      168.8926944
     448      24       3    1991      216.0000000      154.3865911
     449      25       3    1991      180.0000000      143.8189301
     450      26       3    1991      145.0000000      135.8586918
     451      27       3    1991      127.0000000      130.3136806
     452      28       3    1991      117.0000000      124.0767080
     453      29       3    1991      109.0000000      118.3332437
     454      30       3    1991      106.0000000      113.2628585
     455      31       3    1991       99.0000000      108.7042247
     456       1       4    1991       96.0000000      104.5906311
     457       2       4    1991       88.0000000      100.8653402
     458       3       4    1991       87.0000000       97.4799048
     459       4       4    1991       82.0000000       94.6970095
     460       5       4    1991       84.0000000       92.6484756
     461       6       4    1991       67.0000000       90.2070735
     462       7       4    1991       89.0000000       87.8268901
     463       8       4    1991       75.0000000       85.8482315
     464       9       4    1991       79.0000000       83.8005179
     465      10       4    1991       70.0000000       81.7788911
     466      11       4    1991       69.0000000       79.8941934
     467      12       4    1991       69.0000000       78.1373016
     468      13       4    1991       56.0000000       76.4948619
     469      14       4    1991       63.0000000       74.9557253
     470      15       4    1991       58.0000000       73.5152833
     471      16       4    1991       56.0000000       72.1518885
     472      17       4    1991       54.0000000       70.8619418
     473      18       4    1991       57.0000000       69.6792682
     474      19       4    1991       53.0000000       69.3076782
     475      20       4    1991       53.0000000       69.0174066
     476      21       4    1991       65.0000000       68.9020983
     477      22       4    1991       69.0000000       69.4771584
     478      23       4    1991       61.0000000       71.2592805
     479      24       4    1991       56.0000000       69.6057831
     480      25       4    1991       56.0000000       67.3150962
     481      26       4    1991       53.0000000       66.0342347
     482      27       4    1991       49.0000000       64.9133149
     483      28       4    1991       53.0000000       63.8487876
     484      29       4    1991       48.0000000       66.9013733
     485      30       4    1991       57.0000000       96.0416715
     486       1       5    1991       69.0000000      117.0276778
     487       2       5    1991       89.0000000       88.0527262
     488       3       5    1991      105.0000000       83.2746980
     489       4       5    1991       79.0000000       80.4457626
     490       5       5    1991       69.0000000       78.0142283
     491       6       5    1991       71.0000000       76.1072277
     492       7       5    1991       60.0000000       74.0647061
     493       8       5    1991       64.0000000       71.9281445
     494       9       5    1991       59.0000000       70.0899113
     495      10       5    1991       57.0000000       68.5637059
     496      11       5    1991       55.0000000       72.6644191
     497      12       5    1991       53.0000000       69.4240968
     498      13       5    1991       52.0000000       67.6199327
     499      14       5    1991       50.0000000       65.8007757
     500      15       5    1991       52.0000000       67.1139908
     501      16       5    1991       54.0000000       73.1200192
     502      17       5    1991       54.0000000       67.3541898
     503      18       5    1991       55.0000000       65.3813356
     504      19       5    1991       48.0000000       63.9874951
     505      20       5    1991       48.0000000       62.6831773
     506      21       5    1991       49.0000000       61.4532589
     507      22       5    1991       41.0000000       60.2910006
     508      23       5    1991       40.0000000       59.1903617
     509      24       5    1991       40.0000000       58.1459204
     510      25       5    1991       39.0000000       57.1528042
     511      26       5    1991       43.0000000       56.2066285
     512      27       5    1991       39.0000000       55.3034439
     513      28       5    1991       36.0000000       54.4396884
     514      29       5    1991       33.0000000       53.6121462
     515      30       5    1991       39.0000000       52.8179111
     516      31       5    1991       34.0000000       52.0543544
     517       1       6    1991       37.0000000       51.3190955
     518       2       6    1991       35.0000000       50.6099771
     519       3       6    1991       29.0000000       49.9250421
     520       4       6    1991       33.0000000       49.2625137
     521       5       6    1991       34.0000000       48.6216707
     522       6       6    1991       32.0000000       62.9060953
     523       7       6    1991       38.0000000       68.0935576
     524       8       6    1991       39.0000000       62.6870795
     525       9       6    1991       41.0000000       53.6775472
     526      10       6    1991       44.0000000       71.7427184
     527      11       6    1991       48.0000000       57.3489600
     528      12       6    1991       42.0000000       52.8846136
     529      13       6    1991       37.0000000       51.7875541
     530      14       6    1991       39.0000000       50.9824097
     531      15       6    1991       35.0000000       49.8987505
     532      16       6    1991       31.0000000       50.8375931
     533      17       6    1991       33.0000000       56.4638483
     534      18       6    1991       31.0000000       55.1376008
     535      19       6    1991       28.0000000       51.6408216
     536      20       6    1991       60.0000000       76.5330725
     537      21       6    1991       48.0000000       83.1073086
     538      22       6    1991       54.0000000       58.8925111
     539      23       6    1991       63.0000000       65.3066476
     540      24       6    1991       41.0000000       60.9303316
     541      25       6    1991       42.0000000       55.9643375
     542      26       6    1991       43.0000000       54.3637078
     543      27       6    1991       38.0000000       60.1578406
     544      28       6    1991       38.0000000       63.2698159
     545      29       6    1991       35.0000000       57.0236786
     546      30       6    1991       41.0000000       53.8675026
     547       1       7    1991       41.0000000       52.2501986
     548       2       7    1991       38.0000000       50.9160373
     549       3       7    1991       34.0000000       49.6768307
     550       4       7    1991       27.0000000       48.5226607
     551       5       7    1991       31.0000000       47.4448020
     552       6       7    1991       30.0000000       46.4357939
     553       7       7    1991       26.0000000       51.2553212
     554       8       7    1991       30.0000000       53.5973782
     555       9       7    1991       31.0000000       45.9534803
     556      10       7    1991       23.0000000       44.8292442
     557      11       7    1991       35.0000000       43.9256123
     558      12       7    1991       19.0000000       43.3155605
     559      13       7    1991       24.0000000       64.9331437
     560      14       7    1991       26.0000000       72.0920615
     561      15       7    1991       27.0000000       53.0114446
     562      16       7    1991       41.0000000       47.9314146
     563      17       7    1991       34.0000000       46.5033042
     564      18       7    1991       27.0000000       45.3771846
     565      19       7    1991       25.0000000       44.3282940
     566      20       7    1991       23.0000000       43.3458696
     567      21       7    1991       22.0000000       42.4256693
     568      22       7    1991       27.0000000       41.5615809
     569      23       7    1991       23.0000000       40.7481709
     570      24       7    1991       21.0000000       40.4102571
     571      25       7    1991       23.0000000       60.5626062
     572      26       7    1991       33.0000000       64.8902639
     573      27       7    1991       23.0000000       48.8877268
     574      28       7    1991       29.0000000       43.7994924
     575      29       7    1991       30.0000000       42.5466145
     576      30       7    1991       35.0000000       50.0021265
     577      31       7    1991       27.0000000       59.7935614
     578       1       8    1991       45.0000000       45.3092952
     579       2       8    1991       47.0000000       43.2958888
     580       3       8    1991       40.0000000       42.2075643
     581       4       8    1991       35.0000000       41.1986381
     582       5       8    1991       26.0000000       40.2574531
     583       6       8    1991       23.0000000       39.3771933
     584       7       8    1991       30.0000000       40.2738125
     585       8       8    1991       33.0000000       40.8105416
     586       9       8    1991       30.0000000       38.1046741
     587      10       8    1991       28.0000000       36.8012588
     588      11       8    1991       19.0000000       36.1121931
     589      12       8    1991       20.0000000       35.4601491
     590      13       8    1991       16.0000000       34.8417314
     591      14       8    1991       18.0000000       34.2539091
     592      15       8    1991       18.0000000       33.6939719
     593      16       8    1991       20.0000000       33.1594925
     594      17       8    1991       16.0000000       32.6482944
     595      18       8    1991       15.0000000       32.1584234
     596      19       8    1991       15.0000000       31.6881220
     597      20       8    1991       14.0000000       31.2358083
     598      21       8    1991       15.0000000       30.8000567
     599      22       8    1991       13.0000000       30.3796791
     600      23       8    1991       12.0000000       29.9895598
     601      24       8    1991       11.0000000       30.0709496
     602      25       8    1991       12.0000000       29.3326734
     603      26       8    1991       11.0000000       28.8809735
     604      27       8    1991       13.0000000       28.5185522
     605      28       8    1991       11.0000000       28.1661287
     606      29       8    1991       12.0000000       27.8230340
     607      30       8    1991       12.0000000       27.4886595
     608      31       8    1991       11.0000000       27.1624507
     609       1       9    1991       11.0000000       27.6019974
     610       2       9    1991       17.0000000       30.4375351
     611       3       9    1991       11.0000000       26.7129036
     612       4       9    1991       12.0000000       26.2090885
     613       5       9    1991       11.0000000       25.8981153
     614       6       9    1991       11.0000000       25.5945617
     615       7       9    1991       18.0000000       25.2979605
     616       8       9    1991       11.0000000       25.0078875
     617       9       9    1991       13.0000000       24.7239567
     618      10       9    1991       12.0000000       24.5658381
     619      11       9    1991       11.0000000       40.8073573
     620      12       9    1991       20.0000000       61.2549930
     621      13       9    1991       21.0000000       28.0724485
     622      14       9    1991       29.0000000       26.7471088
     623      15       9    1991       28.0000000       26.2591117
     624      16       9    1991       20.0000000       25.7976733
     625      17       9    1991       20.0000000       25.3603957
     626      18       9    1991       20.0000000       24.9445928
     627      19       9    1991       12.0000000       24.5484526
     628      20       9    1991       11.0000000       24.1701906
     629      21       9    1991       11.0000000       23.8082105
     630      22       9    1991       22.0000000       32.9481074
     631      23       9    1991       14.0000000       57.7679866
     632      24       9    1991       48.0000000       28.0366836
     633      25       9    1991       45.0000000       69.3060734
     634      26       9    1991       80.0000000       92.6177697
     635      27       9    1991       61.0000000       76.7727146
     636      28       9    1991       61.0000000       87.5663137
     637      29       9    1991       65.0000000       95.7195224
     638      30       9    1991       63.0000000       95.2131877
     639       1      10    1991       90.0000000       73.5745285
     640       2      10    1991       59.0000000       66.2066269
     641       3      10    1991       45.0000000       60.4169409
     642       4      10    1991       42.0000000       56.2916431
     643       5      10    1991       41.0000000       81.3813617
     644       6      10    1991       41.0000000      119.9186725
     645       7      10    1991       73.0000000       85.0511691
     646       8      10    1991       96.0000000       73.4529277
     647       9      10    1991       61.0000000       67.7716994
     648      10      10    1991       44.0000000       63.3823473
     649      11      10    1991       42.0000000       59.5654293
     650      12      10    1991       41.0000000       71.8761717
     651      13      10    1991       42.0000000       90.8067649
     652      14      10    1991       61.0000000       67.6899621
     653      15      10    1991       55.0000000       63.0703869
     654      16      10    1991       41.0000000       64.2071404
     655      17      10    1991       48.0000000       73.5870435
     656      18      10    1991       52.0000000      101.6643347
     657      19      10    1991       66.0000000       94.1941635
     658      20      10    1991       59.0000000       79.8707213
     659      21      10    1991       71.0000000       76.4999788
     660      22      10    1991       74.0000000       70.2328680
     661      23      10    1991       70.0000000       66.0343304
     662      24      10    1991       59.0000000       62.3668886
     663      25      10    1991       57.0000000       59.1496003
     664      26      10    1991       57.0000000       56.2627297
     665      27      10    1991       51.0000000       53.6644212
     666      28      10    1991       47.0000000       51.3191177
     667      29      10    1991       48.0000000       49.1956069
     668      30      10    1991       45.0000000       49.3731844
     669      31      10    1991       43.0000000       55.7632833
     670       1      11    1991       40.0000000       63.3030463
     671       2      11    1991       47.0000000       66.9009289
     672       3      11    1991       46.0000000       83.6426577
     673       4      11    1991       76.0000000      133.0120980
     674       5      11    1991       60.0000000      129.6360205
     675       6      11    1991      132.0000000      124.4260110
     676       7      11    1991      133.0000000      124.4553381
     677       8      11    1991      113.0000000      140.9730287
     678       9      11    1991      120.0000000      161.6557538
     679      10      11    1991      141.0000000      149.5848648
     680      11      11    1991      208.0000000      160.5000712
     681      12      11    1991      166.0000000      218.3119630
     682      13      11    1991      183.0000000      260.5135961
     683      14      11    1991      299.0000000      414.9240501
     684      15      11    1991      521.0000000      428.7940222
     685      16      11    1991      443.0000000      373.3121539
     686      17      11    1991      304.0000000      318.8024498
     687      18      11    1991      231.0000000      292.5493514
     688      19      11    1991      192.0000000      293.3945433
     689      20      11    1991      199.0000000      268.4462997
     690      21      11    1991      201.0000000      248.7131631
     691      22      11    1991      173.0000000      216.4014932
     692      23      11    1991      159.0000000      186.9883655
     693      24      11    1991      160.0000000      163.8708014
     694      25      11    1991      146.0000000      144.8714436
     695      26      11    1991      110.0000000      129.6184223
     696      27      11    1991      114.0000000      117.8420969
     697      28      11    1991       97.0000000      110.0478845
     698      29      11    1991       89.0000000      103.9831277
     699      30      11    1991       73.0000000       98.7865356
     700       1      12    1991       69.0000000       94.1347565
     701       2      12    1991       67.0000000       89.9460713
     702       3      12    1991       63.0000000       86.1629296
     703       4      12    1991       58.0000000       82.7359148
     704       5      12    1991       59.0000000       79.6224517
     705       6      12    1991       53.0000000       76.7857434
     706       7      12    1991       54.0000000       74.1938913
     707       8      12    1991       51.0000000       71.8191656
     708       9      12    1991       47.0000000       69.6373951
     709      10      12    1991       42.0000000       67.6274576
     710      11      12    1991       40.0000000       65.7708507
     711      12      12    1991       39.0000000       64.0513300
     712      13      12    1991       36.0000000       62.4546023
     713      14      12    1991       37.0000000       60.9680656
     714      15      12    1991       32.0000000       59.5805872
     715      16      12    1991       37.0000000       62.4331781
     716      17      12    1991       62.0000000      147.2726017
     717      18      12    1991      118.0000000      209.2283637
     718      19      12    1991      170.0000000      269.8693389
     719      20      12    1991      229.0000000      393.7060994
     720      21      12    1991      448.0000000      445.7067514
     721      22      12    1991      464.0000000      642.2849243
     722      23      12    1991      675.0000000      635.6096124
     723      24      12    1991      844.0000000      557.4636805
     724      25      12    1991      569.0000000      464.4086968
     725      26      12    1991      358.0000000      386.2783110
     726      27      12    1991      279.0000000      327.6847145
     727      28      12    1991      238.0000000      281.9772326
     728      29      12    1991      201.0000000      241.2156957
     729      30      12    1991      185.0000000      208.9881335
     730      31      12    1991      165.0000000      184.1229914
     731       1       1    1992      140.0000000      164.2031553
     732       2       1    1992      126.0000000      148.3191142
     733       3       1    1992      117.0000000      137.5038386
     734       4       1    1992      114.0000000      132.5688812
     735       5       1    1992      108.0000000      128.2498079
     736       6       1    1992      108.0000000      121.5488657
     737       7       1    1992      101.0000000      115.9340916
     738       8       1    1992       97.0000000      113.8533226
     739       9       1    1992       89.0000000      121.0029494
     740      10       1    1992      111.0000000      156.4096038
     741      11       1    1992      135.0000000      161.8897828
     742      12       1    1992      171.0000000      145.3659943
     743      13       1    1992      125.0000000      136.4139381
     744      14       1    1992      111.0000000      129.1487703
     745      15       1    1992      100.0000000      122.7714929
     746      16       1    1992       87.0000000      117.2280653
     747      17       1    1992       75.0000000      112.1611936
     748      18       1    1992       79.0000000      107.5504285
     749      19       1    1992       70.0000000      109.4369644
     750      20       1    1992       72.0000000      105.8675892
     751      21       1    1992       87.0000000      104.2591756
     752      22       1    1992       79.0000000       99.4815442
     753      23       1    1992       71.0000000       95.9690570
     754      24       1    1992       66.0000000       92.7745961
     755      25       1    1992       67.0000000       89.8592965
     756      26       1    1992       65.0000000       87.1900635
     757      27       1    1992       59.0000000       84.7382754
     758      28       1    1992       57.0000000       82.4937402
     759      29       1    1992       54.0000000       80.7240360
     760      30       1    1992       59.0000000       81.1288038
     761      31       1    1992       57.0000000       86.9512569
     762       1       2    1992       56.0000000       91.7305877
     763       2       2    1992       54.0000000       90.4927223
     764       3       2    1992       58.0000000       87.4563239
     765       4       2    1992       63.0000000      121.1800770
     766       5       2    1992       76.0000000      180.0536208
     767       6       2    1992      250.0000000      204.9437013
     768       7       2    1992      346.0000000      195.3534076
     769       8       2    1992      241.0000000      171.8901430
     770       9       2    1992      180.0000000      160.8472815
     771      10       2    1992      164.0000000      169.3737812
     772      11       2    1992      183.0000000      180.7264580
     773      12       2    1992      215.0000000      210.9514736
     774      13       2    1992      265.0000000      226.0653329
     775      14       2    1992      287.0000000      243.3470141
     776      15       2    1992      272.0000000      240.6465527
     777      16       2    1992      253.0000000      265.7349925
     778      17       2    1992      301.0000000      269.3637327
     779      18       2    1992      275.0000000      234.9607103
     780      19       2    1992      224.0000000      204.0061273
     781      20       2    1992      194.0000000      180.1635271
     782      21       2    1992      173.0000000      162.8815933
     783      22       2    1992      157.0000000      150.8629335
     784      23       2    1992      142.0000000      142.6634975
     785      24       2    1992      133.0000000      137.2837610
     786      25       2    1992      128.0000000      132.4680825
     787      26       2    1992      125.0000000      125.6426998
     788      27       2    1992      125.0000000      120.1051910
     789      28       2    1992      110.0000000      115.1832955
     790      29       2    1992      107.0000000      110.7334309
     791       1       3    1992       97.0000000      106.8105876
     792       2       3    1992       97.0000000      103.5735503
     793       3       3    1992       86.0000000      105.4842673
     794       4       3    1992       93.0000000      101.3933652
     795       5       3    1992       86.0000000       98.0517796
     796       6       3    1992       82.0000000       95.2583993
     797       7       3    1992       80.0000000       92.5457098
     798       8       3    1992       77.0000000       90.0297116
     799       9       3    1992       73.0000000       87.7032650
     800      10       3    1992       76.0000000       85.7105267
     801      11       3    1992       68.0000000       84.0805958
     802      12       3    1992       70.0000000      123.4482461
     803      13       3    1992      116.0000000      188.6877299
     804      14       3    1992      206.0000000      240.7005079
     805      15       3    1992      433.0000000      286.2416190
     806      16       3    1992      495.0000000      332.2303072
     807      17       3    1992      331.0000000      294.6399120
     808      18       3    1992      240.0000000      251.6771014
     809      19       3    1992      215.0000000      218.6528600
     810      20       3    1992      185.0000000      192.3724985
     811      21       3    1992      185.0000000      179.5257694
     812      22       3    1992      185.0000000      206.3941705
     813      23       3    1992      213.0000000      315.1030427
     814      24       3    1992      466.0000000      367.8944213
     815      25       3    1992      580.0000000      402.5182171
     816      26       3    1992      566.0000000      379.5837115
     817      27       3    1992      487.0000000      340.8560790
     818      28       3    1992      387.0000000      304.9858023
     819      29       3    1992      311.0000000      272.2171071
     820      30       3    1992      270.0000000      240.6454511
     821      31       3    1992      246.0000000      217.0034431
     822       1       4    1992      229.0000000      233.1610706
     823       2       4    1992      222.0000000      231.2670364
     824       3       4    1992      217.0000000      227.8477941
     825       4       4    1992      208.0000000      286.5193399
     826       5       4    1992      220.0000000      288.8888064
     827       6       4    1992      210.0000000      255.6369828
     828       7       4    1992      190.0000000      224.3476150
     829       8       4    1992      173.0000000      198.8099625
     830       9       4    1992      166.0000000      178.2302571
     831      10       4    1992      133.0000000      161.5475730
     832      11       4    1992      126.0000000      148.4844964
     833      12       4    1992      124.0000000      138.7928612
     834      13       4    1992      116.0000000      132.3965671
     835      14       4    1992      112.0000000      131.6861057
     836      15       4    1992      111.0000000      156.2151021
     837      16       4    1992      137.0000000      180.6185484
     838      17       4    1992      206.0000000      170.4300623
     839      18       4    1992      176.0000000      170.1058897
     840      19       4    1992      161.0000000      158.1575219
     841      20       4    1992      161.0000000      148.5360387
     842      21       4    1992      139.0000000      141.2443071
     843      22       4    1992      139.0000000      135.2324359
     844      23       4    1992      123.0000000      129.8493504
     845      24       4    1992      119.0000000      124.9920657
     846      25       4    1992      111.0000000      120.5975509
     847      26       4    1992       94.0000000      116.6701654
     848      27       4    1992       94.0000000      114.7110795
     849      28       4    1992      102.0000000      120.9790391
     850      29       4    1992      120.0000000      120.0652873
     851      30       4    1992      120.0000000      116.0665809
     852       1       5    1992      114.0000000      126.8549283
     853       2       5    1992      115.0000000      163.0277925
     854       3       5    1992      206.0000000      143.2088022
     855       4       5    1992      215.0000000      133.9164607
     856       5       5    1992      125.0000000      127.7185854
     857       6       5    1992      123.0000000      122.7489024
     858       7       5    1992      113.0000000      118.3428001
     859       8       5    1992       77.0000000      114.3500280
     860       9       5    1992       83.0000000      110.9554150
     861      10       5    1992       83.0000000      119.5965708
     862      11       5    1992       96.0000000      119.9184904
     863      12       5    1992      120.0000000      110.0608362
     864      13       5    1992       80.0000000      105.2811772
     865      14       5    1992       76.0000000      102.2452473
     866      15       5    1992       69.0000000       99.5160882
     867      16       5    1992       63.0000000       96.9966481
     868      17       5    1992       61.0000000       94.6632711
     869      18       5    1992       60.0000000       92.4953869
     870      19       5    1992       59.0000000       90.4750581
     871      20       5    1992       67.0000000       88.5866713
     872      21       5    1992       51.0000000       86.8211566
     873      22       5    1992       44.0000000       85.1636197
     874      23       5    1992       42.0000000       83.5941338
     875      24       5    1992       51.0000000       82.1192075
     876      25       5    1992       42.0000000       81.1397215
     877      26       5    1992       54.0000000       90.1141819
     878      27       5    1992       53.0000000       84.7337383
     879      28       5    1992       59.0000000       79.2719125
     880      29       5    1992       55.0000000       86.0093483
     881      30       5    1992       54.0000000       88.4356118
     882      31       5    1992       48.0000000       80.7233612
     883       1       6    1992       63.0000000       83.5747484
     884       2       6    1992       61.0000000       84.8178783
     885       3       6    1992       55.0000000       82.7755502
     886       4       6    1992       75.0000000       96.3441604
     887       5       6    1992       53.0000000      116.2822615
     888       6       6    1992       77.0000000      112.4042653
     889       7       6    1992      114.0000000      109.2885642
     890       8       6    1992      167.0000000      119.4952859
     891       9       6    1992      116.0000000      112.0553339
     892      10       6    1992       91.0000000      100.3675770
     893      11       6    1992       85.0000000       96.6824386
     894      12       6    1992       68.0000000       93.3691468
     895      13       6    1992       71.0000000       90.3927389
     896      14       6    1992       63.0000000       87.6722104
     897      15       6    1992       59.0000000       85.1782801
     898      16       6    1992       46.0000000       82.8842119
     899      17       6    1992       44.0000000       80.7669236
     900      18       6    1992       39.0000000       78.8064307
     901      19       6    1992       41.0000000       76.9976167
     902      20       6    1992       44.0000000       77.4455786
     903      21       6    1992       39.0000000       76.1268493
     904      22       6    1992       32.0000000       73.1028700
     905      23       6    1992       40.0000000       74.0308531
     906      24       6    1992       41.0000000       85.1529527
     907      25       6    1992       42.0000000       83.0696747
     908      26       6    1992       42.0000000       74.8915575
     909      27       6    1992       48.0000000       71.6657156
     910      28       6    1992       37.0000000       70.0763023
     911      29       6    1992       40.0000000       68.6390326
     912      30       6    1992       29.0000000       67.2993937
     913       1       7    1992       30.0000000       66.7238425
     914       2       7    1992       36.0000000       65.6341337
     915       3       7    1992       29.0000000       66.5071800
     916       4       7    1992       36.0000000       80.8750216
     917       5       7    1992       50.0000000       97.2026453
     918       6       7    1992       78.0000000      102.1296670
     919       7       7    1992       54.0000000       87.9990054
     920       8       7    1992       57.0000000       75.3624280
     921       9       7    1992       51.0000000       73.0123540
     922      10       7    1992       47.0000000       86.9115739
     923      11       7    1992       46.0000000      110.3748818
     924      12       7    1992       76.0000000      106.1868583
     925      13       7    1992       72.0000000       97.3679871
     926      14       7    1992       67.0000000       86.4484732
     927      15       7    1992       63.0000000       82.8697575
     928      16       7    1992       47.0000000       79.9188307
     929      17       7    1992       47.0000000       77.2360105
     930      18       7    1992       42.0000000       74.7885751
     931      19       7    1992       41.0000000       72.5483969
     932      20       7    1992       39.0000000       70.4912144
     933      21       7    1992       37.0000000       68.8279115
     934      22       7    1992       33.0000000       70.5840958
     935      23       7    1992       33.0000000       66.8169259
     936      24       7    1992       33.0000000       64.9961113
     937      25       7    1992       37.0000000       63.5102870
     938      26       7    1992       26.0000000       62.1180471
     939      27       7    1992       24.0000000       60.8149307
     940      28       7    1992       26.0000000       59.5919395
     941      29       7    1992       29.0000000       58.4411214
     942      30       7    1992       19.0000000       57.3554419
     943      31       7    1992       22.0000000       57.2306164
     944       1       8    1992       28.0000000       59.3751999
     945       2       8    1992       35.0000000       55.3366459
     946       3       8    1992       29.0000000       54.2544031
     947       4       8    1992       36.0000000       53.3534328
     948       5       8    1992       52.0000000       52.4956102
     949       6       8    1992       74.0000000       51.6770160
     950       7       8    1992       54.0000000       50.8941589
     951       8       8    1992       57.0000000       50.1439239
     952       9       8    1992       48.0000000       51.8918656
     953      10       8    1992       47.0000000       51.7925258
     954      11       8    1992       46.0000000       56.6279908
     955      12       8    1992       75.0000000       60.3036199
     956      13       8    1992       73.0000000       61.6661412
     957      14       8    1992       66.0000000       62.6773806
     958      15       8    1992       60.0000000       62.5763489
     959      16       8    1992       47.0000000       50.8345536
     960      17       8    1992       46.0000000       49.5459003
     961      18       8    1992       42.0000000       48.6158349
     962      19       8    1992       41.0000000       47.9216068
     963      20       8    1992       40.0000000       54.0060259
     964      21       8    1992       37.0000000       52.0758597
     965      22       8    1992       32.0000000       48.3754305
     966      23       8    1992       32.0000000       48.3521773
     967      24       8    1992       32.0000000       46.0223355
     968      25       8    1992       36.0000000       44.9970862
     969      26       8    1992       27.0000000       44.2377323
     970      27       8    1992       25.0000000       43.5207687
     971      28       8    1992       25.0000000       43.3785924
     972      29       8    1992       28.0000000       47.3327182
     973      30       8    1992       20.0000000       64.7024670
     974      31       8    1992       22.0000000       88.9309723
     975       1       9    1992       49.0000000      114.1121807
     976       2       9    1992       77.0000000       82.2096937
     977       3       9    1992       67.0000000       78.0223534
     978       4       9    1992       45.0000000       77.8098092
     979       5       9    1992       44.0000000       73.3474587
     980       6       9    1992       64.0000000       63.9948904
     981       7       9    1992       52.0000000       61.0040722
     982       8       9    1992       40.0000000       58.5703729
     983       9       9    1992       30.0000000       56.3706170
     984      10       9    1992       34.0000000       54.3755064
     985      11       9    1992       32.0000000       52.6764095
     986      12       9    1992       36.0000000       51.7219074
     987      13       9    1992       28.0000000       49.9110871
     988      14       9    1992       33.0000000       49.2192933
     989      15       9    1992       35.0000000       52.2023852
     990      16       9    1992       30.0000000       47.5773974
     991      17       9    1992       32.0000000       46.1630237
     992      18       9    1992       29.0000000       45.0033719
     993      19       9    1992       30.0000000       44.5141004
     994      20       9    1992       28.0000000       43.2086093
     995      21       9    1992       29.0000000       42.1734803
     996      22       9    1992       29.0000000       41.2861513
     997      23       9    1992       27.0000000       40.4665551
     998      24       9    1992       27.0000000       39.6900220
     999      25       9    1992       23.0000000       38.9485051
    1000      26       9    1992       28.0000000       38.2475240
    1001      27       9    1992       25.0000000       37.5832402
    1002      28       9    1992       25.0000000       37.1660911
    1003      29       9    1992       27.0000000       41.8205595
    1004      30       9    1992       25.0000000       37.0952660
    1005       1      10    1992       27.0000000       36.5991594
    1006       2      10    1992       33.0000000       36.7902942
    1007       3      10    1992       29.0000000       41.1844067
    1008       4      10    1992       31.0000000       36.5297375
    1009       5      10    1992       25.0000000       47.8887646
    1010       6      10    1992       25.0000000       55.9885293
    1011       7      10    1992       36.0000000       47.7498463
    1012       8      10    1992       42.0000000       38.8538374
    1013       9      10    1992       43.0000000       38.2354847
    1014      10      10    1992       26.0000000       45.2012940
    1015      11      10    1992       27.0000000       46.2067774
    1016      12      10    1992       27.0000000       39.5324145
    1017      13      10    1992       26.0000000       38.3649229
    1018      14      10    1992       26.0000000       37.5567946
    1019      15      10    1992       23.0000000       45.9836449
    1020      16      10    1992       21.0000000       53.8827706
    1021      17      10    1992       26.0000000       42.5272291
    1022      18      10    1992       34.0000000       47.8944121
    1023      19      10    1992       37.0000000       42.3215089
    1024      20      10    1992       31.0000000       48.9715955
    1025      21      10    1992       31.0000000       50.1385856
    1026      22      10    1992       35.0000000       48.9805043
    1027      23      10    1992       33.0000000       64.0695031
    1028      24      10    1992       40.0000000      130.3739813
    1029      25      10    1992       74.0000000      169.9273664
    1030      26      10    1992      161.0000000      196.4201739
    1031      27      10    1992      285.0000000      201.3068019
    1032      28      10    1992      244.0000000      222.4290729
    1033      29      10    1992      263.0000000      247.9936020
    1034      30      10    1992      276.0000000      218.4213484
    1035      31      10    1992      186.0000000      183.5043672
    1036       1      11    1992      154.0000000      158.5705808
    1037       2      11    1992      112.0000000      154.5776051
    1038       3      11    1992      104.0000000      158.8114524
    1039       4      11    1992       96.0000000      155.1597193
    1040       5      11    1992       99.0000000      138.5030467
    1041       6      11    1992      126.0000000      122.0115456
    1042       7      11    1992       91.0000000      110.0835371
    1043       8      11    1992       84.0000000      103.9805061
    1044       9      11    1992       81.0000000      106.5558128
    1045      10      11    1992       85.0000000      128.9413703
    1046      11      11    1992      126.0000000      209.3952912
    1047      12      11    1992      279.0000000      269.3677510
    1048      13      11    1992      390.0000000      290.3607081
    1049      14      11    1992      294.0000000      293.3034931
    1050      15      11    1992      260.0000000      344.5648143
    1051      16      11    1992      398.0000000      498.4103300
    1052      17      11    1992      520.0000000      519.9228788
    1053      18      11    1992      487.0000000      476.0735682
    1054      19      11    1992      380.0000000      491.4899379
    1055      20      11    1992      385.0000000      437.8924105
    1056      21      11    1992      351.0000000      413.2013700
    1057      22      11    1992      309.0000000      515.3710178
    1058      23      11    1992      587.0000000      457.0148543
    1059      24      11    1992      661.0000000      388.4555735
    1060      25      11    1992      447.0000000      364.2502840
    1061      26      11    1992      361.0000000      392.8820701
    1062      27      11    1992      351.0000000      383.6431520
    1063      28      11    1992      353.0000000      391.1684416
    1064      29      11    1992      369.0000000      474.9751081
    1065      30      11    1992      452.0000000      499.4632171
    1066       1      12    1992      441.0000000      424.4100156
    1067       2      12    1992      348.0000000      419.0317590
    1068       3      12    1992      394.0000000      478.0323628
    1069       4      12    1992      455.0000000      497.7126563
    1070       5      12    1992      491.0000000      558.9333886
    1071       6      12    1992      469.0000000      499.3228455
    1072       7      12    1992      364.0000000      478.4505142
    1073       8      12    1992      338.0000000      432.0353493
    1074       9      12    1992      334.0000000      366.0423781
    1075      10      12    1992      268.0000000      306.6325871
    1076      11      12    1992      236.0000000      288.0755952
    1077      12      12    1992      230.0000000      299.2694153
    1078      13      12    1992      239.0000000      281.2483333
    1079      14      12    1992      256.0000000      240.4513724
    1080      15      12    1992      217.0000000      213.0081753
    1081      16      12    1992      201.0000000      197.9148936
    1082      17      12    1992      188.0000000      187.8001237
    1083      18      12    1992      176.0000000      180.3735791
    1084      19      12    1992      170.0000000      168.9453622
    1085      20      12    1992      168.0000000      164.2471857
    1086      21      12    1992      131.0000000      166.2677789
    1087      22      12    1992      133.0000000      171.2504689
    1088      23      12    1992      134.0000000      159.8345247
    1089      24      12    1992      127.0000000      151.1369253
    1090      25      12    1992      117.0000000      144.0694905
    1091      26      12    1992      113.0000000      137.7426760
    1092      27      12    1992      100.0000000      132.0571997
    1093      28      12    1992       94.0000000      126.9300061
    1094      29      12    1992       87.0000000      122.2902973
    1095      30      12    1992       86.0000000      118.0775026
    1096      31      12    1992       81.0000000      114.2396214
    1097       1       1    1993       77.0000000      110.7318653
    1098       2       1    1993       76.0000000      107.5155385
    1099       3       1    1993       61.0000000      104.5571117
    1100       4       1    1993       61.0000000      101.8274519
    1101       5       1    1993       57.0000000       99.3011795
    1102       6       1    1993       66.0000000      110.8006868
    1103       7       1    1993       67.0000000      133.2747934
    1104       8       1    1993       84.0000000      137.5439888
    1105       9       1    1993       90.0000000      148.0193662
    1106      10       1    1993      113.0000000      181.9482893
    1107      11       1    1993      265.0000000      338.2103983
    1108      12       1    1993      559.0000000      549.7854422
    1109      13       1    1993      832.0000000      576.4762066
    1110      14       1    1993      601.0000000      515.6491628
    1111      15       1    1993      436.0000000      425.8615586
    1112      16       1    1993      339.0000000      351.9030079
    1113      17       1    1993      292.0000000      298.4964009
    1114      18       1    1993      247.0000000      261.4502467
    1115      19       1    1993      218.0000000      232.9356570
    1116      20       1    1993      205.0000000      210.9733587
    1117      21       1    1993      190.0000000      197.3696818
    1118      22       1    1993      176.0000000      189.2101411
    1119      23       1    1993      173.0000000      183.8250727
    1120      24       1    1993      173.0000000      205.6648429
    1121      25       1    1993      199.0000000      317.3349128
    1122      26       1    1993      361.0000000      303.9813786
    1123      27       1    1993      295.0000000      285.9208370
    1124      28       1    1993      238.0000000      312.0869879
    1125      29       1    1993      263.0000000      301.2140343
    1126      30       1    1993      245.0000000      271.9299093
    1127      31       1    1993      222.0000000      238.1280239
    1128       1       2    1993      199.0000000      212.2528824
    1129       2       2    1993      186.0000000      191.9643203
    1130       3       2    1993      171.0000000      176.0002525
    1131       4       2    1993      157.0000000      164.2488631
    1132       5       2    1993      159.0000000      155.5148686
    1133       6       2    1993      129.0000000      148.3686701
    1134       7       2    1993      119.0000000      142.4078509
    1135       8       2    1993      119.0000000      136.8907492
    1136       9       2    1993      105.0000000      131.8546849
    1137      10       2    1993      106.0000000      127.2850924
    1138      11       2    1993      105.0000000      123.1246698
    1139      12       2    1993       95.0000000      119.3241568
    1140      13       2    1993       91.0000000      115.8410720
    1141      14       2    1993       88.0000000      112.6386656
    1142      15       2    1993       84.0000000      109.6850527
    1143      16       2    1993       83.0000000      107.1866993
    1144      17       2    1993       79.0000000      106.3222911
    1145      18       2    1993       78.0000000      108.9476850
    1146      19       2    1993       84.0000000      107.3583459
    1147      20       2    1993       91.0000000      118.0864951
    1148      21       2    1993       91.0000000      127.2539636
    1149      22       2    1993       90.0000000      125.6084922
    1150      23       2    1993      103.0000000      121.5362186
    1151      24       2    1993       94.0000000      116.3722707
    1152      25       2    1993       81.0000000      112.4126613
    1153      26       2    1993       78.0000000      108.9429850
    1154      27       2    1993       75.0000000      108.4325731
    1155      28       2    1993       76.0000000      109.3109640
    1156       1       3    1993       80.0000000      105.2813775
    1157       2       3    1993       75.0000000      103.3222482
    1158       3       3    1993       76.0000000      102.2954099
    1159       4       3    1993       72.0000000       99.4292293
    1160       5       3    1993       65.0000000       96.8402823
    1161       6       3    1993       64.0000000       94.5065867
    1162       7       3    1993       64.0000000       92.3637465
    1163       8       3    1993       68.0000000       91.9257556
    1164       9       3    1993       68.0000000       89.7072064
    1165      10       3    1993       67.0000000       88.5952807
    1166      11       3    1993       61.0000000       89.3853961
    1167      12       3    1993       57.0000000       90.2707094
    1168      13       3    1993       58.0000000       89.4669281
    1169      14       3    1993       54.0000000       87.1951395
    1170      15       3    1993       66.0000000       85.3953853
    1171      16       3    1993       54.0000000       83.7729996
    1172      17       3    1993       57.0000000       82.2629848
    1173      18       3    1993       57.0000000       80.8799288
    1174      19       3    1993       52.0000000       79.5388094
    1175      20       3    1993       57.0000000       78.2223742
    1176      21       3    1993       58.0000000       77.2367356
    1177      22       3    1993       57.0000000       87.5974240
    1178      23       3    1993       56.0000000      102.0636318
    1179      24       3    1993       63.0000000       90.1140251
    1180      25       3    1993       76.0000000       87.4257626
    1181      26       3    1993       56.0000000       85.2997183
    1182      27       3    1993       59.0000000       83.3212994
    1183      28       3    1993       59.0000000       81.4751016
    1184      29       3    1993       54.0000000       79.7475784
    1185      30       3    1993       48.0000000       78.1267893
    1186      31       3    1993       55.0000000       76.6021858
    1187       1       4    1993       48.0000000       75.5318738
    1188       2       4    1993       53.0000000       79.2147527
    1189       3       4    1993       47.0000000       78.6944429
    1190       4       4    1993       59.0000000       83.4399739
    1191       5       4    1993       53.0000000      100.5525206
    1192       6       4    1993       64.0000000      105.9318217
    1193       7       4    1993       63.0000000       94.6165325
    1194       8       4    1993       75.0000000       92.8771631
    1195       9       4    1993       64.0000000       89.4291428
    1196      10       4    1993       59.0000000       88.7595301
    1197      11       4    1993       60.0000000       96.4641434
    1198      12       4    1993       63.0000000       95.2367447
    1199      13       4    1993       69.0000000       93.1953754
    1200      14       4    1993       79.0000000       92.6616942
    1201      15       4    1993       82.0000000       89.3862183
    1202      16       4    1993       68.0000000       87.1778193
    1203      17       4    1993       56.0000000       85.0075150
    1204      18       4    1993       59.0000000       82.6029180
    1205      19       4    1993       61.0000000       80.4154961
    1206      20       4    1993       62.0000000       78.3340624
    1207      21       4    1993       57.0000000       76.4031047
    1208      22       4    1993       53.0000000       74.6115652
    1209      23       4    1993       47.0000000       72.9431216
    1210      24       4    1993       46.0000000       71.3776408
    1211      25       4    1993       47.0000000       69.9100625
    1212      26       4    1993       45.0000000       68.5306777
    1213      27       4    1993       43.0000000       67.2308500
    1214      28       4    1993       41.0000000       66.0031058
    1215      29       4    1993       38.0000000       64.8571385
    1216      30       4    1993       39.0000000       64.2406735
    1217       1       5    1993       40.0000000       63.2217881
    1218       2       5    1993       41.0000000       63.4495793
    1219       3       5    1993       45.0000000       63.7038282
    1220       4       5    1993       49.0000000       61.6135945
    1221       5       5    1993       40.0000000       60.4969110
    1222       6       5    1993       43.0000000       59.6766511
    1223       7       5    1993       38.0000000       59.3243136
    1224       8       5    1993       38.0000000       59.3877994
    1225       9       5    1993       43.0000000       57.6431492
    1226      10       5    1993       44.0000000       58.1690971
    1227      11       5    1993       41.0000000       57.8927175
    1228      12       5    1993       51.0000000       64.6596744
    1229      13       5    1993       63.0000000      100.0538903
    1230      14       5    1993       68.0000000       83.3519255
    1231      15       5    1993       77.0000000       67.0313513
    1232      16       5    1993       77.0000000       64.9568700
    1233      17       5    1993       59.0000000       63.2015368
    1234      18       5    1993       49.0000000       61.5993788
    1235      19       5    1993       43.0000000       66.0151138
    1236      20       5    1993       44.0000000       71.0035858
    1237      21       5    1993       48.0000000       74.7235399
    1238      22       5    1993       44.0000000       64.0839975
    1239      23       5    1993       46.0000000       61.9814306
    1240      24       5    1993       40.0000000       60.4068802
    1241      25       5    1993       43.0000000       58.9492410
    1242      26       5    1993       30.0000000       58.3818031
    1243      27       5    1993       45.0000000       64.8167858
    1244      28       5    1993       43.0000000       74.1643707
    1245      29       5    1993       44.0000000       66.3433452
    1246      30       5    1993       54.0000000       65.0048104
    1247      31       5    1993       56.0000000       67.8556872
    1248       1       6    1993       44.0000000       60.3658366
    1249       2       6    1993       43.0000000       59.9271905
    1250       3       6    1993       33.0000000       65.9342362
    1251       4       6    1993       45.0000000       61.9964212
    1252       5       6    1993       46.0000000       58.3623463
    1253       6       6    1993       42.0000000       56.7439336
    1254       7       6    1993       40.0000000       55.3670042
    1255       8       6    1993       30.0000000       54.0870484
    1256       9       6    1993       31.0000000       52.9231439
    1257      10       6    1993       32.0000000       52.2397200
    1258      11       6    1993       25.0000000       51.4799046
    1259      12       6    1993       33.0000000       53.6539610
    1260      13       6    1993       29.0000000       51.6826319
    1261      14       6    1993       40.0000000       52.4976080
    1262      15       6    1993       42.0000000       55.4499071
    1263      16       6    1993       37.0000000       52.5224343
    1264      17       6    1993       46.0000000       51.7419480
    1265      18       6    1993       47.0000000       49.5513815
    1266      19       6    1993       50.0000000       48.9041676
    1267      20       6    1993       43.0000000       70.9222543
    1268      21       6    1993       69.0000000       77.9465101
    1269      22       6    1993       61.0000000       63.7511196
    1270      23       6    1993       67.0000000       95.5244440
    1271      24       6    1993       77.0000000       71.1584355
    1272      25       6    1993       87.0000000       66.9237221
    1273      26       6    1993       55.0000000       64.3441048
    1274      27       6    1993       43.0000000       62.0631204
    1275      28       6    1993       40.0000000       59.9864584
    1276      29       6    1993       30.0000000       58.0893300
    1277      30       6    1993       40.0000000       56.3504594
    1278       1       7    1993       40.0000000       55.4614032
    1279       2       7    1993       27.0000000       57.7481349
    1280       3       7    1993       34.0000000       53.7077513
    1281       4       7    1993       30.0000000       52.1316024
    1282       5       7    1993       31.0000000       50.9086865
    1283       6       7    1993       27.0000000       49.6102469
    1284       7       7    1993       31.0000000       48.4463705
    1285       8       7    1993       26.0000000       47.3783469
    1286       9       7    1993       23.0000000       46.5118157
    1287      10       7    1993       24.0000000       47.8330506
    1288      11       7    1993       25.0000000       47.9587143
    1289      12       7    1993       34.0000000       61.6109835
    1290      13       7    1993       40.0000000       62.5268956
    1291      14       7    1993       41.0000000       73.7499717
    1292      15       7    1993       46.0000000       73.7864143
    1293      16       7    1993       39.0000000       54.5333058
    1294      17       7    1993       43.0000000       52.8011872
    1295      18       7    1993       35.0000000       52.1018328
    1296      19       7    1993       49.0000000       67.1399534
    1297      20       7    1993       38.0000000       73.0696340
    1298      21       7    1993       41.0000000       64.0678322
    1299      22       7    1993       45.0000000       65.3603401
    1300      23       7    1993       41.0000000       56.0073485
    1301      24       7    1993       42.0000000       53.9904352
    1302      25       7    1993       40.0000000       52.4179455
    1303      26       7    1993       35.0000000       50.9301428
    1304      27       7    1993       40.0000000       71.8897184
    1305      28       7    1993       40.0000000       68.7118169
    1306      29       7    1993       36.0000000       54.0023068
    1307      30       7    1993       40.0000000       92.4246466
    1308      31       7    1993       61.0000000      107.8899273
    1309       1       8    1993       36.0000000       68.8269258
    1310       2       8    1993       46.0000000       65.0529521
    1311       3       8    1993       32.0000000       62.1738316
    1312       4       8    1993       38.0000000       59.5810757
    1313       5       8    1993       32.0000000       57.2388323
    1314       6       8    1993       25.0000000       55.1296774
    1315       7       8    1993       26.0000000       53.2008446
    1316       8       8    1993       29.0000000       51.4383316
    1317       9       8    1993       29.0000000       55.9715456
    1318      10       8    1993       28.0000000       61.7723211
    1319      11       8    1993       37.0000000       55.7461421
    1320      12       8    1993       40.0000000       50.3498328
    1321      13       8    1993       49.0000000       48.5965251
    1322      14       8    1993       32.0000000       49.2835629
    1323      15       8    1993       37.0000000       47.8374188
    1324      16       8    1993       37.0000000       45.6925139
    1325      17       8    1993       27.0000000       44.4836390
    1326      18       8    1993       24.0000000       43.3781449
    1327      19       8    1993       24.0000000       42.3499189
    1328      20       8    1993       22.0000000       41.3909659
    1329      21       8    1993       21.0000000       40.4942371
    1330      22       8    1993       16.0000000       39.8021852
    1331      23       8    1993       21.0000000       44.6116200
    1332      24       8    1993       27.0000000       42.5422334
    1333      25       8    1993       26.0000000       38.9884308
    1334      26       8    1993       23.0000000       38.1135415
    1335      27       8    1993       21.0000000       37.9218076
    1336      28       8    1993       28.0000000       44.6158075
    1337      29       8    1993       17.0000000       37.9442387
    1338      30       8    1993       24.0000000       36.9114883
    1339      31       8    1993       25.0000000       36.2386141
    1340       1       9    1993       25.0000000       35.6005616
    1341       2       9    1993       19.0000000       34.9942170
    1342       3       9    1993       17.0000000       35.0227888
    1343       4       9    1993       16.0000000       43.9825654
    1344       5       9    1993       19.0000000       36.8379706
    1345       6       9    1993       23.0000000       34.8247747
    1346       7       9    1993       25.0000000       53.8637721
    1347       8       9    1993       34.0000000       52.5450051
    1348       9       9    1993       31.0000000       56.0041216
    1349      10       9    1993       35.0000000       92.3455504
    1350      11       9    1993       53.0000000      110.3792127
    1351      12       9    1993       71.0000000      124.4966679
    1352      13       9    1993       74.0000000      140.0343416
    1353      14       9    1993       87.0000000      180.7495027
    1354      15       9    1993      173.0000000      169.9497023
    1355      16       9    1993      117.0000000      142.4752935
    1356      17       9    1993       93.0000000      120.9644946
    1357      18       9    1993       77.0000000      109.8179967
    1358      19       9    1993       62.0000000      101.0932789
    1359      20       9    1993       54.0000000       93.9176151
    1360      21       9    1993       48.0000000       90.4630550
    1361      22       9    1993       46.0000000      105.3753792
    1362      23       9    1993       55.0000000      121.0563163
    1363      24       9    1993       66.0000000      120.4017543
    1364      25       9    1993       64.0000000      120.9590925
    1365      26       9    1993       52.0000000      110.2834766
    1366      27       9    1993       68.0000000       98.9301520
    1367      28       9    1993       69.0000000      100.7679368
    1368      29       9    1993       62.0000000      103.4982079
    1369      30       9    1993       76.0000000       93.0854164
    1370       1      10    1993       72.0000000      112.5677592
    1371       2      10    1993       68.0000000      122.6886563
    1372       3      10    1993       72.0000000      116.0529805
    1373       4      10    1993       78.0000000      123.4738254
    1374       5      10    1993      116.0000000      176.2802808
    1375       6      10    1993      131.0000000      214.2806744
    1376       7      10    1993      180.0000000      192.1880323
    1377       8      10    1993      203.0000000      182.3532920
    1378       9      10    1993      164.0000000      199.5918167
    1379      10      10    1993      178.0000000      201.1084720
    1380      11      10    1993      161.0000000      253.1923782
    1381      12      10    1993      287.0000000      245.9441341
    1382      13      10    1993      360.0000000      313.2897696
    1383      14      10    1993      374.0000000      341.1629725
    1384      15      10    1993      297.0000000      301.5765881
    1385      16      10    1993      247.0000000      289.1064375
    1386      17      10    1993      273.0000000      303.4688615
    1387      18      10    1993      261.0000000      275.9941341
    1388      19      10    1993      265.0000000      246.6976161
    1389      20      10    1993      230.0000000      212.6098697
    1390      21      10    1993      199.0000000      185.9977916
    1391      22      10    1993      173.0000000      173.0272637
    1392      23      10    1993      182.0000000      186.9118864
    1393      24      10    1993      203.0000000      203.5463160
    1394      25      10    1993      213.0000000      182.0709744
    1395      26      10    1993      180.0000000      159.7345294
    1396      27      10    1993      154.0000000      143.2403037
    1397      28      10    1993      118.0000000      132.2719892
    1398      29      10    1993      112.0000000      124.3087127
    1399      30      10    1993       98.0000000      117.5432115
    1400      31      10    1993       97.0000000      111.5644695
    1401       1      11    1993       91.0000000      106.2188351
    1402       2      11    1993       85.0000000      101.4228990
    1403       3      11    1993       75.0000000       97.1057927
    1404       4      11    1993       76.0000000       93.2070648
    1405       5      11    1993       78.0000000       89.6749584
    1406       6      11    1993       72.0000000       86.5154446
    1407       7      11    1993       76.0000000       86.2422490
    1408       8      11    1993       69.0000000       84.1689832
    1409       9      11    1993       66.0000000       81.8321300
    1410      10      11    1993       71.0000000       80.7396737
    1411      11      11    1993       64.0000000       86.6375025
    1412      12      11    1993       67.0000000       98.2901563
    1413      13      11    1993       80.0000000       95.6668812
    1414      14      11    1993       78.0000000      116.7744963
    1415      15      11    1993       80.0000000      132.1724265
    1416      16      11    1993       86.0000000      124.5071238
    1417      17      11    1993      125.0000000      114.1212294
    1418      18      11    1993       96.0000000      108.1120011
    1419      19      11    1993       82.0000000      103.0052439
    1420      20      11    1993       77.0000000       98.4508482
    1421      21      11    1993       67.0000000       94.3488962
    1422      22      11    1993       71.0000000       90.6420346
    1423      23      11    1993       61.0000000       87.2812540
    1424      24      11    1993       42.0000000       84.2245071
    1425      25      11    1993       63.0000000       81.4461592
    1426      26      11    1993       57.0000000       80.4309557
    1427      27      11    1993       58.0000000       77.7404576
    1428      28      11    1993       49.0000000       75.4712326
    1429      29      11    1993       50.0000000       73.4188739
    1430      30      11    1993       55.0000000       71.5188921
    1431       1      12    1993       54.0000000       69.7551425
    1432       2      12    1993       54.0000000       74.3883387
    1433       3      12    1993       50.0000000       74.9622725
    1434       4      12    1993       51.0000000       75.1991789
    1435       5      12    1993       62.0000000       72.7337373
    1436       6      12    1993       62.0000000       70.0383411
    1437       7      12    1993       71.0000000       95.1247126
    1438       8      12    1993       79.0000000      147.6462459
    1439       9      12    1993      153.0000000      188.6431499
    1440      10      12    1993      291.0000000      221.5364489
    1441      11      12    1993      332.0000000      321.3910245
    1442      12      12    1993      465.0000000      379.3053930
    1443      13      12    1993      518.0000000      436.9575403
    1444      14      12    1993      539.0000000      482.1820749
    1445      15      12    1993      559.0000000      470.0614410
    1446      16      12    1993      500.0000000      536.3632220
    1447      17      12    1993      526.0000000      566.1139579
    1448      18      12    1993      583.0000000      597.1709088
    1449      19      12    1993      677.0000000      620.9782451
    1450      20      12    1993      781.0000000      904.7887172
    1451      21      12    1993     1180.0000000     1104.2188310
    1452      22      12    1993     1460.0000000     1088.1680553
    1453      23      12    1993     1600.0000000     1130.1261026
    1454      24      12    1993     1410.0000000     1159.9224374
    1455      25      12    1993     1230.0000000     1033.9727591
    1456      26      12    1993     1070.0000000      844.7309479
    1457      27      12    1993      746.0000000      692.7168472
    1458      28      12    1993      542.0000000      583.8175534
    1459      29      12    1993      492.0000000      539.8529768
    1460      30      12    1993      491.0000000      588.8801349
    1461      31      12    1993      617.0000000      720.0815080
