--------------------------------------------------------------------------------
                                                                   mHM-UFZ v-5.5
                                                    L. Samaniego & R. Kumar, UFZ
--------------------------------------------------------------------------------

         M A I N  mHM  C O N F I G U R A T I O N  I N F O R M A T I O N         

Number of basins                       1
Total No. of nodes                   109
Total No. of reaches                 108
No. of cells L0                    46545
No. of cells L1                      109
No. of cells L11                     109
Total No. of gauges                    1
Time Step [h]                          1
Basin   1   Hydrology Resolution [m]              12000.
Basin   1   Routing Resolution [m]                12000.
Flag READ  restart                     F
Flag WRITE restart                     T

-------------------------------------------------------------
                      Model Run Periods for Basin          1
-------------------------------------------------------------
                                       From                To
                            Day Month  Year   Day Month  Year
Warming Period (1)            1     1  1990    31    12  1989
Evaluation Period (2)         1     1  1990    31    12  1993
Simulation Period (1)+(2)     1     1  1990    31    12  1993


--------------------------------------------------
       Land Cover Observations for Basin         2
--------------------------------------------------
      Year    Land cover scene     Land Cover File

      1990                   1         lc_1990.asc
      1991                   1         lc_1990.asc
      1992                   1         lc_1990.asc
      1993                   1         lc_1990.asc

-------------------------------------------------------
  Initial Transfer Function Parameter Ranges (gammas)  
-------------------------------------------------------
         i            min            max        current                               name
         1          0.150          0.400          0.150           canopyInterceptionFactor
         2         -2.000          2.000          1.000           snowTreshholdTemperature
         3          0.000          4.000          1.500             degreeDayFactor_forest
         4          0.000          1.000          0.500         degreeDayFactor_impervious
         5          0.000          2.000          0.500           degreeDayFactor_pervious
         6          0.100          0.900          0.500    increaseDegreeDayFactorByPrecip
         7          0.000          8.000          3.000          maxDegreeDayFactor_forest
         8          0.000          8.000          3.500      maxDegreeDayFactor_impervious
         9          0.000          8.000          4.000        maxDegreeDayFactor_pervious
        10          0.000         20.000          3.400            orgMatterContent_forest
        11          0.000          1.000          0.100        orgMatterContent_impervious
        12          0.000          4.000          0.600          orgMatterContent_pervious
        13          0.646          0.951          0.760             PTF_lower66_5_constant
        14          0.000          0.003          0.001                 PTF_lower66_5_clay
        15         -0.373         -0.187         -0.264                   PTF_lower66_5_Db
        16          0.536          1.123          0.890            PTF_higher66_5_constant
        17         -0.005          0.005         -0.001                PTF_higher66_5_clay
        18         -0.551         -0.091         -0.324                  PTF_higher66_5_Db
        19         -1.200         -0.285         -0.585                    PTF_Ks_constant
        20          0.006          0.026          0.013                        PTF_Ks_sand
        21          0.003          0.013          0.006                        PTF_Ks_clay
        22         60.960         60.960         60.960                  PTF_Ks_curveSlope
        23          0.900          0.999          0.970     rootFractionCoefficient_forest
        24          0.900          0.950          0.930 rootFractionCoefficient_impervious
        25          0.001          0.090          0.020   rootFractionCoefficient_pervious
        26          1.000          4.000          1.750            infiltrationShapeFactor
        27          0.000          5.000          0.500          imperviousStorageCapacity
        28          0.700          1.300          0.900             minCorrectionFactorPET
        29          0.000          0.200          0.100             maxCorrectionFactorPET
        30        160.000        200.000        180.000                  aspectTresholdPET
        31         75.000        200.000         85.000     interflowStorageCapacityFactor
        32          0.000         10.000          7.000           interflowRecession_slope
        33          1.000          3.000          1.500      fastInterflowRecession_forest
        34          1.000         30.000         15.000          slowInterflowRecession_Ks
        35          0.050          0.300          0.125              exponentSlowInterflow
        36          0.000         50.000         35.000                rechargeCoefficient
        37         -5.000          5.000         -1.000             rechargeFactor_karstic
        38          1.000          1.000          1.000      gain_loss_GWreservoir_karstic
        39          0.310          0.350          0.325       muskingumTravelTime_constant
        40          0.070          0.080          0.075    muskingumTravelTime_riverLength
        41          1.950          2.100          2.000     muskingumTravelTime_riverSlope
        42          0.090          0.110          0.100     muskingumTravelTime_impervious
        43          0.010          0.500          0.300    muskingumAttenuation_riverSlope
        44          1.000       1000.000        100.000                      GeoParam(1,:)
        45          1.000       1000.000        100.000                      GeoParam(2,:)
        46          1.000       1000.000        100.000                      GeoParam(3,:)
        47          1.000       1000.000        100.000                      GeoParam(4,:)
        48          1.000       1000.000        100.000                      GeoParam(5,:)
        49          1.000       1000.000        100.000                      GeoParam(6,:)
        50          1.000       1000.000        100.000                      GeoParam(7,:)
        51          1.000       1000.000        100.000                      GeoParam(8,:)
        52          1.000       1000.000        100.000                      GeoParam(9,:)
        53          1.000       1000.000        100.000                     GeoParam(10,:)
        54        300.000       2000.000       1500.000                        Desilets_N0
        55        300.000       2000.000       1500.000                          COSMIC_N0
        56          0.010         10.000          1.000                          COSMIC_N1
        57          0.010         10.000          1.000                          COSMIC_N2
        58          0.010         10.000          1.000                      COSMIC_alpha0
        59          0.010         10.000          1.000                      COSMIC_alpha1
        60          0.010         10.000          1.000                         COSMIC_L30
        61          0.010         10.000          1.000                         COSMIC_L31

--------------------------------------------------
                 Basin Runoff Data                
--------------------------------------------------
 Gauge No.  Basin Id     Qmax[m3/s]     Qmin[m3/s]
         1         1       1600.000         11.000

--------------------------------------------------------------------------------
                          Basin-wise Configuration
--------------------------------------------------------------------------------

--------------------------------------------------------------------------------
                                 Directory list
--------------------------------------------------------------------------------
Directory to morphological input             ../../test_basin/input/morph/                                                                                                                                                                                                                                   
Directory to land cover input                ../../test_basin/input/luse/                                                                                                                                                                                                                                    
Directory to gauging station input           ../../test_basin/input/gauge/                                                                                                                                                                                                                                   
Directory to precipitation input             ../../test_basin/input/meteo/pre/                                                                                                                                                                                                                               
Directory to temperature input               ../../test_basin/input/meteo/tavg/                                                                                                                                                                                                                              
Directory to reference ET input              ../../test_basin/input/meteo/pet/                                                                                                                                                                                                                               
Directory to write output by default         output_b1/b1_                                                                                                                                                                                                                                                   
Directory to write output when restarted     output_b1/                                                                                                                                                                                                                                                      

------------------------------
River Network  (Routing level)
------------------------------
                                           Label 0 = intermediate draining cell 
                                           Label 1 = headwater cell             
                                           Label 2 = sink cell                  

---------------------------------------------------------------------------
   Overall      From        To   Routing     Label         Length      Mean
      Link   Routing   Routing  Sequence                              Slope
        Id      Node      Node                               [km]    [o/oo]
---------------------------------------------------------------------------
         1         1         2         1         1          5.328     7.695
         3         3        10         2         1         24.678     5.997
         4         4        11         3         1          7.536     0.100
         6         7         8         4         1          1.207     0.100
         8         9        10         5         1         19.642     3.920
        12        13         6         6         2          7.036    10.092
        19        20        19         7         1          4.121    18.441
        20        21        14         8         1         15.399     0.100
        23        24        25         9         1         18.228     1.591
        25        26        25        10         1          9.243     1.190
        26        27        28        11         1         33.592     4.674
        31        32        31        12         1         16.450     0.100
        37        38        37        13         1         17.435     2.409
        38        39        47        14         1         21.607     0.231
        39        40        48        15         1         19.399     0.412
        40        41        33        16         1          3.328     0.100
        41        42        43        17         1          8.864     0.100
        48        49        48        18         1         13.657     3.222
        55        56        55        19         1         13.036     0.460
        63        64        63        20         1         14.778     2.368
        64        65        57        21         1         14.485     7.180
        65        66        67        22         1         14.278     2.381
        70        71        70        23         1         17.278     2.141
        72        73        72        24         1         13.485     5.636
        73        74        75        25         1         37.799     0.635
        76        77        69        26         1         19.142     1.515
        80        81        89        27         1         20.314    10.732
        81        82        83        28         1         39.006     0.897
        84        85        84        29         1          7.243     4.418
        85        86        78        30         1         14.278     2.872
        89        90        91        31         1          4.121     3.882
        96        97        96        32         1         17.899    14.581
        97        98        91        33         1         10.864     7.456
        98        99       100        34         1         14.692     6.398
       101       102        95        35         1          6.036    23.030
       102       103        96        36         1         17.192    16.984
       103       104       100        37         1         15.899     1.384
       106       107       106        38         1         16.899    17.397
       108       109       108        39         1          7.864     4.578
         2         2         5        40         0         12.485     0.641
         7         8        15        41         0         18.399     0.100
         9        10        17        42         0          5.536    20.775
        13        14        15        43         0         16.692     0.100
        14        15        22        44         0          0.500     0.100
        18        19        12        45         0         24.435     0.100
        21        22        23        46         0         12.450     0.100
        22        23        16        47         0          1.414     0.100
        27        28        29        48         0         19.349     0.100
        32        33        34        49         0         14.021     0.100
        33        34        29        50         0          4.243     0.100
        47        48        47        51         0         14.071     0.100
        54        55        54        52         0          9.743     0.308
        56        57        50        53         0          7.243     0.100
        62        63        62        54         0         13.657     0.879
        71        72        80        55         0         16.814     4.520
        79        80        79        56         0         15.192     4.937
        88        89        88        57         0         16.192     4.632
        90        91        83        58         0         13.657     2.636
        94        95        94        59         0         16.399     4.817
        95        96        88        60         0          9.950     5.829
       105       106       105        61         0         11.450     6.376
       107       108       105        62         0         15.864     3.845
        15        16        17        63         0         15.107     2.118
        16        17        18        64         0         11.950     0.100
        28        29        30        65         0         16.864     3.499
        46        47        46        66         0         13.657     0.439
        49        50        51        67         0          9.985     0.100
        53        54        61        68         0         16.278     1.229
        61        62        61        69         0         15.485     0.517
        82        83        75        70         0         38.299     0.914
        87        88        87        71         0          6.243     3.204
        93        94        93        72         0          6.450     1.550
       104       105       101        73         0          6.828     0.732
        45        46        45        74         0         15.192     0.922
        86        87        79        75         0         15.899     0.377
       100       101       100        76         0         16.399     1.342
        44        45        37        77         0          9.364     0.214
        78        79        78        78         0          1.414     0.100
        99       100        93        79         0         10.243     3.417
        36        37        36        80         0         42.127     0.166
        77        78        70        81         0         15.521     2.062
        92        93        92        82         0          7.914     3.285
        35        36        35        83         0         10.036     0.100
        69        70        69        84         0          3.828     1.045
        91        92        84        85         0         14.571     1.853
        68        69        61        86         0         12.278     0.489
        83        84        76        87         0          9.485     2.214
        60        61        60        88         0         16.399     3.232
        75        76        75        89         0          6.536     0.765
        59        60        53        90         0          1.914    10.971
        74        75        68        91         0         13.778     0.145
        52        53        52        92         0         13.985     0.143
        67        68        67        93         0          0.707     0.100
        51        52        44        94         0         13.692     1.753
        66        67        59        95         0         15.021     0.100
        43        44        43        96         0          1.000     0.100
        58        59        58        97         0          5.243     0.100
        57        58        51        98         0         18.192     0.770
        50        51        43        99         0         21.021     2.949
        42        43        35       100         0          3.828     0.100
        34        35        30       101         0         11.328     0.100
        29        30        31       102         0          1.914     0.100
        30        31        25       103         0         17.021     0.100
        24        25        18       104         0         13.036     0.100
        17        18        11       105         0         11.364     0.100
        10        11        12       106         0          5.036     0.100
        11        12         5       107         0         11.485     0.100
         5         5         6       108         2          3.207     9.354

--------------------
   Overall     Basin
      Cell   Routing
        Id   Node Id
--------------------
         1         1
         2         2
         3         3
         4         4
         5         5
         6         6
         7         7
         8         8
         9         9
        10        10
        11        11
        12        12
        13        13
        14        14
        15        15
        16        16
        17        17
        18        18
        19        19
        20        20
        21        21
        22        22
        23        23
        24        24
        25        25
        26        26
        27        27
        28        28
        29        29
        30        30
        31        31
        32        32
        33        33
        34        34
        35        35
        36        36
        37        37
        38        38
        39        39
        40        40
        41        41
        42        42
        43        43
        44        44
        45        45
        46        46
        47        47
        48        48
        49        49
        50        50
        51        51
        52        52
        53        53
        54        54
        55        55
        56        56
        57        57
        58        58
        59        59
        60        60
        61        61
        62        62
        63        63
        64        64
        65        65
        66        66
        67        67
        68        68
        69        69
        70        70
        71        71
        72        72
        73        73
        74        74
        75        75
        76        76
        77        77
        78        78
        79        79
        80        80
        81        81
        82        82
        83        83
        84        84
        85        85
        86        86
        87        87
        88        88
        89        89
        90        90
        91        91
        92        92
        93        93
        94        94
        95        95
        96        96
        97        97
        98        98
        99        99
       100       100
       101       101
       102       102
       103       103
       104       104
       105       105
       106       106
       107       107
       108       108
       109       109

------------------------------
  Modeling   Routing Effective
      Cell   Cell Id      Area
        Id       [-]     [km2]
------------------------------
         1         1     8.250
         2         2    29.750
         3         3    26.750
         4         4    91.750
         5         5   134.250
         6         6    65.750
         7         7     8.000
         8         8    20.750
         9         9    35.000
        10        10   141.750
        11        11   144.000
        12        12   144.000
        13        13    29.500
        14        14    99.750
        15        15   138.750
        16        16   118.000
        17        17   144.000
        18        18   144.000
        19        19   138.000
        20        20     2.750
        21        21    41.750
        22        22   144.000
        23        23   144.000
        24        24   144.000
        25        25   144.000
        26        26    86.500
        27        27     0.750
        28        28    92.750
        29        29   144.000
        30        30   144.000
        31        31   144.000
        32        32    60.000
        33        33    95.750
        34        34   144.000
        35        35   144.000
        36        36   144.000
        37        37   112.000
        38        38    23.250
        39        39    61.750
        40        40     7.000
        41        41    86.250
        42        42   144.000
        43        43   144.000
        44        44   144.000
        45        45   144.000
        46        46   135.250
        47        47   144.000
        48        48   128.000
        49        49     9.000
        50        50   134.000
        51        51   144.000
        52        52   144.000
        53        53   144.000
        54        54   144.000
        55        55   144.000
        56        56    99.250
        57        57    96.250
        58        58   144.000
        59        59   144.000
        60        60   144.000
        61        61   144.000
        62        62   144.000
        63        63   140.000
        64        64    48.250
        65        65    10.500
        66        66   141.250
        67        67   144.000
        68        68   144.000
        69        69   144.000
        70        70   144.000
        71        71   144.000
        72        72   140.000
        73        73    29.250
        74        74   115.750
        75        75   144.000
        76        76   144.000
        77        77   144.000
        78        78   144.000
        79        79   144.000
        80        80   144.000
        81        81     5.250
        82        82   112.750
        83        83   144.000
        84        84   144.000
        85        85   144.000
        86        86   144.000
        87        87   144.000
        88        88   144.000
        89        89    59.250
        90        90    61.250
        91        91   138.250
        92        92   119.250
        93        93   144.000
        94        94   144.000
        95        95   144.000
        96        96   128.000
        97        97     5.750
        98        98     3.250
        99        99    10.250
       100       100   138.500
       101       101   144.000
       102       102   144.000
       103       103    83.750
       104       104    49.250
       105       105   144.000
       106       106   123.250
       107       107     5.250
       108       108    45.750
       109       109    76.000
------------------------------
     Total[km2]      11636.250


