      No     Day     Mon    Year  Qobs_0000000398  Qsim_0000000398
       1       1       1    1990      157.0000000      124.1007398
       2       2       1    1990      129.0000000      112.7839981
       3       3       1    1990      117.0000000      103.0383443
       4       4       1    1990      111.0000000       94.6013507
       5       5       1    1990      112.0000000       87.2614311
       6       6       1    1990       93.0000000       80.8466829
       7       7       1    1990       87.0000000       75.2164502
       8       8       1    1990       84.0000000       70.2561426
       9       9       1    1990       80.0000000       65.8724230
      10      10       1    1990       78.0000000       61.9757266
      11      11       1    1990       78.0000000       58.5046204
      12      12       1    1990       77.0000000       55.4026218
      13      13       1    1990       76.0000000       52.6733302
      14      14       1    1990       73.0000000       53.7106231
      15      15       1    1990       66.0000000       65.3985850
      16      16       1    1990       76.0000000       63.3713921
      17      17       1    1990       73.0000000       62.3061182
      18      18       1    1990       71.0000000       63.9124129
      19      19       1    1990       90.0000000       59.8977861
      20      20       1    1990       82.0000000       68.4329190
      21      21       1    1990       80.0000000       67.8270657
      22      22       1    1990       81.0000000       62.3231722
      23      23       1    1990       97.0000000      165.5596749
      24      24       1    1990      198.0000000      218.7188768
      25      25       1    1990      392.0000000      288.4739287
      26      26       1    1990      519.0000000      304.1676143
      27      27       1    1990      565.0000000      242.6530476
      28      28       1    1990      331.0000000      212.6314336
      29      29       1    1990      293.0000000      194.3338209
      30      30       1    1990      302.0000000      166.6699500
      31      31       1    1990      233.0000000      148.7171301
      32       1       2    1990      198.0000000      156.8602877
      33       2       2    1990      183.0000000      172.1402235
      34       3       2    1990      206.0000000      167.1852144
      35       4       2    1990      215.0000000      145.6068593
      36       5       2    1990      183.0000000      130.8734607
      37       6       2    1990      159.0000000      118.7879517
      38       7       2    1990      167.0000000      108.4241418
      39       8       2    1990      138.0000000      100.6953921
      40       9       2    1990      126.0000000       94.9577148
      41      10       2    1990      131.0000000      171.5961358
      42      11       2    1990      173.0000000      224.2488753
      43      12       2    1990      240.0000000      257.2879500
      44      13       2    1990      270.0000000      406.5671132
      45      14       2    1990      458.0000000      873.8814011
      46      15       2    1990      996.0000000     1283.5117777
      47      16       2    1990     1370.0000000     1081.7626445
      48      17       2    1990     1540.0000000      818.7349413
      49      18       2    1990     1210.0000000      621.3471827
      50      19       2    1990      616.0000000      468.0816814
      51      20       2    1990      465.0000000      361.1925198
      52      21       2    1990      373.0000000      289.2436542
      53      22       2    1990      298.0000000      238.9021669
      54      23       2    1990      270.0000000      202.0925676
      55      24       2    1990      234.0000000      174.1998559
      56      25       2    1990      218.0000000      160.1703048
      57      26       2    1990      203.0000000      270.7458928
      58      27       2    1990      314.0000000      489.1525560
      59      28       2    1990      520.0000000      747.8679418
      60       1       3    1990      689.0000000      830.9137959
      61       2       3    1990      777.0000000      665.7359104
      62       3       3    1990      584.0000000      504.6098309
      63       4       3    1990      429.0000000      381.3214096
      64       5       3    1990      365.0000000      300.8497423
      65       6       3    1990      281.0000000      249.4683125
      66       7       3    1990      257.0000000      212.0389458
      67       8       3    1990      231.0000000      184.9000250
      68       9       3    1990      211.0000000      166.5658213
      69      10       3    1990      191.0000000      151.5301753
      70      11       3    1990      182.0000000      138.6534116
      71      12       3    1990      173.0000000      127.5527381
      72      13       3    1990      159.0000000      118.1980068
      73      14       3    1990      153.0000000      110.6850929
      74      15       3    1990      141.0000000      103.6432133
      75      16       3    1990      136.0000000       97.0536245
      76      17       3    1990      130.0000000       91.2215045
      77      18       3    1990      123.0000000       86.0567124
      78      19       3    1990      115.0000000       81.4655133
      79      20       3    1990      113.0000000       77.8501115
      80      21       3    1990      102.0000000       74.6602692
      81      22       3    1990      105.0000000       71.9247385
      82      23       3    1990      106.0000000       69.2489629
      83      24       3    1990       87.0000000       66.6968668
      84      25       3    1990       80.0000000       66.4307029
      85      26       3    1990       84.0000000       64.0178353
      86      27       3    1990       82.0000000       63.7868032
      87      28       3    1990       91.0000000       79.6463179
      88      29       3    1990       97.0000000       82.4699570
      89      30       3    1990      110.0000000       75.5932603
      90      31       3    1990       97.0000000       70.8800027
      91       1       4    1990       93.0000000       67.6601159
      92       2       4    1990       85.0000000       64.8152803
      93       3       4    1990       84.0000000       70.8151811
      94       4       4    1990       81.0000000       75.3009179
      95       5       4    1990       81.0000000       67.7271667
      96       6       4    1990       76.0000000       65.3162636
      97       7       4    1990       72.0000000       62.7380824
      98       8       4    1990       68.0000000       60.3124059
      99       9       4    1990       72.0000000       58.1262126
     100      10       4    1990       65.0000000       56.1708988
     101      11       4    1990       62.0000000       54.8847440
     102      12       4    1990       62.0000000       55.3076575
     103      13       4    1990       65.0000000       60.6305847
     104      14       4    1990       68.0000000       96.0082609
     105      15       4    1990       75.0000000      102.1768944
     106      16       4    1990       90.0000000      106.8015226
     107      17       4    1990       92.0000000      104.7039788
     108      18       4    1990       94.0000000      100.5463409
     109      19       4    1990      110.0000000       94.4723020
     110      20       4    1990       99.0000000       88.1453117
     111      21       4    1990       86.0000000       83.2903212
     112      22       4    1990       86.0000000       87.5466142
     113      23       4    1990       86.0000000       95.6166690
     114      24       4    1990       88.0000000       93.2291217
     115      25       4    1990       93.0000000       85.3880172
     116      26       4    1990       99.0000000       80.3814825
     117      27       4    1990       86.0000000       77.3630751
     118      28       4    1990       74.0000000       74.8470903
     119      29       4    1990       72.0000000       70.4516987
     120      30       4    1990       77.0000000       67.1183666
     121       1       5    1990       56.0000000       64.1248180
     122       2       5    1990       64.0000000       61.4276706
     123       3       5    1990       58.0000000       58.9900375
     124       4       5    1990       50.0000000       56.7804096
     125       5       5    1990       50.0000000       54.7717541
     126       6       5    1990       50.0000000       52.9407842
     127       7       5    1990       50.0000000       51.2751702
     128       8       5    1990       53.0000000       50.3168439
     129       9       5    1990       62.0000000       49.1898063
     130      10       5    1990       64.0000000       52.9164496
     131      11       5    1990       65.0000000       53.3615599
     132      12       5    1990       75.0000000       48.3882776
     133      13       5    1990       71.0000000       47.0599750
     134      14       5    1990       63.0000000       46.2802709
     135      15       5    1990       61.0000000       45.0766801
     136      16       5    1990       49.0000000       44.0957497
     137      17       5    1990       46.0000000       43.0839442
     138      18       5    1990       46.0000000       42.1145034
     139      19       5    1990       48.0000000       41.2149518
     140      20       5    1990       41.0000000       40.4292132
     141      21       5    1990       45.0000000       45.6704172
     142      22       5    1990       52.0000000       45.8882558
     143      23       5    1990       50.0000000       44.2929493
     144      24       5    1990       56.0000000       45.8198170
     145      25       5    1990       41.0000000       43.5814299
     146      26       5    1990       40.0000000       41.1923922
     147      27       5    1990       39.0000000       40.2217306
     148      28       5    1990       39.0000000       39.3278914
     149      29       5    1990       33.0000000       38.5022517
     150      30       5    1990       37.0000000       37.7373316
     151      31       5    1990       30.0000000       37.0266187
     152       1       6    1990       37.0000000       42.8316939
     153       2       6    1990       36.0000000       43.3017476
     154       3       6    1990       40.0000000       70.0158278
     155       4       6    1990       45.0000000       57.2302713
     156       5       6    1990       39.0000000       44.8122674
     157       6       6    1990       48.0000000       43.3716590
     158       7       6    1990       39.0000000       83.2813762
     159       8       6    1990       49.0000000       92.1052681
     160       9       6    1990       84.0000000       79.5048199
     161      10       6    1990       91.0000000       70.2458477
     162      11       6    1990       80.0000000       63.1951907
     163      12       6    1990       66.0000000       59.6905682
     164      13       6    1990       53.0000000       56.6736394
     165      14       6    1990       64.0000000       53.8761257
     166      15       6    1990       55.0000000       51.3907758
     167      16       6    1990       54.0000000       49.1909983
     168      17       6    1990       42.0000000       47.2187985
     169      18       6    1990       48.0000000       45.5496123
     170      19       6    1990       48.0000000       63.7530427
     171      20       6    1990       60.0000000       83.7466635
     172      21       6    1990       75.0000000       80.0005712
     173      22       6    1990       78.0000000       71.1614866
     174      23       6    1990       66.0000000       63.8478870
     175      24       6    1990       63.0000000       58.9990779
     176      25       6    1990       52.0000000       56.0260870
     177      26       6    1990       49.0000000       53.3688649
     178      27       6    1990       44.0000000       58.9058383
     179      28       6    1990       51.0000000       57.6817900
     180      29       6    1990       61.0000000       74.6949977
     181      30       6    1990       81.0000000      115.8029401
     182       1       7    1990       79.0000000       94.1584426
     183       2       7    1990       92.0000000       78.3509891
     184       3       7    1990       72.0000000       82.9693038
     185       4       7    1990       58.0000000      101.5554599
     186       5       7    1990       69.0000000      135.3727237
     187       6       7    1990       94.0000000      121.1481602
     188       7       7    1990      199.0000000      127.8137321
     189       8       7    1990      133.0000000      127.4978267
     190       9       7    1990      124.0000000      107.4713615
     191      10       7    1990      123.0000000       98.2274216
     192      11       7    1990       99.0000000       90.6282095
     193      12       7    1990       88.0000000       84.0273548
     194      13       7    1990       84.0000000       78.2600042
     195      14       7    1990       72.0000000       73.1969848
     196      15       7    1990       55.0000000       68.7325942
     197      16       7    1990       65.0000000       64.7797277
     198      17       7    1990       50.0000000       61.2661372
     199      18       7    1990       50.0000000       58.1315321
     200      19       7    1990       46.0000000       55.3253138
     201      20       7    1990       44.0000000       52.8047915
     202      21       7    1990       42.0000000       50.5337662
     203      22       7    1990       37.0000000       48.4813995
     204      23       7    1990       38.0000000       46.6213038
     205      24       7    1990       44.0000000       44.9308063
     206      25       7    1990       30.0000000       43.3903496
     207      26       7    1990       26.0000000       41.9830014
     208      27       7    1990       31.0000000       40.6940509
     209      28       7    1990       33.0000000       45.4213649
     210      29       7    1990       42.0000000       41.3080045
     211      30       7    1990       36.0000000       38.4981840
     212      31       7    1990       34.0000000       37.4645164
     213       1       8    1990       25.0000000       36.5112004
     214       2       8    1990       22.0000000       35.6299261
     215       3       8    1990       28.0000000       34.8133789
     216       4       8    1990       25.0000000       34.0551034
     217       5       8    1990       19.0000000       33.3493883
     218       6       8    1990       22.0000000       32.6911693
     219       7       8    1990       19.0000000       32.0759451
     220       8       8    1990       22.0000000       31.4997070
     221       9       8    1990       19.0000000       30.9588772
     222      10       8    1990       20.0000000       30.4502568
     223      11       8    1990       19.0000000       29.9709803
     224      12       8    1990       19.0000000       29.5184764
     225      13       8    1990       22.0000000       31.5896629
     226      14       8    1990       36.0000000       47.4930767
     227      15       8    1990       31.0000000       42.1625934
     228      16       8    1990       30.0000000       38.7421476
     229      17       8    1990       28.0000000       36.5487388
     230      18       8    1990       34.0000000       31.5034468
     231      19       8    1990       21.0000000       30.8310672
     232      20       8    1990       30.0000000       30.2081701
     233      21       8    1990       22.0000000       29.6295421
     234      22       8    1990       21.0000000       29.0906114
     235      23       8    1990       23.0000000       28.5873569
     236      24       8    1990       20.0000000       28.1162327
     237      25       8    1990       29.0000000       27.6741041
     238      26       8    1990       20.0000000       27.3031301
     239      27       8    1990       22.0000000       27.6813145
     240      28       8    1990       23.0000000       26.6079853
     241      29       8    1990       35.0000000       26.2471649
     242      30       8    1990       51.0000000      108.7427367
     243      31       8    1990       80.0000000      105.4518327
     244       1       9    1990       56.0000000       56.6685271
     245       2       9    1990       33.0000000       48.4379339
     246       3       9    1990       27.0000000       45.7655232
     247       4       9    1990       27.0000000       50.6297901
     248       5       9    1990       28.0000000       50.2820458
     249       6       9    1990       26.0000000       42.3540240
     250       7       9    1990       24.0000000       52.5830336
     251       8       9    1990       33.0000000       47.7374682
     252       9       9    1990       26.0000000       41.0928343
     253      10       9    1990       27.0000000       39.2113188
     254      11       9    1990       22.0000000       37.5326935
     255      12       9    1990       22.0000000       36.0295282
     256      13       9    1990       21.0000000       34.6786935
     257      14       9    1990       22.0000000       33.4605917
     258      15       9    1990       22.0000000       32.3585438
     259      16       9    1990       22.0000000       31.3582957
     260      17       9    1990       20.0000000       30.4476178
     261      18       9    1990       22.0000000       29.6159791
     262      19       9    1990       16.0000000       28.8542791
     263      20       9    1990       22.0000000       28.1546281
     264      21       9    1990       19.0000000       38.5294894
     265      22       9    1990       32.0000000      115.0580179
     266      23       9    1990       27.0000000      101.0250807
     267      24       9    1990       45.0000000       86.2568927
     268      25       9    1990       42.0000000       69.3336062
     269      26       9    1990       39.0000000       61.6271695
     270      27       9    1990       30.0000000       57.2572570
     271      28       9    1990       28.0000000       53.4794039
     272      29       9    1990       30.0000000       50.4045337
     273      30       9    1990       30.0000000      111.7229357
     274       1      10    1990       56.0000000      176.6292557
     275       2      10    1990       72.0000000      154.4140918
     276       3      10    1990       73.0000000      158.6655987
     277       4      10    1990       68.0000000      154.6339282
     278       5      10    1990       53.0000000      132.4016245
     279       6      10    1990       42.0000000      117.6230269
     280       7      10    1990       33.0000000      106.3844716
     281       8      10    1990       42.0000000       96.8427446
     282       9      10    1990       34.0000000       88.5663531
     283      10      10    1990       36.0000000       81.4284169
     284      11      10    1990       36.0000000       75.2243659
     285      12      10    1990       28.0000000       69.8054095
     286      13      10    1990       32.0000000       65.0504594
     287      14      10    1990       27.0000000       60.8602553
     288      15      10    1990       35.0000000       57.5610588
     289      16      10    1990       42.0000000       56.4093839
     290      17      10    1990       35.0000000       62.8420074
     291      18      10    1990       39.0000000       64.3180202
     292      19      10    1990       34.0000000       55.9341366
     293      20      10    1990       32.0000000       52.7411856
     294      21      10    1990       34.0000000       49.8978387
     295      22      10    1990       27.0000000       47.3565669
     296      23      10    1990       31.0000000       45.0776920
     297      24      10    1990       28.0000000       43.0276405
     298      25      10    1990       25.0000000       43.1283127
     299      26      10    1990       29.0000000       68.4948135
     300      27      10    1990       31.0000000       84.4092896
     301      28      10    1990       65.0000000      257.1328980
     302      29      10    1990       69.0000000      365.5674189
     303      30      10    1990      157.0000000      343.5538131
     304      31      10    1990      190.0000000      278.6846365
     305       1      11    1990      115.0000000      254.1860343
     306       2      11    1990      104.0000000      248.6782819
     307       3      11    1990      100.0000000      251.1993915
     308       4      11    1990      131.0000000      236.3674702
     309       5      11    1990      130.0000000      221.2338237
     310       6      11    1990      115.0000000      186.9976092
     311       7      11    1990      102.0000000      157.7022036
     312       8      11    1990       95.0000000      137.7674405
     313       9      11    1990       81.0000000      125.0602114
     314      10      11    1990       66.0000000      139.1263656
     315      11      11    1990       67.0000000      177.6885449
     316      12      11    1990       74.0000000      200.1474930
     317      13      11    1990      109.0000000      187.2686816
     318      14      11    1990       92.0000000      227.1818058
     319      15      11    1990       92.0000000      257.6519008
     320      16      11    1990      155.0000000      240.2358180
     321      17      11    1990      159.0000000      218.8328072
     322      18      11    1990      131.0000000      235.6812004
     323      19      11    1990      161.0000000      252.5571292
     324      20      11    1990      196.0000000      398.4540457
     325      21      11    1990      336.0000000      532.0690555
     326      22      11    1990      566.0000000      453.8910311
     327      23      11    1990      373.0000000      432.4891312
     328      24      11    1990      293.0000000      378.6230568
     329      25      11    1990      264.0000000      354.5316831
     330      26      11    1990      226.0000000      312.3139461
     331      27      11    1990      201.0000000      253.9862959
     332      28      11    1990      180.0000000      213.9294926
     333      29      11    1990      161.0000000      204.3779735
     334      30      11    1990      149.0000000      192.8351919
     335       1      12    1990      134.0000000      171.6910787
     336       2      12    1990      113.0000000      155.1205182
     337       3      12    1990       99.0000000      140.9630682
     338       4      12    1990      107.0000000      129.1613605
     339       5      12    1990       99.0000000      118.4891533
     340       6      12    1990       89.0000000      109.0397877
     341       7      12    1990       77.0000000      100.8692454
     342       8      12    1990       71.0000000       93.7431272
     343       9      12    1990       68.0000000       87.4986687
     344      10      12    1990       73.0000000       82.0026947
     345      11      12    1990       84.0000000       77.1454948
     346      12      12    1990       88.0000000       84.4693222
     347      13      12    1990       92.0000000       87.4458043
     348      14      12    1990      128.0000000       81.1456003
     349      15      12    1990      136.0000000       75.6350941
     350      16      12    1990      114.0000000       71.1977054
     351      17      12    1990      101.0000000       67.2848171
     352      18      12    1990       93.0000000       63.8180581
     353      19      12    1990       85.0000000       60.7340617
     354      20      12    1990       81.0000000       57.9800113
     355      21      12    1990      106.0000000       80.1254583
     356      22      12    1990      159.0000000      108.2279907
     357      23      12    1990      250.0000000      132.1918881
     358      24      12    1990      298.0000000      133.0995325
     359      25      12    1990      261.0000000      200.9029673
     360      26      12    1990      228.0000000      396.4732762
     361      27      12    1990      409.0000000      536.5334188
     362      28      12    1990      486.0000000      551.3875865
     363      29      12    1990      440.0000000      710.1776349
     364      30      12    1990      486.0000000      918.7224699
     365      31      12    1990      774.0000000      979.2970861
     366       1       1    1991      889.0000000     1005.9807182
     367       2       1    1991      863.0000000     1034.1945736
     368       3       1    1991      875.0000000     1111.8250635
     369       4       1    1991      932.0000000      966.9976766
     370       5       1    1991      826.0000000      890.7508827
     371       6       1    1991      731.0000000      823.2677130
     372       7       1    1991      613.0000000      788.3033419
     373       8       1    1991      610.0000000      799.0119701
     374       9       1    1991      686.0000000      716.7662293
     375      10       1    1991      556.0000000      793.8846563
     376      11       1    1991      669.0000000      831.1665798
     377      12       1    1991      828.0000000      735.6536338
     378      13       1    1991      735.0000000      552.7316312
     379      14       1    1991      513.0000000      417.9687560
     380      15       1    1991      411.0000000      329.3949513
     381      16       1    1991      345.0000000      273.3799807
     382      17       1    1991      293.0000000      232.3362899
     383      18       1    1991      251.0000000      200.1787983
     384      19       1    1991      222.0000000      177.4316192
     385      20       1    1991      215.0000000      161.4384516
     386      21       1    1991      213.0000000      148.5727656
     387      22       1    1991      202.0000000      141.1388077
     388      23       1    1991      200.0000000      132.2849843
     389      24       1    1991      192.0000000      123.1334568
     390      25       1    1991      176.0000000      114.9237662
     391      26       1    1991      164.0000000      107.7257439
     392      27       1    1991      157.0000000      101.3863729
     393      28       1    1991      134.0000000       95.7795618
     394      29       1    1991      130.0000000       90.8008073
     395      30       1    1991      119.0000000       86.3629856
     396      31       1    1991      107.0000000       82.3930593
     397       1       2    1991      112.0000000       78.8294816
     398       2       2    1991      109.0000000       75.6201352
     399       3       2    1991      101.0000000       72.7206845
     400       4       2    1991       98.0000000       70.0932505
     401       5       2    1991       84.0000000       67.7053379
     402       6       2    1991       93.0000000       65.5289627
     403       7       2    1991       80.0000000       63.5399373
     404       8       2    1991       73.0000000       61.7172836
     405       9       2    1991       89.0000000       60.0427476
     406      10       2    1991       84.0000000       58.5003959
     407      11       2    1991       78.0000000       57.0762801
     408      12       2    1991       79.0000000       55.7581552
     409      13       2    1991       77.0000000       54.5352429
     410      14       2    1991       80.0000000       53.3980322
     411      15       2    1991       72.0000000       52.3381100
     412      16       2    1991       78.0000000       51.7567703
     413      17       2    1991       74.0000000       51.6042111
     414      18       2    1991       77.0000000       50.6255650
     415      19       2    1991       73.0000000       60.4024149
     416      20       2    1991       69.0000000       74.4150816
     417      21       2    1991       74.0000000      107.4584369
     418      22       2    1991       81.0000000      159.5604057
     419      23       2    1991      110.0000000      199.9336534
     420      24       2    1991      180.0000000      215.2439715
     421      25       2    1991      213.0000000      204.4584166
     422      26       2    1991      222.0000000      186.9381975
     423      27       2    1991      208.0000000      184.6840885
     424      28       2    1991      211.0000000      183.2288470
     425       1       3    1991      214.0000000      182.9489227
     426       2       3    1991      208.0000000      195.0172931
     427       3       3    1991      221.0000000      187.9800017
     428       4       3    1991      281.0000000      165.5809465
     429       5       3    1991      219.0000000      150.7280302
     430       6       3    1991      190.0000000      138.5415205
     431       7       3    1991      173.0000000      128.0086525
     432       8       3    1991      164.0000000      119.2815674
     433       9       3    1991      142.0000000      112.7307623
     434      10       3    1991      133.0000000      108.0294932
     435      11       3    1991      133.0000000      103.1515261
     436      12       3    1991      118.0000000       97.1373392
     437      13       3    1991      127.0000000       91.6063565
     438      14       3    1991      113.0000000       86.7072371
     439      15       3    1991      107.0000000       82.3499052
     440      16       3    1991      100.0000000       78.4594317
     441      17       3    1991      100.0000000       74.9806096
     442      18       3    1991       95.0000000       71.9237885
     443      19       3    1991       98.0000000      139.1846344
     444      20       3    1991      119.0000000      166.0515898
     445      21       3    1991      159.0000000      177.9229783
     446      22       3    1991      196.0000000      197.4770513
     447      23       3    1991      242.0000000      177.2017097
     448      24       3    1991      216.0000000      158.7106211
     449      25       3    1991      180.0000000      144.4800981
     450      26       3    1991      145.0000000      132.5132958
     451      27       3    1991      127.0000000      122.6755443
     452      28       3    1991      117.0000000      113.6836991
     453      29       3    1991      109.0000000      105.7946078
     454      30       3    1991      106.0000000       98.9218053
     455      31       3    1991       99.0000000       92.9041332
     456       1       4    1991       96.0000000       87.6102771
     457       2       4    1991       88.0000000       82.9324724
     458       3       4    1991       87.0000000       78.7816916
     459       4       4    1991       82.0000000       75.5738669
     460       5       4    1991       84.0000000       72.8265952
     461       6       4    1991       67.0000000       69.7598647
     462       7       4    1991       89.0000000       67.1988910
     463       8       4    1991       75.0000000       64.8920241
     464       9       4    1991       79.0000000       62.5992476
     465      10       4    1991       70.0000000       60.4931623
     466      11       4    1991       69.0000000       58.5777369
     467      12       4    1991       69.0000000       56.8304987
     468      13       4    1991       56.0000000       55.2320588
     469      14       4    1991       63.0000000       53.7699970
     470      15       4    1991       58.0000000       52.4294252
     471      16       4    1991       56.0000000       51.1842762
     472      17       4    1991       54.0000000       50.0327822
     473      18       4    1991       57.0000000       49.0155352
     474      19       4    1991       53.0000000       48.7536122
     475      20       4    1991       53.0000000       48.3428871
     476      21       4    1991       65.0000000       47.9016578
     477      22       4    1991       69.0000000       50.1354332
     478      23       4    1991       61.0000000       53.1468022
     479      24       4    1991       56.0000000       50.5742961
     480      25       4    1991       56.0000000       48.8835250
     481      26       4    1991       53.0000000       47.7939209
     482      27       4    1991       49.0000000       46.7901486
     483      28       4    1991       53.0000000       45.8566308
     484      29       4    1991       48.0000000       53.5604698
     485      30       4    1991       57.0000000       97.5246803
     486       1       5    1991       69.0000000       95.4515472
     487       2       5    1991       89.0000000       76.6656287
     488       3       5    1991      105.0000000       72.5940799
     489       4       5    1991       79.0000000       69.0123365
     490       5       5    1991       69.0000000       66.3708527
     491       6       5    1991       71.0000000       64.7447726
     492       7       5    1991       60.0000000       61.5229550
     493       8       5    1991       64.0000000       59.1239400
     494       9       5    1991       59.0000000       56.9959124
     495      10       5    1991       57.0000000       58.0347853
     496      11       5    1991       55.0000000       60.9813574
     497      12       5    1991       53.0000000       57.4606992
     498      13       5    1991       52.0000000       56.3360331
     499      14       5    1991       50.0000000       55.0691886
     500      15       5    1991       52.0000000       62.8551772
     501      16       5    1991       54.0000000       64.3994459
     502      17       5    1991       54.0000000       59.5940574
     503      18       5    1991       55.0000000       57.2786860
     504      19       5    1991       48.0000000       55.4327835
     505      20       5    1991       48.0000000       53.7285085
     506      21       5    1991       49.0000000       52.1507688
     507      22       5    1991       41.0000000       50.6878127
     508      23       5    1991       40.0000000       49.3291326
     509      24       5    1991       40.0000000       48.0653146
     510      25       5    1991       39.0000000       46.8879081
     511      26       5    1991       43.0000000       45.7893140
     512      27       5    1991       39.0000000       44.7626872
     513      28       5    1991       36.0000000       43.8018522
     514      29       5    1991       33.0000000       42.9012292
     515      30       5    1991       39.0000000       42.0557696
     516      31       5    1991       34.0000000       41.2608995
     517       1       6    1991       37.0000000       40.5124696
     518       2       6    1991       35.0000000       39.8067117
     519       3       6    1991       29.0000000       39.1401995
     520       4       6    1991       33.0000000       38.5098144
     521       5       6    1991       34.0000000       38.3006581
     522       6       6    1991       32.0000000       64.0755883
     523       7       6    1991       38.0000000       70.8289408
     524       8       6    1991       39.0000000       60.0310408
     525       9       6    1991       41.0000000       54.8134295
     526      10       6    1991       44.0000000       67.4738578
     527      11       6    1991       48.0000000       56.8225207
     528      12       6    1991       42.0000000       53.1725098
     529      13       6    1991       37.0000000       51.2093070
     530      14       6    1991       39.0000000       49.5375301
     531      15       6    1991       35.0000000       48.7150584
     532      16       6    1991       31.0000000       53.0378541
     533      17       6    1991       33.0000000       57.7104115
     534      18       6    1991       31.0000000       56.9505704
     535      19       6    1991       28.0000000       55.1704816
     536      20       6    1991       60.0000000      104.7349143
     537      21       6    1991       48.0000000       93.9854906
     538      22       6    1991       54.0000000       74.3829777
     539      23       6    1991       63.0000000       81.5014098
     540      24       6    1991       41.0000000       74.6624037
     541      25       6    1991       42.0000000       68.2213043
     542      26       6    1991       43.0000000       64.6252828
     543      27       6    1991       38.0000000       67.4820952
     544      28       6    1991       38.0000000       67.6765666
     545      29       6    1991       35.0000000       62.7717449
     546      30       6    1991       41.0000000       59.2361706
     547       1       7    1991       41.0000000       56.6024910
     548       2       7    1991       38.0000000       54.2430651
     549       3       7    1991       34.0000000       52.1040413
     550       4       7    1991       27.0000000       50.1594754
     551       5       7    1991       31.0000000       48.3870150
     552       6       7    1991       30.0000000       46.7673238
     553       7       7    1991       26.0000000       49.7580372
     554       8       7    1991       30.0000000       46.2339759
     555       9       7    1991       31.0000000       44.1563104
     556      10       7    1991       23.0000000       42.8560991
     557      11       7    1991       35.0000000       41.6598568
     558      12       7    1991       19.0000000       41.8102743
     559      13       7    1991       24.0000000       67.6209902
     560      14       7    1991       26.0000000       61.7374855
     561      15       7    1991       27.0000000       47.1139626
     562      16       7    1991       41.0000000       44.5348617
     563      17       7    1991       34.0000000       43.1055357
     564      18       7    1991       27.0000000       41.7981630
     565      19       7    1991       25.0000000       40.5991922
     566      20       7    1991       23.0000000       39.4968324
     567      21       7    1991       22.0000000       38.4807896
     568      22       7    1991       27.0000000       37.5420480
     569      23       7    1991       23.0000000       36.6726881
     570      24       7    1991       21.0000000       36.7283384
     571      25       7    1991       23.0000000       50.5731526
     572      26       7    1991       33.0000000       49.9231934
     573      27       7    1991       23.0000000       39.2187503
     574      28       7    1991       29.0000000       37.4947269
     575      29       7    1991       30.0000000       36.5554520
     576      30       7    1991       35.0000000       45.3119781
     577      31       7    1991       27.0000000       43.2467441
     578       1       8    1991       45.0000000       37.3322781
     579       2       8    1991       47.0000000       36.3763189
     580       3       8    1991       40.0000000       35.4945588
     581       4       8    1991       35.0000000       34.6785459
     582       5       8    1991       26.0000000       33.9215298
     583       6       8    1991       23.0000000       33.2175754
     584       7       8    1991       30.0000000       37.0431358
     585       8       8    1991       33.0000000       35.6454488
     586       9       8    1991       30.0000000       32.5760544
     587      10       8    1991       28.0000000       31.5857354
     588      11       8    1991       19.0000000       31.0121685
     589      12       8    1991       20.0000000       30.4751958
     590      13       8    1991       16.0000000       29.9713231
     591      14       8    1991       18.0000000       29.4974489
     592      15       8    1991       18.0000000       29.0508136
     593      16       8    1991       20.0000000       28.6289561
     594      17       8    1991       16.0000000       28.2296766
     595      18       8    1991       15.0000000       27.8510053
     596      19       8    1991       15.0000000       27.4911743
     597      20       8    1991       14.0000000       27.1485943
     598      21       8    1991       15.0000000       26.8218341
     599      22       8    1991       13.0000000       26.5096027
     600      23       8    1991       12.0000000       26.2259116
     601      24       8    1991       11.0000000       25.9342735
     602      25       8    1991       12.0000000       25.6581482
     603      26       8    1991       11.0000000       25.3928571
     604      27       8    1991       13.0000000       25.1372992
     605      28       8    1991       11.0000000       24.8907538
     606      29       8    1991       12.0000000       24.6525647
     607      30       8    1991       12.0000000       24.4221332
     608      31       8    1991       11.0000000       24.1989129
     609       1       9    1991       11.0000000       25.4788671
     610       2       9    1991       17.0000000       25.6402373
     611       3       9    1991       11.0000000       23.8029331
     612       4       9    1991       12.0000000       23.5880465
     613       5       9    1991       11.0000000       23.3796080
     614       6       9    1991       11.0000000       23.1771651
     615       7       9    1991       18.0000000       22.9803059
     616       8       9    1991       11.0000000       22.7886544
     617       9       9    1991       13.0000000       22.6018667
     618      10       9    1991       12.0000000       22.8813305
     619      11       9    1991       11.0000000       49.8656776
     620      12       9    1991       20.0000000       42.5132491
     621      13       9    1991       21.0000000       25.3807675
     622      14       9    1991       29.0000000       24.9449643
     623      15       9    1991       28.0000000       24.5383343
     624      16       9    1991       20.0000000       24.1578219
     625      17       9    1991       20.0000000       23.8007535
     626      18       9    1991       20.0000000       23.4647792
     627      19       9    1991       12.0000000       23.1478275
     628      20       9    1991       11.0000000       22.8480683
     629      21       9    1991       11.0000000       22.5638802
     630      22       9    1991       22.0000000       43.0636842
     631      23       9    1991       14.0000000       40.9889565
     632      24       9    1991       48.0000000       25.4914431
     633      25       9    1991       45.0000000       74.0104936
     634      26       9    1991       80.0000000       79.3096460
     635      27       9    1991       61.0000000       64.7763189
     636      28       9    1991       61.0000000       95.4092475
     637      29       9    1991       65.0000000       94.8161490
     638      30       9    1991       63.0000000       81.4922980
     639       1      10    1991       90.0000000       67.5050068
     640       2      10    1991       59.0000000       63.6298099
     641       3      10    1991       45.0000000       57.3491026
     642       4      10    1991       42.0000000       53.1240592
     643       5      10    1991       41.0000000      112.4328897
     644       6      10    1991       41.0000000      116.6298776
     645       7      10    1991       73.0000000       85.8176189
     646       8      10    1991       96.0000000       76.2454282
     647       9      10    1991       61.0000000       69.7310383
     648      10      10    1991       44.0000000       64.1417352
     649      11      10    1991       42.0000000       59.4556716
     650      12      10    1991       41.0000000       80.6165352
     651      13      10    1991       42.0000000       81.2173584
     652      14      10    1991       61.0000000       64.6203293
     653      15      10    1991       55.0000000       59.9953726
     654      16      10    1991       41.0000000       62.7789882
     655      17      10    1991       48.0000000       83.6388328
     656      18      10    1991       52.0000000      111.0994926
     657      19      10    1991       66.0000000       96.3341656
     658      20      10    1991       59.0000000       84.0140654
     659      21      10    1991       71.0000000       76.6577218
     660      22      10    1991       74.0000000       70.3439347
     661      23      10    1991       70.0000000       64.9826647
     662      24      10    1991       59.0000000       60.4137755
     663      25      10    1991       57.0000000       56.4172827
     664      26      10    1991       57.0000000       52.8947191
     665      27      10    1991       51.0000000       49.7770067
     666      28      10    1991       47.0000000       47.0087886
     667      29      10    1991       48.0000000       44.5390982
     668      30      10    1991       45.0000000       49.3907375
     669      31      10    1991       43.0000000       52.6193122
     670       1      11    1991       40.0000000       67.4676996
     671       2      11    1991       47.0000000       73.3041916
     672       3      11    1991       46.0000000      108.0527254
     673       4      11    1991       76.0000000      150.5032501
     674       5      11    1991       60.0000000      143.1935494
     675       6      11    1991      132.0000000      130.8516546
     676       7      11    1991      133.0000000      141.3246446
     677       8      11    1991      113.0000000      171.1507765
     678       9      11    1991      120.0000000      173.3746973
     679      10      11    1991      141.0000000      150.6044697
     680      11      11    1991      208.0000000      189.2601693
     681      12      11    1991      166.0000000      266.7715141
     682      13      11    1991      183.0000000      365.8699214
     683      14      11    1991      299.0000000      537.7144837
     684      15      11    1991      521.0000000      480.8862148
     685      16      11    1991      443.0000000      385.9660486
     686      17      11    1991      304.0000000      307.7424459
     687      18      11    1991      231.0000000      297.3334289
     688      19      11    1991      192.0000000      299.3461678
     689      20      11    1991      199.0000000      263.6997780
     690      21      11    1991      201.0000000      237.5285118
     691      22      11    1991      173.0000000      198.7423320
     692      23      11    1991      159.0000000      167.4534166
     693      24      11    1991      160.0000000      143.8085642
     694      25      11    1991      146.0000000      129.6570037
     695      26      11    1991      110.0000000      119.3642744
     696      27      11    1991      114.0000000      109.2589731
     697      28      11    1991       97.0000000      100.7097712
     698      29      11    1991       89.0000000       93.2358461
     699      30      11    1991       73.0000000       86.6720218
     700       1      12    1991       69.0000000       80.8832115
     701       2      12    1991       67.0000000       75.7578335
     702       3      12    1991       63.0000000       71.2031323
     703       4      12    1991       58.0000000       67.1415416
     704       5      12    1991       59.0000000       63.5078357
     705       6      12    1991       53.0000000       60.2468786
     706       7      12    1991       54.0000000       57.3118353
     707       8      12    1991       51.0000000       54.6627384
     708       9      12    1991       47.0000000       52.2653339
     709      10      12    1991       42.0000000       50.0901442
     710      11      12    1991       40.0000000       48.1117050
     711      12      12    1991       39.0000000       46.3079392
     712      13      12    1991       36.0000000       44.6596411
     713      14      12    1991       37.0000000       43.1500485
     714      15      12    1991       32.0000000       41.7644877
     715      16      12    1991       37.0000000       48.0002163
     716      17      12    1991       62.0000000      174.6718600
     717      18      12    1991      118.0000000      232.6560127
     718      19      12    1991      170.0000000      339.5763454
     719      20      12    1991      229.0000000      476.7969108
     720      21      12    1991      448.0000000      598.6270999
     721      22      12    1991      464.0000000      839.8123558
     722      23      12    1991      675.0000000      721.2993334
     723      24      12    1991      844.0000000      578.4570486
     724      25      12    1991      569.0000000      447.2235117
     725      26      12    1991      358.0000000      352.8488409
     726      27      12    1991      279.0000000      287.8504432
     727      28      12    1991      238.0000000      239.1254594
     728      29      12    1991      201.0000000      200.7165068
     729      30      12    1991      185.0000000      170.4903690
     730      31      12    1991      165.0000000      148.1789881
     731       1       1    1992      140.0000000      134.6497262
     732       2       1    1992      126.0000000      123.7057906
     733       3       1    1992      117.0000000      114.4257037
     734       4       1    1992      114.0000000      108.8389648
     735       5       1    1992      108.0000000      103.2546376
     736       6       1    1992      108.0000000       96.5216849
     737       7       1    1992      101.0000000       90.1825177
     738       8       1    1992       97.0000000       87.7281423
     739       9       1    1992       89.0000000      104.4808704
     740      10       1    1992      111.0000000      143.6085137
     741      11       1    1992      135.0000000      143.9844373
     742      12       1    1992      171.0000000      127.0589631
     743      13       1    1992      125.0000000      116.4118569
     744      14       1    1992      111.0000000      107.2516867
     745      15       1    1992      100.0000000       99.3437122
     746      16       1    1992       87.0000000       92.4685995
     747      17       1    1992       75.0000000       86.4170722
     748      18       1    1992       79.0000000       81.1144809
     749      19       1    1992       70.0000000       80.8321924
     750      20       1    1992       72.0000000       78.3831492
     751      21       1    1992       87.0000000       73.7508962
     752      22       1    1992       79.0000000       69.6509667
     753      23       1    1992       71.0000000       66.1371596
     754      24       1    1992       66.0000000       62.9977743
     755      25       1    1992       67.0000000       60.1830047
     756      26       1    1992       65.0000000       57.6507965
     757      27       1    1992       59.0000000       55.3654646
     758      28       1    1992       57.0000000       53.3113985
     759      29       1    1992       54.0000000       52.5635479
     760      30       1    1992       59.0000000       55.8287101
     761      31       1    1992       57.0000000       61.2260076
     762       1       2    1992       56.0000000       65.4633093
     763       2       2    1992       54.0000000       63.5776079
     764       3       2    1992       58.0000000       59.9986038
     765       4       2    1992       63.0000000      137.0343621
     766       5       2    1992       76.0000000      208.4203931
     767       6       2    1992      250.0000000      222.4118153
     768       7       2    1992      346.0000000      190.3812138
     769       8       2    1992      241.0000000      168.1664599
     770       9       2    1992      180.0000000      176.0591248
     771      10       2    1992      164.0000000      191.0982238
     772      11       2    1992      183.0000000      207.9567229
     773      12       2    1992      215.0000000      246.1872101
     774      13       2    1992      265.0000000      254.0957379
     775      14       2    1992      287.0000000      263.9077207
     776      15       2    1992      272.0000000      258.7080554
     777      16       2    1992      253.0000000      277.7501786
     778      17       2    1992      301.0000000      247.9542041
     779      18       2    1992      275.0000000      206.6237268
     780      19       2    1992      224.0000000      176.4159137
     781      20       2    1992      194.0000000      157.0981481
     782      21       2    1992      173.0000000      144.3296857
     783      22       2    1992      157.0000000      132.6980372
     784      23       2    1992      142.0000000      124.9075926
     785      24       2    1992      133.0000000      117.8556198
     786      25       2    1992      128.0000000      112.1916488
     787      26       2    1992      125.0000000      104.6229053
     788      27       2    1992      125.0000000       97.8087874
     789      28       2    1992      110.0000000       91.7268276
     790      29       2    1992      107.0000000       86.4081101
     791       1       3    1992       97.0000000       81.9997009
     792       2       3    1992       97.0000000       81.5860206
     793       3       3    1992       86.0000000       86.2695570
     794       4       3    1992       93.0000000       79.9999370
     795       5       3    1992       86.0000000       76.0502186
     796       6       3    1992       82.0000000       72.5073767
     797       7       3    1992       80.0000000       69.1754328
     798       8       3    1992       77.0000000       66.1636011
     799       9       3    1992       73.0000000       63.4368011
     800      10       3    1992       76.0000000       61.2924809
     801      11       3    1992       68.0000000       59.7866677
     802      12       3    1992       70.0000000      130.9123163
     803      13       3    1992      116.0000000      234.6454043
     804      14       3    1992      206.0000000      326.9975640
     805      15       3    1992      433.0000000      419.4191279
     806      16       3    1992      495.0000000      445.9867922
     807      17       3    1992      331.0000000      351.4959710
     808      18       3    1992      240.0000000      281.6242021
     809      19       3    1992      215.0000000      233.2819935
     810      20       3    1992      185.0000000      197.6671326
     811      21       3    1992      185.0000000      179.0982850
     812      22       3    1992      185.0000000      247.3844370
     813      23       3    1992      213.0000000      384.7298551
     814      24       3    1992      466.0000000      422.0888756
     815      25       3    1992      580.0000000      423.9287747
     816      26       3    1992      566.0000000      374.9185514
     817      27       3    1992      487.0000000      324.8497756
     818      28       3    1992      387.0000000      283.7170805
     819      29       3    1992      311.0000000      243.7765095
     820      30       3    1992      270.0000000      216.0271099
     821      31       3    1992      246.0000000      221.5810584
     822       1       4    1992      229.0000000      250.1563635
     823       2       4    1992      222.0000000      240.0934041
     824       3       4    1992      217.0000000      259.2762055
     825       4       4    1992      208.0000000      338.1056482
     826       5       4    1992      220.0000000      314.5961500
     827       6       4    1992      210.0000000      260.7010414
     828       7       4    1992      190.0000000      217.3580663
     829       8       4    1992      173.0000000      184.2611497
     830       9       4    1992      166.0000000      157.5397233
     831      10       4    1992      133.0000000      136.4075474
     832      11       4    1992      126.0000000      123.5730901
     833      12       4    1992      124.0000000      115.3756144
     834      13       4    1992      116.0000000      108.4047192
     835      14       4    1992      112.0000000      112.3791012
     836      15       4    1992      111.0000000      153.8322402
     837      16       4    1992      137.0000000      166.5290272
     838      17       4    1992      206.0000000      156.7471044
     839      18       4    1992      176.0000000      155.2997074
     840      19       4    1992      161.0000000      140.4604754
     841      20       4    1992      161.0000000      129.5955310
     842      21       4    1992      139.0000000      120.3294817
     843      22       4    1992      139.0000000      112.2662849
     844      23       4    1992      123.0000000      105.2447001
     845      24       4    1992      119.0000000       99.0075050
     846      25       4    1992      111.0000000       93.4854413
     847      26       4    1992       94.0000000       88.6310886
     848      27       4    1992       94.0000000       87.7366473
     849      28       4    1992      102.0000000       91.2741876
     850      29       4    1992      120.0000000       92.6220626
     851      30       4    1992      120.0000000       86.2869765
     852       1       5    1992      114.0000000      114.4539223
     853       2       5    1992      115.0000000      134.0261516
     854       3       5    1992      206.0000000      114.8436125
     855       4       5    1992      215.0000000      106.9096958
     856       5       5    1992      125.0000000      100.4245358
     857       6       5    1992      123.0000000       94.7007619
     858       7       5    1992      113.0000000       89.6257293
     859       8       5    1992       77.0000000       85.1066626
     860       9       5    1992       83.0000000       81.1519958
     861      10       5    1992       83.0000000       87.0412606
     862      11       5    1992       96.0000000       85.6274609
     863      12       5    1992      120.0000000       76.9063028
     864      13       5    1992       80.0000000       73.0594242
     865      14       5    1992       76.0000000       70.1389708
     866      15       5    1992       69.0000000       67.4968607
     867      16       5    1992       63.0000000       65.0991593
     868      17       5    1992       61.0000000       62.9168030
     869      18       5    1992       60.0000000       60.9247918
     870      19       5    1992       59.0000000       59.1015330
     871      20       5    1992       67.0000000       57.4283054
     872      21       5    1992       51.0000000       55.8888188
     873      22       5    1992       44.0000000       54.4688507
     874      23       5    1992       42.0000000       53.1559436
     875      24       5    1992       51.0000000       52.0407899
     876      25       5    1992       42.0000000       51.2423074
     877      26       5    1992       54.0000000       67.1549960
     878      27       5    1992       53.0000000       57.4989388
     879      28       5    1992       59.0000000       51.9276334
     880      29       5    1992       55.0000000       61.9184033
     881      30       5    1992       54.0000000       62.3493736
     882      31       5    1992       48.0000000       55.4443280
     883       1       6    1992       63.0000000       56.7246470
     884       2       6    1992       61.0000000       55.8246406
     885       3       6    1992       55.0000000       57.5944172
     886       4       6    1992       75.0000000       76.0198272
     887       5       6    1992       53.0000000      100.7145580
     888       6       6    1992       77.0000000       96.4063481
     889       7       6    1992      114.0000000       91.5911349
     890       8       6    1992      167.0000000      109.7934732
     891       9       6    1992      116.0000000       97.3927202
     892      10       6    1992       91.0000000       85.5220770
     893      11       6    1992       85.0000000       80.6097255
     894      12       6    1992       68.0000000       76.2650967
     895      13       6    1992       71.0000000       72.4187075
     896      14       6    1992       63.0000000       68.9897008
     897      15       6    1992       59.0000000       65.9211010
     898      16       6    1992       46.0000000       63.1650882
     899      17       6    1992       44.0000000       60.6813051
     900      18       6    1992       39.0000000       58.4355164
     901      19       6    1992       41.0000000       56.4038188
     902      20       6    1992       44.0000000       57.8359456
     903      21       6    1992       39.0000000       55.5821835
     904      22       6    1992       32.0000000       52.6879317
     905      23       6    1992       40.0000000       53.2452027
     906      24       6    1992       41.0000000       66.5388788
     907      25       6    1992       42.0000000       61.4486590
     908      26       6    1992       42.0000000       54.5706942
     909      27       6    1992       48.0000000       52.0591733
     910      28       6    1992       37.0000000       50.3799540
     911      29       6    1992       40.0000000       48.8621166
     912      30       6    1992       29.0000000       47.5745859
     913       1       7    1992       30.0000000       46.6332776
     914       2       7    1992       36.0000000       45.2947476
     915       3       7    1992       29.0000000       50.2287688
     916       4       7    1992       36.0000000       58.8456227
     917       5       7    1992       50.0000000       69.4694471
     918       6       7    1992       78.0000000       79.7035548
     919       7       7    1992       54.0000000       63.4516264
     920       8       7    1992       57.0000000       54.5635442
     921       9       7    1992       51.0000000       52.5742604
     922      10       7    1992       47.0000000       67.4056999
     923      11       7    1992       46.0000000       92.1590625
     924      12       7    1992       76.0000000       87.3961502
     925      13       7    1992       72.0000000       73.4521348
     926      14       7    1992       67.0000000       65.3532714
     927      15       7    1992       63.0000000       62.1318330
     928      16       7    1992       47.0000000       59.2646610
     929      17       7    1992       47.0000000       56.7021281
     930      18       7    1992       42.0000000       54.4028571
     931      19       7    1992       41.0000000       52.3321322
     932      20       7    1992       39.0000000       50.4606575
     933      21       7    1992       37.0000000       49.4298585
     934      22       7    1992       33.0000000       47.6751456
     935      23       7    1992       33.0000000       46.1391098
     936      24       7    1992       33.0000000       44.8297248
     937      25       7    1992       37.0000000       43.6260258
     938      26       7    1992       26.0000000       42.5171055
     939      27       7    1992       24.0000000       41.4938655
     940      28       7    1992       26.0000000       40.5472577
     941      29       7    1992       29.0000000       39.6693538
     942      30       7    1992       19.0000000       38.8531852
     943      31       7    1992       22.0000000       39.2970461
     944       1       8    1992       28.0000000       38.7652060
     945       2       8    1992       35.0000000       37.0919408
     946       3       8    1992       29.0000000       36.4339764
     947       4       8    1992       36.0000000       35.8169786
     948       5       8    1992       52.0000000       35.2371362
     949       6       8    1992       74.0000000       34.6910191
     950       7       8    1992       54.0000000       34.1755675
     951       8       8    1992       57.0000000       33.6880467
     952       9       8    1992       48.0000000       35.0553614
     953      10       8    1992       47.0000000       34.1554649
     954      11       8    1992       46.0000000       47.1623391
     955      12       8    1992       75.0000000       47.2017200
     956      13       8    1992       73.0000000       47.0035716
     957      14       8    1992       66.0000000       45.7942532
     958      15       8    1992       60.0000000       39.4000991
     959      16       8    1992       47.0000000       35.9167096
     960      17       8    1992       46.0000000       35.1058658
     961      18       8    1992       42.0000000       34.3619881
     962      19       8    1992       41.0000000       33.7197673
     963      20       8    1992       40.0000000       38.2447772
     964      21       8    1992       37.0000000       34.1838769
     965      22       8    1992       32.0000000       35.8013871
     966      23       8    1992       32.0000000       35.9663706
     967      24       8    1992       32.0000000       32.5194007
     968      25       8    1992       36.0000000       31.9256833
     969      26       8    1992       27.0000000       31.3744673
     970      27       8    1992       25.0000000       30.8609625
     971      28       8    1992       25.0000000       30.6782768
     972      29       8    1992       28.0000000       35.1566301
     973      30       8    1992       20.0000000       48.1295882
     974      31       8    1992       22.0000000       99.1454946
     975       1       9    1992       49.0000000       89.4273895
     976       2       9    1992       77.0000000       78.8514920
     977       3       9    1992       67.0000000       74.2183048
     978       4       9    1992       45.0000000       73.7761904
     979       5       9    1992       44.0000000       63.3996216
     980       6       9    1992       64.0000000       55.0574471
     981       7       9    1992       52.0000000       52.2491216
     982       8       9    1992       40.0000000       49.1963822
     983       9       9    1992       30.0000000       46.7321351
     984      10       9    1992       34.0000000       44.5488688
     985      11       9    1992       32.0000000       46.9050721
     986      12       9    1992       36.0000000       47.5720832
     987      13       9    1992       28.0000000       42.0952571
     988      14       9    1992       33.0000000       41.0928614
     989      15       9    1992       35.0000000       39.3934626
     990      16       9    1992       30.0000000       37.9740041
     991      17       9    1992       32.0000000       36.6887213
     992      18       9    1992       29.0000000       35.5265434
     993      19       9    1992       30.0000000       34.4760464
     994      20       9    1992       28.0000000       33.5126696
     995      21       9    1992       29.0000000       32.6304559
     996      22       9    1992       29.0000000       31.8213257
     997      23       9    1992       27.0000000       31.0770440
     998      24       9    1992       27.0000000       30.3904521
     999      25       9    1992       23.0000000       29.7553082
    1000      26       9    1992       28.0000000       29.1661540
    1001      27       9    1992       25.0000000       28.6182033
    1002      28       9    1992       25.0000000       29.1192883
    1003      29       9    1992       27.0000000       29.6371130
    1004      30       9    1992       25.0000000       27.5116350
    1005       1      10    1992       27.0000000       27.0886161
    1006       2      10    1992       33.0000000       28.8557450
    1007       3      10    1992       29.0000000       28.8292123
    1008       4      10    1992       31.0000000       26.7087692
    1009       5      10    1992       25.0000000       33.8407511
    1010       6      10    1992       25.0000000       47.1014664
    1011       7      10    1992       36.0000000       34.9418244
    1012       8      10    1992       42.0000000       28.7780053
    1013       9      10    1992       43.0000000       32.1607648
    1014      10      10    1992       26.0000000       39.1955914
    1015      11      10    1992       27.0000000       34.3268803
    1016      12      10    1992       27.0000000       29.3491877
    1017      13      10    1992       26.0000000       28.6453341
    1018      14      10    1992       26.0000000       29.4529184
    1019      15      10    1992       23.0000000       48.5658256
    1020      16      10    1992       21.0000000       43.0707829
    1021      17      10    1992       26.0000000       36.7749638
    1022      18      10    1992       34.0000000       36.1590583
    1023      19      10    1992       37.0000000       32.4865405
    1024      20      10    1992       31.0000000       45.8076103
    1025      21      10    1992       31.0000000       49.1808271
    1026      22      10    1992       35.0000000       45.3347289
    1027      23      10    1992       33.0000000       73.7867482
    1028      24      10    1992       40.0000000      141.0993787
    1029      25      10    1992       74.0000000      204.5329557
    1030      26      10    1992      161.0000000      185.8931102
    1031      27      10    1992      285.0000000      207.2990276
    1032      28      10    1992      244.0000000      239.6470335
    1033      29      10    1992      263.0000000      249.1922523
    1034      30      10    1992      276.0000000      203.8750802
    1035      31      10    1992      186.0000000      169.1922551
    1036       1      11    1992      154.0000000      146.3104364
    1037       2      11    1992      112.0000000      163.9607666
    1038       3      11    1992      104.0000000      169.5522428
    1039       4      11    1992       96.0000000      155.9148166
    1040       5      11    1992       99.0000000      136.8923527
    1041       6      11    1992      126.0000000      122.4856063
    1042       7      11    1992       91.0000000      114.0556316
    1043       8      11    1992       84.0000000      107.3802637
    1044       9      11    1992       81.0000000      114.2075751
    1045      10      11    1992       85.0000000      164.1522601
    1046      11      11    1992      126.0000000      260.4316473
    1047      12      11    1992      279.0000000      323.8775257
    1048      13      11    1992      390.0000000      332.4700399
    1049      14      11    1992      294.0000000      328.1461748
    1050      15      11    1992      260.0000000      428.9676853
    1051      16      11    1992      398.0000000      643.9879120
    1052      17      11    1992      520.0000000      616.2018268
    1053      18      11    1992      487.0000000      554.1012785
    1054      19      11    1992      380.0000000      547.5514824
    1055      20      11    1992      385.0000000      448.9912582
    1056      21      11    1992      351.0000000      486.7436264
    1057      22      11    1992      309.0000000      582.4161524
    1058      23      11    1992      587.0000000      442.9160174
    1059      24      11    1992      661.0000000      354.9341245
    1060      25      11    1992      447.0000000      352.4867314
    1061      26      11    1992      361.0000000      374.2570929
    1062      27      11    1992      351.0000000      344.5811595
    1063      28      11    1992      353.0000000      381.6660787
    1064      29      11    1992      369.0000000      490.4385361
    1065      30      11    1992      452.0000000      461.6838977
    1066       1      12    1992      441.0000000      354.2700620
    1067       2      12    1992      348.0000000      388.4427344
    1068       3      12    1992      394.0000000      442.8435994
    1069       4      12    1992      455.0000000      494.8340186
    1070       5      12    1992      491.0000000      552.3351547
    1071       6      12    1992      469.0000000      461.0194457
    1072       7      12    1992      364.0000000      437.3827905
    1073       8      12    1992      338.0000000      384.9981736
    1074       9      12    1992      334.0000000      308.5937716
    1075      10      12    1992      268.0000000      253.2951977
    1076      11      12    1992      236.0000000      249.6429601
    1077      12      12    1992      230.0000000      255.4788313
    1078      13      12    1992      239.0000000      234.3644992
    1079      14      12    1992      256.0000000      206.3388612
    1080      15      12    1992      217.0000000      187.8358658
    1081      16      12    1992      201.0000000      173.7950661
    1082      17      12    1992      188.0000000      160.8062231
    1083      18      12    1992      176.0000000      149.4067614
    1084      19      12    1992      170.0000000      139.0236716
    1085      20      12    1992      168.0000000      134.5465162
    1086      21      12    1992      131.0000000      140.8557449
    1087      22      12    1992      133.0000000      142.9514668
    1088      23      12    1992      134.0000000      129.9548808
    1089      24      12    1992      127.0000000      119.6037668
    1090      25      12    1992      117.0000000      110.9793044
    1091      26      12    1992      113.0000000      103.4559065
    1092      27      12    1992      100.0000000       96.8597427
    1093      28      12    1992       94.0000000       91.0499588
    1094      29      12    1992       87.0000000       85.9108096
    1095      30      12    1992       86.0000000       81.3465333
    1096      31      12    1992       81.0000000       77.2773995
    1097       1       1    1993       77.0000000       73.6366336
    1098       2       1    1993       76.0000000       70.3680042
    1099       3       1    1993       61.0000000       67.4239150
    1100       4       1    1993       61.0000000       64.7638849
    1101       5       1    1993       57.0000000       62.3533287
    1102       6       1    1993       66.0000000       75.8438651
    1103       7       1    1993       67.0000000       91.0880407
    1104       8       1    1993       84.0000000       93.2879754
    1105       9       1    1993       90.0000000       95.9626158
    1106      10       1    1993      113.0000000      143.6343803
    1107      11       1    1993      265.0000000      379.8955027
    1108      12       1    1993      559.0000000      588.6107208
    1109      13       1    1993      832.0000000      551.1637721
    1110      14       1    1993      601.0000000      436.4363963
    1111      15       1    1993      436.0000000      333.7961189
    1112      16       1    1993      339.0000000      269.7016173
    1113      17       1    1993      292.0000000      232.9282879
    1114      18       1    1993      247.0000000      207.8288144
    1115      19       1    1993      218.0000000      184.8429179
    1116      20       1    1993      205.0000000      165.6154384
    1117      21       1    1993      190.0000000      151.7218523
    1118      22       1    1993      176.0000000      141.7718048
    1119      23       1    1993      173.0000000      132.4960188
    1120      24       1    1993      173.0000000      187.2535372
    1121      25       1    1993      199.0000000      259.5150402
    1122      26       1    1993      361.0000000      217.4881695
    1123      27       1    1993      295.0000000      229.5929823
    1124      28       1    1993      238.0000000      253.3569352
    1125      29       1    1993      263.0000000      232.9905194
    1126      30       1    1993      245.0000000      206.8379553
    1127      31       1    1993      222.0000000      179.9382689
    1128       1       2    1993      199.0000000      157.7913505
    1129       2       2    1993      186.0000000      141.3136027
    1130       3       2    1993      171.0000000      130.2477661
    1131       4       2    1993      157.0000000      120.8687833
    1132       5       2    1993      159.0000000      112.7788358
    1133       6       2    1993      129.0000000      105.6557266
    1134       7       2    1993      119.0000000       99.7378939
    1135       8       2    1993      119.0000000       94.2709407
    1136       9       2    1993      105.0000000       89.1293521
    1137      10       2    1993      106.0000000       84.5925897
    1138      11       2    1993      105.0000000       80.5310554
    1139      12       2    1993       95.0000000       76.8827993
    1140      13       2    1993       91.0000000       73.5953385
    1141      14       2    1993       88.0000000       70.6239955
    1142      15       2    1993       84.0000000       67.9305650
    1143      16       2    1993       83.0000000       65.6706600
    1144      17       2    1993       79.0000000       68.1056113
    1145      18       2    1993       78.0000000       69.4624196
    1146      19       2    1993       84.0000000       67.8175779
    1147      20       2    1993       91.0000000       79.4483142
    1148      21       2    1993       91.0000000       87.0348303
    1149      22       2    1993       90.0000000       87.4928397
    1150      23       2    1993      103.0000000       81.1810594
    1151      24       2    1993       94.0000000       76.5282052
    1152      25       2    1993       81.0000000       72.6878162
    1153      26       2    1993       78.0000000       69.2815699
    1154      27       2    1993       75.0000000       73.0586067
    1155      28       2    1993       76.0000000       71.7098046
    1156       1       3    1993       80.0000000       68.9372023
    1157       2       3    1993       75.0000000       72.6853902
    1158       3       3    1993       76.0000000       70.8458852
    1159       4       3    1993       72.0000000       66.8767595
    1160       5       3    1993       65.0000000       64.2443670
    1161       6       3    1993       64.0000000       64.4306848
    1162       7       3    1993       64.0000000       64.1979282
    1163       8       3    1993       68.0000000       62.4027007
    1164       9       3    1993       68.0000000       59.9167413
    1165      10       3    1993       67.0000000       59.5047974
    1166      11       3    1993       61.0000000       60.3288027
    1167      12       3    1993       57.0000000       61.1862891
    1168      13       3    1993       58.0000000       63.0885571
    1169      14       3    1993       54.0000000       63.3727372
    1170      15       3    1993       66.0000000       60.6412377
    1171      16       3    1993       54.0000000       58.5330516
    1172      17       3    1993       57.0000000       56.7164478
    1173      18       3    1993       57.0000000       55.0411549
    1174      19       3    1993       52.0000000       53.4878955
    1175      20       3    1993       57.0000000       52.0491406
    1176      21       3    1993       58.0000000       51.3988095
    1177      22       3    1993       57.0000000       65.9767251
    1178      23       3    1993       56.0000000       71.1507393
    1179      24       3    1993       63.0000000       63.7067356
    1180      25       3    1993       76.0000000       61.2334356
    1181      26       3    1993       56.0000000       58.9836330
    1182      27       3    1993       59.0000000       56.9317033
    1183      28       3    1993       59.0000000       55.0554776
    1184      29       3    1993       54.0000000       53.3357003
    1185      30       3    1993       48.0000000       51.7561779
    1186      31       3    1993       55.0000000       50.3038820
    1187       1       4    1993       48.0000000       50.6557507
    1188       2       4    1993       53.0000000       54.3301527
    1189       3       4    1993       47.0000000       54.0839854
    1190       4       4    1993       59.0000000       71.7517276
    1191       5       4    1993       53.0000000      101.1595739
    1192       6       4    1993       64.0000000      100.9832534
    1193       7       4    1993       63.0000000       89.0166781
    1194       8       4    1993       75.0000000       84.3773023
    1195       9       4    1993       64.0000000       79.5080535
    1196      10       4    1993       59.0000000       80.6796741
    1197      11       4    1993       60.0000000       85.3180684
    1198      12       4    1993       63.0000000       82.4525180
    1199      13       4    1993       69.0000000       80.8793945
    1200      14       4    1993       79.0000000       80.5492908
    1201      15       4    1993       82.0000000       75.9205348
    1202      16       4    1993       68.0000000       72.5883776
    1203      17       4    1993       56.0000000       69.5635113
    1204      18       4    1993       59.0000000       67.2186260
    1205      19       4    1993       61.0000000       63.9439585
    1206      20       4    1993       62.0000000       61.2073381
    1207      21       4    1993       57.0000000       58.7330279
    1208      22       4    1993       53.0000000       56.4897477
    1209      23       4    1993       47.0000000       54.4495872
    1210      24       4    1993       46.0000000       52.5889096
    1211      25       4    1993       47.0000000       50.8878410
    1212      26       4    1993       45.0000000       49.3287858
    1213      27       4    1993       43.0000000       47.8964180
    1214      28       4    1993       41.0000000       46.5787320
    1215      29       4    1993       38.0000000       45.3676312
    1216      30       4    1993       39.0000000       44.7213429
    1217       1       5    1993       40.0000000       43.8943141
    1218       2       5    1993       41.0000000       43.9695502
    1219       3       5    1993       45.0000000       42.8984196
    1220       4       5    1993       49.0000000       41.7182380
    1221       5       5    1993       40.0000000       40.8355917
    1222       6       5    1993       43.0000000       40.5896617
    1223       7       5    1993       38.0000000       40.9994552
    1224       8       5    1993       38.0000000       40.4640137
    1225       9       5    1993       43.0000000       39.9651387
    1226      10       5    1993       44.0000000       39.2922322
    1227      11       5    1993       41.0000000       39.0729895
    1228      12       5    1993       51.0000000       49.5967566
    1229      13       5    1993       63.0000000       92.4848596
    1230      14       5    1993       68.0000000       68.8374172
    1231      15       5    1993       77.0000000       60.4436432
    1232      16       5    1993       77.0000000       57.0459629
    1233      17       5    1993       59.0000000       52.7669410
    1234      18       5    1993       49.0000000       50.2850665
    1235      19       5    1993       43.0000000       54.3758811
    1236      20       5    1993       44.0000000       65.1597844
    1237      21       5    1993       48.0000000       59.5474015
    1238      22       5    1993       44.0000000       52.0858046
    1239      23       5    1993       46.0000000       49.8297801
    1240      24       5    1993       40.0000000       47.8187040
    1241      25       5    1993       43.0000000       46.0177598
    1242      26       5    1993       30.0000000       44.9293625
    1243      27       5    1993       45.0000000       52.5230211
    1244      28       5    1993       43.0000000       54.3208239
    1245      29       5    1993       44.0000000       50.7661486
    1246      30       5    1993       54.0000000       49.1768171
    1247      31       5    1993       56.0000000       46.6983640
    1248       1       6    1993       44.0000000       44.6596002
    1249       2       6    1993       43.0000000       44.1569979
    1250       3       6    1993       33.0000000       45.9308330
    1251       4       6    1993       45.0000000       42.4585542
    1252       5       6    1993       46.0000000       41.1372286
    1253       6       6    1993       42.0000000       39.9332710
    1254       7       6    1993       40.0000000       38.8311868
    1255       8       6    1993       30.0000000       37.8194517
    1256       9       6    1993       31.0000000       36.9413737
    1257      10       6    1993       32.0000000       36.1136977
    1258      11       6    1993       25.0000000       36.0907706
    1259      12       6    1993       33.0000000       36.5931876
    1260      13       6    1993       29.0000000       34.5482111
    1261      14       6    1993       40.0000000       35.2473303
    1262      15       6    1993       42.0000000       39.4175643
    1263      16       6    1993       37.0000000       38.9927332
    1264      17       6    1993       46.0000000       34.4058682
    1265      18       6    1993       47.0000000       33.6644652
    1266      19       6    1993       50.0000000       35.1085613
    1267      20       6    1993       43.0000000       56.9785499
    1268      21       6    1993       69.0000000       48.6026698
    1269      22       6    1993       61.0000000       57.0845561
    1270      23       6    1993       67.0000000       61.3596633
    1271      24       6    1993       77.0000000       45.7325492
    1272      25       6    1993       87.0000000       43.9062297
    1273      26       6    1993       55.0000000       42.2588353
    1274      27       6    1993       43.0000000       40.7659789
    1275      28       6    1993       40.0000000       39.4087522
    1276      29       6    1993       30.0000000       38.1710089
    1277      30       6    1993       40.0000000       37.0388941
    1278       1       7    1993       40.0000000       38.2140343
    1279       2       7    1993       27.0000000       37.6830412
    1280       3       7    1993       34.0000000       35.2646160
    1281       4       7    1993       30.0000000       34.3332547
    1282       5       7    1993       31.0000000       33.6346454
    1283       6       7    1993       27.0000000       32.7143192
    1284       7       7    1993       31.0000000       31.9814246
    1285       8       7    1993       26.0000000       31.3018403
    1286       9       7    1993       23.0000000       31.3681646
    1287      10       7    1993       24.0000000       32.4270963
    1288      11       7    1993       25.0000000       35.7277478
    1289      12       7    1993       34.0000000       50.9711077
    1290      13       7    1993       40.0000000       48.5380293
    1291      14       7    1993       41.0000000       77.7695582
    1292      15       7    1993       46.0000000       58.3865996
    1293      16       7    1993       39.0000000       43.5591067
    1294      17       7    1993       43.0000000       41.9925813
    1295      18       7    1993       35.0000000       40.4503017
    1296      19       7    1993       49.0000000       56.2582729
    1297      20       7    1993       38.0000000       54.7594240
    1298      21       7    1993       41.0000000       51.7328043
    1299      22       7    1993       45.0000000       49.3892832
    1300      23       7    1993       41.0000000       42.6997324
    1301      24       7    1993       42.0000000       40.9765265
    1302      25       7    1993       40.0000000       39.4245435
    1303      26       7    1993       35.0000000       38.0086744
    1304      27       7    1993       40.0000000       57.3786775
    1305      28       7    1993       40.0000000       48.9382680
    1306      29       7    1993       36.0000000       39.6513583
    1307      30       7    1993       40.0000000       86.2807330
    1308      31       7    1993       61.0000000       69.8589615
    1309       1       8    1993       36.0000000       49.5185633
    1310       2       8    1993       46.0000000       46.8318237
    1311       3       8    1993       32.0000000       44.4493851
    1312       4       8    1993       38.0000000       42.3284343
    1313       5       8    1993       32.0000000       40.4331971
    1314       6       8    1993       25.0000000       38.7336116
    1315       7       8    1993       26.0000000       37.2042839
    1316       8       8    1993       29.0000000       35.8236600
    1317       9       8    1993       29.0000000       41.3728183
    1318      10       8    1993       28.0000000       44.6472123
    1319      11       8    1993       37.0000000       38.0813582
    1320      12       8    1993       40.0000000       34.5375534
    1321      13       8    1993       49.0000000       33.3992753
    1322      14       8    1993       32.0000000       33.9139688
    1323      15       8    1993       37.0000000       33.0468562
    1324      16       8    1993       37.0000000       31.2863647
    1325      17       8    1993       27.0000000       30.4117899
    1326      18       8    1993       24.0000000       29.6087863
    1327      19       8    1993       24.0000000       28.8695555
    1328      20       8    1993       22.0000000       28.1872847
    1329      21       8    1993       21.0000000       27.5560050
    1330      22       8    1993       16.0000000       28.5460006
    1331      23       8    1993       21.0000000       29.9120688
    1332      24       8    1993       27.0000000       26.8240628
    1333      25       8    1993       26.0000000       26.1925377
    1334      26       8    1993       23.0000000       25.7536894
    1335      27       8    1993       21.0000000       30.5484042
    1336      28       8    1993       28.0000000       30.7529793
    1337      29       8    1993       17.0000000       25.9731131
    1338      30       8    1993       24.0000000       25.4801297
    1339      31       8    1993       25.0000000       25.0176095
    1340       1       9    1993       25.0000000       24.5828659
    1341       2       9    1993       19.0000000       24.1734872
    1342       3       9    1993       17.0000000       27.5444165
    1343       4       9    1993       16.0000000       32.2511454
    1344       5       9    1993       19.0000000       26.8446814
    1345       6       9    1993       23.0000000       24.7108155
    1346       7       9    1993       25.0000000       47.3704588
    1347       8       9    1993       34.0000000       39.8027647
    1348       9       9    1993       31.0000000       49.9235441
    1349      10       9    1993       35.0000000       83.1606927
    1350      11       9    1993       53.0000000      110.3447087
    1351      12       9    1993       71.0000000      104.5628167
    1352      13       9    1993       74.0000000      150.2564626
    1353      14       9    1993       87.0000000      165.6010894
    1354      15       9    1993      173.0000000      162.4880245
    1355      16       9    1993      117.0000000      134.7844066
    1356      17       9    1993       93.0000000      115.2742832
    1357      18       9    1993       77.0000000      103.6843797
    1358      19       9    1993       62.0000000       93.8586431
    1359      20       9    1993       54.0000000       85.4705120
    1360      21       9    1993       48.0000000       80.1413545
    1361      22       9    1993       46.0000000      100.6927542
    1362      23       9    1993       55.0000000      105.8691966
    1363      24       9    1993       66.0000000      108.7531770
    1364      25       9    1993       64.0000000      105.6121553
    1365      26       9    1993       52.0000000       92.3677116
    1366      27       9    1993       68.0000000       86.0123070
    1367      28       9    1993       69.0000000       89.8957859
    1368      29       9    1993       62.0000000       85.5867213
    1369      30       9    1993       76.0000000       80.0698800
    1370       1      10    1993       72.0000000      113.7255189
    1371       2      10    1993       68.0000000      114.7786855
    1372       3      10    1993       72.0000000      104.4979873
    1373       4      10    1993       78.0000000      106.8415161
    1374       5      10    1993      116.0000000      192.1594426
    1375       6      10    1993      131.0000000      213.5682883
    1376       7      10    1993      180.0000000      194.1753620
    1377       8      10    1993      203.0000000      206.1521452
    1378       9      10    1993      164.0000000      216.3849527
    1379      10      10    1993      178.0000000      240.4428235
    1380      11      10    1993      161.0000000      293.8148912
    1381      12      10    1993      287.0000000      285.2491704
    1382      13      10    1993      360.0000000      359.4581496
    1383      14      10    1993      374.0000000      348.5946986
    1384      15      10    1993      297.0000000      288.3919806
    1385      16      10    1993      247.0000000      284.9766741
    1386      17      10    1993      273.0000000      292.3197418
    1387      18      10    1993      261.0000000      244.0095351
    1388      19      10    1993      265.0000000      206.3751737
    1389      20      10    1993      230.0000000      172.2297566
    1390      21      10    1993      199.0000000      151.5452172
    1391      22      10    1993      173.0000000      151.9268707
    1392      23      10    1993      182.0000000      175.1003192
    1393      24      10    1993      203.0000000      180.4231304
    1394      25      10    1993      213.0000000      159.1499061
    1395      26      10    1993      180.0000000      140.3400193
    1396      27      10    1993      154.0000000      127.4171872
    1397      28      10    1993      118.0000000      116.3371191
    1398      29      10    1993      112.0000000      106.7744822
    1399      30      10    1993       98.0000000       98.4750786
    1400      31      10    1993       97.0000000       91.2346927
    1401       1      11    1993       91.0000000       84.8917825
    1402       2      11    1993       85.0000000       79.3024259
    1403       3      11    1993       75.0000000       74.3612250
    1404       4      11    1993       76.0000000       69.9754560
    1405       5      11    1993       78.0000000       66.0684513
    1406       6      11    1993       72.0000000       62.9109325
    1407       7      11    1993       76.0000000       64.3593110
    1408       8      11    1993       69.0000000       61.2734109
    1409       9      11    1993       66.0000000       58.9769349
    1410      10      11    1993       71.0000000       60.1406198
    1411      11      11    1993       64.0000000       73.4346941
    1412      12      11    1993       67.0000000       77.9212883
    1413      13      11    1993       80.0000000       82.5244696
    1414      14      11    1993       78.0000000      124.1631977
    1415      15      11    1993       80.0000000      136.4161323
    1416      16      11    1993       86.0000000      121.1606986
    1417      17      11    1993      125.0000000      109.2125695
    1418      18      11    1993       96.0000000      100.3326768
    1419      19      11    1993       82.0000000       92.6363139
    1420      20      11    1993       77.0000000       85.9308238
    1421      21      11    1993       67.0000000       80.0602568
    1422      22      11    1993       71.0000000       74.8973953
    1423      23      11    1993       61.0000000       70.3377125
    1424      24      11    1993       42.0000000       66.2947505
    1425      25      11    1993       63.0000000       63.2028017
    1426      26      11    1993       57.0000000       61.0254269
    1427      27      11    1993       58.0000000       57.7097814
    1428      28      11    1993       49.0000000       55.0420431
    1429      29      11    1993       50.0000000       52.6352528
    1430      30      11    1993       55.0000000       50.4576782
    1431       1      12    1993       54.0000000       48.4820927
    1432       2      12    1993       54.0000000       60.2019555
    1433       3      12    1993       50.0000000       60.2883725
    1434       4      12    1993       51.0000000       62.1299992
    1435       5      12    1993       62.0000000       63.6833628
    1436       6      12    1993       62.0000000       58.7961215
    1437       7      12    1993       71.0000000       95.0996684
    1438       8      12    1993       79.0000000      188.8414422
    1439       9      12    1993      153.0000000      235.4177330
    1440      10      12    1993      291.0000000      320.6739046
    1441      11      12    1993      332.0000000      446.9631114
    1442      12      12    1993      465.0000000      508.0232679
    1443      13      12    1993      518.0000000      578.8970971
    1444      14      12    1993      539.0000000      575.3215994
    1445      15      12    1993      559.0000000      535.4891183
    1446      16      12    1993      500.0000000      606.0804236
    1447      17      12    1993      526.0000000      632.4168960
    1448      18      12    1993      583.0000000      634.1485512
    1449      19      12    1993      677.0000000      728.1818957
    1450      20      12    1993      781.0000000     1161.7576344
    1451      21      12    1993     1180.0000000     1301.0250966
    1452      22      12    1993     1460.0000000     1226.2521400
    1453      23      12    1993     1600.0000000     1251.6182039
    1454      24      12    1993     1410.0000000     1197.0860984
    1455      25      12    1993     1230.0000000      935.4719661
    1456      26      12    1993     1070.0000000      687.8313956
    1457      27      12    1993      746.0000000      510.9015394
    1458      28      12    1993      542.0000000      392.7403876
    1459      29      12    1993      492.0000000      428.2747102
    1460      30      12    1993      491.0000000      574.3414337
    1461      31      12    1993      617.0000000      890.6489995
