      No     Day     Mon    Year  Qobs_0000000398  Qsim_0000000398
       1       1       1    1990      157.0000000      136.0144094
       2       2       1    1990      129.0000000      125.3951075
       3       3       1    1990      117.0000000      117.0044147
       4       4       1    1990      111.0000000      109.6889657
       5       5       1    1990      112.0000000      103.1919915
       6       6       1    1990       93.0000000       97.4073814
       7       7       1    1990       87.0000000       92.2859581
       8       8       1    1990       84.0000000       87.6942785
       9       9       1    1990       80.0000000       83.5222318
      10      10       1    1990       78.0000000       79.7497446
      11      11       1    1990       78.0000000       76.3356889
      12      12       1    1990       77.0000000       73.2411694
      13      13       1    1990       76.0000000       71.3933349
      14      14       1    1990       73.0000000       72.0944151
      15      15       1    1990       66.0000000       75.7822899
      16      16       1    1990       76.0000000       79.0498860
      17      17       1    1990       73.0000000       76.9433291
      18      18       1    1990       71.0000000       78.0803124
      19      19       1    1990       90.0000000       79.1191596
      20      20       1    1990       82.0000000       79.1718542
      21      21       1    1990       80.0000000       78.3223779
      22      22       1    1990       81.0000000       74.8637164
      23      23       1    1990       97.0000000      116.6877589
      24      24       1    1990      198.0000000      181.2524600
      25      25       1    1990      392.0000000      220.1118284
      26      26       1    1990      519.0000000      266.5670801
      27      27       1    1990      565.0000000      257.6709821
      28      28       1    1990      331.0000000      229.6466057
      29      29       1    1990      293.0000000      212.4752120
      30      30       1    1990      302.0000000      203.2978974
      31      31       1    1990      233.0000000      181.4961643
      32       1       2    1990      198.0000000      168.9303682
      33       2       2    1990      183.0000000      173.4183109
      34       3       2    1990      206.0000000      180.5645762
      35       4       2    1990      215.0000000      180.0493102
      36       5       2    1990      183.0000000      163.4587660
      37       6       2    1990      159.0000000      146.8741156
      38       7       2    1990      167.0000000      134.2611475
      39       8       2    1990      138.0000000      125.5879618
      40       9       2    1990      126.0000000      122.9409927
      41      10       2    1990      131.0000000      151.6981970
      42      11       2    1990      173.0000000      219.5736298
      43      12       2    1990      240.0000000      254.0941886
      44      13       2    1990      270.0000000      320.7419492
      45      14       2    1990      458.0000000      531.6067624
      46      15       2    1990      996.0000000      859.3431665
      47      16       2    1990     1370.0000000     1000.9095769
      48      17       2    1990     1540.0000000      916.3369078
      49      18       2    1990     1210.0000000      768.6516674
      50      19       2    1990      616.0000000      633.2533826
      51      20       2    1990      465.0000000      520.8552814
      52      21       2    1990      373.0000000      429.4956422
      53      22       2    1990      298.0000000      356.5167251
      54      23       2    1990      270.0000000      299.9020167
      55      24       2    1990      234.0000000      256.5345669
      56      25       2    1990      218.0000000      227.2900686
      57      26       2    1990      203.0000000      254.1536177
      58      27       2    1990      314.0000000      373.4415736
      59      28       2    1990      520.0000000      556.6362804
      60       1       3    1990      689.0000000      736.9099132
      61       2       3    1990      777.0000000      775.8742956
      62       3       3    1990      584.0000000      683.2249674
      63       4       3    1990      429.0000000      567.3394043
      64       5       3    1990      365.0000000      469.0439364
      65       6       3    1990      281.0000000      390.8799929
      66       7       3    1990      257.0000000      327.9877167
      67       8       3    1990      231.0000000      278.9790596
      68       9       3    1990      211.0000000      242.7938131
      69      10       3    1990      191.0000000      215.8381999
      70      11       3    1990      182.0000000      195.2024017
      71      12       3    1990      173.0000000      180.0276231
      72      13       3    1990      159.0000000      169.2274303
      73      14       3    1990      153.0000000      161.0600076
      74      15       3    1990      141.0000000      154.8194491
      75      16       3    1990      136.0000000      148.7549550
      76      17       3    1990      130.0000000      142.4568576
      77      18       3    1990      123.0000000      136.6711172
      78      19       3    1990      115.0000000      131.4714723
      79      20       3    1990      113.0000000      126.9672581
      80      21       3    1990      102.0000000      123.3058715
      81      22       3    1990      105.0000000      120.1390997
      82      23       3    1990      106.0000000      117.1151445
      83      24       3    1990       87.0000000      114.1029129
      84      25       3    1990       80.0000000      111.3039010
      85      26       3    1990       84.0000000      109.0886638
      86      27       3    1990       82.0000000      106.5320646
      87      28       3    1990       91.0000000      105.3997249
      88      29       3    1990       97.0000000      112.9243716
      89      30       3    1990      110.0000000      115.1077960
      90      31       3    1990       97.0000000      110.7706783
      91       1       4    1990       93.0000000      106.9504191
      92       2       4    1990       85.0000000      103.9435753
      93       3       4    1990       84.0000000      103.2243641
      94       4       4    1990       81.0000000      107.2409696
      95       5       4    1990       81.0000000      106.9400603
      96       6       4    1990       76.0000000      103.0731871
      97       7       4    1990       72.0000000      100.6666710
      98       8       4    1990       68.0000000       98.3359962
      99       9       4    1990       72.0000000       95.8851554
     100      10       4    1990       65.0000000       93.7012467
     101      11       4    1990       62.0000000       91.7886746
     102      12       4    1990       62.0000000       90.7942820
     103      13       4    1990       65.0000000       92.1827551
     104      14       4    1990       68.0000000      103.4407981
     105      15       4    1990       75.0000000      118.5302741
     106      16       4    1990       90.0000000      117.5218478
     107      17       4    1990       92.0000000      116.2639769
     108      18       4    1990       94.0000000      114.5440902
     109      19       4    1990      110.0000000      113.4695190
     110      20       4    1990       99.0000000      109.3122629
     111      21       4    1990       86.0000000      105.3444225
     112      22       4    1990       86.0000000      105.8399025
     113      23       4    1990       86.0000000      107.6784625
     114      24       4    1990       88.0000000      108.1671325
     115      25       4    1990       93.0000000      107.1837027
     116      26       4    1990       99.0000000      103.2047273
     117      27       4    1990       86.0000000       99.5835863
     118      28       4    1990       74.0000000       96.9751541
     119      29       4    1990       72.0000000       94.5370108
     120      30       4    1990       77.0000000       91.9976800
     121       1       5    1990       56.0000000       89.6123682
     122       2       5    1990       64.0000000       87.4078955
     123       3       5    1990       58.0000000       85.3581769
     124       4       5    1990       50.0000000       83.4461149
     125       5       5    1990       50.0000000       81.6576663
     126       6       5    1990       50.0000000       79.9804679
     127       7       5    1990       50.0000000       78.4052640
     128       8       5    1990       53.0000000       77.0173127
     129       9       5    1990       62.0000000       76.4448131
     130      10       5    1990       64.0000000       78.4607241
     131      11       5    1990       65.0000000       79.4192939
     132      12       5    1990       75.0000000       77.3993821
     133      13       5    1990       71.0000000       74.6348477
     134      14       5    1990       63.0000000       72.9099013
     135      15       5    1990       61.0000000       71.7142243
     136      16       5    1990       49.0000000       70.8556044
     137      17       5    1990       46.0000000       69.6978634
     138      18       5    1990       46.0000000       68.4822661
     139      19       5    1990       48.0000000       67.3676946
     140      20       5    1990       41.0000000       66.3220799
     141      21       5    1990       45.0000000       66.4630756
     142      22       5    1990       52.0000000       70.7533988
     143      23       5    1990       50.0000000       70.2919776
     144      24       5    1990       56.0000000       72.4550469
     145      25       5    1990       41.0000000       71.9245609
     146      26       5    1990       40.0000000       69.6520521
     147      27       5    1990       39.0000000       66.2428477
     148      28       5    1990       39.0000000       64.5374943
     149      29       5    1990       33.0000000       63.3518563
     150      30       5    1990       37.0000000       62.2614449
     151      31       5    1990       30.0000000       61.2282467
     152       1       6    1990       37.0000000       66.8813735
     153       2       6    1990       36.0000000       71.0226926
     154       3       6    1990       40.0000000       80.0214259
     155       4       6    1990       45.0000000       85.2955081
     156       5       6    1990       39.0000000       72.2061811
     157       6       6    1990       48.0000000       66.0954061
     158       7       6    1990       39.0000000       77.2628924
     159       8       6    1990       49.0000000      103.5556734
     160       9       6    1990       84.0000000      103.3592074
     161      10       6    1990       91.0000000       90.4214100
     162      11       6    1990       80.0000000       83.9208672
     163      12       6    1990       66.0000000       79.3224422
     164      13       6    1990       53.0000000       76.0230686
     165      14       6    1990       64.0000000       73.4751801
     166      15       6    1990       55.0000000       71.1435084
     167      16       6    1990       54.0000000       68.9891788
     168      17       6    1990       42.0000000       67.0197524
     169      18       6    1990       48.0000000       65.2114333
     170      19       6    1990       48.0000000       68.8400535
     171      20       6    1990       60.0000000       84.0581038
     172      21       6    1990       75.0000000       88.4991629
     173      22       6    1990       78.0000000       82.2946952
     174      23       6    1990       66.0000000       76.1378128
     175      24       6    1990       63.0000000       71.2803847
     176      25       6    1990       52.0000000       68.5182768
     177      26       6    1990       49.0000000       66.4517236
     178      27       6    1990       44.0000000       67.8510209
     179      28       6    1990       51.0000000       68.7975762
     180      29       6    1990       61.0000000       77.0187192
     181      30       6    1990       81.0000000      104.3313563
     182       1       7    1990       79.0000000      108.5468902
     183       2       7    1990       92.0000000       88.5792307
     184       3       7    1990       72.0000000       80.7983723
     185       4       7    1990       58.0000000       85.2392148
     186       5       7    1990       69.0000000      106.1923670
     187       6       7    1990       94.0000000      111.1422555
     188       7       7    1990      199.0000000      104.3009250
     189       8       7    1990      133.0000000      103.7555315
     190       9       7    1990      124.0000000       97.8639425
     191      10       7    1990      123.0000000       90.4968194
     192      11       7    1990       99.0000000       85.6469653
     193      12       7    1990       88.0000000       81.8800207
     194      13       7    1990       84.0000000       78.5231169
     195      14       7    1990       72.0000000       75.4823953
     196      15       7    1990       55.0000000       72.7184442
     197      16       7    1990       65.0000000       70.1986989
     198      17       7    1990       50.0000000       67.8949616
     199      18       7    1990       50.0000000       65.7827220
     200      19       7    1990       46.0000000       63.8406190
     201      20       7    1990       44.0000000       62.0499907
     202      21       7    1990       42.0000000       60.3944950
     203      22       7    1990       37.0000000       58.8597889
     204      23       7    1990       38.0000000       57.4332580
     205      24       7    1990       44.0000000       56.1037846
     206      25       7    1990       30.0000000       54.8615520
     207      26       7    1990       26.0000000       53.6978753
     208      27       7    1990       31.0000000       52.6050581
     209      28       7    1990       33.0000000       54.4511076
     210      29       7    1990       42.0000000       53.6686176
     211      30       7    1990       36.0000000       50.3116811
     212      31       7    1990       34.0000000       49.2754760
     213       1       8    1990       25.0000000       48.4103285
     214       2       8    1990       22.0000000       47.5901609
     215       3       8    1990       28.0000000       46.8092669
     216       4       8    1990       25.0000000       46.0641918
     217       5       8    1990       19.0000000       45.3518549
     218       6       8    1990       22.0000000       44.6695945
     219       7       8    1990       19.0000000       44.0151662
     220       8       8    1990       22.0000000       43.3858215
     221       9       8    1990       19.0000000       42.7794307
     222      10       8    1990       20.0000000       42.1944056
     223      11       8    1990       19.0000000       41.6291528
     224      12       8    1990       19.0000000       41.0821909
     225      13       8    1990       22.0000000       42.3021320
     226      14       8    1990       36.0000000       54.2618839
     227      15       8    1990       31.0000000       63.9541498
     228      16       8    1990       30.0000000       55.9714852
     229      17       8    1990       28.0000000       48.6113516
     230      18       8    1990       34.0000000       44.7930100
     231      19       8    1990       21.0000000       41.8954994
     232      20       8    1990       30.0000000       40.7483819
     233      21       8    1990       22.0000000       40.0421389
     234      22       8    1990       21.0000000       39.3972825
     235      23       8    1990       23.0000000       38.7828495
     236      24       8    1990       20.0000000       38.1952438
     237      25       8    1990       29.0000000       37.6329576
     238      26       8    1990       20.0000000       37.1215998
     239      27       8    1990       22.0000000       36.9886622
     240      28       8    1990       23.0000000       37.4390158
     241      29       8    1990       35.0000000       36.8077400
     242      30       8    1990       51.0000000       68.6168863
     243      31       8    1990       80.0000000      122.4655355
     244       1       9    1990       56.0000000       87.6819160
     245       2       9    1990       33.0000000       56.5194389
     246       3       9    1990       27.0000000       50.3820597
     247       4       9    1990       27.0000000       48.4741006
     248       5       9    1990       28.0000000       49.8195634
     249       6       9    1990       26.0000000       49.8843522
     250       7       9    1990       24.0000000       47.5393707
     251       8       9    1990       33.0000000       46.8486741
     252       9       9    1990       26.0000000       43.9843675
     253      10       9    1990       27.0000000       42.2941225
     254      11       9    1990       22.0000000       41.0803819
     255      12       9    1990       22.0000000       39.9994074
     256      13       9    1990       21.0000000       38.9997145
     257      14       9    1990       22.0000000       38.0706135
     258      15       9    1990       22.0000000       37.2046850
     259      16       9    1990       22.0000000       36.3954523
     260      17       9    1990       20.0000000       35.6371983
     261      18       9    1990       22.0000000       34.9248660
     262      19       9    1990       16.0000000       34.2539748
     263      20       9    1990       22.0000000       33.6205483
     264      21       9    1990       19.0000000       35.0314976
     265      22       9    1990       32.0000000       63.4775559
     266      23       9    1990       27.0000000       89.5197881
     267      24       9    1990       45.0000000       78.5166869
     268      25       9    1990       42.0000000       59.7995176
     269      26       9    1990       39.0000000       48.6236176
     270      27       9    1990       30.0000000       45.7059913
     271      28       9    1990       28.0000000       43.9870384
     272      29       9    1990       30.0000000       42.4708053
     273      30       9    1990       30.0000000       55.4791653
     274       1      10    1990       56.0000000      101.4770743
     275       2      10    1990       72.0000000      121.4542268
     276       3      10    1990       73.0000000      108.8091758
     277       4      10    1990       68.0000000      105.3749960
     278       5      10    1990       53.0000000       92.4780639
     279       6      10    1990       42.0000000       84.4559737
     280       7      10    1990       33.0000000       78.1273789
     281       8      10    1990       42.0000000       73.2712461
     282       9      10    1990       34.0000000       69.2050893
     283      10      10    1990       36.0000000       65.5875191
     284      11      10    1990       36.0000000       62.3358753
     285      12      10    1990       28.0000000       59.4060422
     286      13      10    1990       32.0000000       56.7597398
     287      14      10    1990       27.0000000       54.3631423
     288      15      10    1990       35.0000000       52.2990290
     289      16      10    1990       42.0000000       51.9180471
     290      17      10    1990       35.0000000       52.7703280
     291      18      10    1990       39.0000000       58.0477404
     292      19      10    1990       34.0000000       56.6095499
     293      20      10    1990       32.0000000       51.2564977
     294      21      10    1990       34.0000000       48.6373962
     295      22      10    1990       27.0000000       46.8960955
     296      23      10    1990       31.0000000       45.3500292
     297      24      10    1990       28.0000000       43.9311949
     298      25      10    1990       25.0000000       42.8769814
     299      26      10    1990       29.0000000       48.8756649
     300      27      10    1990       31.0000000       63.6414311
     301      28      10    1990       65.0000000      124.9670753
     302      29      10    1990       69.0000000      191.1031806
     303      30      10    1990      157.0000000      186.9910169
     304      31      10    1990      190.0000000      164.8771132
     305       1      11    1990      115.0000000      151.5199262
     306       2      11    1990      104.0000000      150.2302981
     307       3      11    1990      100.0000000      153.5154254
     308       4      11    1990      131.0000000      159.3067584
     309       5      11    1990      130.0000000      160.4103280
     310       6      11    1990      115.0000000      153.2758323
     311       7      11    1990      102.0000000      138.7292216
     312       8      11    1990       95.0000000      123.2685115
     313       9      11    1990       81.0000000      109.6739066
     314      10      11    1990       66.0000000      105.1825232
     315      11      11    1990       67.0000000      118.1348563
     316      12      11    1990       74.0000000      131.7686073
     317      13      11    1990      109.0000000      142.3746187
     318      14      11    1990       92.0000000      150.2080649
     319      15      11    1990       92.0000000      162.0178879
     320      16      11    1990      155.0000000      168.3282227
     321      17      11    1990      159.0000000      165.8024054
     322      18      11    1990      131.0000000      164.5945741
     323      19      11    1990      161.0000000      172.3158470
     324      20      11    1990      196.0000000      211.2916319
     325      21      11    1990      336.0000000      292.6206718
     326      22      11    1990      566.0000000      321.4917741
     327      23      11    1990      373.0000000      318.6560986
     328      24      11    1990      293.0000000      322.1840490
     329      25      11    1990      264.0000000      311.3484968
     330      26      11    1990      226.0000000      289.3419240
     331      27      11    1990      201.0000000      257.1606811
     332      28      11    1990      180.0000000      223.6869898
     333      29      11    1990      161.0000000      199.4424867
     334      30      11    1990      149.0000000      185.3184655
     335       1      12    1990      134.0000000      167.9741794
     336       2      12    1990      113.0000000      150.8435173
     337       3      12    1990       99.0000000      137.0577776
     338       4      12    1990      107.0000000      127.6384989
     339       5      12    1990       99.0000000      120.3973574
     340       6      12    1990       89.0000000      114.0355492
     341       7      12    1990       77.0000000      108.3401434
     342       8      12    1990       71.0000000      103.2161078
     343       9      12    1990       68.0000000       98.6022979
     344      10      12    1990       73.0000000       94.4367545
     345      11      12    1990       84.0000000       90.6650105
     346      12      12    1990       88.0000000       96.5638127
     347      13      12    1990       92.0000000      110.3594426
     348      14      12    1990      128.0000000      107.5229768
     349      15      12    1990      136.0000000      100.4886298
     350      16      12    1990      114.0000000       95.2570578
     351      17      12    1990      101.0000000       91.0374423
     352      18      12    1990       93.0000000       87.2604340
     353      19      12    1990       85.0000000       83.8512853
     354      20      12    1990       81.0000000       80.7638048
     355      21      12    1990      106.0000000       96.0144120
     356      22      12    1990      159.0000000      130.4529203
     357      23      12    1990      250.0000000      145.9238022
     358      24      12    1990      298.0000000      146.5806456
     359      25      12    1990      261.0000000      156.3742597
     360      26      12    1990      228.0000000      225.9094782
     361      27      12    1990      409.0000000      312.6200006
     362      28      12    1990      486.0000000      367.6407630
     363      29      12    1990      440.0000000      425.3214210
     364      30      12    1990      486.0000000      521.3148574
     365      31      12    1990      774.0000000      603.1279749
     366       1       1    1991      889.0000000      699.9256509
     367       2       1    1991      863.0000000      776.7635460
     368       3       1    1991      875.0000000      846.2140297
     369       4       1    1991      932.0000000      849.5953464
     370       5       1    1991      826.0000000      788.5431666
     371       6       1    1991      731.0000000      739.4964315
     372       7       1    1991      613.0000000      680.9482615
     373       8       1    1991      610.0000000      655.3473776
     374       9       1    1991      686.0000000      633.5310657
     375      10       1    1991      556.0000000      619.1021749
     376      11       1    1991      669.0000000      647.7847310
     377      12       1    1991      828.0000000      636.0621380
     378      13       1    1991      735.0000000      577.6957795
     379      14       1    1991      513.0000000      488.4005615
     380      15       1    1991      411.0000000      405.4134907
     381      16       1    1991      345.0000000      337.6312257
     382      17       1    1991      293.0000000      284.2492322
     383      18       1    1991      251.0000000      245.2438997
     384      19       1    1991      222.0000000      217.3527033
     385      20       1    1991      215.0000000      197.4380296
     386      21       1    1991      213.0000000      184.3628842
     387      22       1    1991      202.0000000      181.9734620
     388      23       1    1991      200.0000000      177.7620319
     389      24       1    1991      192.0000000      169.5053062
     390      25       1    1991      176.0000000      161.0934122
     391      26       1    1991      164.0000000      153.4720134
     392      27       1    1991      157.0000000      146.5195704
     393      28       1    1991      134.0000000      140.2299767
     394      29       1    1991      130.0000000      134.5707184
     395      30       1    1991      119.0000000      129.4627560
     396      31       1    1991      107.0000000      124.8368142
     397       1       2    1991      112.0000000      120.6334336
     398       2       2    1991      109.0000000      116.8014418
     399       3       2    1991      101.0000000      113.2966717
     400       4       2    1991       98.0000000      110.0808979
     401       5       2    1991       84.0000000      107.1209505
     402       6       2    1991       93.0000000      104.3879755
     403       7       2    1991       80.0000000      101.8568126
     404       8       2    1991       73.0000000       99.5054731
     405       9       2    1991       89.0000000       97.3146981
     406      10       2    1991       84.0000000       95.2675842
     407      11       2    1991       78.0000000       93.3492663
     408      12       2    1991       79.0000000       91.5466460
     409      13       2    1991       77.0000000       89.8481610
     410      14       2    1991       80.0000000       88.2435863
     411      15       2    1991       72.0000000       86.7238646
     412      16       2    1991       78.0000000       85.6518752
     413      17       2    1991       74.0000000       86.0677565
     414      18       2    1991       77.0000000       85.1897080
     415      19       2    1991       73.0000000       86.5531682
     416      20       2    1991       69.0000000       98.9122627
     417      21       2    1991       74.0000000      118.2106299
     418      22       2    1991       81.0000000      140.9585127
     419      23       2    1991      110.0000000      147.6475516
     420      24       2    1991      180.0000000      146.2200222
     421      25       2    1991      213.0000000      142.5479163
     422      26       2    1991      222.0000000      139.7941183
     423      27       2    1991      208.0000000      139.0201215
     424      28       2    1991      211.0000000      140.2406340
     425       1       3    1991      214.0000000      135.7946271
     426       2       3    1991      208.0000000      136.1741964
     427       3       3    1991      221.0000000      137.8550923
     428       4       3    1991      281.0000000      134.1754063
     429       5       3    1991      219.0000000      127.7774893
     430       6       3    1991      190.0000000      122.2741206
     431       7       3    1991      173.0000000      117.4911791
     432       8       3    1991      164.0000000      113.1387346
     433       9       3    1991      142.0000000      109.4705345
     434      10       3    1991      133.0000000      106.6443039
     435      11       3    1991      133.0000000      105.1648787
     436      12       3    1991      118.0000000      102.9791558
     437      13       3    1991      127.0000000       99.8567504
     438      14       3    1991      113.0000000       96.8622331
     439      15       3    1991      107.0000000       94.1335001
     440      16       3    1991      100.0000000       91.6205027
     441      17       3    1991      100.0000000       89.2978355
     442      18       3    1991       95.0000000       87.1634731
     443      19       3    1991       98.0000000      108.8190233
     444      20       3    1991      119.0000000      141.7336670
     445      21       3    1991      159.0000000      148.9549421
     446      22       3    1991      196.0000000      162.8695165
     447      23       3    1991      242.0000000      165.2218242
     448      24       3    1991      216.0000000      156.0705466
     449      25       3    1991      180.0000000      145.0335975
     450      26       3    1991      145.0000000      136.6577002
     451      27       3    1991      127.0000000      129.7664974
     452      28       3    1991      117.0000000      123.7838067
     453      29       3    1991      109.0000000      118.2659205
     454      30       3    1991      106.0000000      113.1977157
     455      31       3    1991       99.0000000      108.6234736
     456       1       4    1991       96.0000000      104.4888292
     457       2       4    1991       88.0000000      100.7389459
     458       3       4    1991       87.0000000       97.3270931
     459       4       4    1991       82.0000000       94.3879984
     460       5       4    1991       84.0000000       92.0345477
     461       6       4    1991       67.0000000       89.7135406
     462       7       4    1991       89.0000000       87.3729958
     463       8       4    1991       75.0000000       85.2337239
     464       9       4    1991       79.0000000       83.1492119
     465      10       4    1991       70.0000000       81.1458869
     466      11       4    1991       69.0000000       79.2697095
     467      12       4    1991       69.0000000       77.5192629
     468      13       4    1991       56.0000000       75.8823731
     469      14       4    1991       63.0000000       74.3475676
     470      15       4    1991       58.0000000       72.9054138
     471      16       4    1991       56.0000000       71.5475179
     472      17       4    1991       54.0000000       70.2630163
     473      18       4    1991       57.0000000       69.0630730
     474      19       4    1991       53.0000000       68.0965496
     475      20       4    1991       53.0000000       67.4529465
     476      21       4    1991       65.0000000       66.5851150
     477      22       4    1991       69.0000000       66.8166336
     478      23       4    1991       61.0000000       66.2623882
     479      24       4    1991       56.0000000       65.7997750
     480      25       4    1991       56.0000000       64.8624702
     481      26       4    1991       53.0000000       63.5011959
     482      27       4    1991       49.0000000       62.4546110
     483      28       4    1991       53.0000000       61.5120202
     484      29       4    1991       48.0000000       63.1606212
     485      30       4    1991       57.0000000       77.6419751
     486       1       5    1991       69.0000000       93.1722464
     487       2       5    1991       89.0000000       86.5903865
     488       3       5    1991      105.0000000       75.7625000
     489       4       5    1991       79.0000000       71.6225321
     490       5       5    1991       69.0000000       69.5661686
     491       6       5    1991       71.0000000       67.8781572
     492       7       5    1991       60.0000000       66.3990009
     493       8       5    1991       64.0000000       64.9300602
     494       9       5    1991       59.0000000       63.5044062
     495      10       5    1991       57.0000000       62.2313823
     496      11       5    1991       55.0000000       62.5089582
     497      12       5    1991       53.0000000       63.6239404
     498      13       5    1991       52.0000000       61.5771098
     499      14       5    1991       50.0000000       59.8299998
     500      15       5    1991       52.0000000       59.0111671
     501      16       5    1991       54.0000000       61.7180214
     502      17       5    1991       54.0000000       62.8548604
     503      18       5    1991       55.0000000       59.6414605
     504      19       5    1991       48.0000000       57.8149545
     505      20       5    1991       48.0000000       56.7283508
     506      21       5    1991       49.0000000       55.7539972
     507      22       5    1991       41.0000000       54.8278508
     508      23       5    1991       40.0000000       53.9437085
     509      24       5    1991       40.0000000       53.0980787
     510      25       5    1991       39.0000000       52.2878542
     511      26       5    1991       43.0000000       51.5102226
     512      27       5    1991       39.0000000       50.7626359
     513      28       5    1991       36.0000000       50.0427836
     514      29       5    1991       33.0000000       49.3485686
     515      30       5    1991       39.0000000       48.6780860
     516      31       5    1991       34.0000000       48.0296042
     517       1       6    1991       37.0000000       47.4015479
     518       2       6    1991       35.0000000       46.7924828
     519       3       6    1991       29.0000000       46.2011020
     520       4       6    1991       33.0000000       45.6262141
     521       5       6    1991       34.0000000       45.0673575
     522       6       6    1991       32.0000000       52.6868769
     523       7       6    1991       38.0000000       58.0606411
     524       8       6    1991       39.0000000       51.5779958
     525       9       6    1991       41.0000000       48.7774550
     526      10       6    1991       44.0000000       52.2410579
     527      11       6    1991       48.0000000       51.7182553
     528      12       6    1991       42.0000000       46.4890368
     529      13       6    1991       37.0000000       44.9387419
     530      14       6    1991       39.0000000       44.1898183
     531      15       6    1991       35.0000000       43.5279178
     532      16       6    1991       31.0000000       43.4128193
     533      17       6    1991       33.0000000       45.7620620
     534      18       6    1991       31.0000000       47.6329227
     535      19       6    1991       28.0000000       45.5246324
     536      20       6    1991       60.0000000       55.6771342
     537      21       6    1991       48.0000000       69.2325179
     538      22       6    1991       54.0000000       54.7604236
     539      23       6    1991       63.0000000       54.1331276
     540      24       6    1991       41.0000000       53.9892721
     541      25       6    1991       42.0000000       47.4020410
     542      26       6    1991       43.0000000       45.6419334
     543      27       6    1991       38.0000000       48.1099553
     544      28       6    1991       38.0000000       50.5198591
     545      29       6    1991       35.0000000       48.9995657
     546      30       6    1991       41.0000000       46.0470121
     547       1       7    1991       41.0000000       43.9970551
     548       2       7    1991       38.0000000       42.8460233
     549       3       7    1991       34.0000000       41.9576924
     550       4       7    1991       27.0000000       41.1375121
     551       5       7    1991       31.0000000       40.3639244
     552       6       7    1991       30.0000000       39.6320596
     553       7       7    1991       26.0000000       41.4185259
     554       8       7    1991       30.0000000       46.2018821
     555       9       7    1991       31.0000000       41.8604380
     556      10       7    1991       23.0000000       38.8613434
     557      11       7    1991       35.0000000       37.8837873
     558      12       7    1991       19.0000000       37.2610357
     559      13       7    1991       24.0000000       47.4695679
     560      14       7    1991       26.0000000       61.3131854
     561      15       7    1991       27.0000000       51.1678505
     562      16       7    1991       41.0000000       42.6800657
     563      17       7    1991       34.0000000       39.7538837
     564      18       7    1991       27.0000000       38.5838100
     565      19       7    1991       25.0000000       37.7610527
     566      20       7    1991       23.0000000       37.0072781
     567      21       7    1991       22.0000000       36.2972461
     568      22       7    1991       27.0000000       35.6262332
     569      23       7    1991       23.0000000       34.9906345
     570      24       7    1991       21.0000000       34.4893501
     571      25       7    1991       23.0000000       42.7959275
     572      26       7    1991       33.0000000       50.1964887
     573      27       7    1991       23.0000000       43.9684747
     574      28       7    1991       29.0000000       37.5267105
     575      29       7    1991       30.0000000       35.2752550
     576      30       7    1991       35.0000000       39.6966385
     577      31       7    1991       27.0000000       45.7447587
     578       1       8    1991       45.0000000       43.6701892
     579       2       8    1991       47.0000000       37.2528994
     580       3       8    1991       40.0000000       35.0508695
     581       4       8    1991       35.0000000       34.2104481
     582       5       8    1991       26.0000000       33.5169215
     583       6       8    1991       23.0000000       32.8667823
     584       7       8    1991       30.0000000       35.4676000
     585       8       8    1991       33.0000000       36.6782819
     586       9       8    1991       30.0000000       33.1001148
     587      10       8    1991       28.0000000       31.2630572
     588      11       8    1991       19.0000000       30.6621334
     589      12       8    1991       20.0000000       30.1411964
     590      13       8    1991       16.0000000       29.6459033
     591      14       8    1991       18.0000000       29.1732092
     592      15       8    1991       18.0000000       28.7211788
     593      16       8    1991       20.0000000       28.2880821
     594      17       8    1991       16.0000000       27.8723631
     595      18       8    1991       15.0000000       27.4726201
     596      19       8    1991       15.0000000       27.0875893
     597      20       8    1991       14.0000000       26.7161298
     598      21       8    1991       15.0000000       26.3572101
     599      22       8    1991       13.0000000       26.0100082
     600      23       8    1991       12.0000000       25.6919933
     601      24       8    1991       11.0000000       25.6031526
     602      25       8    1991       12.0000000       25.2647223
     603      26       8    1991       11.0000000       24.7978738
     604      27       8    1991       13.0000000       24.4573647
     605      28       8    1991       11.0000000       24.1592344
     606      29       8    1991       12.0000000       23.8716469
     607      30       8    1991       12.0000000       23.5909909
     608      31       8    1991       11.0000000       23.3167151
     609       1       9    1991       11.0000000       23.2730730
     610       2       9    1991       17.0000000       25.2879062
     611       3       9    1991       11.0000000       24.9214298
     612       4       9    1991       12.0000000       22.8743332
     613       5       9    1991       11.0000000       22.2549679
     614       6       9    1991       11.0000000       21.9763848
     615       7       9    1991       18.0000000       21.7259043
     616       8       9    1991       11.0000000       21.4812597
     617       9       9    1991       13.0000000       21.2414210
     618      10       9    1991       12.0000000       21.0480514
     619      11       9    1991       11.0000000       26.8240071
     620      12       9    1991       20.0000000       49.4995229
     621      13       9    1991       21.0000000       39.7327227
     622      14       9    1991       29.0000000       25.6218118
     623      15       9    1991       28.0000000       22.7209618
     624      16       9    1991       20.0000000       22.1755684
     625      17       9    1991       20.0000000       21.8032502
     626      18       9    1991       20.0000000       21.4532059
     627      19       9    1991       12.0000000       21.1189499
     628      20       9    1991       11.0000000       20.7990242
     629      21       9    1991       11.0000000       20.4922142
     630      22       9    1991       22.0000000       22.9057136
     631      23       9    1991       14.0000000       39.8809656
     632      24       9    1991       48.0000000       36.7292457
     633      25       9    1991       45.0000000       48.0448883
     634      26       9    1991       80.0000000       76.4957278
     635      27       9    1991       61.0000000       67.2930139
     636      28       9    1991       61.0000000       75.0493709
     637      29       9    1991       65.0000000       83.5729735
     638      30       9    1991       63.0000000       77.8287751
     639       1      10    1991       90.0000000       68.5348684
     640       2      10    1991       59.0000000       57.2965990
     641       3      10    1991       45.0000000       52.2027609
     642       4      10    1991       42.0000000       48.8614124
     643       5      10    1991       41.0000000       60.0177255
     644       6      10    1991       41.0000000       90.2681193
     645       7      10    1991       73.0000000       83.5320820
     646       8      10    1991       96.0000000       67.0342306
     647       9      10    1991       61.0000000       59.9526104
     648      10      10    1991       44.0000000       55.8929058
     649      11      10    1991       42.0000000       52.5332021
     650      12      10    1991       41.0000000       56.2852833
     651      13      10    1991       42.0000000       67.5067355
     652      14      10    1991       61.0000000       65.2506417
     653      15      10    1991       55.0000000       55.9361109
     654      16      10    1991       41.0000000       53.8913430
     655      17      10    1991       48.0000000       58.6148960
     656      18      10    1991       52.0000000       74.0076869
     657      19      10    1991       66.0000000       82.3442286
     658      20      10    1991       59.0000000       69.5240174
     659      21      10    1991       71.0000000       63.3972589
     660      22      10    1991       74.0000000       59.4817709
     661      23      10    1991       70.0000000       55.6849602
     662      24      10    1991       59.0000000       52.5750599
     663      25      10    1991       57.0000000       49.9170307
     664      26      10    1991       57.0000000       47.5570128
     665      27      10    1991       51.0000000       45.4272194
     666      28      10    1991       47.0000000       43.4955359
     667      29      10    1991       48.0000000       41.7390187
     668      30      10    1991       45.0000000       40.7361179
     669      31      10    1991       43.0000000       44.4967674
     670       1      11    1991       40.0000000       51.7441420
     671       2      11    1991       47.0000000       56.7048959
     672       3      11    1991       46.0000000       61.7016082
     673       4      11    1991       76.0000000       93.6009986
     674       5      11    1991       60.0000000      111.8725454
     675       6      11    1991      132.0000000      102.1874999
     676       7      11    1991      133.0000000      101.6458996
     677       8      11    1991      113.0000000      112.3633427
     678       9      11    1991      120.0000000      123.9360637
     679      10      11    1991      141.0000000      125.1092483
     680      11      11    1991      208.0000000      133.6407784
     681      12      11    1991      166.0000000      172.9359460
     682      13      11    1991      183.0000000      207.4405242
     683      14      11    1991      299.0000000      281.7741127
     684      15      11    1991      521.0000000      369.8508794
     685      16      11    1991      443.0000000      361.5792952
     686      17      11    1991      304.0000000      318.9690325
     687      18      11    1991      231.0000000      287.7908161
     688      19      11    1991      192.0000000      272.9661743
     689      20      11    1991      199.0000000      258.3612659
     690      21      11    1991      201.0000000      240.3900811
     691      22      11    1991      173.0000000      219.1502007
     692      23      11    1991      159.0000000      191.3677807
     693      24      11    1991      160.0000000      166.7901062
     694      25      11    1991      146.0000000      147.3533350
     695      26      11    1991      110.0000000      131.0969587
     696      27      11    1991      114.0000000      117.5446289
     697      28      11    1991       97.0000000      107.7929507
     698      29      11    1991       89.0000000      101.1327938
     699      30      11    1991       73.0000000       95.7291516
     700       1      12    1991       69.0000000       90.9446247
     701       2      12    1991       67.0000000       86.6408198
     702       3      12    1991       63.0000000       82.7553442
     703       4      12    1991       58.0000000       79.2379892
     704       5      12    1991       59.0000000       76.0454413
     705       6      12    1991       53.0000000       73.1401245
     706       7      12    1991       54.0000000       70.4893522
     707       8      12    1991       51.0000000       68.0646190
     708       9      12    1991       47.0000000       65.8410065
     709      10      12    1991       42.0000000       63.7966826
     710      11      12    1991       40.0000000       61.9124773
     711      12      12    1991       39.0000000       60.1715237
     712      13      12    1991       36.0000000       58.5589522
     713      14      12    1991       37.0000000       57.0616290
     714      15      12    1991       32.0000000       55.6679326
     715      16      12    1991       37.0000000       55.6255963
     716      17      12    1991       62.0000000      106.9159081
     717      18      12    1991      118.0000000      161.7178525
     718      19      12    1991      170.0000000      213.6047946
     719      20      12    1991      229.0000000      300.9904331
     720      21      12    1991      448.0000000      390.8642304
     721      22      12    1991      464.0000000      501.1678558
     722      23      12    1991      675.0000000      592.3323265
     723      24      12    1991      844.0000000      570.9726928
     724      25      12    1991      569.0000000      498.7958720
     725      26      12    1991      358.0000000      419.9330043
     726      27      12    1991      279.0000000      354.3428320
     727      28      12    1991      238.0000000      302.6663053
     728      29      12    1991      201.0000000      260.0284467
     729      30      12    1991      185.0000000      223.4791390
     730      31      12    1991      165.0000000      194.2811547
     731       1       1    1992      140.0000000      171.5009344
     732       2       1    1992      126.0000000      153.5695712
     733       3       1    1992      117.0000000      139.3276451
     734       4       1    1992      114.0000000      131.2259897
     735       5       1    1992      108.0000000      126.2436137
     736       6       1    1992      108.0000000      119.7224607
     737       7       1    1992      101.0000000      114.1623397
     738       8       1    1992       97.0000000      110.8658115
     739       9       1    1992       89.0000000      112.8620463
     740      10       1    1992      111.0000000      131.9404149
     741      11       1    1992      135.0000000      150.4490887
     742      12       1    1992      171.0000000      143.8970255
     743      13       1    1992      125.0000000      133.7835893
     744      14       1    1992      111.0000000      126.1657770
     745      15       1    1992      100.0000000      119.7335318
     746      16       1    1992       87.0000000      114.0501244
     747      17       1    1992       75.0000000      109.0185588
     748      18       1    1992       79.0000000      104.4316880
     749      19       1    1992       70.0000000      104.0986250
     750      20       1    1992       72.0000000      103.2828731
     751      21       1    1992       87.0000000       99.7618388
     752      22       1    1992       79.0000000       96.2553195
     753      23       1    1992       71.0000000       92.6401365
     754      24       1    1992       66.0000000       89.4322752
     755      25       1    1992       67.0000000       86.5124994
     756      26       1    1992       65.0000000       83.8405509
     757      27       1    1992       59.0000000       81.3877968
     758      28       1    1992       57.0000000       79.1344553
     759      29       1    1992       54.0000000       77.1977948
     760      30       1    1992       59.0000000       76.5054345
     761      31       1    1992       57.0000000       79.9066658
     762       1       2    1992       56.0000000       85.1596070
     763       2       2    1992       54.0000000       85.9102045
     764       3       2    1992       58.0000000       84.3027203
     765       4       2    1992       63.0000000       99.6300144
     766       5       2    1992       76.0000000      138.1605202
     767       6       2    1992      250.0000000      163.6836835
     768       7       2    1992      346.0000000      179.3783653
     769       8       2    1992      241.0000000      170.4403518
     770       9       2    1992      180.0000000      157.9369322
     771      10       2    1992      164.0000000      155.1281625
     772      11       2    1992      183.0000000      165.0750228
     773      12       2    1992      215.0000000      180.9139574
     774      13       2    1992      265.0000000      194.4283775
     775      14       2    1992      287.0000000      207.2249823
     776      15       2    1992      272.0000000      214.8112278
     777      16       2    1992      253.0000000      223.5626279
     778      17       2    1992      301.0000000      237.5015634
     779      18       2    1992      275.0000000      226.9636434
     780      19       2    1992      224.0000000      201.3823681
     781      20       2    1992      194.0000000      177.4603512
     782      21       2    1992      173.0000000      159.4820153
     783      22       2    1992      157.0000000      146.2100390
     784      23       2    1992      142.0000000      137.0266897
     785      24       2    1992      133.0000000      130.4754838
     786      25       2    1992      128.0000000      125.7640365
     787      26       2    1992      125.0000000      120.8185578
     788      27       2    1992      125.0000000      115.4131020
     789      28       2    1992      110.0000000      110.5517554
     790      29       2    1992      107.0000000      106.2104923
     791       1       3    1992       97.0000000      102.3484425
     792       2       3    1992       97.0000000       99.0719144
     793       3       3    1992       86.0000000       97.8734371
     794       4       3    1992       93.0000000       97.6451192
     795       5       3    1992       86.0000000       94.4039087
     796       6       3    1992       82.0000000       91.4035644
     797       7       3    1992       80.0000000       88.7347040
     798       8       3    1992       77.0000000       86.2548072
     799       9       3    1992       73.0000000       83.9606211
     800      10       3    1992       76.0000000       81.9390677
     801      11       3    1992       68.0000000       80.3144686
     802      12       3    1992       70.0000000      101.8486233
     803      13       3    1992      116.0000000      150.4751897
     804      14       3    1992      206.0000000      193.0117420
     805      15       3    1992      433.0000000      232.7962138
     806      16       3    1992      495.0000000      277.5064505
     807      17       3    1992      331.0000000      288.3620129
     808      18       3    1992      240.0000000      259.5888028
     809      19       3    1992      215.0000000      225.4624033
     810      20       3    1992      185.0000000      197.1724386
     811      21       3    1992      185.0000000      179.5402282
     812      22       3    1992      185.0000000      187.3551559
     813      23       3    1992      213.0000000      244.6043137
     814      24       3    1992      466.0000000      317.1441514
     815      25       3    1992      580.0000000      365.1966717
     816      26       3    1992      566.0000000      374.1764651
     817      27       3    1992      487.0000000      349.4480787
     818      28       3    1992      387.0000000      311.9201482
     819      29       3    1992      311.0000000      280.5921439
     820      30       3    1992      270.0000000      250.1616900
     821      31       3    1992      246.0000000      222.8333345
     822       1       4    1992      229.0000000      211.5427940
     823       2       4    1992      222.0000000      222.3962484
     824       3       4    1992      217.0000000      221.5543241
     825       4       4    1992      208.0000000      233.9114488
     826       5       4    1992      220.0000000      268.6901673
     827       6       4    1992      210.0000000      263.1462558
     828       7       4    1992      190.0000000      235.7334939
     829       8       4    1992      173.0000000      207.8396436
     830       9       4    1992      166.0000000      184.4869520
     831      10       4    1992      133.0000000      166.0756078
     832      11       4    1992      126.0000000      151.3842957
     833      12       4    1992      124.0000000      139.5051265
     834      13       4    1992      116.0000000      131.2422666
     835      14       4    1992      112.0000000      127.9857438
     836      15       4    1992      111.0000000      141.8154326
     837      16       4    1992      137.0000000      163.8630885
     838      17       4    1992      206.0000000      168.3504805
     839      18       4    1992      176.0000000      165.2596845
     840      19       4    1992      161.0000000      157.2742208
     841      20       4    1992      161.0000000      148.1700571
     842      21       4    1992      139.0000000      140.6710805
     843      22       4    1992      139.0000000      134.3611987
     844      23       4    1992      123.0000000      128.7614887
     845      24       4    1992      119.0000000      123.7088089
     846      25       4    1992      111.0000000      119.1340848
     847      26       4    1992       94.0000000      115.0073296
     848      27       4    1992       94.0000000      111.6087515
     849      28       4    1992      102.0000000      111.6846262
     850      29       4    1992      120.0000000      113.2070509
     851      30       4    1992      120.0000000      111.4392992
     852       1       5    1992      114.0000000      113.9252771
     853       2       5    1992      115.0000000      136.8965425
     854       3       5    1992      206.0000000      139.4561428
     855       4       5    1992      215.0000000      129.2111573
     856       5       5    1992      125.0000000      122.3300798
     857       6       5    1992      123.0000000      117.4432389
     858       7       5    1992      113.0000000      113.2504166
     859       8       5    1992       77.0000000      109.4510587
     860       9       5    1992       83.0000000      106.0441185
     861      10       5    1992       83.0000000      108.8902758
     862      11       5    1992       96.0000000      110.2631522
     863      12       5    1992      120.0000000      102.6049184
     864      13       5    1992       80.0000000       98.2820735
     865      14       5    1992       76.0000000       95.6425699
     866      15       5    1992       69.0000000       93.2101428
     867      16       5    1992       63.0000000       90.9502876
     868      17       5    1992       61.0000000       88.8480464
     869      18       5    1992       60.0000000       86.8871229
     870      19       5    1992       59.0000000       85.0529540
     871      20       5    1992       67.0000000       83.3327658
     872      21       5    1992       51.0000000       81.7172239
     873      22       5    1992       44.0000000       80.1979515
     874      23       5    1992       42.0000000       78.7594027
     875      24       5    1992       51.0000000       77.3957865
     876      25       5    1992       42.0000000       76.2055022
     877      26       5    1992       54.0000000       82.8565626
     878      27       5    1992       53.0000000       83.4218191
     879      28       5    1992       59.0000000       75.6591958
     880      29       5    1992       55.0000000       76.4540193
     881      30       5    1992       54.0000000       77.8730235
     882      31       5    1992       48.0000000       75.1370612
     883       1       6    1992       63.0000000       74.4272032
     884       2       6    1992       61.0000000       75.6850714
     885       3       6    1992       55.0000000       75.8109837
     886       4       6    1992       75.0000000       78.1484055
     887       5       6    1992       53.0000000       93.8222735
     888       6       6    1992       77.0000000       98.8666474
     889       7       6    1992      114.0000000       92.2160486
     890       8       6    1992      167.0000000       97.5359599
     891       9       6    1992      116.0000000       99.5714854
     892      10       6    1992       91.0000000       87.7541051
     893      11       6    1992       85.0000000       83.2599693
     894      12       6    1992       68.0000000       80.7556312
     895      13       6    1992       71.0000000       78.5923282
     896      14       6    1992       63.0000000       76.5945959
     897      15       6    1992       59.0000000       74.7397593
     898      16       6    1992       46.0000000       73.0127474
     899      17       6    1992       44.0000000       71.4003791
     900      18       6    1992       39.0000000       69.8910305
     901      19       6    1992       41.0000000       68.4810543
     902      20       6    1992       44.0000000       67.9236495
     903      21       6    1992       39.0000000       67.1983322
     904      22       6    1992       32.0000000       65.3491118
     905      23       6    1992       40.0000000       66.0978251
     906      24       6    1992       41.0000000       72.4223561
     907      25       6    1992       42.0000000       70.6579542
     908      26       6    1992       42.0000000       65.9740124
     909      27       6    1992       48.0000000       63.2684683
     910      28       6    1992       37.0000000       61.6117847
     911      29       6    1992       40.0000000       60.4842656
     912      30       6    1992       29.0000000       59.4614946
     913       1       7    1992       30.0000000       58.6248297
     914       2       7    1992       36.0000000       58.0675847
     915       3       7    1992       29.0000000       57.7720523
     916       4       7    1992       36.0000000       64.7445587
     917       5       7    1992       50.0000000       78.6396667
     918       6       7    1992       78.0000000       80.1226362
     919       7       7    1992       54.0000000       72.6800961
     920       8       7    1992       57.0000000       63.8887863
     921       9       7    1992       51.0000000       59.9241573
     922      10       7    1992       47.0000000       66.2919429
     923      11       7    1992       46.0000000       80.2797811
     924      12       7    1992       76.0000000       85.3075464
     925      13       7    1992       72.0000000       78.3791229
     926      14       7    1992       67.0000000       71.7968633
     927      15       7    1992       63.0000000       65.9999745
     928      16       7    1992       47.0000000       63.4098937
     929      17       7    1992       47.0000000       61.6820555
     930      18       7    1992       42.0000000       60.1300000
     931      19       7    1992       41.0000000       58.6904947
     932      20       7    1992       39.0000000       57.3500713
     933      21       7    1992       37.0000000       56.1638972
     934      22       7    1992       33.0000000       56.2598147
     935      23       7    1992       33.0000000       56.3123893
     936      24       7    1992       33.0000000       54.0844399
     937      25       7    1992       37.0000000       52.6328204
     938      26       7    1992       26.0000000       51.6262542
     939      27       7    1992       24.0000000       50.7053241
     940      28       7    1992       26.0000000       49.8328029
     941      29       7    1992       29.0000000       49.0031753
     942      30       7    1992       19.0000000       48.2125886
     943      31       7    1992       22.0000000       47.6508051
     944       1       8    1992       28.0000000       48.5555182
     945       2       8    1992       35.0000000       47.7451276
     946       3       8    1992       29.0000000       45.9534989
     947       4       8    1992       36.0000000       45.0839480
     948       5       8    1992       52.0000000       44.4311034
     949       6       8    1992       74.0000000       43.8119713
     950       7       8    1992       54.0000000       43.2150196
     951       8       8    1992       57.0000000       42.6382946
     952       9       8    1992       48.0000000       43.2138154
     953      10       8    1992       47.0000000       45.4608065
     954      11       8    1992       46.0000000       47.6644110
     955      12       8    1992       75.0000000       53.3284735
     956      13       8    1992       73.0000000       53.5927953
     957      14       8    1992       66.0000000       52.5504523
     958      15       8    1992       60.0000000       49.2587691
     959      16       8    1992       47.0000000       46.4325793
     960      17       8    1992       46.0000000       42.5849108
     961      18       8    1992       42.0000000       41.1954180
     962      19       8    1992       41.0000000       40.6506365
     963      20       8    1992       40.0000000       45.3145816
     964      21       8    1992       37.0000000       48.2240286
     965      22       8    1992       32.0000000       42.5942004
     966      23       8    1992       32.0000000       41.2462405
     967      24       8    1992       32.0000000       40.0596302
     968      25       8    1992       36.0000000       38.8209120
     969      26       8    1992       27.0000000       38.0064851
     970      27       8    1992       25.0000000       37.3895928
     971      28       8    1992       25.0000000       37.3819069
     972      29       8    1992       28.0000000       39.1319032
     973      30       8    1992       20.0000000       46.8468295
     974      31       8    1992       22.0000000       63.6097316
     975       1       9    1992       49.0000000       86.0228887
     976       2       9    1992       77.0000000       80.9662175
     977       3       9    1992       67.0000000       66.3591611
     978       4       9    1992       45.0000000       59.6370631
     979       5       9    1992       44.0000000       58.7813023
     980       6       9    1992       64.0000000       54.2469042
     981       7       9    1992       52.0000000       49.1579859
     982       8       9    1992       40.0000000       46.7547729
     983       9       9    1992       30.0000000       45.1677326
     984      10       9    1992       34.0000000       43.7594205
     985      11       9    1992       32.0000000       42.5029955
     986      12       9    1992       36.0000000       41.5538008
     987      13       9    1992       28.0000000       40.6425311
     988      14       9    1992       33.0000000       39.7443757
     989      15       9    1992       35.0000000       39.3127041
     990      16       9    1992       30.0000000       39.0698780
     991      17       9    1992       32.0000000       37.7317127
     992      18       9    1992       29.0000000       36.6863127
     993      19       9    1992       30.0000000       35.9446819
     994      20       9    1992       28.0000000       35.3967128
     995      21       9    1992       29.0000000       34.6073344
     996      22       9    1992       29.0000000       33.8808159
     997      23       9    1992       27.0000000       33.2525227
     998      24       9    1992       27.0000000       32.6652584
     999      25       9    1992       23.0000000       32.1049152
    1000      26       9    1992       28.0000000       31.5707033
    1001      27       9    1992       25.0000000       31.0615103
    1002      28       9    1992       25.0000000       30.6250723
    1003      29       9    1992       27.0000000       31.3171883
    1004      30       9    1992       25.0000000       31.9546458
    1005       1      10    1992       27.0000000       30.2163686
    1006       2      10    1992       33.0000000       29.7234476
    1007       3      10    1992       29.0000000       31.5226861
    1008       4      10    1992       31.0000000       31.9842938
    1009       5      10    1992       25.0000000       34.1684618
    1010       6      10    1992       25.0000000       43.5626844
    1011       7      10    1992       36.0000000       41.2677150
    1012       8      10    1992       42.0000000       33.4775125
    1013       9      10    1992       43.0000000       30.6201936
    1014      10      10    1992       26.0000000       32.5891545
    1015      11      10    1992       27.0000000       36.6806818
    1016      12      10    1992       27.0000000       34.2069537
    1017      13      10    1992       26.0000000       30.9183744
    1018      14      10    1992       26.0000000       29.8970250
    1019      15      10    1992       23.0000000       34.9758444
    1020      16      10    1992       21.0000000       40.8428225
    1021      17      10    1992       26.0000000       37.5220993
    1022      18      10    1992       34.0000000       35.4684663
    1023      19      10    1992       37.0000000       35.7451987
    1024      20      10    1992       31.0000000       37.9517768
    1025      21      10    1992       31.0000000       39.6801397
    1026      22      10    1992       35.0000000       36.9573979
    1027      23      10    1992       33.0000000       45.5329475
    1028      24      10    1992       40.0000000       87.1798944
    1029      25      10    1992       74.0000000      130.0124504
    1030      26      10    1992      161.0000000      141.4784909
    1031      27      10    1992      285.0000000      145.2097836
    1032      28      10    1992      244.0000000      160.8634707
    1033      29      10    1992      263.0000000      171.7798312
    1034      30      10    1992      276.0000000      176.1049088
    1035      31      10    1992      186.0000000      156.1533474
    1036       1      11    1992      154.0000000      136.0022973
    1037       2      11    1992      112.0000000      129.0068677
    1038       3      11    1992      104.0000000      128.5530068
    1039       4      11    1992       96.0000000      124.3721965
    1040       5      11    1992       99.0000000      118.5312734
    1041       6      11    1992      126.0000000      106.6844022
    1042       7      11    1992       91.0000000       95.9047139
    1043       8      11    1992       84.0000000       90.4785256
    1044       9      11    1992       81.0000000       90.3398536
    1045      10      11    1992       85.0000000      103.5643899
    1046      11      11    1992      126.0000000      147.2747746
    1047      12      11    1992      279.0000000      198.7028931
    1048      13      11    1992      390.0000000      227.3871079
    1049      14      11    1992      294.0000000      241.4010812
    1050      15      11    1992      260.0000000      272.6294990
    1051      16      11    1992      398.0000000      358.5229581
    1052      17      11    1992      520.0000000      443.6870381
    1053      18      11    1992      487.0000000      442.6781097
    1054      19      11    1992      380.0000000      439.4908724
    1055      20      11    1992      385.0000000      418.7588833
    1056      21      11    1992      351.0000000      390.4824032
    1057      22      11    1992      309.0000000      429.7476354
    1058      23      11    1992      587.0000000      444.9835472
    1059      24      11    1992      661.0000000      399.0574355
    1060      25      11    1992      447.0000000      360.8035437
    1061      26      11    1992      361.0000000      356.2816798
    1062      27      11    1992      351.0000000      359.5397820
    1063      28      11    1992      353.0000000      369.6570119
    1064      29      11    1992      369.0000000      407.7508858
    1065      30      11    1992      452.0000000      454.7340084
    1066       1      12    1992      441.0000000      434.0069129
    1067       2      12    1992      348.0000000      409.0182029
    1068       3      12    1992      394.0000000      436.5262668
    1069       4      12    1992      455.0000000      464.5763389
    1070       5      12    1992      491.0000000      502.9617026
    1071       6      12    1992      469.0000000      499.7040295
    1072       7      12    1992      364.0000000      474.2767010
    1073       8      12    1992      338.0000000      437.7243441
    1074       9      12    1992      334.0000000      382.8059904
    1075      10      12    1992      268.0000000      325.1266980
    1076      11      12    1992      236.0000000      291.0090656
    1077      12      12    1992      230.0000000      289.3010225
    1078      13      12    1992      239.0000000      277.3446336
    1079      14      12    1992      256.0000000      249.6868443
    1080      15      12    1992      217.0000000      217.3113297
    1081      16      12    1992      201.0000000      195.9384063
    1082      17      12    1992      188.0000000      183.7897827
    1083      18      12    1992      176.0000000      175.3474748
    1084      19      12    1992      170.0000000      167.8446721
    1085      20      12    1992      168.0000000      160.8839898
    1086      21      12    1992      131.0000000      157.2042498
    1087      22      12    1992      133.0000000      160.2792181
    1088      23      12    1992      134.0000000      156.2383297
    1089      24      12    1992      127.0000000      146.9034717
    1090      25      12    1992      117.0000000      139.3621161
    1091      26      12    1992      113.0000000      132.8688063
    1092      27      12    1992      100.0000000      127.0591358
    1093      28      12    1992       94.0000000      121.8258638
    1094      29      12    1992       87.0000000      117.0958165
    1095      30      12    1992       86.0000000      112.8070175
    1096      31      12    1992       81.0000000      108.9061441
    1097       1       1    1993       77.0000000      105.3471635
    1098       2       1    1993       76.0000000      102.0902220
    1099       3       1    1993       61.0000000       99.1007229
    1100       4       1    1993       61.0000000       96.3485558
    1101       5       1    1993       57.0000000       93.8074506
    1102       6       1    1993       66.0000000      100.2644167
    1103       7       1    1993       67.0000000      116.4730535
    1104       8       1    1993       84.0000000      124.8887066
    1105       9       1    1993       90.0000000      132.3823551
    1106      10       1    1993      113.0000000      160.3507005
    1107      11       1    1993      265.0000000      264.9382994
    1108      12       1    1993      559.0000000      436.8211965
    1109      13       1    1993      832.0000000      512.4026582
    1110      14       1    1993      601.0000000      498.4882495
    1111      15       1    1993      436.0000000      433.0773604
    1112      16       1    1993      339.0000000      360.5234159
    1113      17       1    1993      292.0000000      302.2616259
    1114      18       1    1993      247.0000000      261.8988837
    1115      19       1    1993      218.0000000      231.5791264
    1116      20       1    1993      205.0000000      208.7870933
    1117      21       1    1993      190.0000000      192.8818841
    1118      22       1    1993      176.0000000      182.5170638
    1119      23       1    1993      173.0000000      173.6550981
    1120      24       1    1993      173.0000000      180.1492734
    1121      25       1    1993      199.0000000      231.6183382
    1122      26       1    1993      361.0000000      279.8595268
    1123      27       1    1993      295.0000000      277.4142605
    1124      28       1    1993      238.0000000      279.6977505
    1125      29       1    1993      263.0000000      285.3925757
    1126      30       1    1993      245.0000000      271.9183283
    1127      31       1    1993      222.0000000      244.4683839
    1128       1       2    1993      199.0000000      216.2809181
    1129       2       2    1993      186.0000000      194.2399286
    1130       3       2    1993      171.0000000      176.9315547
    1131       4       2    1993      157.0000000      162.9973384
    1132       5       2    1993      159.0000000      152.7039053
    1133       6       2    1993      129.0000000      144.9999374
    1134       7       2    1993      119.0000000      138.6654186
    1135       8       2    1993      119.0000000      133.0024566
    1136       9       2    1993      105.0000000      127.8592312
    1137      10       2    1993      106.0000000      123.1932757
    1138      11       2    1993      105.0000000      118.9478525
    1139      12       2    1993       95.0000000      115.0732292
    1140      13       2    1993       91.0000000      111.5263216
    1141      14       2    1993       88.0000000      108.2697106
    1142      15       2    1993       84.0000000      105.2708140
    1143      16       2    1993       83.0000000      102.6736187
    1144      17       2    1993       79.0000000      101.1991952
    1145      18       2    1993       78.0000000      100.9506582
    1146      19       2    1993       84.0000000      100.8030684
    1147      20       2    1993       91.0000000      104.2216088
    1148      21       2    1993       91.0000000      114.3527757
    1149      22       2    1993       90.0000000      115.6802274
    1150      23       2    1993      103.0000000      114.0511137
    1151      24       2    1993       94.0000000      109.4187863
    1152      25       2    1993       81.0000000      105.5418631
    1153      26       2    1993       78.0000000      102.3171315
    1154      27       2    1993       75.0000000      100.8250075
    1155      28       2    1993       76.0000000      101.1383116
    1156       1       3    1993       80.0000000       99.3581658
    1157       2       3    1993       75.0000000       97.0467031
    1158       3       3    1993       76.0000000       95.2378449
    1159       4       3    1993       72.0000000       93.5767648
    1160       5       3    1993       65.0000000       91.2505797
    1161       6       3    1993       64.0000000       89.0213297
    1162       7       3    1993       64.0000000       86.9686715
    1163       8       3    1993       68.0000000       85.4519167
    1164       9       3    1993       68.0000000       84.5259254
    1165      10       3    1993       67.0000000       83.1035467
    1166      11       3    1993       61.0000000       82.7251321
    1167      12       3    1993       57.0000000       83.5041864
    1168      13       3    1993       58.0000000       83.8409141
    1169      14       3    1993       54.0000000       82.4983704
    1170      15       3    1993       66.0000000       80.6904598
    1171      16       3    1993       54.0000000       79.0495674
    1172      17       3    1993       57.0000000       77.5686127
    1173      18       3    1993       57.0000000       76.1928033
    1174      19       3    1993       52.0000000       74.8872547
    1175      20       3    1993       57.0000000       73.6367647
    1176      21       3    1993       58.0000000       72.5363985
    1177      22       3    1993       57.0000000       75.8321427
    1178      23       3    1993       56.0000000       84.7570515
    1179      24       3    1993       63.0000000       86.2565075
    1180      25       3    1993       76.0000000       81.8589241
    1181      26       3    1993       56.0000000       79.2346686
    1182      27       3    1993       59.0000000       77.4045900
    1183      28       3    1993       59.0000000       75.7400674
    1184      29       3    1993       54.0000000       74.1788482
    1185      30       3    1993       48.0000000       72.7094062
    1186      31       3    1993       55.0000000       71.3230960
    1187       1       4    1993       48.0000000       70.1438445
    1188       2       4    1993       53.0000000       70.5159369
    1189       3       4    1993       47.0000000       72.1467417
    1190       4       4    1993       59.0000000       74.3443710
    1191       5       4    1993       53.0000000       83.2058823
    1192       6       4    1993       64.0000000       91.1737892
    1193       7       4    1993       63.0000000       89.0938118
    1194       8       4    1993       75.0000000       84.3286612
    1195       9       4    1993       64.0000000       81.3052058
    1196      10       4    1993       59.0000000       79.4901119
    1197      11       4    1993       60.0000000       82.0119546
    1198      12       4    1993       63.0000000       83.6543165
    1199      13       4    1993       69.0000000       81.8901717
    1200      14       4    1993       79.0000000       80.9511501
    1201      15       4    1993       82.0000000       79.2627827
    1202      16       4    1993       68.0000000       77.1794984
    1203      17       4    1993       56.0000000       75.3588337
    1204      18       4    1993       59.0000000       73.6046073
    1205      19       4    1993       61.0000000       71.9290588
    1206      20       4    1993       62.0000000       70.2938975
    1207      21       4    1993       57.0000000       68.6946419
    1208      22       4    1993       53.0000000       67.1924893
    1209      23       4    1993       47.0000000       65.7871963
    1210      24       4    1993       46.0000000       64.4618036
    1211      25       4    1993       47.0000000       63.2124479
    1212      26       4    1993       45.0000000       62.0325572
    1213      27       4    1993       43.0000000       60.9157278
    1214      28       4    1993       41.0000000       59.8564029
    1215      29       4    1993       38.0000000       58.8556365
    1216      30       4    1993       39.0000000       58.2586098
    1217       1       5    1993       40.0000000       57.5384906
    1218       2       5    1993       41.0000000       56.6755021
    1219       3       5    1993       45.0000000       56.5113326
    1220       4       5    1993       49.0000000       55.7939851
    1221       5       5    1993       40.0000000       54.6963793
    1222       6       5    1993       43.0000000       53.8368905
    1223       7       5    1993       38.0000000       53.4883203
    1224       8       5    1993       38.0000000       53.3061967
    1225       9       5    1993       43.0000000       52.0782141
    1226      10       5    1993       44.0000000       51.6903641
    1227      11       5    1993       41.0000000       52.2935054
    1228      12       5    1993       51.0000000       58.1259112
    1229      13       5    1993       63.0000000       81.6698588
    1230      14       5    1993       68.0000000       79.8892142
    1231      15       5    1993       77.0000000       62.4834381
    1232      16       5    1993       77.0000000       57.9343539
    1233      17       5    1993       59.0000000       56.1370008
    1234      18       5    1993       49.0000000       54.7846213
    1235      19       5    1993       43.0000000       56.3454341
    1236      20       5    1993       44.0000000       58.0612669
    1237      21       5    1993       48.0000000       59.2490842
    1238      22       5    1993       44.0000000       58.5555709
    1239      23       5    1993       46.0000000       54.3249597
    1240      24       5    1993       40.0000000       52.3076472
    1241      25       5    1993       43.0000000       51.1376069
    1242      26       5    1993       30.0000000       50.6316292
    1243      27       5    1993       45.0000000       53.4966296
    1244      28       5    1993       43.0000000       60.0505144
    1245      29       5    1993       44.0000000       59.3846039
    1246      30       5    1993       54.0000000       56.1313879
    1247      31       5    1993       56.0000000       54.7699515
    1248       1       6    1993       44.0000000       51.9772721
    1249       2       6    1993       43.0000000       50.4498445
    1250       3       6    1993       33.0000000       50.5133474
    1251       4       6    1993       45.0000000       51.4377075
    1252       5       6    1993       46.0000000       49.6153723
    1253       6       6    1993       42.0000000       47.7061868
    1254       7       6    1993       40.0000000       46.5445007
    1255       8       6    1993       30.0000000       45.6241068
    1256       9       6    1993       31.0000000       44.7839661
    1257      10       6    1993       32.0000000       44.1729618
    1258      11       6    1993       25.0000000       43.7477658
    1259      12       6    1993       33.0000000       43.6868781
    1260      13       6    1993       29.0000000       44.1161466
    1261      14       6    1993       40.0000000       42.8444605
    1262      15       6    1993       42.0000000       42.2626368
    1263      16       6    1993       37.0000000       42.2249387
    1264      17       6    1993       46.0000000       42.3546232
    1265      18       6    1993       47.0000000       41.4489794
    1266      19       6    1993       50.0000000       40.3248019
    1267      20       6    1993       43.0000000       49.9710377
    1268      21       6    1993       69.0000000       65.7428043
    1269      22       6    1993       61.0000000       55.1449543
    1270      23       6    1993       67.0000000       64.4635714
    1271      24       6    1993       77.0000000       66.1082668
    1272      25       6    1993       87.0000000       55.1139031
    1273      26       6    1993       55.0000000       51.0649443
    1274      27       6    1993       43.0000000       49.3456207
    1275      28       6    1993       40.0000000       47.9333958
    1276      29       6    1993       30.0000000       46.6350375
    1277      30       6    1993       40.0000000       45.4314438
    1278       1       7    1993       40.0000000       44.4911540
    1279       2       7    1993       27.0000000       45.2700866
    1280       3       7    1993       34.0000000       44.4535821
    1281       4       7    1993       30.0000000       42.4546587
    1282       5       7    1993       31.0000000       41.4606943
    1283       6       7    1993       27.0000000       40.4704917
    1284       7       7    1993       31.0000000       39.6458474
    1285       8       7    1993       26.0000000       38.8698025
    1286       9       7    1993       23.0000000       38.1895765
    1287      10       7    1993       24.0000000       38.6597640
    1288      11       7    1993       25.0000000       39.6369732
    1289      12       7    1993       34.0000000       43.4514454
    1290      13       7    1993       40.0000000       49.6333772
    1291      14       7    1993       41.0000000       58.0255029
    1292      15       7    1993       46.0000000       59.9936401
    1293      16       7    1993       39.0000000       48.3050741
    1294      17       7    1993       43.0000000       42.6482290
    1295      18       7    1993       35.0000000       41.0216850
    1296      19       7    1993       49.0000000       49.4525106
    1297      20       7    1993       38.0000000       57.0360635
    1298      21       7    1993       41.0000000       51.2400972
    1299      22       7    1993       45.0000000       47.7355346
    1300      23       7    1993       41.0000000       45.1520539
    1301      24       7    1993       42.0000000       42.0521491
    1302      25       7    1993       40.0000000       40.5856972
    1303      26       7    1993       35.0000000       39.5854445
    1304      27       7    1993       40.0000000       50.1524516
    1305      28       7    1993       40.0000000       54.0116415
    1306      29       7    1993       36.0000000       42.1617770
    1307      30       7    1993       40.0000000       61.7530756
    1308      31       7    1993       61.0000000       88.1645387
    1309       1       8    1993       36.0000000       65.7673849
    1310       2       8    1993       46.0000000       51.8078537
    1311       3       8    1993       32.0000000       48.1041184
    1312       4       8    1993       38.0000000       46.1966537
    1313       5       8    1993       32.0000000       44.5467506
    1314       6       8    1993       25.0000000       43.0424952
    1315       7       8    1993       26.0000000       41.6654166
    1316       8       8    1993       29.0000000       40.3994235
    1317       9       8    1993       29.0000000       41.6408235
    1318      10       8    1993       28.0000000       47.2828350
    1319      11       8    1993       37.0000000       44.3307833
    1320      12       8    1993       40.0000000       41.1780048
    1321      13       8    1993       49.0000000       38.4186289
    1322      14       8    1993       32.0000000       38.0880446
    1323      15       8    1993       37.0000000       38.8405557
    1324      16       8    1993       37.0000000       36.7314540
    1325      17       8    1993       27.0000000       35.1866581
    1326      18       8    1993       24.0000000       34.3116512
    1327      19       8    1993       24.0000000       33.5378852
    1328      20       8    1993       22.0000000       32.8158555
    1329      21       8    1993       21.0000000       32.1382213
    1330      22       8    1993       16.0000000       31.5346987
    1331      23       8    1993       21.0000000       32.4041950
    1332      24       8    1993       27.0000000       34.0781773
    1333      25       8    1993       26.0000000       31.4939696
    1334      26       8    1993       23.0000000       30.0162837
    1335      27       8    1993       21.0000000       29.5168303
    1336      28       8    1993       28.0000000       31.3409913
    1337      29       8    1993       17.0000000       31.9692118
    1338      30       8    1993       24.0000000       29.2996970
    1339      31       8    1993       25.0000000       28.1894092
    1340       1       9    1993       25.0000000       27.6896053
    1341       2       9    1993       19.0000000       27.2570562
    1342       3       9    1993       17.0000000       26.9859012
    1343       4       9    1993       16.0000000       30.2065192
    1344       5       9    1993       19.0000000       32.2851563
    1345       6       9    1993       23.0000000       28.1500017
    1346       7       9    1993       25.0000000       37.2881370
    1347       8       9    1993       34.0000000       44.5044359
    1348       9       9    1993       31.0000000       37.5846823
    1349      10       9    1993       35.0000000       61.1050444
    1350      11       9    1993       53.0000000       81.4460306
    1351      12       9    1993       71.0000000       99.8433653
    1352      13       9    1993       74.0000000      103.6685736
    1353      14       9    1993       87.0000000      127.1294879
    1354      15       9    1993      173.0000000      134.1593453
    1355      16       9    1993      117.0000000      111.5436297
    1356      17       9    1993       93.0000000       91.7233174
    1357      18       9    1993       77.0000000       83.5363146
    1358      19       9    1993       62.0000000       77.5160879
    1359      20       9    1993       54.0000000       72.3899551
    1360      21       9    1993       48.0000000       68.9051343
    1361      22       9    1993       46.0000000       75.4736134
    1362      23       9    1993       55.0000000       87.3643485
    1363      24       9    1993       66.0000000       89.9877730
    1364      25       9    1993       64.0000000       86.4682331
    1365      26       9    1993       52.0000000       79.1612384
    1366      27       9    1993       68.0000000       72.5783795
    1367      28       9    1993       69.0000000       68.9889817
    1368      29       9    1993       62.0000000       71.2897274
    1369      30       9    1993       76.0000000       69.2958605
    1370       1      10    1993       72.0000000       74.8636201
    1371       2      10    1993       68.0000000       85.4901291
    1372       3      10    1993       72.0000000       83.2232162
    1373       4      10    1993       78.0000000       83.1930882
    1374       5      10    1993      116.0000000      116.3339660
    1375       6      10    1993      131.0000000      143.5833189
    1376       7      10    1993      180.0000000      134.8706291
    1377       8      10    1993      203.0000000      124.7472392
    1378       9      10    1993      164.0000000      127.9520642
    1379      10      10    1993      178.0000000      142.1440172
    1380      11      10    1993      161.0000000      171.3535057
    1381      12      10    1993      287.0000000      189.2261129
    1382      13      10    1993      360.0000000      219.3010126
    1383      14      10    1993      374.0000000      260.6630107
    1384      15      10    1993      297.0000000      254.7163306
    1385      16      10    1993      247.0000000      233.6862785
    1386      17      10    1993      273.0000000      236.6445722
    1387      18      10    1993      261.0000000      233.1760174
    1388      19      10    1993      265.0000000      213.2695333
    1389      20      10    1993      230.0000000      189.0780273
    1390      21      10    1993      199.0000000      165.6026392
    1391      22      10    1993      173.0000000      148.3183568
    1392      23      10    1993      182.0000000      144.2727428
    1393      24      10    1993      203.0000000      155.0448283
    1394      25      10    1993      213.0000000      150.5467022
    1395      26      10    1993      180.0000000      136.1133306
    1396      27      10    1993      154.0000000      122.7097567
    1397      28      10    1993      118.0000000      113.3387804
    1398      29      10    1993      112.0000000      106.4742130
    1399      30      10    1993       98.0000000      100.5958612
    1400      31      10    1993       97.0000000       95.3552736
    1401       1      11    1993       91.0000000       90.6547755
    1402       2      11    1993       85.0000000       86.4258323
    1403       3      11    1993       75.0000000       82.6102412
    1404       4      11    1993       76.0000000       79.1579216
    1405       5      11    1993       78.0000000       76.0256380
    1406       6      11    1993       72.0000000       73.1900256
    1407       7      11    1993       76.0000000       71.7494940
    1408       8      11    1993       69.0000000       70.1050855
    1409       9      11    1993       66.0000000       67.3845414
    1410      10      11    1993       71.0000000       66.4738283
    1411      11      11    1993       64.0000000       69.1986000
    1412      12      11    1993       67.0000000       74.7275880
    1413      13      11    1993       80.0000000       81.9040193
    1414      14      11    1993       78.0000000       92.6439978
    1415      15      11    1993       80.0000000      105.4062838
    1416      16      11    1993       86.0000000      103.1052148
    1417      17      11    1993      125.0000000       98.5603881
    1418      18      11    1993       96.0000000       91.9641121
    1419      19      11    1993       82.0000000       87.2461363
    1420      20      11    1993       77.0000000       83.3712992
    1421      21      11    1993       67.0000000       79.8880545
    1422      22      11    1993       71.0000000       76.7263315
    1423      23      11    1993       61.0000000       73.8480311
    1424      24      11    1993       42.0000000       71.2208002
    1425      25      11    1993       63.0000000       68.8218531
    1426      26      11    1993       57.0000000       66.9975292
    1427      27      11    1993       58.0000000       65.8194101
    1428      28      11    1993       49.0000000       63.8686223
    1429      29      11    1993       50.0000000       61.9946359
    1430      30      11    1993       55.0000000       60.3274527
    1431       1      12    1993       54.0000000       58.7861529
    1432       2      12    1993       54.0000000       61.3631032
    1433       3      12    1993       50.0000000       62.9412019
    1434       4      12    1993       51.0000000       62.4508449
    1435       5      12    1993       62.0000000       62.0525859
    1436       6      12    1993       62.0000000       59.5302987
    1437       7      12    1993       71.0000000       73.3274859
    1438       8      12    1993       79.0000000      109.7994595
    1439       9      12    1993      153.0000000      140.5066070
    1440      10      12    1993      291.0000000      171.1498758
    1441      11      12    1993      332.0000000      223.1699928
    1442      12      12    1993      465.0000000      293.2882071
    1443      13      12    1993      518.0000000      354.8948186
    1444      14      12    1993      539.0000000      383.6377740
    1445      15      12    1993      559.0000000      408.8923667
    1446      16      12    1993      500.0000000      447.6636607
    1447      17      12    1993      526.0000000      493.9395867
    1448      18      12    1993      583.0000000      520.7371192
    1449      19      12    1993      677.0000000      558.7402608
    1450      20      12    1993      781.0000000      728.2889190
    1451      21      12    1993     1180.0000000      934.5516083
    1452      22      12    1993     1460.0000000     1001.5365953
    1453      23      12    1993     1600.0000000     1036.9444060
    1454      24      12    1993     1410.0000000     1057.0500094
    1455      25      12    1993     1230.0000000     1022.2317612
    1456      26      12    1993     1070.0000000      885.9355035
    1457      27      12    1993      746.0000000      730.2816484
    1458      28      12    1993      542.0000000      608.9724649
    1459      29      12    1993      492.0000000      538.3971751
    1460      30      12    1993      491.0000000      542.3591832
    1461      31      12    1993      617.0000000      612.0139952
