      No     Day     Mon    Year  Qobs_0000000398  Qsim_0000000398
       1       1       1    1990      157.0000000       13.5292542
       2       2       1    1990      129.0000000       50.3057976
       3       3       1    1990      117.0000000       81.9131755
       4       4       1    1990      111.0000000       92.0258929
       5       5       1    1990      112.0000000       90.2847694
       6       6       1    1990       93.0000000       88.1354811
       7       7       1    1990       87.0000000       87.6409644
       8       8       1    1990       84.0000000       83.3078247
       9       9       1    1990       80.0000000       83.9342482
      10      10       1    1990       78.0000000       82.9365236
      11      11       1    1990       78.0000000       73.8406475
      12      12       1    1990       77.0000000       67.1753885
      13      13       1    1990       76.0000000       64.0475453
      14      14       1    1990       73.0000000       63.7278964
      15      15       1    1990       66.0000000       64.9131720
      16      16       1    1990       76.0000000       68.0598412
      17      17       1    1990       73.0000000       66.8180919
      18      18       1    1990       71.0000000       65.0190582
      19      19       1    1990       90.0000000       62.4657258
      20      20       1    1990       82.0000000       59.1015333
      21      21       1    1990       80.0000000       55.3554556
      22      22       1    1990       81.0000000       52.1903311
      23      23       1    1990       97.0000000       74.2911816
      24      24       1    1990      198.0000000       95.1366982
      25      25       1    1990      392.0000000       97.0727536
      26      26       1    1990      519.0000000       96.4588735
      27      27       1    1990      565.0000000       80.1371655
      28      28       1    1990      331.0000000       65.6367277
      29      29       1    1990      293.0000000       59.3037859
      30      30       1    1990      302.0000000       58.5990451
      31      31       1    1990      233.0000000       54.4745995
      32       1       2    1990      198.0000000       54.4800124
      33       2       2    1990      183.0000000       59.4700274
      34       3       2    1990      206.0000000       62.0062313
      35       4       2    1990      215.0000000       59.2050764
      36       5       2    1990      183.0000000       52.4699129
      37       6       2    1990      159.0000000       48.0181231
      38       7       2    1990      167.0000000       46.0792660
      39       8       2    1990      138.0000000       45.0680574
      40       9       2    1990      126.0000000       44.5625447
      41      10       2    1990      131.0000000       59.4648815
      42      11       2    1990      173.0000000       83.9992635
      43      12       2    1990      240.0000000       86.8837112
      44      13       2    1990      270.0000000       93.7483638
      45      14       2    1990      458.0000000      137.4306085
      46      15       2    1990      996.0000000      185.7287553
      47      16       2    1990     1370.0000000      182.5063584
      48      17       2    1990     1540.0000000      152.1904946
      49      18       2    1990     1210.0000000      124.9065000
      50      19       2    1990      616.0000000      108.8481302
      51      20       2    1990      465.0000000       99.2307192
      52      21       2    1990      373.0000000       92.1538732
      53      22       2    1990      298.0000000       86.2926038
      54      23       2    1990      270.0000000       81.2148087
      55      24       2    1990      234.0000000       76.7503864
      56      25       2    1990      218.0000000       73.8945904
      57      26       2    1990      203.0000000       93.8263340
      58      27       2    1990      314.0000000      126.8580831
      59      28       2    1990      520.0000000      165.3119906
      60       1       3    1990      689.0000000      205.3630023
      61       2       3    1990      777.0000000      223.8179030
      62       3       3    1990      584.0000000      212.7366148
      63       4       3    1990      429.0000000      186.6029126
      64       5       3    1990      365.0000000      160.5999376
      65       6       3    1990      281.0000000      140.2853362
      66       7       3    1990      257.0000000      125.1054106
      67       8       3    1990      231.0000000      113.7778851
      68       9       3    1990      211.0000000      105.2897258
      69      10       3    1990      191.0000000       98.4856669
      70      11       3    1990      182.0000000       92.6797524
      71      12       3    1990      173.0000000       87.5897380
      72      13       3    1990      159.0000000       83.0903363
      73      14       3    1990      153.0000000       79.1379729
      74      15       3    1990      141.0000000       75.8176206
      75      16       3    1990      136.0000000       73.3519146
      76      17       3    1990      130.0000000       70.9918648
      77      18       3    1990      123.0000000       68.3829123
      78      19       3    1990      115.0000000       65.9456738
      79      20       3    1990      113.0000000       63.8219337
      80      21       3    1990      102.0000000       62.0362086
      81      22       3    1990      105.0000000       60.4592239
      82      23       3    1990      106.0000000       59.0705342
      83      24       3    1990       87.0000000       57.7031209
      84      25       3    1990       80.0000000       56.3812175
      85      26       3    1990       84.0000000       55.3055584
      86      27       3    1990       82.0000000       54.4030669
      87      28       3    1990       91.0000000       53.5886001
      88      29       3    1990       97.0000000       57.0365850
      89      30       3    1990      110.0000000       61.4033099
      90      31       3    1990       97.0000000       60.4398706
      91       1       4    1990       93.0000000       57.6056442
      92       2       4    1990       85.0000000       55.4800805
      93       3       4    1990       84.0000000       54.2176941
      94       4       4    1990       81.0000000       55.4636723
      95       5       4    1990       81.0000000       56.9566919
      96       6       4    1990       76.0000000       56.1349745
      97       7       4    1990       72.0000000       54.6055642
      98       8       4    1990       68.0000000       53.4946527
      99       9       4    1990       72.0000000       52.3140016
     100      10       4    1990       65.0000000       51.1950263
     101      11       4    1990       62.0000000       50.2091634
     102      12       4    1990       62.0000000       49.3940796
     103      13       4    1990       65.0000000       49.6834374
     104      14       4    1990       68.0000000       57.7437731
     105      15       4    1990       75.0000000       69.3281004
     106      16       4    1990       90.0000000       70.7997171
     107      17       4    1990       92.0000000       68.8266094
     108      18       4    1990       94.0000000       66.4120630
     109      19       4    1990      110.0000000       66.0019847
     110      20       4    1990       99.0000000       64.7151423
     111      21       4    1990       86.0000000       62.1592719
     112      22       4    1990       86.0000000       61.5098919
     113      23       4    1990       86.0000000       63.2191441
     114      24       4    1990       88.0000000       64.2992208
     115      25       4    1990       93.0000000       65.7482203
     116      26       4    1990       99.0000000       64.3863183
     117      27       4    1990       86.0000000       61.6326973
     118      28       4    1990       74.0000000       59.2957421
     119      29       4    1990       72.0000000       57.5800698
     120      30       4    1990       77.0000000       56.0996136
     121       1       5    1990       56.0000000       54.6697760
     122       2       5    1990       64.0000000       53.3312141
     123       3       5    1990       58.0000000       52.1033057
     124       4       5    1990       50.0000000       50.9771294
     125       5       5    1990       50.0000000       49.9412972
     126       6       5    1990       50.0000000       48.9859577
     127       7       5    1990       50.0000000       48.1025362
     128       8       5    1990       53.0000000       47.2857770
     129       9       5    1990       62.0000000       46.6335358
     130      10       5    1990       64.0000000       47.3257899
     131      11       5    1990       65.0000000       49.9368613
     132      12       5    1990       75.0000000       49.7856599
     133      13       5    1990       71.0000000       48.1854657
     134      14       5    1990       63.0000000       46.6697391
     135      15       5    1990       61.0000000       45.5857108
     136      16       5    1990       49.0000000       44.8339223
     137      17       5    1990       46.0000000       44.2372548
     138      18       5    1990       46.0000000       43.6682755
     139      19       5    1990       48.0000000       43.0942788
     140      20       5    1990       41.0000000       42.5402417
     141      21       5    1990       45.0000000       42.1545059
     142      22       5    1990       52.0000000       44.3895227
     143      23       5    1990       50.0000000       46.3205718
     144      24       5    1990       56.0000000       47.5585639
     145      25       5    1990       41.0000000       48.2053455
     146      26       5    1990       40.0000000       48.3991198
     147      27       5    1990       39.0000000       46.4798735
     148      28       5    1990       39.0000000       44.2651041
     149      29       5    1990       33.0000000       43.0353863
     150      30       5    1990       37.0000000       42.2603970
     151      31       5    1990       30.0000000       41.6165211
     152       1       6    1990       37.0000000       42.5736751
     153       2       6    1990       36.0000000       43.7417887
     154       3       6    1990       40.0000000       52.6517384
     155       4       6    1990       45.0000000       63.6433954
     156       5       6    1990       39.0000000       57.1553070
     157       6       6    1990       48.0000000       49.4938661
     158       7       6    1990       39.0000000       53.7802194
     159       8       6    1990       49.0000000       73.3758247
     160       9       6    1990       84.0000000       85.3461265
     161      10       6    1990       91.0000000       79.3432129
     162      11       6    1990       80.0000000       69.4382409
     163      12       6    1990       66.0000000       62.7835865
     164      13       6    1990       53.0000000       58.3653566
     165      14       6    1990       64.0000000       55.6370236
     166      15       6    1990       55.0000000       53.6720658
     167      16       6    1990       54.0000000       51.9440391
     168      17       6    1990       42.0000000       50.3696111
     169      18       6    1990       48.0000000       48.9499759
     170      19       6    1990       48.0000000       49.1779658
     171      20       6    1990       60.0000000       58.4843965
     172      21       6    1990       75.0000000       70.1301438
     173      22       6    1990       78.0000000       69.9239386
     174      23       6    1990       66.0000000       65.2091377
     175      24       6    1990       63.0000000       59.4194453
     176      25       6    1990       52.0000000       55.5949668
     177      26       6    1990       49.0000000       53.2781179
     178      27       6    1990       44.0000000       52.9558736
     179      28       6    1990       51.0000000       53.8207930
     180      29       6    1990       61.0000000       58.0398299
     181      30       6    1990       81.0000000       79.0500205
     182       1       7    1990       79.0000000       90.5250597
     183       2       7    1990       92.0000000       79.8953099
     184       3       7    1990       72.0000000       69.0512008
     185       4       7    1990       58.0000000       68.2359539
     186       5       7    1990       69.0000000       87.4392539
     187       6       7    1990       94.0000000       99.5330219
     188       7       7    1990      199.0000000       96.9961615
     189       8       7    1990      133.0000000       94.5869983
     190       9       7    1990      124.0000000       89.2872866
     191      10       7    1990      123.0000000       83.1822199
     192      11       7    1990       99.0000000       77.1721026
     193      12       7    1990       88.0000000       72.6005511
     194      13       7    1990       84.0000000       69.0223329
     195      14       7    1990       72.0000000       65.9592578
     196      15       7    1990       55.0000000       63.2399380
     197      16       7    1990       65.0000000       60.8025530
     198      17       7    1990       50.0000000       58.6101196
     199      18       7    1990       50.0000000       56.6328762
     200      19       7    1990       46.0000000       54.8452449
     201      20       7    1990       44.0000000       53.2250008
     202      21       7    1990       42.0000000       51.7527723
     203      22       7    1990       37.0000000       50.4116400
     204      23       7    1990       38.0000000       49.1867978
     205      24       7    1990       44.0000000       48.0652663
     206      25       7    1990       30.0000000       47.0356483
     207      26       7    1990       26.0000000       46.0879194
     208      27       7    1990       31.0000000       45.2132498
     209      28       7    1990       33.0000000       44.8347711
     210      29       7    1990       42.0000000       44.9862575
     211      30       7    1990       36.0000000       43.4950757
     212      31       7    1990       34.0000000       42.5776858
     213       1       8    1990       25.0000000       41.9085936
     214       2       8    1990       22.0000000       41.3132008
     215       3       8    1990       28.0000000       40.7582421
     216       4       8    1990       25.0000000       40.2362452
     217       5       8    1990       19.0000000       39.7435895
     218       6       8    1990       22.0000000       39.2774000
     219       7       8    1990       19.0000000       38.8351486
     220       8       8    1990       22.0000000       38.4145822
     221       9       8    1990       19.0000000       38.0136874
     222      10       8    1990       20.0000000       37.6306637
     223      11       8    1990       19.0000000       37.2638992
     224      12       8    1990       19.0000000       36.9119496
     225      13       8    1990       22.0000000       36.6352191
     226      14       8    1990       36.0000000       42.7761222
     227      15       8    1990       31.0000000       53.3101246
     228      16       8    1990       30.0000000       54.1624038
     229      17       8    1990       28.0000000       47.4841186
     230      18       8    1990       34.0000000       42.6869769
     231      19       8    1990       21.0000000       39.6992641
     232      20       8    1990       30.0000000       37.8752508
     233      21       8    1990       22.0000000       36.9861413
     234      22       8    1990       21.0000000       36.4486558
     235      23       8    1990       23.0000000       36.0035048
     236      24       8    1990       20.0000000       35.5914281
     237      25       8    1990       29.0000000       35.2015937
     238      26       8    1990       20.0000000       34.8310392
     239      27       8    1990       22.0000000       34.4999584
     240      28       8    1990       23.0000000       34.5980247
     241      29       8    1990       35.0000000       34.8603448
     242      30       8    1990       51.0000000       52.7368759
     243      31       8    1990       80.0000000       97.9725941
     244       1       9    1990       56.0000000       93.2849250
     245       2       9    1990       33.0000000       64.2424847
     246       3       9    1990       27.0000000       49.1257824
     247       4       9    1990       27.0000000       43.8351693
     248       5       9    1990       28.0000000       42.6617144
     249       6       9    1990       26.0000000       43.7848768
     250       7       9    1990       24.0000000       43.5728598
     251       8       9    1990       33.0000000       43.3845613
     252       9       9    1990       26.0000000       41.3010508
     253      10       9    1990       27.0000000       39.7032270
     254      11       9    1990       22.0000000       38.3961215
     255      12       9    1990       22.0000000       37.4421332
     256      13       9    1990       21.0000000       36.6659311
     257      14       9    1990       22.0000000       35.9727087
     258      15       9    1990       22.0000000       35.3358288
     259      16       9    1990       22.0000000       34.7465007
     260      17       9    1990       20.0000000       34.1993403
     261      18       9    1990       22.0000000       33.6898878
     262      19       9    1990       16.0000000       33.2142316
     263      20       9    1990       22.0000000       32.7689119
     264      21       9    1990       19.0000000       33.2396905
     265      22       9    1990       32.0000000       52.2315871
     266      23       9    1990       27.0000000       74.8637579
     267      24       9    1990       45.0000000       80.0966098
     268      25       9    1990       42.0000000       70.0149296
     269      26       9    1990       39.0000000       54.1244112
     270      27       9    1990       30.0000000       46.4044243
     271      28       9    1990       28.0000000       43.4104216
     272      29       9    1990       30.0000000       41.7739000
     273      30       9    1990       30.0000000       46.3141114
     274       1      10    1990       56.0000000       74.1324288
     275       2      10    1990       72.0000000      102.0499156
     276       3      10    1990       73.0000000      103.9956566
     277       4      10    1990       68.0000000       96.0406335
     278       5      10    1990       53.0000000       83.2200391
     279       6      10    1990       42.0000000       74.8843912
     280       7      10    1990       33.0000000       69.1376679
     281       8      10    1990       42.0000000       64.5147006
     282       9      10    1990       34.0000000       60.8754250
     283      10      10    1990       36.0000000       57.8336927
     284      11      10    1990       36.0000000       55.1653098
     285      12      10    1990       28.0000000       52.7869375
     286      13      10    1990       32.0000000       50.6570634
     287      14      10    1990       27.0000000       48.7446262
     288      15      10    1990       35.0000000       47.0259541
     289      16      10    1990       42.0000000       45.6458445
     290      17      10    1990       35.0000000       45.6318630
     291      18      10    1990       39.0000000       49.9721439
     292      19      10    1990       34.0000000       52.2838014
     293      20      10    1990       32.0000000       49.2207447
     294      21      10    1990       34.0000000       45.8271630
     295      22      10    1990       27.0000000       43.7964485
     296      23      10    1990       31.0000000       42.4211861
     297      24      10    1990       28.0000000       41.2715285
     298      25      10    1990       25.0000000       40.2669527
     299      26      10    1990       29.0000000       43.1990339
     300      27      10    1990       31.0000000       54.7818819
     301      28      10    1990       65.0000000       99.9007296
     302      29      10    1990       69.0000000      150.9275250
     303      30      10    1990      157.0000000      160.0980906
     304      31      10    1990      190.0000000      151.2764991
     305       1      11    1990      115.0000000      140.1375670
     306       2      11    1990      104.0000000      134.9108497
     307       3      11    1990      100.0000000      133.3975831
     308       4      11    1990      131.0000000      136.7979384
     309       5      11    1990      130.0000000      140.6644489
     310       6      11    1990      115.0000000      138.6726434
     311       7      11    1990      102.0000000      129.4308580
     312       8      11    1990       95.0000000      115.5203246
     313       9      11    1990       81.0000000      101.5568094
     314      10      11    1990       66.0000000       93.3881275
     315      11      11    1990       67.0000000       99.5110832
     316      12      11    1990       74.0000000      107.9723113
     317      13      11    1990      109.0000000      118.1156542
     318      14      11    1990       92.0000000      127.5150360
     319      15      11    1990       92.0000000      132.4270021
     320      16      11    1990      155.0000000      137.9308446
     321      17      11    1990      159.0000000      142.7015037
     322      18      11    1990      131.0000000      144.1357889
     323      19      11    1990      161.0000000      147.6694347
     324      20      11    1990      196.0000000      171.2631881
     325      21      11    1990      336.0000000      218.0559963
     326      22      11    1990      566.0000000      252.0922984
     327      23      11    1990      373.0000000      265.1449561
     328      24      11    1990      293.0000000      272.7656785
     329      25      11    1990      264.0000000      275.5216202
     330      26      11    1990      226.0000000      262.8694349
     331      27      11    1990      201.0000000      238.6433882
     332      28      11    1990      180.0000000      209.8207464
     333      29      11    1990      161.0000000      184.9671263
     334      30      11    1990      149.0000000      168.0724184
     335       1      12    1990      134.0000000      152.2132798
     336       2      12    1990      113.0000000      137.2743798
     337       3      12    1990       99.0000000      124.7604207
     338       4      12    1990      107.0000000      115.6838841
     339       5      12    1990       99.0000000      108.4949182
     340       6      12    1990       89.0000000      102.3458388
     341       7      12    1990       77.0000000       96.9142259
     342       8      12    1990       71.0000000       92.0668940
     343       9      12    1990       68.0000000       87.7585569
     344      10      12    1990       73.0000000       83.9220429
     345      11      12    1990       84.0000000       80.4946395
     346      12      12    1990       88.0000000       83.6308620
     347      13      12    1990       92.0000000       96.6677285
     348      14      12    1990      128.0000000      101.0704000
     349      15      12    1990      136.0000000       96.3776067
     350      16      12    1990      114.0000000       90.5662786
     351      17      12    1990      101.0000000       85.8748039
     352      18      12    1990       93.0000000       81.8577271
     353      19      12    1990       85.0000000       78.3155214
     354      20      12    1990       81.0000000       75.1668182
     355      21      12    1990      106.0000000       84.9100351
     356      22      12    1990      159.0000000      115.6602222
     357      23      12    1990      250.0000000      133.1344556
     358      24      12    1990      298.0000000      140.1446141
     359      25      12    1990      261.0000000      149.4101082
     360      26      12    1990      228.0000000      186.3710240
     361      27      12    1990      409.0000000      245.8040429
     362      28      12    1990      486.0000000      300.6900578
     363      29      12    1990      440.0000000      358.5762504
     364      30      12    1990      486.0000000      425.1128136
     365      31      12    1990      774.0000000      491.8878956
     366       1       1    1991      889.0000000      585.5024291
     367       2       1    1991      863.0000000      682.1012226
     368       3       1    1991      875.0000000      755.8037361
     369       4       1    1991      932.0000000      779.5651470
     370       5       1    1991      826.0000000      748.2605674
     371       6       1    1991      731.0000000      697.0427734
     372       7       1    1991      613.0000000      635.8493037
     373       8       1    1991      610.0000000      595.5272784
     374       9       1    1991      686.0000000      576.0276711
     375      10       1    1991      556.0000000      565.5233299
     376      11       1    1991      669.0000000      575.6154523
     377      12       1    1991      828.0000000      571.2481624
     378      13       1    1991      735.0000000      537.8153648
     379      14       1    1991      513.0000000      472.8722436
     380      15       1    1991      411.0000000      394.1123639
     381      16       1    1991      345.0000000      322.7592199
     382      17       1    1991      293.0000000      266.5474263
     383      18       1    1991      251.0000000      225.6635685
     384      19       1    1991      222.0000000      197.4921186
     385      20       1    1991      215.0000000      178.8933476
     386      21       1    1991      213.0000000      166.4407767
     387      22       1    1991      202.0000000      162.2210713
     388      23       1    1991      200.0000000      160.0053436
     389      24       1    1991      192.0000000      154.6202629
     390      25       1    1991      176.0000000      146.8932744
     391      26       1    1991      164.0000000      139.0084002
     392      27       1    1991      157.0000000      131.8471201
     393      28       1    1991      134.0000000      125.4979281
     394      29       1    1991      130.0000000      119.8767429
     395      30       1    1991      119.0000000      114.8871314
     396      31       1    1991      107.0000000      110.4439229
     397       1       2    1991      112.0000000      106.4743139
     398       2       2    1991      109.0000000      102.9162036
     399       3       2    1991      101.0000000       99.7165012
     400       4       2    1991       98.0000000       96.8296952
     401       5       2    1991       84.0000000       94.2166679
     402       6       2    1991       93.0000000       91.8437118
     403       7       2    1991       80.0000000       89.6817113
     404       8       2    1991       73.0000000       87.7054591
     405       9       2    1991       89.0000000       85.8930841
     406      10       2    1991       84.0000000       84.2255696
     407      11       2    1991       78.0000000       82.6863482
     408      12       2    1991       79.0000000       81.2609582
     409      13       2    1991       77.0000000       79.9367530
     410      14       2    1991       80.0000000       78.7026536
     411      15       2    1991       72.0000000       77.5489381
     412      16       2    1991       78.0000000       76.9626008
     413      17       2    1991       74.0000000       78.2666402
     414      18       2    1991       77.0000000       78.5404077
     415      19       2    1991       73.0000000       80.3452828
     416      20       2    1991       69.0000000       94.1269613
     417      21       2    1991       74.0000000      118.2354785
     418      22       2    1991       81.0000000      133.9625837
     419      23       2    1991      110.0000000      142.7092327
     420      24       2    1991      180.0000000      141.4338061
     421      25       2    1991      213.0000000      136.5370932
     422      26       2    1991      222.0000000      134.4312893
     423      27       2    1991      208.0000000      131.9190072
     424      28       2    1991      211.0000000      127.0094533
     425       1       3    1991      214.0000000      122.8701635
     426       2       3    1991      208.0000000      122.7387104
     427       3       3    1991      221.0000000      123.1617318
     428       4       3    1991      281.0000000      122.1076917
     429       5       3    1991      219.0000000      118.3889620
     430       6       3    1991      190.0000000      113.2742966
     431       7       3    1991      173.0000000      108.4876251
     432       8       3    1991      164.0000000      104.2191542
     433       9       3    1991      142.0000000      100.4925041
     434      10       3    1991      133.0000000       97.6175130
     435      11       3    1991      133.0000000       95.8919773
     436      12       3    1991      118.0000000       94.6865619
     437      13       3    1991      127.0000000       92.6187766
     438      14       3    1991      113.0000000       90.0242106
     439      15       3    1991      107.0000000       87.5113444
     440      16       3    1991      100.0000000       85.2258666
     441      17       3    1991      100.0000000       83.1501216
     442      18       3    1991       95.0000000       81.2629814
     443      19       3    1991       98.0000000       93.7910850
     444      20       3    1991      119.0000000      121.5741279
     445      21       3    1991      159.0000000      142.4904111
     446      22       3    1991      196.0000000      159.1749789
     447      23       3    1991      242.0000000      166.9808943
     448      24       3    1991      216.0000000      165.0954760
     449      25       3    1991      180.0000000      154.7924798
     450      26       3    1991      145.0000000      143.6052930
     451      27       3    1991      127.0000000      134.3911139
     452      28       3    1991      117.0000000      126.9612379
     453      29       3    1991      109.0000000      120.5786312
     454      30       3    1991      106.0000000      114.6957693
     455      31       3    1991       99.0000000      109.3497409
     456       1       4    1991       96.0000000      104.5761248
     457       2       4    1991       88.0000000      100.3261958
     458       3       4    1991       87.0000000       96.5347782
     459       4       4    1991       82.0000000       93.1986614
     460       5       4    1991       84.0000000       90.4131154
     461       6       4    1991       67.0000000       87.9108628
     462       7       4    1991       89.0000000       85.5756817
     463       8       4    1991       75.0000000       83.4483882
     464       9       4    1991       79.0000000       81.4858252
     465      10       4    1991       70.0000000       79.6181347
     466      11       4    1991       69.0000000       77.8554354
     467      12       4    1991       69.0000000       76.2220272
     468      13       4    1991       56.0000000       74.7178298
     469      14       4    1991       63.0000000       73.3313593
     470      15       4    1991       58.0000000       72.0502143
     471      16       4    1991       56.0000000       70.8643939
     472      17       4    1991       54.0000000       69.7621066
     473      18       4    1991       57.0000000       68.7442293
     474      19       4    1991       53.0000000       67.8571147
     475      20       4    1991       53.0000000       67.2787609
     476      21       4    1991       65.0000000       67.0135980
     477      22       4    1991       69.0000000       67.3441690
     478      23       4    1991       61.0000000       68.6300170
     479      24       4    1991       56.0000000       68.5060016
     480      25       4    1991       56.0000000       68.5432963
     481      26       4    1991       53.0000000       67.7662328
     482      27       4    1991       49.0000000       66.6090648
     483      28       4    1991       53.0000000       65.5557426
     484      29       4    1991       48.0000000       65.2672723
     485      30       4    1991       57.0000000       76.7536804
     486       1       5    1991       69.0000000       93.0945073
     487       2       5    1991       89.0000000      100.1892022
     488       3       5    1991      105.0000000       96.8296654
     489       4       5    1991       79.0000000       90.1501190
     490       5       5    1991       69.0000000       85.4243451
     491       6       5    1991       71.0000000       82.1929080
     492       7       5    1991       60.0000000       79.6429365
     493       8       5    1991       64.0000000       77.4474325
     494       9       5    1991       59.0000000       75.3660394
     495      10       5    1991       57.0000000       73.4229000
     496      11       5    1991       55.0000000       71.9594788
     497      12       5    1991       53.0000000       72.4201913
     498      13       5    1991       52.0000000       72.6090033
     499      14       5    1991       50.0000000       71.2217077
     500      15       5    1991       52.0000000       69.5399339
     501      16       5    1991       54.0000000       69.4317793
     502      17       5    1991       54.0000000       71.9537935
     503      18       5    1991       55.0000000       71.8712541
     504      19       5    1991       48.0000000       69.7206530
     505      20       5    1991       48.0000000       67.9196422
     506      21       5    1991       49.0000000       66.5463932
     507      22       5    1991       41.0000000       65.3553474
     508      23       5    1991       40.0000000       64.2627071
     509      24       5    1991       40.0000000       63.2468169
     510      25       5    1991       39.0000000       62.2983973
     511      26       5    1991       43.0000000       61.4105348
     512      27       5    1991       39.0000000       60.5772137
     513      28       5    1991       36.0000000       59.7930795
     514      29       5    1991       33.0000000       59.0533515
     515      30       5    1991       39.0000000       58.3537573
     516      31       5    1991       34.0000000       57.6904758
     517       1       6    1991       37.0000000       57.0600876
     518       2       6    1991       35.0000000       56.4595305
     519       3       6    1991       29.0000000       55.8860608
     520       4       6    1991       33.0000000       55.3372184
     521       5       6    1991       34.0000000       54.8107962
     522       6       6    1991       32.0000000       58.8282988
     523       7       6    1991       38.0000000       66.3594872
     524       8       6    1991       39.0000000       66.1002809
     525       9       6    1991       41.0000000       64.3563175
     526      10       6    1991       44.0000000       67.5412713
     527      11       6    1991       48.0000000       69.4417571
     528      12       6    1991       42.0000000       64.0461729
     529      13       6    1991       37.0000000       60.2677837
     530      14       6    1991       39.0000000       58.4574324
     531      15       6    1991       35.0000000       57.3701842
     532      16       6    1991       31.0000000       56.5029110
     533      17       6    1991       33.0000000       56.6327045
     534      18       6    1991       31.0000000       59.4314425
     535      19       6    1991       28.0000000       61.3069017
     536      20       6    1991       60.0000000       66.8216048
     537      21       6    1991       48.0000000       80.0300945
     538      22       6    1991       54.0000000       76.0478000
     539      23       6    1991       63.0000000       70.3816720
     540      24       6    1991       41.0000000       68.7284703
     541      25       6    1991       42.0000000       64.3578749
     542      26       6    1991       43.0000000       61.7880708
     543      27       6    1991       38.0000000       61.6779745
     544      28       6    1991       38.0000000       63.9138653
     545      29       6    1991       35.0000000       62.7387120
     546      30       6    1991       41.0000000       62.3925058
     547       1       7    1991       41.0000000       60.6552479
     548       2       7    1991       38.0000000       58.8158967
     549       3       7    1991       34.0000000       57.4344239
     550       4       7    1991       27.0000000       56.3129940
     551       5       7    1991       31.0000000       55.3108703
     552       6       7    1991       30.0000000       54.3871315
     553       7       7    1991       26.0000000       53.9032894
     554       8       7    1991       30.0000000       56.6065849
     555       9       7    1991       31.0000000       56.3780843
     556      10       7    1991       23.0000000       53.8371561
     557      11       7    1991       35.0000000       52.2433019
     558      12       7    1991       19.0000000       51.3027656
     559      13       7    1991       24.0000000       54.7104807
     560      14       7    1991       26.0000000       66.0256041
     561      15       7    1991       27.0000000       68.0383359
     562      16       7    1991       41.0000000       63.0314682
     563      17       7    1991       34.0000000       58.0100240
     564      18       7    1991       27.0000000       54.9843508
     565      19       7    1991       25.0000000       53.4254835
     566      20       7    1991       23.0000000       52.3882403
     567      21       7    1991       22.0000000       51.5057038
     568      22       7    1991       27.0000000       50.6963365
     569      23       7    1991       23.0000000       49.9430078
     570      24       7    1991       21.0000000       49.2402835
     571      25       7    1991       23.0000000       53.7158010
     572      26       7    1991       33.0000000       62.5725750
     573      27       7    1991       23.0000000       63.5100290
     574      28       7    1991       29.0000000       58.9932153
     575      29       7    1991       30.0000000       54.2633193
     576      30       7    1991       35.0000000       53.7895671
     577      31       7    1991       27.0000000       55.1438572
     578       1       8    1991       45.0000000       57.6660040
     579       2       8    1991       47.0000000       56.2919693
     580       3       8    1991       40.0000000       52.9421687
     581       4       8    1991       35.0000000       50.9904602
     582       5       8    1991       26.0000000       49.8828182
     583       6       8    1991       23.0000000       49.0236369
     584       7       8    1991       30.0000000       48.5404606
     585       8       8    1991       33.0000000       49.5741264
     586       9       8    1991       30.0000000       48.2243667
     587      10       8    1991       28.0000000       46.6837903
     588      11       8    1991       19.0000000       45.9178701
     589      12       8    1991       20.0000000       45.3214630
     590      13       8    1991       16.0000000       44.7754626
     591      14       8    1991       18.0000000       44.2614135
     592      15       8    1991       18.0000000       43.7745529
     593      16       8    1991       20.0000000       43.3121020
     594      17       8    1991       16.0000000       42.8717461
     595      18       8    1991       15.0000000       42.4514326
     596      19       8    1991       15.0000000       42.0493260
     597      20       8    1991       14.0000000       41.6637825
     598      21       8    1991       15.0000000       41.2933286
     599      22       8    1991       13.0000000       40.9366420
     600      23       8    1991       12.0000000       40.5925463
     601      24       8    1991       11.0000000       40.2643868
     602      25       8    1991       12.0000000       39.9900122
     603      26       8    1991       11.0000000       39.7184342
     604      27       8    1991       13.0000000       39.4003924
     605      28       8    1991       11.0000000       39.0901203
     606      29       8    1991       12.0000000       38.7960613
     607      30       8    1991       12.0000000       38.5118623
     608      31       8    1991       11.0000000       38.2348755
     609       1       9    1991       11.0000000       37.9710313
     610       2       9    1991       17.0000000       38.1122960
     611       3       9    1991       11.0000000       38.8483658
     612       4       9    1991       12.0000000       38.2890663
     613       5       9    1991       11.0000000       37.3818695
     614       6       9    1991       11.0000000       36.8910167
     615       7       9    1991       18.0000000       36.5941235
     616       8       9    1991       11.0000000       36.3416982
     617       9       9    1991       13.0000000       36.0994704
     618      10       9    1991       12.0000000       35.8621635
     619      11       9    1991       11.0000000       36.6934778
     620      12       9    1991       20.0000000       49.2001333
     621      13       9    1991       21.0000000       56.0821156
     622      14       9    1991       29.0000000       47.3225671
     623      15       9    1991       28.0000000       39.8368099
     624      16       9    1991       20.0000000       37.2090374
     625      17       9    1991       20.0000000       36.4136143
     626      18       9    1991       20.0000000       36.0018372
     627      19       9    1991       12.0000000       35.6584778
     628      20       9    1991       11.0000000       35.3357155
     629      21       9    1991       11.0000000       35.0267857
     630      22       9    1991       22.0000000       35.1806150
     631      23       9    1991       14.0000000       43.5071532
     632      24       9    1991       48.0000000       51.3622059
     633      25       9    1991       45.0000000       57.8929324
     634      26       9    1991       80.0000000       76.8960445
     635      27       9    1991       61.0000000       77.9596833
     636      28       9    1991       61.0000000       82.6837341
     637      29       9    1991       65.0000000       88.6271365
     638      30       9    1991       63.0000000       84.3877222
     639       1      10    1991       90.0000000       79.4492900
     640       2      10    1991       59.0000000       69.6122167
     641       3      10    1991       45.0000000       61.6271144
     642       4      10    1991       42.0000000       57.0938813
     643       5      10    1991       41.0000000       60.3816349
     644       6      10    1991       41.0000000       78.3026972
     645       7      10    1991       73.0000000       86.6322003
     646       8      10    1991       96.0000000       78.6228931
     647       9      10    1991       61.0000000       68.6343944
     648      10      10    1991       44.0000000       62.7103195
     649      11      10    1991       42.0000000       59.1230080
     650      12      10    1991       41.0000000       59.6854517
     651      13      10    1991       42.0000000       66.1048545
     652      14      10    1991       61.0000000       69.9932224
     653      15      10    1991       55.0000000       66.3994931
     654      16      10    1991       41.0000000       61.4278990
     655      17      10    1991       48.0000000       63.3370193
     656      18      10    1991       52.0000000       73.5236566
     657      19      10    1991       66.0000000       84.4866437
     658      20      10    1991       59.0000000       80.4723246
     659      21      10    1991       71.0000000       73.9937836
     660      22      10    1991       74.0000000       69.2395294
     661      23      10    1991       70.0000000       65.1847811
     662      24      10    1991       59.0000000       61.6418593
     663      25      10    1991       57.0000000       58.7407895
     664      26      10    1991       57.0000000       56.2905005
     665      27      10    1991       51.0000000       54.1404055
     666      28      10    1991       47.0000000       52.2191777
     667      29      10    1991       48.0000000       50.4910348
     668      30      10    1991       45.0000000       48.9557092
     669      31      10    1991       43.0000000       49.0228531
     670       1      11    1991       40.0000000       55.6959832
     671       2      11    1991       47.0000000       62.3329669
     672       3      11    1991       46.0000000       64.8149555
     673       4      11    1991       76.0000000       83.3007881
     674       5      11    1991       60.0000000      105.8771577
     675       6      11    1991      132.0000000      108.6412330
     676       7      11    1991      133.0000000      107.4874062
     677       8      11    1991      113.0000000      111.9773389
     678       9      11    1991      120.0000000      117.6569876
     679      10      11    1991      141.0000000      121.1862390
     680      11      11    1991      208.0000000      129.3607049
     681      12      11    1991      166.0000000      154.8769904
     682      13      11    1991      183.0000000      178.5851560
     683      14      11    1991      299.0000000      214.6526834
     684      15      11    1991      521.0000000      285.2560978
     685      16      11    1991      443.0000000      323.9469931
     686      17      11    1991      304.0000000      312.2679970
     687      18      11    1991      231.0000000      285.5680522
     688      19      11    1991      192.0000000      260.4249926
     689      20      11    1991      199.0000000      240.3959960
     690      21      11    1991      201.0000000      225.3572635
     691      22      11    1991      173.0000000      209.0961126
     692      23      11    1991      159.0000000      188.2192105
     693      24      11    1991      160.0000000      165.5451139
     694      25      11    1991      146.0000000      144.9137185
     695      26      11    1991      110.0000000      127.5841828
     696      27      11    1991      114.0000000      114.6332554
     697      28      11    1991       97.0000000      105.9092123
     698      29      11    1991       89.0000000       99.5490934
     699      30      11    1991       73.0000000       94.2862635
     700       1      12    1991       69.0000000       89.6815425
     701       2      12    1991       67.0000000       85.5920531
     702       3      12    1991       63.0000000       81.9431275
     703       4      12    1991       58.0000000       78.6777405
     704       5      12    1991       59.0000000       75.7477016
     705       6      12    1991       53.0000000       73.1115619
     706       7      12    1991       54.0000000       70.7335162
     707       8      12    1991       51.0000000       68.5825539
     708       9      12    1991       47.0000000       66.6317559
     709      10      12    1991       42.0000000       64.8577045
     710      11      12    1991       40.0000000       63.2399861
     711      12      12    1991       39.0000000       61.7607716
     712      13      12    1991       36.0000000       60.4044607
     713      14      12    1991       37.0000000       59.1573792
     714      15      12    1991       32.0000000       58.0075212
     715      16      12    1991       37.0000000       57.1698243
     716      17      12    1991       62.0000000       86.2550263
     717      18      12    1991      118.0000000      127.5808024
     718      19      12    1991      170.0000000      172.7780153
     719      20      12    1991      229.0000000      235.6370151
     720      21      12    1991      448.0000000      316.6578280
     721      22      12    1991      464.0000000      404.9377558
     722      23      12    1991      675.0000000      499.2196170
     723      24      12    1991      844.0000000      542.2161426
     724      25      12    1991      569.0000000      510.2297508
     725      26      12    1991      358.0000000      441.5431228
     726      27      12    1991      279.0000000      370.0483808
     727      28      12    1991      238.0000000      309.7393379
     728      29      12    1991      201.0000000      261.3157142
     729      30      12    1991      185.0000000      221.6972527
     730      31      12    1991      165.0000000      189.9660878
     731       1       1    1992      140.0000000      165.1907160
     732       2       1    1992      126.0000000      146.3081269
     733       3       1    1992      117.0000000      133.0130808
     734       4       1    1992      114.0000000      125.4870575
     735       5       1    1992      108.0000000      120.9711447
     736       6       1    1992      108.0000000      115.1698336
     737       7       1    1992      101.0000000      109.8408477
     738       8       1    1992       97.0000000      106.2353832
     739       9       1    1992       89.0000000      105.7750703
     740      10       1    1992      111.0000000      115.0505619
     741      11       1    1992      135.0000000      133.0667392
     742      12       1    1992      171.0000000      138.6449390
     743      13       1    1992      125.0000000      133.0146768
     744      14       1    1992      111.0000000      125.0171062
     745      15       1    1992      100.0000000      117.9616750
     746      16       1    1992       87.0000000      111.9160900
     747      17       1    1992       75.0000000      106.6888529
     748      18       1    1992       79.0000000      102.0333947
     749      19       1    1992       70.0000000      100.0733963
     750      20       1    1992       72.0000000       99.7031148
     751      21       1    1992       87.0000000       96.7532494
     752      22       1    1992       79.0000000       94.6838260
     753      23       1    1992       71.0000000       91.6764393
     754      24       1    1992       66.0000000       88.5516172
     755      25       1    1992       67.0000000       85.6589889
     756      26       1    1992       65.0000000       83.0413655
     757      27       1    1992       59.0000000       80.6755657
     758      28       1    1992       57.0000000       78.5340793
     759      29       1    1992       54.0000000       76.6900090
     760      30       1    1992       59.0000000       75.7700196
     761      31       1    1992       57.0000000       78.0369617
     762       1       2    1992       56.0000000       82.8771908
     763       2       2    1992       54.0000000       86.0875785
     764       3       2    1992       58.0000000       85.7571091
     765       4       2    1992       63.0000000       92.9209204
     766       5       2    1992       76.0000000      115.8267349
     767       6       2    1992      250.0000000      143.1360712
     768       7       2    1992      346.0000000      166.9349088
     769       8       2    1992      241.0000000      173.2264707
     770       9       2    1992      180.0000000      163.1890151
     771      10       2    1992      164.0000000      153.9939603
     772      11       2    1992      183.0000000      157.2561452
     773      12       2    1992      215.0000000      170.0753396
     774      13       2    1992      265.0000000      183.7614496
     775      14       2    1992      287.0000000      200.5179742
     776      15       2    1992      272.0000000      214.5323536
     777      16       2    1992      253.0000000      223.1471145
     778      17       2    1992      301.0000000      234.0404428
     779      18       2    1992      275.0000000      234.6300244
     780      19       2    1992      224.0000000      218.0580385
     781      20       2    1992      194.0000000      192.2000887
     782      21       2    1992      173.0000000      169.0672020
     783      22       2    1992      157.0000000      152.5662744
     784      23       2    1992      142.0000000      141.3612302
     785      24       2    1992      133.0000000      133.2762603
     786      25       2    1992      128.0000000      127.5159703
     787      26       2    1992      125.0000000      122.1888216
     788      27       2    1992      125.0000000      116.4753041
     789      28       2    1992      110.0000000      111.1459941
     790      29       2    1992      107.0000000      106.4369445
     791       1       3    1992       97.0000000      102.2756150
     792       2       3    1992       97.0000000       98.6512613
     793       3       3    1992       86.0000000       95.7585446
     794       4       3    1992       93.0000000       94.6220396
     795       5       3    1992       86.0000000       93.2684648
     796       6       3    1992       82.0000000       90.7905468
     797       7       3    1992       80.0000000       88.1933508
     798       8       3    1992       77.0000000       85.8097934
     799       9       3    1992       73.0000000       83.6451178
     800      10       3    1992       76.0000000       81.7220405
     801      11       3    1992       68.0000000       80.0769595
     802      12       3    1992       70.0000000       92.3101678
     803      13       3    1992      116.0000000      128.5265553
     804      14       3    1992      206.0000000      169.3112323
     805      15       3    1992      433.0000000      214.7296605
     806      16       3    1992      495.0000000      262.3065986
     807      17       3    1992      331.0000000      292.4974368
     808      18       3    1992      240.0000000      285.8893558
     809      19       3    1992      215.0000000      253.6032421
     810      20       3    1992      185.0000000      218.3973353
     811      21       3    1992      185.0000000      190.4687812
     812      22       3    1992      185.0000000      182.6481571
     813      23       3    1992      213.0000000      208.2215874
     814      24       3    1992      466.0000000      264.5599519
     815      25       3    1992      580.0000000      326.0438004
     816      26       3    1992      566.0000000      362.1150834
     817      27       3    1992      487.0000000      359.6767083
     818      28       3    1992      387.0000000      330.4509189
     819      29       3    1992      311.0000000      294.8894897
     820      30       3    1992      270.0000000      261.7903966
     821      31       3    1992      246.0000000      230.7934518
     822       1       4    1992      229.0000000      206.3387743
     823       2       4    1992      222.0000000      203.9048856
     824       3       4    1992      217.0000000      208.4380497
     825       4       4    1992      208.0000000      208.0741754
     826       5       4    1992      220.0000000      232.4079571
     827       6       4    1992      210.0000000      251.0619722
     828       7       4    1992      190.0000000      240.0713013
     829       8       4    1992      173.0000000      213.9533875
     830       9       4    1992      166.0000000      187.6278436
     831      10       4    1992      133.0000000      166.2687678
     832      11       4    1992      126.0000000      149.7865770
     833      12       4    1992      124.0000000      138.0247400
     834      13       4    1992      116.0000000      130.1613976
     835      14       4    1992      112.0000000      124.7183546
     836      15       4    1992      111.0000000      127.7731668
     837      16       4    1992      137.0000000      145.3931650
     838      17       4    1992      206.0000000      158.5252264
     839      18       4    1992      176.0000000      162.3250840
     840      19       4    1992      161.0000000      159.0735999
     841      20       4    1992      161.0000000      152.2165543
     842      21       4    1992      139.0000000      144.4063888
     843      22       4    1992      139.0000000      137.2088372
     844      23       4    1992      123.0000000      130.8615043
     845      24       4    1992      119.0000000      125.2523700
     846      25       4    1992      111.0000000      120.2686502
     847      26       4    1992       94.0000000      115.8287894
     848      27       4    1992       94.0000000      111.8944383
     849      28       4    1992      102.0000000      109.5335090
     850      29       4    1992      120.0000000      111.5699830
     851      30       4    1992      120.0000000      113.3672476
     852       1       5    1992      114.0000000      113.3342536
     853       2       5    1992      115.0000000      125.6807346
     854       3       5    1992      206.0000000      139.5608494
     855       4       5    1992      215.0000000      140.2129708
     856       5       5    1992      125.0000000      133.5483235
     857       6       5    1992      123.0000000      126.7164583
     858       7       5    1992      113.0000000      121.1741947
     859       8       5    1992       77.0000000      116.4805980
     860       9       5    1992       83.0000000      112.3798976
     861      10       5    1992       83.0000000      113.7587356
     862      11       5    1992       96.0000000      118.2828875
     863      12       5    1992      120.0000000      112.9235052
     864      13       5    1992       80.0000000      106.7334313
     865      14       5    1992       76.0000000      103.2627760
     866      15       5    1992       69.0000000      100.3931191
     867      16       5    1992       63.0000000       97.7642808
     868      17       5    1992       61.0000000       95.3570863
     869      18       5    1992       60.0000000       93.1580550
     870      19       5    1992       59.0000000       91.1455223
     871      20       5    1992       67.0000000       89.2981342
     872      21       5    1992       51.0000000       87.5969164
     873      22       5    1992       44.0000000       86.0252764
     874      23       5    1992       42.0000000       84.5687109
     875      24       5    1992       51.0000000       83.2145336
     876      25       5    1992       42.0000000       81.9607472
     877      26       5    1992       54.0000000       84.1543410
     878      27       5    1992       53.0000000       87.0189585
     879      28       5    1992       59.0000000       82.3517421
     880      29       5    1992       55.0000000       81.8752849
     881      30       5    1992       54.0000000       85.0871404
     882      31       5    1992       48.0000000       83.2754134
     883       1       6    1992       63.0000000       81.6842724
     884       2       6    1992       61.0000000       82.7624143
     885       3       6    1992       55.0000000       84.8179425
     886       4       6    1992       75.0000000       86.4791578
     887       5       6    1992       53.0000000       98.7386221
     888       6       6    1992       77.0000000      110.8947774
     889       7       6    1992      114.0000000      112.9631755
     890       8       6    1992      167.0000000      114.3151941
     891       9       6    1992      116.0000000      118.3978564
     892      10       6    1992       91.0000000      111.0127605
     893      11       6    1992       85.0000000      104.5875029
     894      12       6    1992       68.0000000       99.9435336
     895      13       6    1992       71.0000000       96.4453495
     896      14       6    1992       63.0000000       93.4722754
     897      15       6    1992       59.0000000       90.8136578
     898      16       6    1992       46.0000000       88.4044541
     899      17       6    1992       44.0000000       86.2112658
     900      18       6    1992       39.0000000       84.2084437
     901      19       6    1992       41.0000000       82.3741660
     902      20       6    1992       44.0000000       80.8902969
     903      21       6    1992       39.0000000       80.6343538
     904      22       6    1992       32.0000000       78.7366694
     905      23       6    1992       40.0000000       78.1276297
     906      24       6    1992       41.0000000       84.4849285
     907      25       6    1992       42.0000000       85.0890213
     908      26       6    1992       42.0000000       81.1901396
     909      27       6    1992       48.0000000       78.7689334
     910      28       6    1992       37.0000000       76.6426198
     911      29       6    1992       40.0000000       74.8657942
     912      30       6    1992       29.0000000       73.4750241
     913       1       7    1992       30.0000000       72.2833791
     914       2       7    1992       36.0000000       71.3225861
     915       3       7    1992       29.0000000       70.5570700
     916       4       7    1992       36.0000000       71.6124622
     917       5       7    1992       50.0000000       86.4943623
     918       6       7    1992       78.0000000      101.3497008
     919       7       7    1992       54.0000000       99.7501857
     920       8       7    1992       57.0000000       90.5643457
     921       9       7    1992       51.0000000       82.9070715
     922      10       7    1992       47.0000000       83.9253929
     923      11       7    1992       46.0000000       94.2416033
     924      12       7    1992       76.0000000      103.2140628
     925      13       7    1992       72.0000000      102.5877039
     926      14       7    1992       67.0000000       99.0056314
     927      15       7    1992       63.0000000       92.9281719
     928      16       7    1992       47.0000000       87.7886954
     929      17       7    1992       47.0000000       84.3900849
     930      18       7    1992       42.0000000       81.8060877
     931      19       7    1992       41.0000000       79.5655526
     932      20       7    1992       39.0000000       77.5436901
     933      21       7    1992       37.0000000       75.7034186
     934      22       7    1992       33.0000000       74.1736824
     935      23       7    1992       33.0000000       73.6142894
     936      24       7    1992       33.0000000       72.7369837
     937      25       7    1992       37.0000000       71.1125136
     938      26       7    1992       26.0000000       69.6432608
     939      27       7    1992       24.0000000       68.4017046
     940      28       7    1992       26.0000000       67.2832212
     941      29       7    1992       29.0000000       66.2472155
     942      30       7    1992       19.0000000       65.2801499
     943      31       7    1992       22.0000000       64.3834548
     944       1       8    1992       28.0000000       64.0410828
     945       2       8    1992       35.0000000       64.4025796
     946       3       8    1992       29.0000000       63.3463631
     947       4       8    1992       36.0000000       61.9955472
     948       5       8    1992       52.0000000       61.0705865
     949       6       8    1992       74.0000000       60.3443865
     950       7       8    1992       54.0000000       59.6839667
     951       8       8    1992       57.0000000       59.0586704
     952       9       8    1992       48.0000000       58.5836322
     953      10       8    1992       47.0000000       59.0999686
     954      11       8    1992       46.0000000       60.5305251
     955      12       8    1992       75.0000000       65.0712106
     956      13       8    1992       73.0000000       68.1999022
     957      14       8    1992       66.0000000       69.0477418
     958      15       8    1992       60.0000000       65.8932856
     959      16       8    1992       47.0000000       64.4960199
     960      17       8    1992       46.0000000       61.3904267
     961      18       8    1992       42.0000000       58.6017227
     962      19       8    1992       41.0000000       57.1907881
     963      20       8    1992       40.0000000       57.4331149
     964      21       8    1992       37.0000000       59.8887386
     965      22       8    1992       32.0000000       58.6397751
     966      23       8    1992       32.0000000       56.2522013
     967      24       8    1992       32.0000000       55.0488046
     968      25       8    1992       36.0000000       54.4551881
     969      26       8    1992       27.0000000       53.8435788
     970      27       8    1992       25.0000000       53.2351123
     971      28       8    1992       25.0000000       52.8653623
     972      29       8    1992       28.0000000       52.6294994
     973      30       8    1992       20.0000000       59.3805354
     974      31       8    1992       22.0000000       75.6980800
     975       1       9    1992       49.0000000       95.6353320
     976       2       9    1992       77.0000000      103.0567033
     977       3       9    1992       67.0000000       92.7802039
     978       4       9    1992       45.0000000       81.0151770
     979       5       9    1992       44.0000000       78.2194783
     980       6       9    1992       64.0000000       75.3647580
     981       7       9    1992       52.0000000       70.2525500
     982       8       9    1992       40.0000000       66.0139634
     983       9       9    1992       30.0000000       63.4405214
     984      10       9    1992       34.0000000       61.6003465
     985      11       9    1992       32.0000000       60.0320874
     986      12       9    1992       36.0000000       58.6361204
     987      13       9    1992       28.0000000       57.4360038
     988      14       9    1992       33.0000000       56.4467789
     989      15       9    1992       35.0000000       55.5529927
     990      16       9    1992       30.0000000       55.0690362
     991      17       9    1992       32.0000000       54.4497474
     992      18       9    1992       29.0000000       53.4436744
     993      19       9    1992       30.0000000       52.4931257
     994      20       9    1992       28.0000000       51.7196646
     995      21       9    1992       29.0000000       51.0446703
     996      22       9    1992       29.0000000       50.3344397
     997      23       9    1992       27.0000000       49.6488645
     998      24       9    1992       27.0000000       49.0140621
     999      25       9    1992       23.0000000       48.4208196
    1000      26       9    1992       28.0000000       47.8596181
    1001      27       9    1992       25.0000000       47.3274935
    1002      28       9    1992       25.0000000       46.8236727
    1003      29       9    1992       27.0000000       46.6225905
    1004      30       9    1992       25.0000000       47.5820904
    1005       1      10    1992       27.0000000       47.4241278
    1006       2      10    1992       33.0000000       46.4851300
    1007       3      10    1992       29.0000000       46.6391518
    1008       4      10    1992       31.0000000       48.1338508
    1009       5      10    1992       25.0000000       49.2941236
    1010       6      10    1992       25.0000000       57.6186865
    1011       7      10    1992       36.0000000       60.3705792
    1012       8      10    1992       42.0000000       54.7026309
    1013       9      10    1992       43.0000000       49.7976328
    1014      10      10    1992       26.0000000       48.1188000
    1015      11      10    1992       27.0000000       50.6132519
    1016      12      10    1992       27.0000000       52.6628380
    1017      13      10    1992       26.0000000       50.5229447
    1018      14      10    1992       26.0000000       48.1641416
    1019      15      10    1992       23.0000000       49.1462079
    1020      16      10    1992       21.0000000       52.7022723
    1021      17      10    1992       26.0000000       53.7261983
    1022      18      10    1992       34.0000000       52.9626339
    1023      19      10    1992       37.0000000       53.5244561
    1024      20      10    1992       31.0000000       55.2720989
    1025      21      10    1992       31.0000000       57.6262017
    1026      22      10    1992       35.0000000       55.1257325
    1027      23      10    1992       33.0000000       59.8513230
    1028      24      10    1992       40.0000000       87.9748363
    1029      25      10    1992       74.0000000      127.0002578
    1030      26      10    1992      161.0000000      146.7355099
    1031      27      10    1992      285.0000000      160.8053832
    1032      28      10    1992      244.0000000      177.7278463
    1033      29      10    1992      263.0000000      183.8164312
    1034      30      10    1992      276.0000000      190.4341049
    1035      31      10    1992      186.0000000      182.6550151
    1036       1      11    1992      154.0000000      163.1919007
    1037       2      11    1992      112.0000000      148.3089551
    1038       3      11    1992      104.0000000      140.2888353
    1039       4      11    1992       96.0000000      132.0018313
    1040       5      11    1992       99.0000000      127.9823302
    1041       6      11    1992      126.0000000      120.3122507
    1042       7      11    1992       91.0000000      109.6500109
    1043       8      11    1992       84.0000000      102.2309983
    1044       9      11    1992       81.0000000      100.4312732
    1045      10      11    1992       85.0000000      107.1038429
    1046      11      11    1992      126.0000000      132.8304458
    1047      12      11    1992      279.0000000      171.4420209
    1048      13      11    1992      390.0000000      203.7600119
    1049      14      11    1992      294.0000000      227.2674470
    1050      15      11    1992      260.0000000      253.9015303
    1051      16      11    1992      398.0000000      303.7884656
    1052      17      11    1992      520.0000000      378.3270487
    1053      18      11    1992      487.0000000      421.0278783
    1054      19      11    1992      380.0000000      426.3429473
    1055      20      11    1992      385.0000000      412.2742656
    1056      21      11    1992      351.0000000      388.0308949
    1057      22      11    1992      309.0000000      389.1242752
    1058      23      11    1992      587.0000000      407.4687017
    1059      24      11    1992      661.0000000      397.1986932
    1060      25      11    1992      447.0000000      364.0605955
    1061      26      11    1992      361.0000000      336.6217696
    1062      27      11    1992      351.0000000      329.3499372
    1063      28      11    1992      353.0000000      339.1847511
    1064      29      11    1992      369.0000000      360.0469565
    1065      30      11    1992      452.0000000      394.7359897
    1066       1      12    1992      441.0000000      408.9066274
    1067       2      12    1992      348.0000000      401.4230182
    1068       3      12    1992      394.0000000      403.9245860
    1069       4      12    1992      455.0000000      420.2674498
    1070       5      12    1992      491.0000000      448.3636450
    1071       6      12    1992      469.0000000      461.1017797
    1072       7      12    1992      364.0000000      453.4741249
    1073       8      12    1992      338.0000000      423.5803541
    1074       9      12    1992      334.0000000      378.3166581
    1075      10      12    1992      268.0000000      327.2646147
    1076      11      12    1992      236.0000000      288.8279941
    1077      12      12    1992      230.0000000      272.2519266
    1078      13      12    1992      239.0000000      257.6863268
    1079      14      12    1992      256.0000000      240.8543432
    1080      15      12    1992      217.0000000      218.0979465
    1081      16      12    1992      201.0000000      197.4468623
    1082      17      12    1992      188.0000000      183.7649863
    1083      18      12    1992      176.0000000      173.1883570
    1084      19      12    1992      170.0000000      163.8903851
    1085      20      12    1992      168.0000000      157.4849573
    1086      21      12    1992      131.0000000      152.8105922
    1087      22      12    1992      133.0000000      152.6629048
    1088      23      12    1992      134.0000000      152.0401921
    1089      24      12    1992      127.0000000      145.8643387
    1090      25      12    1992      117.0000000      138.4943844
    1091      26      12    1992      113.0000000      131.7777386
    1092      27      12    1992      100.0000000      125.8753694
    1093      28      12    1992       94.0000000      120.6493165
    1094      29      12    1992       87.0000000      115.9945528
    1095      30      12    1992       86.0000000      111.8329465
    1096      31      12    1992       81.0000000      108.1000534
    1097       1       1    1993       77.0000000      104.7410086
    1098       2       1    1993       76.0000000      101.7087486
    1099       3       1    1993       61.0000000       98.9627690
    1100       4       1    1993       61.0000000       96.4681193
    1101       5       1    1993       57.0000000       94.1945682
    1102       6       1    1993       66.0000000       96.9784683
    1103       7       1    1993       67.0000000      108.5651442
    1104       8       1    1993       84.0000000      119.0248985
    1105       9       1    1993       90.0000000      129.2562590
    1106      10       1    1993      113.0000000      154.8723744
    1107      11       1    1993      265.0000000      235.8290080
    1108      12       1    1993      559.0000000      370.0795531
    1109      13       1    1993      832.0000000      469.6787716
    1110      14       1    1993      601.0000000      497.6460312
    1111      15       1    1993      436.0000000      460.0005599
    1112      16       1    1993      339.0000000      393.0326672
    1113      17       1    1993      292.0000000      326.8729261
    1114      18       1    1993      247.0000000      276.7411945
    1115      19       1    1993      218.0000000      240.3397859
    1116      20       1    1993      205.0000000      214.0458313
    1117      21       1    1993      190.0000000      195.7643352
    1118      22       1    1993      176.0000000      184.0309865
    1119      23       1    1993      173.0000000      174.4756982
    1120      24       1    1993      173.0000000      174.7499178
    1121      25       1    1993      199.0000000      199.3922553
    1122      26       1    1993      361.0000000      244.6939890
    1123      27       1    1993      295.0000000      270.5559850
    1124      28       1    1993      238.0000000      271.0763042
    1125      29       1    1993      263.0000000      273.9537790
    1126      30       1    1993      245.0000000      269.6864637
    1127      31       1    1993      222.0000000      250.6356772
    1128       1       2    1993      199.0000000      223.5533204
    1129       2       2    1993      186.0000000      198.0418312
    1130       3       2    1993      171.0000000      177.6518138
    1131       4       2    1993      157.0000000      162.7074473
    1132       5       2    1993      159.0000000      152.1369767
    1133       6       2    1993      129.0000000      144.0657613
    1134       7       2    1993      119.0000000      137.4429959
    1135       8       2    1993      119.0000000      131.5510294
    1136       9       2    1993      105.0000000      126.2781703
    1137      10       2    1993      106.0000000      121.5660803
    1138      11       2    1993      105.0000000      117.3450620
    1139      12       2    1993       95.0000000      113.5525850
    1140      13       2    1993       91.0000000      110.1346281
    1141      14       2    1993       88.0000000      107.0446581
    1142      15       2    1993       84.0000000      104.2425202
    1143      16       2    1993       83.0000000      101.7988832
    1144      17       2    1993       79.0000000       99.9158582
    1145      18       2    1993       78.0000000       98.8944490
    1146      19       2    1993       84.0000000       99.7530998
    1147      20       2    1993       91.0000000      103.2525452
    1148      21       2    1993       91.0000000      112.1376396
    1149      22       2    1993       90.0000000      117.8187322
    1150      23       2    1993      103.0000000      119.0096637
    1151      24       2    1993       94.0000000      116.2587675
    1152      25       2    1993       81.0000000      112.0625847
    1153      26       2    1993       78.0000000      108.2844807
    1154      27       2    1993       75.0000000      105.9660344
    1155      28       2    1993       76.0000000      104.8937163
    1156       1       3    1993       80.0000000      103.8539941
    1157       2       3    1993       75.0000000      102.1596717
    1158       3       3    1993       76.0000000       99.8743941
    1159       4       3    1993       72.0000000       98.0054560
    1160       5       3    1993       65.0000000       96.0550418
    1161       6       3    1993       64.0000000       93.7912047
    1162       7       3    1993       64.0000000       91.6330360
    1163       8       3    1993       68.0000000       89.8985910
    1164       9       3    1993       68.0000000       89.2990647
    1165      10       3    1993       67.0000000       88.5952171
    1166      11       3    1993       61.0000000       88.1171865
    1167      12       3    1993       57.0000000       88.7000456
    1168      13       3    1993       58.0000000       88.4462427
    1169      14       3    1993       54.0000000       87.0162093
    1170      15       3    1993       66.0000000       85.3742391
    1171      16       3    1993       54.0000000       83.8925412
    1172      17       3    1993       57.0000000       82.5541039
    1173      18       3    1993       57.0000000       81.3164359
    1174      19       3    1993       52.0000000       80.1620343
    1175      20       3    1993       57.0000000       79.0862033
    1176      21       3    1993       58.0000000       78.1043566
    1177      22       3    1993       57.0000000       78.5704783
    1178      23       3    1993       56.0000000       86.4105162
    1179      24       3    1993       63.0000000       94.0208177
    1180      25       3    1993       76.0000000       93.9962029
    1181      26       3    1993       56.0000000       90.7240274
    1182      27       3    1993       59.0000000       88.0164102
    1183      28       3    1993       59.0000000       85.9037327
    1184      29       3    1993       54.0000000       84.0600633
    1185      30       3    1993       48.0000000       82.3804778
    1186      31       3    1993       55.0000000       80.8343952
    1187       1       4    1993       48.0000000       79.4484874
    1188       2       4    1993       53.0000000       78.5347451
    1189       3       4    1993       47.0000000       79.2695715
    1190       4       4    1993       59.0000000       82.3851755
    1191       5       4    1993       53.0000000       90.9480491
    1192       6       4    1993       64.0000000      100.1533470
    1193       7       4    1993       63.0000000      104.0308745
    1194       8       4    1993       75.0000000      102.2930002
    1195       9       4    1993       64.0000000       98.9989613
    1196      10       4    1993       59.0000000       95.7679471
    1197      11       4    1993       60.0000000       94.1982723
    1198      12       4    1993       63.0000000       97.6610345
    1199      13       4    1993       69.0000000       99.1056408
    1200      14       4    1993       79.0000000       98.5804465
    1201      15       4    1993       82.0000000       97.3845339
    1202      16       4    1993       68.0000000       95.0788798
    1203      17       4    1993       56.0000000       92.3770515
    1204      18       4    1993       59.0000000       89.9490566
    1205      19       4    1993       61.0000000       87.6034843
    1206      20       4    1993       62.0000000       85.3816082
    1207      21       4    1993       57.0000000       83.3191591
    1208      22       4    1993       53.0000000       81.4149030
    1209      23       4    1993       47.0000000       79.6648801
    1210      24       4    1993       46.0000000       78.0568396
    1211      25       4    1993       47.0000000       76.5759648
    1212      26       4    1993       45.0000000       75.2083506
    1213      27       4    1993       43.0000000       73.9416451
    1214      28       4    1993       41.0000000       72.7649654
    1215      29       4    1993       38.0000000       71.6687248
    1216      30       4    1993       39.0000000       70.6992133
    1217       1       5    1993       40.0000000       69.9680642
    1218       2       5    1993       41.0000000       69.1966468
    1219       3       5    1993       45.0000000       68.7398603
    1220       4       5    1993       49.0000000       68.8824448
    1221       5       5    1993       40.0000000       68.3944631
    1222       6       5    1993       43.0000000       67.4104257
    1223       7       5    1993       38.0000000       66.5838826
    1224       8       5    1993       38.0000000       66.1738324
    1225       9       5    1993       43.0000000       65.4147791
    1226      10       5    1993       44.0000000       64.7459816
    1227      11       5    1993       41.0000000       64.4467450
    1228      12       5    1993       51.0000000       68.1386109
    1229      13       5    1993       63.0000000       86.5862239
    1230      14       5    1993       68.0000000       94.2163085
    1231      15       5    1993       77.0000000       83.3905468
    1232      16       5    1993       77.0000000       77.1066053
    1233      17       5    1993       59.0000000       73.5441060
    1234      18       5    1993       49.0000000       71.3816604
    1235      19       5    1993       43.0000000       71.4287398
    1236      20       5    1993       44.0000000       74.0619824
    1237      21       5    1993       48.0000000       74.1659682
    1238      22       5    1993       44.0000000       76.9076665
    1239      23       5    1993       46.0000000       75.2131099
    1240      24       5    1993       40.0000000       71.8024790
    1241      25       5    1993       43.0000000       69.5251951
    1242      26       5    1993       30.0000000       67.9840600
    1243      27       5    1993       45.0000000       67.8247210
    1244      28       5    1993       43.0000000       71.8335945
    1245      29       5    1993       44.0000000       75.3916733
    1246      30       5    1993       54.0000000       75.1991552
    1247      31       5    1993       56.0000000       74.9410405
    1248       1       6    1993       44.0000000       73.1297654
    1249       2       6    1993       43.0000000       70.4706796
    1250       3       6    1993       33.0000000       68.9839414
    1251       4       6    1993       45.0000000       69.2817696
    1252       5       6    1993       46.0000000       69.8414562
    1253       6       6    1993       42.0000000       68.2824593
    1254       7       6    1993       40.0000000       66.3275615
    1255       8       6    1993       30.0000000       64.8136165
    1256       9       6    1993       31.0000000       63.5740757
    1257      10       6    1993       32.0000000       62.4704876
    1258      11       6    1993       25.0000000       61.5072109
    1259      12       6    1993       33.0000000       60.8732790
    1260      13       6    1993       29.0000000       61.2459073
    1261      14       6    1993       40.0000000       61.5280977
    1262      15       6    1993       42.0000000       62.0093621
    1263      16       6    1993       37.0000000       62.8729042
    1264      17       6    1993       46.0000000       62.7043247
    1265      18       6    1993       47.0000000       61.9933295
    1266      19       6    1993       50.0000000       60.7393720
    1267      20       6    1993       43.0000000       62.3256909
    1268      21       6    1993       69.0000000       75.2075119
    1269      22       6    1993       61.0000000       78.0468767
    1270      23       6    1993       67.0000000       79.2520310
    1271      24       6    1993       77.0000000       87.4090847
    1272      25       6    1993       87.0000000       84.8608564
    1273      26       6    1993       55.0000000       78.3532980
    1274      27       6    1993       43.0000000       74.2346217
    1275      28       6    1993       40.0000000       71.6693622
    1276      29       6    1993       30.0000000       69.6403532
    1277      30       6    1993       40.0000000       67.8454732
    1278       1       7    1993       40.0000000       66.2297863
    1279       2       7    1993       27.0000000       65.4081417
    1280       3       7    1993       34.0000000       65.4879398
    1281       4       7    1993       30.0000000       64.1039355
    1282       5       7    1993       31.0000000       62.3799149
    1283       6       7    1993       27.0000000       61.0152265
    1284       7       7    1993       31.0000000       59.8854000
    1285       8       7    1993       26.0000000       58.8651534
    1286       9       7    1993       23.0000000       57.9230986
    1287      10       7    1993       24.0000000       57.0949974
    1288      11       7    1993       25.0000000       56.9111333
    1289      12       7    1993       34.0000000       58.7592428
    1290      13       7    1993       40.0000000       65.9889974
    1291      14       7    1993       41.0000000       78.0615195
    1292      15       7    1993       46.0000000       82.4797732
    1293      16       7    1993       39.0000000       74.4349066
    1294      17       7    1993       43.0000000       68.1860796
    1295      18       7    1993       35.0000000       64.3296443
    1296      19       7    1993       49.0000000       67.4480718
    1297      20       7    1993       38.0000000       75.5682214
    1298      21       7    1993       41.0000000       74.5179840
    1299      22       7    1993       45.0000000       72.0861692
    1300      23       7    1993       41.0000000       71.1294804
    1301      24       7    1993       42.0000000       67.5586053
    1302      25       7    1993       40.0000000       64.2955186
    1303      26       7    1993       35.0000000       62.2928669
    1304      27       7    1993       40.0000000       68.6867141
    1305      28       7    1993       40.0000000       77.2444700
    1306      29       7    1993       36.0000000       68.7605714
    1307      30       7    1993       40.0000000       74.2465864
    1308      31       7    1993       61.0000000       93.8981506
    1309       1       8    1993       36.0000000       90.7185970
    1310       2       8    1993       46.0000000       79.5637543
    1311       3       8    1993       32.0000000       72.0447072
    1312       4       8    1993       38.0000000       68.3054437
    1313       5       8    1993       32.0000000       65.9532322
    1314       6       8    1993       25.0000000       64.0265194
    1315       7       8    1993       26.0000000       62.3096298
    1316       8       8    1993       29.0000000       60.7534126
    1317       9       8    1993       29.0000000       59.8014049
    1318      10       8    1993       28.0000000       62.7369115
    1319      11       8    1993       37.0000000       63.5083356
    1320      12       8    1993       40.0000000       62.2879632
    1321      13       8    1993       49.0000000       60.1984891
    1322      14       8    1993       32.0000000       58.1207047
    1323      15       8    1993       37.0000000       56.7359842
    1324      16       8    1993       37.0000000       55.9291214
    1325      17       8    1993       27.0000000       54.7152634
    1326      18       8    1993       24.0000000       53.7017066
    1327      19       8    1993       24.0000000       52.8104191
    1328      20       8    1993       22.0000000       51.9872145
    1329      21       8    1993       21.0000000       51.2205582
    1330      22       8    1993       16.0000000       50.5054200
    1331      23       8    1993       21.0000000       50.0978885
    1332      24       8    1993       27.0000000       51.3403078
    1333      25       8    1993       26.0000000       52.0667597
    1334      26       8    1993       23.0000000       50.6549000
    1335      27       8    1993       21.0000000       49.3387878
    1336      28       8    1993       28.0000000       49.2671787
    1337      29       8    1993       17.0000000       51.1938468
    1338      30       8    1993       24.0000000       50.7409529
    1339      31       8    1993       25.0000000       49.0036843
    1340       1       9    1993       25.0000000       47.9271972
    1341       2       9    1993       19.0000000       47.2625215
    1342       3       9    1993       17.0000000       46.7182479
    1343       4       9    1993       16.0000000       46.8361374
    1344       5       9    1993       19.0000000       49.5059511
    1345       6       9    1993       23.0000000       49.8546206
    1346       7       9    1993       25.0000000       53.2426670
    1347       8       9    1993       34.0000000       61.8024994
    1348       9       9    1993       31.0000000       57.9638626
    1349      10       9    1993       35.0000000       74.5256863
    1350      11       9    1993       53.0000000       96.5465336
    1351      12       9    1993       71.0000000      116.1320713
    1352      13       9    1993       74.0000000      126.5528465
    1353      14       9    1993       87.0000000      142.2101211
    1354      15       9    1993      173.0000000      157.4924153
    1355      16       9    1993      117.0000000      147.6192821
    1356      17       9    1993       93.0000000      125.1311536
    1357      18       9    1993       77.0000000      111.8110160
    1358      19       9    1993       62.0000000      102.7160641
    1359      20       9    1993       54.0000000       95.7171025
    1360      21       9    1993       48.0000000       90.3464737
    1361      22       9    1993       46.0000000       93.1898939
    1362      23       9    1993       55.0000000      102.2614257
    1363      24       9    1993       66.0000000      111.0636037
    1364      25       9    1993       64.0000000      113.3920633
    1365      26       9    1993       52.0000000      108.9775611
    1366      27       9    1993       68.0000000      102.0531770
    1367      28       9    1993       69.0000000       95.2256904
    1368      29       9    1993       62.0000000       93.8467252
    1369      30       9    1993       76.0000000       94.5530596
    1370       1      10    1993       72.0000000       95.8589882
    1371       2      10    1993       68.0000000      103.6977778
    1372       3      10    1993       72.0000000      106.8362543
    1373       4      10    1993       78.0000000      108.5732471
    1374       5      10    1993      116.0000000      133.2215197
    1375       6      10    1993      131.0000000      157.3820014
    1376       7      10    1993      180.0000000      163.0995567
    1377       8      10    1993      203.0000000      162.1343776
    1378       9      10    1993      164.0000000      159.4494917
    1379      10      10    1993      178.0000000      167.5850798
    1380      11      10    1993      161.0000000      185.4425905
    1381      12      10    1993      287.0000000      204.2899574
    1382      13      10    1993      360.0000000      228.2404688
    1383      14      10    1993      374.0000000      263.5653297
    1384      15      10    1993      297.0000000      279.4997767
    1385      16      10    1993      247.0000000      267.5433675
    1386      17      10    1993      273.0000000      257.2496167
    1387      18      10    1993      261.0000000      254.1702483
    1388      19      10    1993      265.0000000      242.6089005
    1389      20      10    1993      230.0000000      221.1165802
    1390      21      10    1993      199.0000000      195.7080164
    1391      22      10    1993      173.0000000      173.1861395
    1392      23      10    1993      182.0000000      160.3751606
    1393      24      10    1993      203.0000000      164.7374721
    1394      25      10    1993      213.0000000      167.3965782
    1395      26      10    1993      180.0000000      159.8692895
    1396      27      10    1993      154.0000000      146.3461190
    1397      28      10    1993      118.0000000      134.2614903
    1398      29      10    1993      112.0000000      125.1716227
    1399      30      10    1993       98.0000000      117.8747614
    1400      31      10    1993       97.0000000      111.6048625
    1401       1      11    1993       91.0000000      106.0873890
    1402       2      11    1993       85.0000000      101.1977009
    1403       3      11    1993       75.0000000       96.8488626
    1404       4      11    1993       76.0000000       92.9693368
    1405       5      11    1993       78.0000000       89.4982975
    1406       6      11    1993       72.0000000       86.3847163
    1407       7      11    1993       76.0000000       84.1243893
    1408       8      11    1993       69.0000000       82.8073804
    1409       9      11    1993       66.0000000       80.5814385
    1410      10      11    1993       71.0000000       79.1175905
    1411      11      11    1993       64.0000000       79.6246262
    1412      12      11    1993       67.0000000       81.9657577
    1413      13      11    1993       80.0000000       90.5970673
    1414      14      11    1993       78.0000000      102.2233125
    1415      15      11    1993       80.0000000      113.2276604
    1416      16      11    1993       86.0000000      116.6638654
    1417      17      11    1993      125.0000000      116.4633405
    1418      18      11    1993       96.0000000      111.6354271
    1419      19      11    1993       82.0000000      105.5392014
    1420      20      11    1993       77.0000000      100.3889355
    1421      21      11    1993       67.0000000       96.0256743
    1422      22      11    1993       71.0000000       92.1830094
    1423      23      11    1993       61.0000000       88.7501493
    1424      24      11    1993       42.0000000       85.6680907
    1425      25      11    1993       63.0000000       82.8932726
    1426      26      11    1993       57.0000000       80.5594307
    1427      27      11    1993       58.0000000       79.1065561
    1428      28      11    1993       49.0000000       77.4588869
    1429      29      11    1993       50.0000000       75.4850226
    1430      30      11    1993       55.0000000       73.6463904
    1431       1      12    1993       54.0000000       71.9888505
    1432       2      12    1993       54.0000000       72.0476036
    1433       3      12    1993       50.0000000       73.5151993
    1434       4      12    1993       51.0000000       74.4322830
    1435       5      12    1993       62.0000000       74.4792867
    1436       6      12    1993       62.0000000       72.5334575
    1437       7      12    1993       71.0000000       80.9895888
    1438       8      12    1993       79.0000000      107.7028067
    1439       9      12    1993      153.0000000      136.0036650
    1440      10      12    1993      291.0000000      172.3039302
    1441      11      12    1993      332.0000000      217.2985536
    1442      12      12    1993      465.0000000      282.4079947
    1443      13      12    1993      518.0000000      361.8276941
    1444      14      12    1993      539.0000000      403.2649624
    1445      15      12    1993      559.0000000      424.5183601
    1446      16      12    1993      500.0000000      449.7388318
    1447      17      12    1993      526.0000000      485.3410724
    1448      18      12    1993      583.0000000      514.9411726
    1449      19      12    1993      677.0000000      552.0470219
    1450      20      12    1993      781.0000000      666.8292795
    1451      21      12    1993     1180.0000000      838.8986790
    1452      22      12    1993     1460.0000000      957.5270909
    1453      23      12    1993     1600.0000000     1017.7337751
    1454      24      12    1993     1410.0000000     1035.0791566
    1455      25      12    1993     1230.0000000     1021.3073856
    1456      26      12    1993     1070.0000000      939.6321439
    1457      27      12    1993      746.0000000      800.3073676
    1458      28      12    1993      542.0000000      663.3593620
    1459      29      12    1993      492.0000000      566.8591930
    1460      30      12    1993      491.0000000      532.7781468
    1461      31      12    1993      617.0000000      559.5104414
