      No     Day     Mon    Year  Qobs_0000000398  Qsim_0000000398
       1       1       1    1991      889.0000000      997.5835193
       2       2       1    1991      863.0000000     1053.5607084
       3       3       1    1991      875.0000000     1177.0281605
       4       4       1    1991      932.0000000      958.4012896
       5       5       1    1991      826.0000000      834.6735414
       6       6       1    1991      731.0000000      761.6521175
       7       7       1    1991      613.0000000      688.0548738
       8       8       1    1991      610.0000000      685.7046499
       9       9       1    1991      686.0000000      593.8961289
      10      10       1    1991      556.0000000      691.6295941
      11      11       1    1991      669.0000000      808.0833814
      12      12       1    1991      828.0000000      701.6996815
      13      13       1    1991      735.0000000      489.5384053
      14      14       1    1991      513.0000000      362.6447244
      15      15       1    1991      411.0000000      285.1696709
      16      16       1    1991      345.0000000      236.7075931
      17      17       1    1991      293.0000000      202.5638080
      18      18       1    1991      251.0000000      177.1759324
      19      19       1    1991      222.0000000      157.6825675
      20      20       1    1991      215.0000000      142.3431775
      21      21       1    1991      213.0000000      137.2267357
      22      22       1    1991      202.0000000      148.2648839
      23      23       1    1991      200.0000000      145.7362982
      24      24       1    1991      192.0000000      131.6230861
      25      25       1    1991      176.0000000      119.3527373
      26      26       1    1991      164.0000000      109.7217809
      27      27       1    1991      157.0000000      101.9172050
      28      28       1    1991      134.0000000       95.5103141
      29      29       1    1991      130.0000000       90.1672981
      30      30       1    1991      119.0000000       85.6511222
      31      31       1    1991      107.0000000       81.7890386
      32       1       2    1991      112.0000000       78.4522674
      33       2       2    1991      109.0000000       75.5429092
      34       3       2    1991      101.0000000       72.9852606
      35       4       2    1991       98.0000000       70.7198994
      36       5       2    1991       84.0000000       68.6995635
      37       6       2    1991       93.0000000       66.8862203
      38       7       2    1991       80.0000000       65.2489436
      39       8       2    1991       73.0000000       63.7623515
      40       9       2    1991       89.0000000       62.4054378
      41      10       2    1991       84.0000000       61.1606878
      42      11       2    1991       78.0000000       60.0133992
      43      12       2    1991       79.0000000       58.9511551
      44      13       2    1991       77.0000000       57.9634116
      45      14       2    1991       80.0000000       57.0411699
      46      15       2    1991       72.0000000       56.1767157
      47      16       2    1991       78.0000000       59.1633361
      48      17       2    1991       74.0000000       61.1808683
      49      18       2    1991       77.0000000       59.3643118
      50      19       2    1991       73.0000000       84.4750569
      51      20       2    1991       69.0000000      146.7554133
      52      21       2    1991       74.0000000      223.7808095
      53      22       2    1991       81.0000000      243.9830656
      54      23       2    1991      110.0000000      197.4063674
      55      24       2    1991      180.0000000      172.4773893
      56      25       2    1991      213.0000000      161.3627993
      57      26       2    1991      222.0000000      142.3334256
      58      27       2    1991      208.0000000      132.3624185
      59      28       2    1991      211.0000000      126.6895569
      60       1       3    1991      214.0000000      118.5003417
      61       2       3    1991      208.0000000      130.3807275
      62       3       3    1991      221.0000000      135.1696368
      63       4       3    1991      281.0000000      118.9174788
      64       5       3    1991      219.0000000      107.3443461
      65       6       3    1991      190.0000000       98.5176818
      66       7       3    1991      173.0000000       91.4068850
      67       8       3    1991      164.0000000       85.9100584
      68       9       3    1991      142.0000000       82.7715324
      69      10       3    1991      133.0000000       82.9284614
      70      11       3    1991      133.0000000       80.5483997
      71      12       3    1991      118.0000000       76.2309220
      72      13       3    1991      127.0000000       72.3580805
      73      14       3    1991      113.0000000       69.0681400
      74      15       3    1991      107.0000000       66.2364104
      75      16       3    1991      100.0000000       63.7731638
      76      17       3    1991      100.0000000       61.6160775
      77      18       3    1991       95.0000000       59.7575302
      78      19       3    1991       98.0000000      126.6727203
      79      20       3    1991      119.0000000      171.9973054
      80      21       3    1991      159.0000000      196.0079246
      81      22       3    1991      196.0000000      237.4974624
      82      23       3    1991      242.0000000      200.3929203
      83      24       3    1991      216.0000000      163.6739828
      84      25       3    1991      180.0000000      138.8800205
      85      26       3    1991      145.0000000      121.4535888
      86      27       3    1991      127.0000000      110.7259278
      87      28       3    1991      117.0000000       99.7920355
      88      29       3    1991      109.0000000       91.2314005
      89      30       3    1991      106.0000000       84.3561648
      90      31       3    1991       99.0000000       78.7310765
      91       1       4    1991       96.0000000       74.0564480
      92       2       4    1991       88.0000000       70.1194086
      93       3       4    1991       87.0000000       66.7647863
      94       4       4    1991       82.0000000       64.3724140
      95       5       4    1991       84.0000000       62.7172884
      96       6       4    1991       67.0000000       60.4033075
      97       7       4    1991       89.0000000       58.4941191
      98       8       4    1991       75.0000000       56.8952822
      99       9       4    1991       79.0000000       55.2279981
     100      10       4    1991       70.0000000       53.6745658
     101      11       4    1991       69.0000000       52.2787424
     102      12       4    1991       69.0000000       51.0182790
     103      13       4    1991       56.0000000       49.8735178
     104      14       4    1991       63.0000000       48.8302631
     105      15       4    1991       58.0000000       47.8766536
     106      16       4    1991       56.0000000       46.9912228
     107      17       4    1991       54.0000000       46.1708619
     108      18       4    1991       57.0000000       45.4337735
     109      19       4    1991       53.0000000       45.6175591
     110      20       4    1991       53.0000000       45.6595855
     111      21       4    1991       65.0000000       44.8227005
     112      22       4    1991       69.0000000       46.6927204
     113      23       4    1991       61.0000000       48.8291013
     114      24       4    1991       56.0000000       45.5395186
     115      25       4    1991       56.0000000       44.3830025
     116      26       4    1991       53.0000000       43.5585722
     117      27       4    1991       49.0000000       42.8129937
     118      28       4    1991       53.0000000       42.1223171
     119      29       4    1991       48.0000000       45.6505011
     120      30       4    1991       57.0000000       91.1146685
     121       1       5    1991       69.0000000       89.6521324
     122       2       5    1991       89.0000000       67.6201588
     123       3       5    1991      105.0000000       62.7233674
     124       4       5    1991       79.0000000       59.1813437
     125       5       5    1991       69.0000000       56.3167260
     126       6       5    1991       71.0000000       54.2900775
     127       7       5    1991       60.0000000       51.9047303
     128       8       5    1991       64.0000000       49.9033760
     129       9       5    1991       59.0000000       48.1533375
     130      10       5    1991       57.0000000       48.6153682
     131      11       5    1991       55.0000000       52.0221794
     132      12       5    1991       53.0000000       49.1678713
     133      13       5    1991       52.0000000       47.4546154
     134      14       5    1991       50.0000000       46.1816646
     135      15       5    1991       52.0000000       51.2563253
     136      16       5    1991       54.0000000       54.3039077
     137      17       5    1991       54.0000000       49.7013687
     138      18       5    1991       55.0000000       48.0069011
     139      19       5    1991       48.0000000       46.4810799
     140      20       5    1991       48.0000000       45.0929135
     141      21       5    1991       49.0000000       43.8264346
     142      22       5    1991       41.0000000       42.6677960
     143      23       5    1991       40.0000000       41.6048915
     144      24       5    1991       40.0000000       40.6271117
     145      25       5    1991       39.0000000       39.7251383
     146      26       5    1991       43.0000000       38.8907718
     147      27       5    1991       39.0000000       38.1167837
     148      28       5    1991       36.0000000       37.3967918
     149      29       5    1991       33.0000000       36.7251527
     150      30       5    1991       39.0000000       36.0968695
     151      31       5    1991       34.0000000       35.5075121
     152       1       6    1991       37.0000000       34.9531487
     153       2       6    1991       35.0000000       34.4302855
     154       3       6    1991       29.0000000       33.9358148
     155       4       6    1991       33.0000000       33.4669698
     156       5       6    1991       34.0000000       33.0348732
     157       6       6    1991       32.0000000       49.8169639
     158       7       6    1991       38.0000000       52.3064752
     159       8       6    1991       39.0000000       41.5225400
     160       9       6    1991       41.0000000       38.3807137
     161      10       6    1991       44.0000000       52.2023562
     162      11       6    1991       48.0000000       37.7712016
     163      12       6    1991       42.0000000       35.0238992
     164      13       6    1991       37.0000000       34.2227275
     165      14       6    1991       39.0000000       33.5627689
     166      15       6    1991       35.0000000       33.3440965
     167      16       6    1991       31.0000000       36.3239287
     168      17       6    1991       33.0000000       39.8908457
     169      18       6    1991       31.0000000       37.5037378
     170      19       6    1991       28.0000000       34.7646148
     171      20       6    1991       60.0000000       70.4667363
     172      21       6    1991       48.0000000       57.7570305
     173      22       6    1991       54.0000000       41.7313607
     174      23       6    1991       63.0000000       49.0068178
     175      24       6    1991       41.0000000       43.6036757
     176      25       6    1991       42.0000000       39.3345839
     177      26       6    1991       43.0000000       37.7169237
     178      27       6    1991       38.0000000       45.9314302
     179      28       6    1991       38.0000000       46.9106547
     180      29       6    1991       35.0000000       40.2966214
     181      30       6    1991       41.0000000       38.0073310
     182       1       7    1991       41.0000000       36.5529427
     183       2       7    1991       38.0000000       35.2743847
     184       3       7    1991       34.0000000       34.1395499
     185       4       7    1991       27.0000000       33.1255418
     186       5       7    1991       31.0000000       32.2139704
     187       6       7    1991       30.0000000       31.3899528
     188       7       7    1991       26.0000000       37.3448485
     189       8       7    1991       30.0000000       36.5433324
     190       9       7    1991       31.0000000       30.5064640
     191      10       7    1991       23.0000000       29.7892772
     192      11       7    1991       35.0000000       29.1359551
     193      12       7    1991       19.0000000       30.2386159
     194      13       7    1991       24.0000000       56.9408280
     195      14       7    1991       26.0000000       50.0427920
     196      15       7    1991       27.0000000       34.4941281
     197      16       7    1991       41.0000000       31.4320655
     198      17       7    1991       34.0000000       30.4926301
     199      18       7    1991       27.0000000       29.6506262
     200      19       7    1991       25.0000000       28.8911135
     201      20       7    1991       23.0000000       28.2021745
     202      21       7    1991       22.0000000       27.5739729
     203      22       7    1991       27.0000000       26.9983230
     204      23       7    1991       23.0000000       26.4683630
     205      24       7    1991       21.0000000       27.2987752
     206      25       7    1991       23.0000000       52.1389777
     207      26       7    1991       33.0000000       44.7949824
     208      27       7    1991       23.0000000       31.4402523
     209      28       7    1991       29.0000000       28.2068631
     210      29       7    1991       30.0000000       27.4334344
     211      30       7    1991       35.0000000       40.3132129
     212      31       7    1991       27.0000000       39.9393572
     213       1       8    1991       45.0000000       29.2878841
     214       2       8    1991       47.0000000       28.3111019
     215       3       8    1991       40.0000000       27.4838485
     216       4       8    1991       35.0000000       26.7392065
     217       5       8    1991       26.0000000       26.0650814
     218       6       8    1991       23.0000000       25.4515740
     219       7       8    1991       30.0000000       26.4391142
     220       8       8    1991       33.0000000       27.1329838
     221       9       8    1991       30.0000000       24.5265522
     222      10       8    1991       28.0000000       23.6671423
     223      11       8    1991       19.0000000       23.2352828
     224      12       8    1991       20.0000000       22.8335436
     225      13       8    1991       16.0000000       22.4583815
     226      14       8    1991       18.0000000       22.1067503
     227      15       8    1991       18.0000000       21.7760195
     228      16       8    1991       20.0000000       21.4639084
     229      17       8    1991       16.0000000       21.1684321
     230      18       8    1991       15.0000000       20.8878574
     231      19       8    1991       15.0000000       20.6206668
     232      20       8    1991       14.0000000       20.3655272
     233      21       8    1991       15.0000000       20.1212650
     234      22       8    1991       13.0000000       19.8868892
     235      23       8    1991       12.0000000       19.8176027
     236      24       8    1991       11.0000000       19.7257588
     237      25       8    1991       12.0000000       19.2402183
     238      26       8    1991       11.0000000       19.0363177
     239      27       8    1991       13.0000000       18.8388140
     240      28       8    1991       11.0000000       18.6470237
     241      29       8    1991       12.0000000       18.4604867
     242      30       8    1991       12.0000000       18.2787910
     243      31       8    1991       11.0000000       18.1015674
     244       1       9    1991       11.0000000       19.7928329
     245       2       9    1991       17.0000000       20.1421586
     246       3       9    1991       11.0000000       17.6374961
     247       4       9    1991       12.0000000       17.4717085
     248       5       9    1991       11.0000000       17.3096420
     249       6       9    1991       11.0000000       17.1507696
     250       7       9    1991       18.0000000       16.9948835
     251       8       9    1991       11.0000000       16.8417966
     252       9       9    1991       13.0000000       16.6913395
     253      10       9    1991       12.0000000       17.2711212
     254      11       9    1991       11.0000000       46.0592454
     255      12       9    1991       20.0000000       38.2304510
     256      13       9    1991       21.0000000       17.2685457
     257      14       9    1991       29.0000000       17.0253227
     258      15       9    1991       28.0000000       16.7971770
     259      16       9    1991       20.0000000       16.5811292
     260      17       9    1991       20.0000000       16.3757497
     261      18       9    1991       20.0000000       16.1798218
     262      19       9    1991       12.0000000       15.9923046
     263      20       9    1991       11.0000000       15.8123031
     264      21       9    1991       11.0000000       15.6390444
     265      22       9    1991       22.0000000       37.2254625
     266      23       9    1991       14.0000000       36.4613186
     267      24       9    1991       48.0000000       17.0958358
     268      25       9    1991       45.0000000       75.7196313
     269      26       9    1991       80.0000000       79.0349097
     270      27       9    1991       61.0000000       60.3097864
     271      28       9    1991       61.0000000       88.9638128
     272      29       9    1991       65.0000000       97.9627886
     273      30       9    1991       63.0000000       93.3960286
     274       1      10    1991       90.0000000       70.7574732
     275       2      10    1991       59.0000000       58.9068397
     276       3      10    1991       45.0000000       50.6822734
     277       4      10    1991       42.0000000       44.5932834
     278       5      10    1991       41.0000000       92.8702624
     279       6      10    1991       41.0000000      121.5408669
     280       7      10    1991       73.0000000       88.8150558
     281       8      10    1991       96.0000000       72.8022686
     282       9      10    1991       61.0000000       62.7982006
     283      10      10    1991       44.0000000       55.2242620
     284      11      10    1991       42.0000000       49.5476906
     285      12      10    1991       41.0000000       75.1031744
     286      13      10    1991       42.0000000       85.9140605
     287      14      10    1991       61.0000000       65.9245714
     288      15      10    1991       55.0000000       58.6830885
     289      16      10    1991       41.0000000       58.5346228
     290      17      10    1991       48.0000000       75.4990259
     291      18      10    1991       52.0000000      111.3318497
     292      19      10    1991       66.0000000      103.6073965
     293      20      10    1991       59.0000000       88.9384786
     294      21      10    1991       71.0000000       80.3447969
     295      22      10    1991       74.0000000       70.1579694
     296      23      10    1991       70.0000000       62.4674562
     297      24      10    1991       59.0000000       56.2680219
     298      25      10    1991       57.0000000       51.1854880
     299      26      10    1991       57.0000000       46.9471896
     300      27      10    1991       51.0000000       43.3688290
     301      28      10    1991       47.0000000       40.3162362
     302      29      10    1991       48.0000000       37.6892352
     303      30      10    1991       45.0000000       39.8834340
     304      31      10    1991       43.0000000       45.1570385
     305       1      11    1991       40.0000000       57.8517357
     306       2      11    1991       47.0000000       64.2938590
     307       3      11    1991       46.0000000      106.1798144
     308       4      11    1991       76.0000000      178.8077588
     309       5      11    1991       60.0000000      181.4564089
     310       6      11    1991      132.0000000      164.1429152
     311       7      11    1991      133.0000000      161.5812132
     312       8      11    1991      113.0000000      197.1195826
     313       9      11    1991      120.0000000      219.2090834
     314      10      11    1991      141.0000000      185.1434471
     315      11      11    1991      208.0000000      211.1414504
     316      12      11    1991      166.0000000      326.3112960
     317      13      11    1991      183.0000000      463.8509945
     318      14      11    1991      299.0000000      681.4224768
     319      15      11    1991      521.0000000      596.9628453
     320      16      11    1991      443.0000000      449.6138005
     321      17      11    1991      304.0000000      344.9970088
     322      18      11    1991      231.0000000      323.3692805
     323      19      11    1991      192.0000000      333.5901534
     324      20      11    1991      199.0000000      290.9377734
     325      21      11    1991      201.0000000      254.5917160
     326      22      11    1991      173.0000000      204.7417568
     327      23      11    1991      159.0000000      168.7005533
     328      24      11    1991      160.0000000      146.0885333
     329      25      11    1991      146.0000000      128.9904220
     330      26      11    1991      110.0000000      115.2893503
     331      27      11    1991      114.0000000      104.0486653
     332      28      11    1991       97.0000000       94.7218673
     333      29      11    1991       89.0000000       86.8821498
     334      30      11    1991       73.0000000       80.2238723
     335       1      12    1991       69.0000000       74.5192581
     336       2      12    1991       67.0000000       69.5948220
     337       3      12    1991       63.0000000       65.3159274
     338       4      12    1991       58.0000000       61.5763747
     339       5      12    1991       59.0000000       58.2912037
     340       6      12    1991       53.0000000       55.3916027
     341       7      12    1991       54.0000000       52.8212354
     342       8      12    1991       51.0000000       50.5335407
     343       9      12    1991       47.0000000       48.4897155
     344      10      12    1991       42.0000000       46.6571838
     345      11      12    1991       40.0000000       45.0084195
     346      12      12    1991       39.0000000       43.5200295
     347      13      12    1991       36.0000000       42.1720311
     348      14      12    1991       37.0000000       40.9472767
     349      15      12    1991       32.0000000       39.8309914
     350      16      12    1991       37.0000000       52.2297038
     351      17      12    1991       62.0000000      215.5922679
     352      18      12    1991      118.0000000      373.9325120
     353      19      12    1991      170.0000000      491.4816688
     354      20      12    1991      229.0000000      661.4084798
     355      21      12    1991      448.0000000      764.3215429
     356      22      12    1991      464.0000000     1056.3279003
     357      23      12    1991      675.0000000      813.3474504
     358      24      12    1991      844.0000000      614.9651224
     359      25      12    1991      569.0000000      452.2893431
     360      26      12    1991      358.0000000      349.2892261
     361      27      12    1991      279.0000000      285.6947638
     362      28      12    1991      238.0000000      233.0080575
     363      29      12    1991      201.0000000      191.6599183
     364      30      12    1991      185.0000000      165.9144654
     365      31      12    1991      165.0000000      147.1567556
     366       1       1    1992      140.0000000      132.1242869
     367       2       1    1992      126.0000000      120.0910051
     368       3       1    1992      117.0000000      111.3900378
     369       4       1    1992      114.0000000      107.9236530
     370       5       1    1992      108.0000000      104.5489534
     371       6       1    1992      108.0000000       96.1133717
     372       7       1    1992      101.0000000       89.2351654
     373       8       1    1992       97.0000000       87.9167975
     374       9       1    1992       89.0000000      113.1006429
     375      10       1    1992      111.0000000      185.1708678
     376      11       1    1992      135.0000000      207.2874587
     377      12       1    1992      171.0000000      167.8977755
     378      13       1    1992      125.0000000      141.6945937
     379      14       1    1992      111.0000000      123.0584731
     380      15       1    1992      100.0000000      109.2385981
     381      16       1    1992       87.0000000       98.7473320
     382      17       1    1992       75.0000000       90.2328352
     383      18       1    1992       79.0000000       83.3637699
     384      19       1    1992       70.0000000       85.9557306
     385      20       1    1992       72.0000000       86.6094963
     386      21       1    1992       87.0000000       86.0063744
     387      22       1    1992       79.0000000       78.5954866
     388      23       1    1992       71.0000000       73.0648630
     389      24       1    1992       66.0000000       68.5459611
     390      25       1    1992       67.0000000       64.7895375
     391      26       1    1992       65.0000000       61.6217409
     392      27       1    1992       59.0000000       58.9172683
     393      28       1    1992       57.0000000       56.6491049
     394      29       1    1992       54.0000000       55.5518658
     395      30       1    1992       59.0000000       61.1038206
     396      31       1    1992       57.0000000       79.0453996
     397       1       2    1992       56.0000000       89.8129020
     398       2       2    1992       54.0000000       84.1469875
     399       3       2    1992       58.0000000       76.7506329
     400       4       2    1992       63.0000000      160.4591106
     401       5       2    1992       76.0000000      291.8729518
     402       6       2    1992      250.0000000      284.8809931
     403       7       2    1992      346.0000000      221.8195894
     404       8       2    1992      241.0000000      182.6489743
     405       9       2    1992      180.0000000      174.8321235
     406      10       2    1992      164.0000000      185.8166269
     407      11       2    1992      183.0000000      220.1159693
     408      12       2    1992      215.0000000      293.6209811
     409      13       2    1992      265.0000000      318.1187469
     410      14       2    1992      287.0000000      324.8510584
     411      15       2    1992      272.0000000      316.8713765
     412      16       2    1992      253.0000000      344.6850862
     413      17       2    1992      301.0000000      321.8558072
     414      18       2    1992      275.0000000      251.5077637
     415      19       2    1992      224.0000000      205.2335676
     416      20       2    1992      194.0000000      173.3061704
     417      21       2    1992      173.0000000      150.7191415
     418      22       2    1992      157.0000000      133.6816568
     419      23       2    1992      142.0000000      122.9611601
     420      24       2    1992      133.0000000      116.4193856
     421      25       2    1992      128.0000000      106.8361059
     422      26       2    1992      125.0000000       98.4194724
     423      27       2    1992      125.0000000       91.4854245
     424      28       2    1992      110.0000000       85.6056703
     425      29       2    1992      107.0000000       80.5721803
     426       1       3    1992       97.0000000       76.4594271
     427       2       3    1992       97.0000000       74.8191563
     428       3       3    1992       86.0000000       77.8350199
     429       4       3    1992       93.0000000       72.9942747
     430       5       3    1992       86.0000000       69.6670507
     431       6       3    1992       82.0000000       66.7609245
     432       7       3    1992       80.0000000       64.0290850
     433       8       3    1992       77.0000000       61.6089724
     434       9       3    1992       73.0000000       59.4581179
     435      10       3    1992       76.0000000       57.7779433
     436      11       3    1992       68.0000000       56.4120053
     437      12       3    1992       70.0000000      125.0103819
     438      13       3    1992      116.0000000      266.8465565
     439      14       3    1992      206.0000000      380.8611967
     440      15       3    1992      433.0000000      415.5975237
     441      16       3    1992      495.0000000      427.5021232
     442      17       3    1992      331.0000000      316.8900966
     443      18       3    1992      240.0000000      247.3164948
     444      19       3    1992      215.0000000      203.5964993
     445      20       3    1992      185.0000000      173.3418938
     446      21       3    1992      185.0000000      167.0115907
     447      22       3    1992      185.0000000      255.6227811
     448      23       3    1992      213.0000000      416.4248979
     449      24       3    1992      466.0000000      470.5465665
     450      25       3    1992      580.0000000      483.7610875
     451      26       3    1992      566.0000000      409.4987120
     452      27       3    1992      487.0000000      344.7376669
     453      28       3    1992      387.0000000      292.9044838
     454      29       3    1992      311.0000000      243.1656450
     455      30       3    1992      270.0000000      204.1318174
     456      31       3    1992      246.0000000      191.5313614
     457       1       4    1992      229.0000000      207.8142313
     458       2       4    1992      222.0000000      209.3364588
     459       3       4    1992      217.0000000      244.9681062
     460       4       4    1992      208.0000000      313.4380095
     461       5       4    1992      220.0000000      272.6626640
     462       6       4    1992      210.0000000      223.1765401
     463       7       4    1992      190.0000000      186.8939816
     464       8       4    1992      173.0000000      163.4866507
     465       9       4    1992      166.0000000      147.2787430
     466      10       4    1992      133.0000000      134.4153162
     467      11       4    1992      126.0000000      123.7836496
     468      12       4    1992      124.0000000      114.8629924
     469      13       4    1992      116.0000000      107.3139196
     470      14       4    1992      112.0000000      109.4829254
     471      15       4    1992      111.0000000      155.4229158
     472      16       4    1992      137.0000000      185.0117039
     473      17       4    1992      206.0000000      172.1181689
     474      18       4    1992      176.0000000      172.1315979
     475      19       4    1992      161.0000000      148.9613299
     476      20       4    1992      161.0000000      131.5439255
     477      21       4    1992      139.0000000      118.4086602
     478      22       4    1992      139.0000000      108.2018483
     479      23       4    1992      123.0000000      100.0444782
     480      24       4    1992      119.0000000       93.3849994
     481      25       4    1992      111.0000000       87.8537555
     482      26       4    1992       94.0000000       83.2773491
     483      27       4    1992       94.0000000       84.0848478
     484      28       4    1992      102.0000000       90.6859980
     485      29       4    1992      120.0000000       89.8185619
     486      30       4    1992      120.0000000       84.7976717
     487       1       5    1992      114.0000000      114.5273914
     488       2       5    1992      115.0000000      152.8030235
     489       3       5    1992      206.0000000      130.6584794
     490       4       5    1992      215.0000000      115.8482345
     491       5       5    1992      125.0000000      105.2700876
     492       6       5    1992      123.0000000       96.9789606
     493       7       5    1992      113.0000000       90.3033473
     494       8       5    1992       77.0000000       84.8129866
     495       9       5    1992       83.0000000       80.4161807
     496      10       5    1992       83.0000000       89.6543324
     497      11       5    1992       96.0000000       89.0584201
     498      12       5    1992      120.0000000       78.9000569
     499      13       5    1992       80.0000000       73.9077345
     500      14       5    1992       76.0000000       70.6220828
     501      15       5    1992       69.0000000       67.8023330
     502      16       5    1992       63.0000000       65.3543971
     503      17       5    1992       61.0000000       63.2081354
     504      18       5    1992       60.0000000       61.3099579
     505      19       5    1992       59.0000000       59.6181184
     506      20       5    1992       67.0000000       58.0995612
     507      21       5    1992       51.0000000       56.7282096
     508      22       5    1992       44.0000000       55.4824957
     509      23       5    1992       42.0000000       54.3431211
     510      24       5    1992       51.0000000       53.3828299
     511      25       5    1992       42.0000000       52.6042549
     512      26       5    1992       54.0000000       62.5926475
     513      27       5    1992       53.0000000       55.3100587
     514      28       5    1992       59.0000000       51.4217452
     515      29       5    1992       55.0000000       59.8433128
     516      30       5    1992       54.0000000       59.7507290
     517      31       5    1992       48.0000000       53.7936790
     518       1       6    1992       63.0000000       56.3480326
     519       2       6    1992       61.0000000       55.3104621
     520       3       6    1992       55.0000000       56.5482891
     521       4       6    1992       75.0000000       73.5278488
     522       5       6    1992       53.0000000       87.9680603
     523       6       6    1992       77.0000000       87.7662025
     524       7       6    1992      114.0000000       86.7143376
     525       8       6    1992      167.0000000       99.1657739
     526       9       6    1992      116.0000000       89.5062643
     527      10       6    1992       91.0000000       78.3245917
     528      11       6    1992       85.0000000       73.0394919
     529      12       6    1992       68.0000000       68.6967894
     530      13       6    1992       71.0000000       65.0611654
     531      14       6    1992       63.0000000       61.9674599
     532      15       6    1992       59.0000000       59.3042268
     533      16       6    1992       46.0000000       56.9885342
     534      17       6    1992       44.0000000       54.9572934
     535      18       6    1992       39.0000000       53.1615961
     536      19       6    1992       41.0000000       51.5690663
     537      20       6    1992       44.0000000       52.4026484
     538      21       6    1992       39.0000000       50.7434852
     539      22       6    1992       32.0000000       48.4517735
     540      23       6    1992       40.0000000       49.6901395
     541      24       6    1992       41.0000000       63.4463650
     542      25       6    1992       42.0000000       58.4717525
     543      26       6    1992       42.0000000       50.9247275
     544      27       6    1992       48.0000000       48.2810711
     545      28       6    1992       37.0000000       46.7401884
     546      29       6    1992       40.0000000       45.4269035
     547      30       6    1992       29.0000000       44.4303564
     548       1       7    1992       30.0000000       44.0870145
     549       2       7    1992       36.0000000       42.5816384
     550       3       7    1992       29.0000000       47.5787013
     551       4       7    1992       36.0000000       58.0720654
     552       5       7    1992       50.0000000       76.0069374
     553       6       7    1992       78.0000000       78.3645421
     554       7       7    1992       54.0000000       60.3252469
     555       8       7    1992       57.0000000       51.3601270
     556       9       7    1992       51.0000000       49.2913215
     557      10       7    1992       47.0000000       69.1303205
     558      11       7    1992       46.0000000       92.3083442
     559      12       7    1992       76.0000000       89.5211476
     560      13       7    1992       72.0000000       79.0096686
     561      14       7    1992       67.0000000       68.6042477
     562      15       7    1992       63.0000000       63.7129672
     563      16       7    1992       47.0000000       59.6959767
     564      17       7    1992       47.0000000       56.3384365
     565      18       7    1992       42.0000000       53.4913285
     566      19       7    1992       41.0000000       51.0476248
     567      20       7    1992       39.0000000       48.9283255
     568      21       7    1992       37.0000000       48.3972222
     569      22       7    1992       33.0000000       48.2886958
     570      23       7    1992       33.0000000       45.1292611
     571      24       7    1992       33.0000000       43.7190794
     572      25       7    1992       37.0000000       42.4514372
     573      26       7    1992       26.0000000       41.3054674
     574      27       7    1992       24.0000000       40.2661081
     575      28       7    1992       26.0000000       39.3189968
     576      29       7    1992       29.0000000       38.4520900
     577      30       7    1992       19.0000000       37.6552165
     578      31       7    1992       22.0000000       38.8423444
     579       1       8    1992       28.0000000       38.6545780
     580       2       8    1992       35.0000000       35.9120060
     581       3       8    1992       29.0000000       35.2829333
     582       4       8    1992       36.0000000       34.6976604
     583       5       8    1992       52.0000000       34.1502428
     584       6       8    1992       74.0000000       33.6363280
     585       7       8    1992       54.0000000       33.1521608
     586       8       8    1992       57.0000000       32.6944877
     587       9       8    1992       48.0000000       34.8023057
     588      10       8    1992       47.0000000       33.8594130
     589      11       8    1992       46.0000000       41.0093076
     590      12       8    1992       75.0000000       40.4014355
     591      13       8    1992       73.0000000       45.1642903
     592      14       8    1992       66.0000000       47.8748616
     593      15       8    1992       60.0000000       40.5212187
     594      16       8    1992       47.0000000       32.5967059
     595      17       8    1992       46.0000000       31.9382647
     596      18       8    1992       42.0000000       31.3451850
     597      19       8    1992       41.0000000       30.8451070
     598      20       8    1992       40.0000000       37.7750244
     599      21       8    1992       37.0000000       34.1102233
     600      22       8    1992       32.0000000       31.4247974
     601      23       8    1992       32.0000000       31.5879492
     602      24       8    1992       32.0000000       29.6165824
     603      25       8    1992       36.0000000       29.1125591
     604      26       8    1992       27.0000000       28.6840014
     605      27       8    1992       25.0000000       28.2835060
     606      28       8    1992       25.0000000       28.3920731
     607      29       8    1992       28.0000000       35.1204437
     608      30       8    1992       20.0000000       49.0115592
     609      31       8    1992       22.0000000       93.0903768
     610       1       9    1992       49.0000000       81.5976792
     611       2       9    1992       77.0000000       68.9374326
     612       3       9    1992       67.0000000       65.9342971
     613       4       9    1992       45.0000000       64.7448364
     614       5       9    1992       44.0000000       56.4831516
     615       6       9    1992       64.0000000       48.0046471
     616       7       9    1992       52.0000000       44.3621827
     617       8       9    1992       40.0000000       41.4181153
     618       9       9    1992       30.0000000       38.9948563
     619      10       9    1992       34.0000000       36.9693251
     620      11       9    1992       32.0000000       35.5462984
     621      12       9    1992       36.0000000       34.4156297
     622      13       9    1992       28.0000000       32.9060076
     623      14       9    1992       33.0000000       32.8319989
     624      15       9    1992       35.0000000       35.2501550
     625      16       9    1992       30.0000000       31.2424300
     626      17       9    1992       32.0000000       30.2629162
     627      18       9    1992       29.0000000       29.4590945
     628      19       9    1992       30.0000000       29.2268806
     629      20       9    1992       28.0000000       28.1401581
     630      21       9    1992       29.0000000       27.4801786
     631      22       9    1992       29.0000000       26.8791665
     632      23       9    1992       27.0000000       26.3324735
     633      24       9    1992       27.0000000       25.8257511
     634      25       9    1992       23.0000000       25.3553810
     635      26       9    1992       28.0000000       24.9184590
     636      27       9    1992       25.0000000       24.5113161
     637      28       9    1992       25.0000000       25.8907805
     638      29       9    1992       27.0000000       27.7762933
     639      30       9    1992       25.0000000       24.2129318
     640       1      10    1992       27.0000000       24.3323009
     641       2      10    1992       33.0000000       26.5785563
     642       3      10    1992       29.0000000       27.4787100
     643       4      10    1992       31.0000000       25.3544347
     644       5      10    1992       25.0000000       38.1499131
     645       6      10    1992       25.0000000       43.9428156
     646       7      10    1992       36.0000000       31.7341558
     647       8      10    1992       42.0000000       25.9064387
     648       9      10    1992       43.0000000       27.7386788
     649      10      10    1992       26.0000000       34.6595430
     650      11      10    1992       27.0000000       32.3991467
     651      12      10    1992       27.0000000       27.8950241
     652      13      10    1992       26.0000000       26.9843349
     653      14      10    1992       26.0000000       26.2580123
     654      15      10    1992       23.0000000       40.0637057
     655      16      10    1992       21.0000000       40.0457319
     656      17      10    1992       26.0000000       34.4825571
     657      18      10    1992       34.0000000       38.8642136
     658      19      10    1992       37.0000000       35.1699714
     659      20      10    1992       31.0000000       42.5426011
     660      21      10    1992       31.0000000       41.9234633
     661      22      10    1992       35.0000000       40.9262993
     662      23      10    1992       33.0000000       69.9910209
     663      24      10    1992       40.0000000      147.3811264
     664      25      10    1992       74.0000000      222.8928136
     665      26      10    1992      161.0000000      252.2044388
     666      27      10    1992      285.0000000      264.8584948
     667      28      10    1992      244.0000000      311.1354484
     668      29      10    1992      263.0000000      330.5691345
     669      30      10    1992      276.0000000      261.4938980
     670      31      10    1992      186.0000000      201.8569921
     671       1      11    1992      154.0000000      162.7326310
     672       2      11    1992      112.0000000      168.2355850
     673       3      11    1992      104.0000000      181.6727783
     674       4      11    1992       96.0000000      171.0428055
     675       5      11    1992       99.0000000      145.3383660
     676       6      11    1992      126.0000000      125.3980270
     677       7      11    1992       91.0000000      111.5430319
     678       8      11    1992       84.0000000      102.9931390
     679       9      11    1992       81.0000000      108.2696868
     680      10      11    1992       85.0000000      163.8575887
     681      11      11    1992      126.0000000      305.4676558
     682      12      11    1992      279.0000000      408.7757533
     683      13      11    1992      390.0000000      416.1532911
     684      14      11    1992      294.0000000      401.5101375
     685      15      11    1992      260.0000000      532.7176430
     686      16      11    1992      398.0000000      760.2990551
     687      17      11    1992      520.0000000      698.1450572
     688      18      11    1992      487.0000000      604.7570849
     689      19      11    1992      380.0000000      626.0942004
     690      20      11    1992      385.0000000      477.5026012
     691      21      11    1992      351.0000000      504.0335778
     692      22      11    1992      309.0000000      668.1785591
     693      23      11    1992      587.0000000      494.0189344
     694      24      11    1992      661.0000000      385.2178132
     695      25      11    1992      447.0000000      399.1864360
     696      26      11    1992      361.0000000      460.1103889
     697      27      11    1992      351.0000000      422.9033181
     698      28      11    1992      353.0000000      476.0799831
     699      29      11    1992      369.0000000      629.5958479
     700      30      11    1992      452.0000000      605.3465245
     701       1      12    1992      441.0000000      441.4891998
     702       2      12    1992      348.0000000      487.1370788
     703       3      12    1992      394.0000000      603.9917024
     704       4      12    1992      455.0000000      653.5516504
     705       5      12    1992      491.0000000      714.0444928
     706       6      12    1992      469.0000000      550.9646964
     707       7      12    1992      364.0000000      526.8852206
     708       8      12    1992      338.0000000      433.5179875
     709       9      12    1992      334.0000000      332.0001586
     710      10      12    1992      268.0000000      262.5364969
     711      11      12    1992      236.0000000      277.6133094
     712      12      12    1992      230.0000000      327.2440765
     713      13      12    1992      239.0000000      299.7116241
     714      14      12    1992      256.0000000      241.3703017
     715      15      12    1992      217.0000000      204.3511542
     716      16      12    1992      201.0000000      183.4379215
     717      17      12    1992      188.0000000      166.1614083
     718      18      12    1992      176.0000000      147.0411679
     719      19      12    1992      170.0000000      135.1213141
     720      20      12    1992      168.0000000      134.0070890
     721      21      12    1992      131.0000000      147.6983519
     722      22      12    1992      133.0000000      158.7660720
     723      23      12    1992      134.0000000      142.3980949
     724      24      12    1992      127.0000000      126.7579939
     725      25      12    1992      117.0000000      114.9318012
     726      26      12    1992      113.0000000      105.5588242
     727      27      12    1992      100.0000000       97.9606655
     728      28      12    1992       94.0000000       91.6884161
     729      29      12    1992       87.0000000       86.4324803
     730      30      12    1992       86.0000000       81.9720825
     731      31      12    1992       81.0000000       78.1453752
     732       1       1    1993       77.0000000       74.8309206
     733       2       1    1993       76.0000000       71.9357800
     734       3       1    1993       61.0000000       69.3876022
     735       4       1    1993       61.0000000       67.1292232
     736       5       1    1993       57.0000000       65.1148894
     737       6       1    1993       66.0000000       89.7326202
     738       7       1    1993       67.0000000      137.1030075
     739       8       1    1993       84.0000000      157.6465974
     740       9       1    1993       90.0000000      171.2255270
     741      10       1    1993      113.0000000      254.2327692
     742      11       1    1993      265.0000000      703.1238290
     743      12       1    1993      559.0000000     1136.8052016
     744      13       1    1993      832.0000000      913.8998608
     745      14       1    1993      601.0000000      627.9399116
     746      15       1    1993      436.0000000      429.0731398
     747      16       1    1993      339.0000000      319.0021169
     748      17       1    1993      292.0000000      258.4650376
     749      18       1    1993      247.0000000      222.4851413
     750      19       1    1993      218.0000000      192.0075450
     751      20       1    1993      205.0000000      165.9435221
     752      21       1    1993      190.0000000      151.9836540
     753      22       1    1993      176.0000000      148.2691623
     754      23       1    1993      173.0000000      148.8390165
     755      24       1    1993      173.0000000      237.9588086
     756      25       1    1993      199.0000000      398.1437601
     757      26       1    1993      361.0000000      313.6680016
     758      27       1    1993      295.0000000      325.3456575
     759      28       1    1993      238.0000000      353.3669319
     760      29       1    1993      263.0000000      301.1289194
     761      30       1    1993      245.0000000      247.7023073
     762      31       1    1993      222.0000000      208.2174304
     763       1       2    1993      199.0000000      180.0875819
     764       2       2    1993      186.0000000      158.9334241
     765       3       2    1993      171.0000000      142.5855643
     766       4       2    1993      157.0000000      129.5960003
     767       5       2    1993      159.0000000      119.0565796
     768       6       2    1993      129.0000000      110.3579583
     769       7       2    1993      119.0000000      103.4495974
     770       8       2    1993      119.0000000       97.2465111
     771       9       2    1993      105.0000000       91.9003975
     772      10       2    1993      106.0000000       87.2897254
     773      11       2    1993      105.0000000       83.2809368
     774      12       2    1993       95.0000000       79.7701484
     775      13       2    1993       91.0000000       76.6753234
     776      14       2    1993       88.0000000       73.9308102
     777      15       2    1993       84.0000000       71.4834519
     778      16       2    1993       83.0000000       69.7006346
     779      17       2    1993       79.0000000       71.7476596
     780      18       2    1993       78.0000000       75.8489368
     781      19       2    1993       84.0000000       77.2619617
     782      20       2    1993       91.0000000       98.3507214
     783      21       2    1993       91.0000000      117.3810182
     784      22       2    1993       90.0000000      117.5154929
     785      23       2    1993      103.0000000      110.3286633
     786      24       2    1993       94.0000000       98.7516652
     787      25       2    1993       81.0000000       90.1226332
     788      26       2    1993       78.0000000       83.5937611
     789      27       2    1993       75.0000000       85.6825544
     790      28       2    1993       76.0000000       87.8575006
     791       1       3    1993       80.0000000       81.8531280
     792       2       3    1993       75.0000000       79.4658617
     793       3       3    1993       76.0000000       77.5186763
     794       4       3    1993       72.0000000       72.8283593
     795       5       3    1993       65.0000000       69.2544443
     796       6       3    1993       64.0000000       66.2956123
     797       7       3    1993       64.0000000       64.6207011
     798       8       3    1993       68.0000000       65.6036910
     799       9       3    1993       68.0000000       63.3136786
     800      10       3    1993       67.0000000       64.9315450
     801      11       3    1993       61.0000000       68.5968520
     802      12       3    1993       57.0000000       66.4352547
     803      13       3    1993       58.0000000       64.0887268
     804      14       3    1993       54.0000000       62.0022188
     805      15       3    1993       66.0000000       60.1659307
     806      16       3    1993       54.0000000       58.4990389
     807      17       3    1993       57.0000000       56.9943121
     808      18       3    1993       57.0000000       55.6641299
     809      19       3    1993       52.0000000       54.4053410
     810      20       3    1993       57.0000000       53.2245977
     811      21       3    1993       58.0000000       52.9927603
     812      22       3    1993       57.0000000       71.2496909
     813      23       3    1993       56.0000000       79.8791630
     814      24       3    1993       63.0000000       69.5457513
     815      25       3    1993       76.0000000       66.2146560
     816      26       3    1993       56.0000000       63.3376556
     817      27       3    1993       59.0000000       60.8293694
     818      28       3    1993       59.0000000       58.6246926
     819      29       3    1993       54.0000000       56.6727180
     820      30       3    1993       48.0000000       54.9330320
     821      31       3    1993       55.0000000       53.3731245
     822       1       4    1993       48.0000000       53.8002992
     823       2       4    1993       53.0000000       57.8914469
     824       3       4    1993       47.0000000       56.6629576
     825       4       4    1993       59.0000000       64.3557045
     826       5       4    1993       53.0000000       87.6023295
     827       6       4    1993       64.0000000       90.3254873
     828       7       4    1993       63.0000000       79.7336592
     829       8       4    1993       75.0000000       76.1317038
     830       9       4    1993       64.0000000       71.1310504
     831      10       4    1993       59.0000000       72.4693069
     832      11       4    1993       60.0000000       80.8504291
     833      12       4    1993       63.0000000       79.9011021
     834      13       4    1993       69.0000000       78.2995611
     835      14       4    1993       79.0000000       76.3135866
     836      15       4    1993       82.0000000       72.0999164
     837      16       4    1993       68.0000000       69.1613918
     838      17       4    1993       56.0000000       65.6964577
     839      18       4    1993       59.0000000       62.6100256
     840      19       4    1993       61.0000000       59.8052170
     841      20       4    1993       62.0000000       57.3128696
     842      21       4    1993       57.0000000       55.1175080
     843      22       4    1993       53.0000000       53.1743078
     844      23       4    1993       47.0000000       51.4399790
     845      24       4    1993       46.0000000       49.8819514
     846      25       4    1993       47.0000000       48.4775363
     847      26       4    1993       45.0000000       47.2055231
     848      27       4    1993       43.0000000       46.0482071
     849      28       4    1993       41.0000000       44.9915781
     850      29       4    1993       38.0000000       44.0281222
     851      30       4    1993       39.0000000       43.5165425
     852       1       5    1993       40.0000000       42.8288242
     853       2       5    1993       41.0000000       43.8920674
     854       3       5    1993       45.0000000       42.6321485
     855       4       5    1993       49.0000000       41.2571639
     856       5       5    1993       40.0000000       40.5263116
     857       6       5    1993       43.0000000       39.9552835
     858       7       5    1993       38.0000000       39.6898062
     859       8       5    1993       38.0000000       39.8749971
     860       9       5    1993       43.0000000       38.9084145
     861      10       5    1993       44.0000000       38.6239503
     862      11       5    1993       41.0000000       38.6141272
     863      12       5    1993       51.0000000       47.3678331
     864      13       5    1993       63.0000000       86.5123375
     865      14       5    1993       68.0000000       61.3566034
     866      15       5    1993       77.0000000       48.4004411
     867      16       5    1993       77.0000000       45.5384373
     868      17       5    1993       59.0000000       43.3182317
     869      18       5    1993       49.0000000       41.5711434
     870      19       5    1993       43.0000000       46.6278492
     871      20       5    1993       44.0000000       55.7308331
     872      21       5    1993       48.0000000       50.4461323
     873      22       5    1993       44.0000000       42.7596466
     874      23       5    1993       46.0000000       41.1940146
     875      24       5    1993       40.0000000       39.8515601
     876      25       5    1993       43.0000000       38.6832583
     877      26       5    1993       30.0000000       38.2414367
     878      27       5    1993       45.0000000       48.7115702
     879      28       5    1993       43.0000000       52.6777924
     880      29       5    1993       44.0000000       43.1206942
     881      30       5    1993       54.0000000       45.2552705
     882      31       5    1993       56.0000000       45.2469552
     883       1       6    1993       44.0000000       39.3805781
     884       2       6    1993       43.0000000       40.2539156
     885       3       6    1993       33.0000000       46.0178303
     886       4       6    1993       45.0000000       40.2350117
     887       5       6    1993       46.0000000       38.0366981
     888       6       6    1993       42.0000000       36.8860494
     889       7       6    1993       40.0000000       35.8633693
     890       8       6    1993       30.0000000       34.9472484
     891       9       6    1993       31.0000000       34.2180160
     892      10       6    1993       32.0000000       33.7828644
     893      11       6    1993       25.0000000       33.9240411
     894      12       6    1993       33.0000000       35.4095334
     895      13       6    1993       29.0000000       33.4570476
     896      14       6    1993       40.0000000       35.3308210
     897      15       6    1993       42.0000000       37.2573380
     898      16       6    1993       37.0000000       34.7895055
     899      17       6    1993       46.0000000       33.5189506
     900      18       6    1993       47.0000000       32.1452583
     901      19       6    1993       50.0000000       34.3144164
     902      20       6    1993       43.0000000       61.3897819
     903      21       6    1993       69.0000000       53.2512069
     904      22       6    1993       61.0000000       60.9746215
     905      23       6    1993       67.0000000       79.6726704
     906      24       6    1993       77.0000000       60.6119672
     907      25       6    1993       87.0000000       55.8588697
     908      26       6    1993       55.0000000       52.0276894
     909      27       6    1993       43.0000000       48.8104884
     910      28       6    1993       40.0000000       46.0682057
     911      29       6    1993       30.0000000       43.7027541
     912      30       6    1993       40.0000000       41.6424142
     913       1       7    1993       40.0000000       42.1257733
     914       2       7    1993       27.0000000       41.4029236
     915       3       7    1993       34.0000000       38.1041856
     916       4       7    1993       30.0000000       36.6131293
     917       5       7    1993       31.0000000       35.3954975
     918       6       7    1993       27.0000000       34.1348346
     919       7       7    1993       31.0000000       33.0885152
     920       8       7    1993       26.0000000       32.1464930
     921       9       7    1993       23.0000000       32.0565860
     922      10       7    1993       24.0000000       32.7302024
     923      11       7    1993       25.0000000       36.8595187
     924      12       7    1993       34.0000000       45.9127081
     925      13       7    1993       40.0000000       44.5249205
     926      14       7    1993       41.0000000       64.5528591
     927      15       7    1993       46.0000000       52.3402783
     928      16       7    1993       39.0000000       38.8454216
     929      17       7    1993       43.0000000       37.5668322
     930      18       7    1993       35.0000000       36.7936257
     931      19       7    1993       49.0000000       55.5125783
     932      20       7    1993       38.0000000       55.4969366
     933      21       7    1993       41.0000000       51.4352692
     934      22       7    1993       45.0000000       48.0874697
     935      23       7    1993       41.0000000       41.0688129
     936      24       7    1993       42.0000000       39.0404485
     937      25       7    1993       40.0000000       37.2907156
     938      26       7    1993       35.0000000       35.7315247
     939      27       7    1993       40.0000000       59.8351581
     940      28       7    1993       40.0000000       50.3979145
     941      29       7    1993       36.0000000       38.0899952
     942      30       7    1993       40.0000000       95.5318350
     943      31       7    1993       61.0000000       84.6573337
     944       1       8    1993       36.0000000       55.7974860
     945       2       8    1993       46.0000000       50.5593434
     946       3       8    1993       32.0000000       46.3973638
     947       4       8    1993       38.0000000       43.0194378
     948       5       8    1993       32.0000000       40.2329047
     949       6       8    1993       25.0000000       37.9059540
     950       7       8    1993       26.0000000       35.9216919
     951       8       8    1993       29.0000000       34.2198200
     952       9       8    1993       29.0000000       41.2591809
     953      10       8    1993       28.0000000       43.8297916
     954      11       8    1993       37.0000000       36.5637138
     955      12       8    1993       40.0000000       32.7367537
     956      13       8    1993       49.0000000       31.4269911
     957      14       8    1993       32.0000000       32.0186255
     958      15       8    1993       37.0000000       30.6701933
     959      16       8    1993       37.0000000       28.9342702
     960      17       8    1993       27.0000000       28.0367479
     961      18       8    1993       24.0000000       27.2329043
     962      19       8    1993       24.0000000       26.5087269
     963      20       8    1993       22.0000000       25.8527686
     964      21       8    1993       21.0000000       25.2555579
     965      22       8    1993       16.0000000       26.3619101
     966      23       8    1993       21.0000000       29.2622906
     967      24       8    1993       27.0000000       26.2255218
     968      25       8    1993       26.0000000       24.0195845
     969      26       8    1993       23.0000000       23.5514397
     970      27       8    1993       21.0000000       26.4991913
     971      28       8    1993       28.0000000       27.9244051
     972      29       8    1993       17.0000000       23.3669242
     973      30       8    1993       24.0000000       22.9212920
     974      31       8    1993       25.0000000       22.5070712
     975       1       9    1993       25.0000000       22.1203150
     976       2       9    1993       19.0000000       21.7580560
     977       3       9    1993       17.0000000       24.6924676
     978       4       9    1993       16.0000000       29.2563712
     979       5       9    1993       19.0000000       22.5581223
     980       6       9    1993       23.0000000       21.7069469
     981       7       9    1993       25.0000000       44.3539211
     982       8       9    1993       34.0000000       37.0296327
     983       9       9    1993       31.0000000       50.7694191
     984      10       9    1993       35.0000000       78.8162922
     985      11       9    1993       53.0000000      111.7513658
     986      12       9    1993       71.0000000      123.6440558
     987      13       9    1993       74.0000000      177.2446512
     988      14       9    1993       87.0000000      226.8948029
     989      15       9    1993      173.0000000      219.1032537
     990      16       9    1993      117.0000000      176.8162859
     991      17       9    1993       93.0000000      138.2523771
     992      18       9    1993       77.0000000      114.6159621
     993      19       9    1993       62.0000000       97.5460960
     994      20       9    1993       54.0000000       84.7175485
     995      21       9    1993       48.0000000       78.1783738
     996      22       9    1993       46.0000000      102.7283609
     997      23       9    1993       55.0000000      120.1187240
     998      24       9    1993       66.0000000      129.5955623
     999      25       9    1993       64.0000000      132.6819580
    1000      26       9    1993       52.0000000      115.3413508
    1001      27       9    1993       68.0000000       98.2451356
    1002      28       9    1993       69.0000000       99.4378110
    1003      29       9    1993       62.0000000       98.2186023
    1004      30       9    1993       76.0000000       88.4704029
    1005       1      10    1993       72.0000000      123.5486329
    1006       2      10    1993       68.0000000      138.6727607
    1007       3      10    1993       72.0000000      129.1354134
    1008       4      10    1993       78.0000000      134.1559555
    1009       5      10    1993      116.0000000      237.4141575
    1010       6      10    1993      131.0000000      307.7834112
    1011       7      10    1993      180.0000000      258.2778623
    1012       8      10    1993      203.0000000      232.8384586
    1013       9      10    1993      164.0000000      227.4795287
    1014      10      10    1993      178.0000000      245.4683478
    1015      11      10    1993      161.0000000      325.6241415
    1016      12      10    1993      287.0000000      326.4175830
    1017      13      10    1993      360.0000000      446.5661957
    1018      14      10    1993      374.0000000      457.5603573
    1019      15      10    1993      297.0000000      372.6257744
    1020      16      10    1993      247.0000000      362.5583610
    1021      17      10    1993      273.0000000      366.8609388
    1022      18      10    1993      261.0000000      299.4939207
    1023      19      10    1993      265.0000000      245.2662496
    1024      20      10    1993      230.0000000      197.3516410
    1025      21      10    1993      199.0000000      172.2799250
    1026      22      10    1993      173.0000000      173.8749794
    1027      23      10    1993      182.0000000      210.3267886
    1028      24      10    1993      203.0000000      230.4576402
    1029      25      10    1993      213.0000000      192.4075067
    1030      26      10    1993      180.0000000      161.3456095
    1031      27      10    1993      154.0000000      138.7617217
    1032      28      10    1993      118.0000000      121.7430018
    1033      29      10    1993      112.0000000      108.4966423
    1034      30      10    1993       98.0000000       97.9255735
    1035      31      10    1993       97.0000000       89.3199298
    1036       1      11    1993       91.0000000       82.2000926
    1037       2      11    1993       85.0000000       76.2301976
    1038       3      11    1993       75.0000000       71.1678662
    1039       4      11    1993       76.0000000       66.8336571
    1040       5      11    1993       78.0000000       63.0917800
    1041       6      11    1993       72.0000000       59.9420956
    1042       7      11    1993       76.0000000       60.7121585
    1043       8      11    1993       69.0000000       59.1174624
    1044       9      11    1993       66.0000000       57.1558000
    1045      10      11    1993       71.0000000       58.1758168
    1046      11      11    1993       64.0000000       73.4371160
    1047      12      11    1993       67.0000000       87.3294462
    1048      13      11    1993       80.0000000       87.9665919
    1049      14      11    1993       78.0000000      132.4069824
    1050      15      11    1993       80.0000000      167.9395447
    1051      16      11    1993       86.0000000      153.3005270
    1052      17      11    1993      125.0000000      128.5310958
    1053      18      11    1993       96.0000000      111.6426028
    1054      19      11    1993       82.0000000       98.8514993
    1055      20      11    1993       77.0000000       88.8812030
    1056      21      11    1993       67.0000000       80.9231741
    1057      22      11    1993       71.0000000       74.4479543
    1058      23      11    1993       61.0000000       69.0946121
    1059      24      11    1993       42.0000000       64.6091426
    1060      25      11    1993       63.0000000       61.6345363
    1061      26      11    1993       57.0000000       61.2621722
    1062      27      11    1993       58.0000000       57.5842186
    1063      28      11    1993       49.0000000       54.8641170
    1064      29      11    1993       50.0000000       52.4754161
    1065      30      11    1993       55.0000000       50.3652849
    1066       1      12    1993       54.0000000       48.4910922
    1067       2      12    1993       54.0000000       58.4681056
    1068       3      12    1993       50.0000000       58.7624760
    1069       4      12    1993       51.0000000       59.2555164
    1070       5      12    1993       62.0000000       56.3420551
    1071       6      12    1993       62.0000000       52.9154158
    1072       7      12    1993       71.0000000       98.6299512
    1073       8      12    1993       79.0000000      229.7416538
    1074       9      12    1993      153.0000000      320.3762561
    1075      10      12    1993      291.0000000      394.1898283
    1076      11      12    1993      332.0000000      552.3360800
    1077      12      12    1993      465.0000000      619.1880679
    1078      13      12    1993      518.0000000      718.3191548
    1079      14      12    1993      539.0000000      679.0164934
    1080      15      12    1993      559.0000000      608.8091322
    1081      16      12    1993      500.0000000      729.3799151
    1082      17      12    1993      526.0000000      765.8037204
    1083      18      12    1993      583.0000000      744.4528316
    1084      19      12    1993      677.0000000      848.1124545
    1085      20      12    1993      781.0000000     1596.6655834
    1086      21      12    1993     1180.0000000     1766.1740815
    1087      22      12    1993     1460.0000000     1445.3421920
    1088      23      12    1993     1600.0000000     1484.8782991
    1089      24      12    1993     1410.0000000     1358.2336086
    1090      25      12    1993     1230.0000000      971.3721542
    1091      26      12    1993     1070.0000000      650.2607534
    1092      27      12    1993      746.0000000      473.8263411
    1093      28      12    1993      542.0000000      385.5758390
    1094      29      12    1993      492.0000000      430.2403000
    1095      30      12    1993      491.0000000      608.8539128
    1096      31      12    1993      617.0000000      988.2384789
