      No     Day     Mon    Year  Qobs_0000000398  Qsim_0000000398
       1       1       1    1990      157.0000000      113.1552870
       2       2       1    1990      129.0000000      101.9135030
       3       3       1    1990      117.0000000       92.6447889
       4       4       1    1990      111.0000000       84.9049533
       5       5       1    1990      112.0000000       78.3716321
       6       6       1    1990       93.0000000       72.8820039
       7       7       1    1990       87.0000000       68.1744038
       8       8       1    1990       84.0000000       64.0380710
       9       9       1    1990       80.0000000       60.5240002
      10      10       1    1990       78.0000000       57.3436715
      11      11       1    1990       78.0000000       54.5490766
      12      12       1    1990       77.0000000       52.0773321
      13      13       1    1990       76.0000000       51.7285863
      14      14       1    1990       73.0000000       55.4049688
      15      15       1    1990       66.0000000       69.8946125
      16      16       1    1990       76.0000000       76.1657542
      17      17       1    1990       73.0000000       77.6019627
      18      18       1    1990       71.0000000       83.9391046
      19      19       1    1990       90.0000000       77.2436206
      20      20       1    1990       82.0000000       82.5875856
      21      21       1    1990       80.0000000       80.6117084
      22      22       1    1990       81.0000000       71.9722152
      23      23       1    1990       97.0000000      221.0943683
      24      24       1    1990      198.0000000      375.6569824
      25      25       1    1990      392.0000000      467.0582640
      26      26       1    1990      519.0000000      517.7426510
      27      27       1    1990      565.0000000      372.7294192
      28      28       1    1990      331.0000000      303.8594403
      29      29       1    1990      293.0000000      283.3069906
      30      30       1    1990      302.0000000      224.4647370
      31      31       1    1990      233.0000000      185.0847835
      32       1       2    1990      198.0000000      198.0177171
      33       2       2    1990      183.0000000      241.3621272
      34       3       2    1990      206.0000000      244.0754817
      35       4       2    1990      215.0000000      197.8113764
      36       5       2    1990      183.0000000      164.0088106
      37       6       2    1990      159.0000000      139.9476826
      38       7       2    1990      167.0000000      122.0031717
      39       8       2    1990      138.0000000      112.0370490
      40       9       2    1990      126.0000000      110.3046780
      41      10       2    1990      131.0000000      227.9243092
      42      11       2    1990      173.0000000      404.9455113
      43      12       2    1990      240.0000000      438.8671357
      44      13       2    1990      270.0000000      683.8885725
      45      14       2    1990      458.0000000     1404.1668713
      46      15       2    1990      996.0000000     1876.6124473
      47      16       2    1990     1370.0000000     1257.2489581
      48      17       2    1990     1540.0000000      821.1791152
      49      18       2    1990     1210.0000000      582.7176013
      50      19       2    1990      616.0000000      433.1110613
      51      20       2    1990      465.0000000      335.5709057
      52      21       2    1990      373.0000000      267.2121907
      53      22       2    1990      298.0000000      218.7047232
      54      23       2    1990      270.0000000      187.2147704
      55      24       2    1990      234.0000000      165.2346119
      56      25       2    1990      218.0000000      156.0211842
      57      26       2    1990      203.0000000      319.4006968
      58      27       2    1990      314.0000000      667.1185090
      59      28       2    1990      520.0000000     1007.6761875
      60       1       3    1990      689.0000000     1112.4959095
      61       2       3    1990      777.0000000      813.8650787
      62       3       3    1990      584.0000000      558.3182750
      63       4       3    1990      429.0000000      408.7894773
      64       5       3    1990      365.0000000      318.1319411
      65       6       3    1990      281.0000000      255.8417454
      66       7       3    1990      257.0000000      215.8242325
      67       8       3    1990      231.0000000      187.5061793
      68       9       3    1990      211.0000000      165.8656096
      69      10       3    1990      191.0000000      148.8828274
      70      11       3    1990      182.0000000      135.2729176
      71      12       3    1990      173.0000000      124.1364772
      72      13       3    1990      159.0000000      115.3188388
      73      14       3    1990      153.0000000      110.0436293
      74      15       3    1990      141.0000000      105.7624213
      75      16       3    1990      136.0000000       99.2232719
      76      17       3    1990      130.0000000       93.7566558
      77      18       3    1990      123.0000000       89.0287969
      78      19       3    1990      115.0000000       84.9088687
      79      20       3    1990      113.0000000       81.9101900
      80      21       3    1990      102.0000000       79.4415289
      81      22       3    1990      105.0000000       77.3413709
      82      23       3    1990      106.0000000       75.2643248
      83      24       3    1990       87.0000000       72.9043443
      84      25       3    1990       80.0000000       71.6407278
      85      26       3    1990       84.0000000       69.5080863
      86      27       3    1990       82.0000000       67.6626123
      87      28       3    1990       91.0000000       77.7423220
      88      29       3    1990       97.0000000       89.3344466
      89      30       3    1990      110.0000000       80.9675696
      90      31       3    1990       97.0000000       76.5320122
      91       1       4    1990       93.0000000       73.1962157
      92       2       4    1990       85.0000000       70.3190325
      93       3       4    1990       84.0000000       74.9106354
      94       4       4    1990       81.0000000       80.9006000
      95       5       4    1990       81.0000000       73.3787694
      96       6       4    1990       76.0000000       71.5534104
      97       7       4    1990       72.0000000       68.7358754
      98       8       4    1990       68.0000000       66.2162880
      99       9       4    1990       72.0000000       64.0546494
     100      10       4    1990       65.0000000       62.1785252
     101      11       4    1990       62.0000000       61.2125595
     102      12       4    1990       62.0000000       62.8745854
     103      13       4    1990       65.0000000       68.6898660
     104      14       4    1990       68.0000000       94.5253048
     105      15       4    1990       75.0000000      106.5391581
     106      16       4    1990       90.0000000      104.5692551
     107      17       4    1990       92.0000000      100.8777196
     108      18       4    1990       94.0000000      101.3167689
     109      19       4    1990      110.0000000       94.5249385
     110      20       4    1990       99.0000000       87.5656638
     111      21       4    1990       86.0000000       82.1262812
     112      22       4    1990       86.0000000       86.4973470
     113      23       4    1990       86.0000000       96.3209813
     114      24       4    1990       88.0000000      100.2776869
     115      25       4    1990       93.0000000       91.4661463
     116      26       4    1990       99.0000000       84.8976851
     117      27       4    1990       86.0000000       80.0455930
     118      28       4    1990       74.0000000       76.0568030
     119      29       4    1990       72.0000000       72.1724008
     120      30       4    1990       77.0000000       68.7575512
     121       1       5    1990       56.0000000       65.7964304
     122       2       5    1990       64.0000000       63.2071328
     123       3       5    1990       58.0000000       60.9259456
     124       4       5    1990       50.0000000       58.9025306
     125       5       5    1990       50.0000000       57.0965785
     126       6       5    1990       50.0000000       55.4754275
     127       7       5    1990       50.0000000       54.0453688
     128       8       5    1990       53.0000000       53.7642991
     129       9       5    1990       62.0000000       52.7332849
     130      10       5    1990       64.0000000       57.9012274
     131      11       5    1990       65.0000000       59.0779682
     132      12       5    1990       75.0000000       52.4340381
     133      13       5    1990       71.0000000       50.8047045
     134      14       5    1990       63.0000000       49.7110428
     135      15       5    1990       61.0000000       48.8979573
     136      16       5    1990       49.0000000       48.0444261
     137      17       5    1990       46.0000000       46.9422733
     138      18       5    1990       46.0000000       46.0620919
     139      19       5    1990       48.0000000       45.2495886
     140      20       5    1990       41.0000000       44.5476615
     141      21       5    1990       45.0000000       50.4237070
     142      22       5    1990       52.0000000       50.7074687
     143      23       5    1990       50.0000000       50.0707613
     144      24       5    1990       56.0000000       54.4593894
     145      25       5    1990       41.0000000       50.5077471
     146      26       5    1990       40.0000000       45.7427759
     147      27       5    1990       39.0000000       44.6002254
     148      28       5    1990       39.0000000       43.5904245
     149      29       5    1990       33.0000000       42.6875272
     150      30       5    1990       37.0000000       41.8721881
     151      31       5    1990       30.0000000       41.1294172
     152       1       6    1990       37.0000000       46.3169065
     153       2       6    1990       36.0000000       48.0437299
     154       3       6    1990       40.0000000       77.8488966
     155       4       6    1990       45.0000000       60.3375885
     156       5       6    1990       39.0000000       45.9754268
     157       6       6    1990       48.0000000       44.4738271
     158       7       6    1990       39.0000000       93.2910015
     159       8       6    1990       49.0000000      112.3951408
     160       9       6    1990       84.0000000      102.3755406
     161      10       6    1990       91.0000000       92.8758446
     162      11       6    1990       80.0000000       78.2310458
     163      12       6    1990       66.0000000       70.6968026
     164      13       6    1990       53.0000000       65.1592103
     165      14       6    1990       64.0000000       60.6263681
     166      15       6    1990       55.0000000       56.7132053
     167      16       6    1990       54.0000000       53.5626964
     168      17       6    1990       42.0000000       50.9110219
     169      18       6    1990       48.0000000       48.9180944
     170      19       6    1990       48.0000000       66.1861689
     171      20       6    1990       60.0000000       88.2155297
     172      21       6    1990       75.0000000       87.0160944
     173      22       6    1990       78.0000000       74.3774733
     174      23       6    1990       66.0000000       68.7403364
     175      24       6    1990       63.0000000       63.1410750
     176      25       6    1990       52.0000000       58.9814120
     177      26       6    1990       49.0000000       55.6019749
     178      27       6    1990       44.0000000       61.2553213
     179      28       6    1990       51.0000000       60.2648110
     180      29       6    1990       61.0000000       80.6453091
     181      30       6    1990       81.0000000      124.9353120
     182       1       7    1990       79.0000000      109.8863438
     183       2       7    1990       92.0000000       89.7577423
     184       3       7    1990       72.0000000       92.7019359
     185       4       7    1990       58.0000000      115.6994322
     186       5       7    1990       69.0000000      161.9471296
     187       6       7    1990       94.0000000      163.8025569
     188       7       7    1990      199.0000000      149.7097230
     189       8       7    1990      133.0000000      151.3001143
     190       9       7    1990      124.0000000      124.7419781
     191      10       7    1990      123.0000000      108.8286742
     192      11       7    1990       99.0000000       96.6921728
     193      12       7    1990       88.0000000       87.1535242
     194      13       7    1990       84.0000000       79.4775248
     195      14       7    1990       72.0000000       73.1821813
     196      15       7    1990       55.0000000       67.9384274
     197      16       7    1990       65.0000000       63.5138523
     198      17       7    1990       50.0000000       59.7395211
     199      18       7    1990       50.0000000       56.4895778
     200      19       7    1990       46.0000000       53.6682480
     201      20       7    1990       44.0000000       51.2012945
     202      21       7    1990       42.0000000       49.0302441
     203      22       7    1990       37.0000000       47.1083899
     204      23       7    1990       38.0000000       45.3979625
     205      24       7    1990       44.0000000       43.8680879
     206      25       7    1990       30.0000000       42.4932870
     207      26       7    1990       26.0000000       41.2523556
     208      27       7    1990       31.0000000       40.1275143
     209      28       7    1990       33.0000000       41.8185009
     210      29       7    1990       42.0000000       39.5571438
     211      30       7    1990       36.0000000       37.5833236
     212      31       7    1990       34.0000000       36.7625617
     213       1       8    1990       25.0000000       36.0062700
     214       2       8    1990       22.0000000       35.3067987
     215       3       8    1990       28.0000000       34.6575471
     216       4       8    1990       25.0000000       34.0527989
     217       5       8    1990       19.0000000       33.4875873
     218       6       8    1990       22.0000000       32.9575833
     219       7       8    1990       19.0000000       32.4590037
     220       8       8    1990       22.0000000       31.9885335
     221       9       8    1990       19.0000000       31.5432612
     222      10       8    1990       20.0000000       31.1206244
     223      11       8    1990       19.0000000       30.7183631
     224      12       8    1990       19.0000000       30.3344803
     225      13       8    1990       22.0000000       34.3224864
     226      14       8    1990       36.0000000       55.8293379
     227      15       8    1990       31.0000000       46.4717050
     228      16       8    1990       30.0000000       40.3447565
     229      17       8    1990       28.0000000       37.0700109
     230      18       8    1990       34.0000000       30.5403994
     231      19       8    1990       21.0000000       30.0162587
     232      20       8    1990       30.0000000       29.5317654
     233      21       8    1990       22.0000000       29.0810557
     234      22       8    1990       21.0000000       28.6595600
     235      23       8    1990       23.0000000       28.2634678
     236      24       8    1990       20.0000000       27.8895809
     237      25       8    1990       29.0000000       27.5357118
     238      26       8    1990       20.0000000       27.5934596
     239      27       8    1990       22.0000000       28.9161275
     240      28       8    1990       23.0000000       27.1090453
     241      29       8    1990       35.0000000       26.3324996
     242      30       8    1990       51.0000000      113.2904318
     243      31       8    1990       80.0000000      112.9245041
     244       1       9    1990       56.0000000       56.3712141
     245       2       9    1990       33.0000000       44.8228000
     246       3       9    1990       27.0000000       41.2496649
     247       4       9    1990       27.0000000       42.4611706
     248       5       9    1990       28.0000000       41.1824987
     249       6       9    1990       26.0000000       35.7135564
     250       7       9    1990       24.0000000       40.4379194
     251       8       9    1990       33.0000000       37.6949100
     252       9       9    1990       26.0000000       33.3361091
     253      10       9    1990       27.0000000       31.9579889
     254      11       9    1990       22.0000000       30.7724478
     255      12       9    1990       22.0000000       29.7415847
     256      13       9    1990       21.0000000       28.8367037
     257      14       9    1990       22.0000000       28.0355255
     258      15       9    1990       22.0000000       27.3205147
     259      16       9    1990       22.0000000       26.6777033
     260      17       9    1990       20.0000000       26.0958453
     261      18       9    1990       22.0000000       25.5657994
     262      19       9    1990       16.0000000       25.0800709
     263      20       9    1990       22.0000000       24.6324675
     264      21       9    1990       19.0000000       32.7922494
     265      22       9    1990       32.0000000      100.9519255
     266      23       9    1990       27.0000000       86.2421643
     267      24       9    1990       45.0000000       65.3211487
     268      25       9    1990       42.0000000       50.1085848
     269      26       9    1990       39.0000000       44.1978467
     270      27       9    1990       30.0000000       40.9098131
     271      28       9    1990       28.0000000       38.1975029
     272      29       9    1990       30.0000000       35.9272197
     273      30       9    1990       30.0000000       88.9317286
     274       1      10    1990       56.0000000      159.9062547
     275       2      10    1990       72.0000000      151.6341544
     276       3      10    1990       73.0000000      142.6054733
     277       4      10    1990       68.0000000      138.5269447
     278       5      10    1990       53.0000000      113.6264409
     279       6      10    1990       42.0000000       96.9359982
     280       7      10    1990       33.0000000       84.8843043
     281       8      10    1990       42.0000000       75.5044017
     282       9      10    1990       34.0000000       68.0028241
     283      10      10    1990       36.0000000       61.8679664
     284      11      10    1990       36.0000000       56.7814970
     285      12      10    1990       28.0000000       52.5079252
     286      13      10    1990       32.0000000       48.8773011
     287      14      10    1990       27.0000000       45.7637403
     288      15      10    1990       35.0000000       43.4784402
     289      16      10    1990       42.0000000       44.0894096
     290      17      10    1990       35.0000000       54.0013023
     291      18      10    1990       39.0000000       56.2273986
     292      19      10    1990       34.0000000       46.4353857
     293      20      10    1990       32.0000000       43.4239990
     294      21      10    1990       34.0000000       40.8623369
     295      22      10    1990       27.0000000       38.6568701
     296      23      10    1990       31.0000000       36.7416555
     297      24      10    1990       28.0000000       35.0659574
     298      25      10    1990       25.0000000       34.6713849
     299      26      10    1990       29.0000000       53.9008044
     300      27      10    1990       31.0000000       65.4882369
     301      28      10    1990       65.0000000      226.3810943
     302      29      10    1990       69.0000000      360.6105269
     303      30      10    1990      157.0000000      333.1254883
     304      31      10    1990      190.0000000      258.4089202
     305       1      11    1990      115.0000000      236.1369519
     306       2      11    1990      104.0000000      236.1995017
     307       3      11    1990      100.0000000      238.6328176
     308       4      11    1990      131.0000000      222.2614053
     309       5      11    1990      130.0000000      206.8785488
     310       6      11    1990      115.0000000      170.1924122
     311       7      11    1990      102.0000000      143.7822669
     312       8      11    1990       95.0000000      124.9263197
     313       9      11    1990       81.0000000      110.4452733
     314      10      11    1990       66.0000000      118.2177002
     315      11      11    1990       67.0000000      171.6044049
     316      12      11    1990       74.0000000      200.2918982
     317      13      11    1990      109.0000000      185.3686099
     318      14      11    1990       92.0000000      227.4514000
     319      15      11    1990       92.0000000      259.6184922
     320      16      11    1990      155.0000000      226.0418253
     321      17      11    1990      159.0000000      199.6986956
     322      18      11    1990      131.0000000      222.5103647
     323      19      11    1990      161.0000000      247.1002248
     324      20      11    1990      196.0000000      427.2226136
     325      21      11    1990      336.0000000      629.1991601
     326      22      11    1990      566.0000000      492.3596251
     327      23      11    1990      373.0000000      457.4220293
     328      24      11    1990      293.0000000      395.1815342
     329      25      11    1990      264.0000000      370.4007666
     330      26      11    1990      226.0000000      326.6861999
     331      27      11    1990      201.0000000      255.7729457
     332      28      11    1990      180.0000000      207.9118986
     333      29      11    1990      161.0000000      198.0985083
     334      30      11    1990      149.0000000      196.9981172
     335       1      12    1990      134.0000000      166.8541509
     336       2      12    1990      113.0000000      144.6935355
     337       3      12    1990       99.0000000      127.7068670
     338       4      12    1990      107.0000000      114.7524282
     339       5      12    1990       99.0000000      104.1725507
     340       6      12    1990       89.0000000       95.2763426
     341       7      12    1990       77.0000000       87.9062279
     342       8      12    1990       71.0000000       81.7170772
     343       9      12    1990       68.0000000       76.4617070
     344      10      12    1990       73.0000000       71.9566198
     345      11      12    1990       84.0000000       68.0626395
     346      12      12    1990       88.0000000       92.4680610
     347      13      12    1990       92.0000000      125.9546845
     348      14      12    1990      128.0000000      125.1922123
     349      15      12    1990      136.0000000      107.2776586
     350      16      12    1990      114.0000000       93.2763329
     351      17      12    1990      101.0000000       83.0694146
     352      18      12    1990       93.0000000       75.3273078
     353      19      12    1990       85.0000000       69.2839819
     354      20      12    1990       81.0000000       64.4563541
     355      21      12    1990      106.0000000      125.4860479
     356      22      12    1990      159.0000000      247.5616927
     357      23      12    1990      250.0000000      296.0596968
     358      24      12    1990      298.0000000      268.3129108
     359      25      12    1990      261.0000000      302.2727087
     360      26      12    1990      228.0000000      557.4830101
     361      27      12    1990      409.0000000      737.7763946
     362      28      12    1990      486.0000000      695.9843669
     363      29      12    1990      440.0000000      786.1874182
     364      30      12    1990      486.0000000      960.1244854
     365      31      12    1990      774.0000000     1002.5058532
     366       1       1    1991      889.0000000     1002.2217802
     367       2       1    1991      863.0000000     1058.5045834
     368       3       1    1991      875.0000000     1182.6508718
     369       4       1    1991      932.0000000      962.5790917
     370       5       1    1991      826.0000000      837.8967381
     371       6       1    1991      731.0000000      764.4104304
     372       7       1    1991      613.0000000      690.1410287
     373       8       1    1991      610.0000000      687.6446121
     374       9       1    1991      686.0000000      595.5643483
     375      10       1    1991      556.0000000      693.8446598
     376      11       1    1991      669.0000000      811.0395458
     377      12       1    1991      828.0000000      703.9083860
     378      13       1    1991      735.0000000      490.8212330
     379      14       1    1991      513.0000000      363.4836496
     380      15       1    1991      411.0000000      285.7759372
     381      16       1    1991      345.0000000      237.1790990
     382      17       1    1991      293.0000000      202.9516030
     383      18       1    1991      251.0000000      177.5089023
     384      19       1    1991      222.0000000      157.9780788
     385      20       1    1991      215.0000000      142.6121854
     386      21       1    1991      213.0000000      137.4997648
     387      22       1    1991      202.0000000      148.6282700
     388      23       1    1991      200.0000000      146.1312613
     389      24       1    1991      192.0000000      131.9649705
     390      25       1    1991      176.0000000      119.6525263
     391      26       1    1991      164.0000000      109.9922306
     392      27       1    1991      157.0000000      102.1664540
     393      28       1    1991      134.0000000       95.7437811
     394      29       1    1991      130.0000000       90.3886955
     395      30       1    1991      119.0000000       85.8630631
     396      31       1    1991      107.0000000       81.9934049
     397       1       2    1991      112.0000000       78.6504415
     398       2       2    1991      109.0000000       75.7359247
     399       3       2    1991      101.0000000       73.1739020
     400       4       2    1991       98.0000000       70.9047709
     401       5       2    1991       84.0000000       68.8811362
     402       6       2    1991       93.0000000       67.0648655
     403       7       2    1991       80.0000000       65.4249576
     404       8       2    1991       73.0000000       63.9359726
     405       9       2    1991       89.0000000       62.5768601
     406      10       2    1991       84.0000000       61.3300703
     407      11       2    1991       78.0000000       60.1808735
     408      12       2    1991       79.0000000       59.1168311
     409      13       2    1991       77.0000000       58.1273816
     410      14       2    1991       80.0000000       57.2035123
     411      15       2    1991       72.0000000       56.3374973
     412      16       2    1991       78.0000000       59.3317419
     413      17       2    1991       74.0000000       61.3785498
     414      18       2    1991       77.0000000       59.5541581
     415      19       2    1991       73.0000000       84.7178689
     416      20       2    1991       69.0000000      147.2543644
     417      21       2    1991       74.0000000      224.4891093
     418      22       2    1991       81.0000000      244.6249146
     419      23       2    1991      110.0000000      197.8697095
     420      24       2    1991      180.0000000      172.8386819
     421      25       2    1991      213.0000000      161.6615497
     422      26       2    1991      222.0000000      142.5913306
     423      27       2    1991      208.0000000      132.6069351
     424      28       2    1991      211.0000000      126.9354683
     425       1       3    1991      214.0000000      118.7359613
     426       2       3    1991      208.0000000      130.6498382
     427       3       3    1991      221.0000000      135.4661901
     428       4       3    1991      281.0000000      119.1764418
     429       5       3    1991      219.0000000      107.5737379
     430       6       3    1991      190.0000000       98.7264273
     431       7       3    1991      173.0000000       91.6004469
     432       8       3    1991      164.0000000       86.0921859
     433       9       3    1991      142.0000000       82.9452802
     434      10       3    1991      133.0000000       83.0984163
     435      11       3    1991      133.0000000       80.7155968
     436      12       3    1991      118.0000000       76.3917363
     437      13       3    1991      127.0000000       72.5133683
     438      14       3    1991      113.0000000       69.2188536
     439      15       3    1991      107.0000000       66.3832694
     440      16       3    1991      100.0000000       63.9167213
     441      17       3    1991      100.0000000       61.7567680
     442      18       3    1991       95.0000000       59.8957536
     443      19       3    1991       98.0000000      126.8968330
     444      20       3    1991      119.0000000      172.4754910
     445      21       3    1991      159.0000000      196.5050471
     446      22       3    1991      196.0000000      238.0707282
     447      23       3    1991      242.0000000      200.8415512
     448      24       3    1991      216.0000000      164.0199308
     449      25       3    1991      180.0000000      139.1609061
     450      26       3    1991      145.0000000      121.6916918
     451      27       3    1991      127.0000000      110.9349247
     452      28       3    1991      117.0000000       99.9801423
     453      29       3    1991      109.0000000       91.4041640
     454      30       3    1991      106.0000000       84.5173685
     455      31       3    1991       99.0000000       78.8833565
     456       1       4    1991       96.0000000       74.2016879
     457       2       4    1991       88.0000000       70.2589827
     458       3       4    1991       87.0000000       66.8997163
     459       4       4    1991       82.0000000       64.5044700
     460       5       4    1991       84.0000000       62.8470650
     461       6       4    1991       67.0000000       60.5299522
     462       7       4    1991       89.0000000       58.6188018
     463       8       4    1991       75.0000000       57.0188849
     464       9       4    1991       79.0000000       55.3494677
     465      10       4    1991       70.0000000       53.7937902
     466      11       4    1991       69.0000000       52.3959656
     467      12       4    1991       69.0000000       51.1336980
     468      13       4    1991       56.0000000       49.9872932
     469      14       4    1991       63.0000000       48.9425273
     470      15       4    1991       58.0000000       47.9875160
     471      16       4    1991       56.0000000       47.1007750
     472      17       4    1991       54.0000000       46.2791809
     473      18       4    1991       57.0000000       45.5410185
     474      19       4    1991       53.0000000       45.7248387
     475      20       4    1991       53.0000000       45.7671412
     476      21       4    1991       65.0000000       44.9290770
     477      22       4    1991       69.0000000       46.7989426
     478      23       4    1991       61.0000000       48.9368798
     479      24       4    1991       56.0000000       45.6463277
     480      25       4    1991       56.0000000       44.4881733
     481      26       4    1991       53.0000000       43.6622440
     482      27       4    1991       49.0000000       42.9152820
     483      28       4    1991       53.0000000       42.2233199
     484      29       4    1991       48.0000000       45.7523461
     485      30       4    1991       57.0000000       91.2364104
     486       1       5    1991       69.0000000       89.8205352
     487       2       5    1991       89.0000000       67.7762338
     488       3       5    1991      105.0000000       62.8660663
     489       4       5    1991       79.0000000       59.3141719
     490       5       5    1991       69.0000000       56.4418766
     491       6       5    1991       71.0000000       54.4088098
     492       7       5    1991       60.0000000       52.0182719
     493       8       5    1991       64.0000000       50.0126474
     494       9       5    1991       59.0000000       48.2590404
     495      10       5    1991       57.0000000       48.7180459
     496      11       5    1991       55.0000000       52.1222588
     497      12       5    1991       53.0000000       49.2656883
     498      13       5    1991       52.0000000       47.5504395
     499      14       5    1991       50.0000000       46.2758918
     500      15       5    1991       52.0000000       51.3496324
     501      16       5    1991       54.0000000       54.3961244
     502      17       5    1991       54.0000000       49.7920998
     503      18       5    1991       55.0000000       48.0962562
     504      19       5    1991       48.0000000       46.5691707
     505      20       5    1991       48.0000000       45.1798333
     506      21       5    1991       49.0000000       43.9122624
     507      22       5    1991       41.0000000       42.7525985
     508      23       5    1991       40.0000000       41.6887258
     509      24       5    1991       40.0000000       40.7100268
     510      25       5    1991       39.0000000       39.8071767
     511      26       5    1991       43.0000000       38.9719703
     512      27       5    1991       39.0000000       38.1971746
     513      28       5    1991       36.0000000       37.4764035
     514      29       5    1991       33.0000000       36.8040102
     515      30       5    1991       39.0000000       36.1749952
     516      31       5    1991       34.0000000       35.5849261
     517       1       6    1991       37.0000000       35.0298688
     518       2       6    1991       35.0000000       34.5063279
     519       3       6    1991       29.0000000       34.0111944
     520       4       6    1991       33.0000000       33.5417000
     521       5       6    1991       34.0000000       33.1089665
     522       6       6    1991       32.0000000       49.8914607
     523       7       6    1991       38.0000000       52.3843636
     524       8       6    1991       39.0000000       41.6017315
     525       9       6    1991       41.0000000       38.4591414
     526      10       6    1991       44.0000000       52.2834925
     527      11       6    1991       48.0000000       37.8542005
     528      12       6    1991       42.0000000       35.1048196
     529      13       6    1991       37.0000000       34.3016553
     530      14       6    1991       39.0000000       33.6401178
     531      15       6    1991       35.0000000       33.4199160
     532      16       6    1991       31.0000000       36.3983279
     533      17       6    1991       33.0000000       39.9641236
     534      18       6    1991       31.0000000       37.5760031
     535      19       6    1991       28.0000000       34.8357966
     536      20       6    1991       60.0000000       70.5442823
     537      21       6    1991       48.0000000       57.8594632
     538      22       6    1991       54.0000000       41.8301290
     539      23       6    1991       63.0000000       49.1065668
     540      24       6    1991       41.0000000       43.7032662
     541      25       6    1991       42.0000000       39.4282439
     542      26       6    1991       43.0000000       37.8051841
     543      27       6    1991       38.0000000       46.0182222
     544      28       6    1991       38.0000000       47.0001059
     545      29       6    1991       35.0000000       40.3823836
     546      30       6    1991       41.0000000       38.0889236
     547       1       7    1991       41.0000000       36.6310760
     548       2       7    1991       38.0000000       35.3496143
     549       3       7    1991       34.0000000       34.2123107
     550       4       7    1991       27.0000000       33.1961786
     551       5       7    1991       31.0000000       32.2827599
     552       6       7    1991       30.0000000       31.4571191
     553       7       7    1991       26.0000000       37.4122002
     554       8       7    1991       30.0000000       36.6130779
     555       9       7    1991       31.0000000       30.5747122
     556      10       7    1991       23.0000000       29.8557542
     557      11       7    1991       35.0000000       29.2008711
     558      12       7    1991       19.0000000       30.3021440
     559      13       7    1991       24.0000000       57.0063859
     560      14       7    1991       26.0000000       50.1175912
     561      15       7    1991       27.0000000       34.5672420
     562      16       7    1991       41.0000000       31.5021809
     563      17       7    1991       34.0000000       30.5602052
     564      18       7    1991       27.0000000       29.7160308
     565      19       7    1991       25.0000000       28.9546432
     566      20       7    1991       23.0000000       28.2640680
     567      21       7    1991       22.0000000       27.6344242
     568      22       7    1991       27.0000000       27.0574916
     569      23       7    1991       23.0000000       26.5263808
     570      24       7    1991       21.0000000       27.3558949
     571      25       7    1991       23.0000000       52.1980271
     572      26       7    1991       33.0000000       44.8611559
     573      27       7    1991       23.0000000       31.5060692
     574      28       7    1991       29.0000000       28.2703024
     575      29       7    1991       30.0000000       27.4946766
     576      30       7    1991       35.0000000       40.3743859
     577      31       7    1991       27.0000000       40.0030348
     578       1       8    1991       45.0000000       29.3495834
     579       2       8    1991       47.0000000       28.3706015
     580       3       8    1991       40.0000000       27.5414845
     581       4       8    1991       35.0000000       26.7952424
     582       5       8    1991       26.0000000       26.1197264
     583       6       8    1991       23.0000000       25.5049963
     584       7       8    1991       30.0000000       26.4915879
     585       8       8    1991       33.0000000       27.1847732
     586       9       8    1991       30.0000000       24.5775020
     587      10       8    1991       28.0000000       23.7172263
     588      11       8    1991       19.0000000       23.2845737
     589      12       8    1991       20.0000000       22.8821042
     590      13       8    1991       16.0000000       22.5062648
     591      14       8    1991       18.0000000       22.1540015
     592      15       8    1991       18.0000000       21.8226774
     593      16       8    1991       20.0000000       21.5100063
     594      17       8    1991       16.0000000       21.2139988
     595      18       8    1991       15.0000000       20.9329183
     596      19       8    1991       15.0000000       20.6652438
     597      20       8    1991       14.0000000       20.4096398
     598      21       8    1991       15.0000000       20.1649304
     599      22       8    1991       13.0000000       19.9301226
     600      23       8    1991       12.0000000       19.8604179
     601      24       8    1991       11.0000000       19.7681680
     602      25       8    1991       12.0000000       19.2822326
     603      26       8    1991       11.0000000       19.0779470
     604      27       8    1991       13.0000000       18.8800674
     605      28       8    1991       11.0000000       18.6879095
     606      29       8    1991       12.0000000       18.5010126
     607      30       8    1991       12.0000000       18.3189641
     608      31       8    1991       11.0000000       18.1413941
     609       1       9    1991       11.0000000       19.8323324
     610       2       9    1991       17.0000000       20.1813578
     611       3       9    1991       11.0000000       17.6763674
     612       4       9    1991       12.0000000       17.5102513
     613       5       9    1991       11.0000000       17.3478613
     614       6       9    1991       11.0000000       17.1886703
     615       7       9    1991       18.0000000       17.0324701
     616       8       9    1991       11.0000000       16.8790732
     617       9       9    1991       13.0000000       16.7283103
     618      10       9    1991       12.0000000       17.3077916
     619      11       9    1991       11.0000000       46.0959783
     620      12       9    1991       20.0000000       38.2685449
     621      13       9    1991       21.0000000       17.3063597
     622      14       9    1991       29.0000000       17.0626320
     623      15       9    1991       28.0000000       16.8340140
     624      16       9    1991       20.0000000       16.6175217
     625      17       9    1991       20.0000000       16.4117215
     626      18       9    1991       20.0000000       16.2153936
     627      19       9    1991       12.0000000       16.0274943
     628      20       9    1991       11.0000000       15.8471263
     629      21       9    1991       11.0000000       15.6735149
     630      22       9    1991       22.0000000       37.2600841
     631      23       9    1991       14.0000000       36.4977454
     632      24       9    1991       48.0000000       17.1318847
     633      25       9    1991       45.0000000       75.7582753
     634      26       9    1991       80.0000000       79.0915434
     635      27       9    1991       61.0000000       60.3766481
     636      28       9    1991       61.0000000       89.0385195
     637      29       9    1991       65.0000000       98.0670852
     638      30       9    1991       63.0000000       93.5043432
     639       1      10    1991       90.0000000       70.8492880
     640       2      10    1991       59.0000000       58.9841679
     641       3      10    1991       45.0000000       50.7483403
     642       4      10    1991       42.0000000       44.6513869
     643       5      10    1991       41.0000000       92.9372736
     644       6      10    1991       41.0000000      121.6494478
     645       7      10    1991       73.0000000       88.9139015
     646       8      10    1991       96.0000000       72.8831523
     647       9      10    1991       61.0000000       62.8663617
     648      10      10    1991       44.0000000       55.2835396
     649      11      10    1991       42.0000000       49.6005848
     650      12      10    1991       41.0000000       75.1578719
     651      13      10    1991       42.0000000       85.9825399
     652      14      10    1991       61.0000000       65.9855501
     653      15      10    1991       55.0000000       58.7369763
     654      16      10    1991       41.0000000       58.5852827
     655      17      10    1991       48.0000000       75.5556179
     656      18      10    1991       52.0000000      111.4104366
     657      19      10    1991       66.0000000      103.7097257
     658      20      10    1991       59.0000000       89.0250000
     659      21      10    1991       71.0000000       80.4182257
     660      22      10    1991       74.0000000       70.2206665
     661      23      10    1991       70.0000000       62.5223149
     662      24      10    1991       59.0000000       56.3171239
     663      25      10    1991       57.0000000       51.2302480
     664      26      10    1991       57.0000000       46.9885983
     665      27      10    1991       51.0000000       43.4075978
     666      28      10    1991       47.0000000       40.3528874
     667      29      10    1991       48.0000000       37.7241596
     668      30      10    1991       45.0000000       39.9181913
     669      31      10    1991       43.0000000       45.1949083
     670       1      11    1991       40.0000000       57.8930025
     671       2      11    1991       47.0000000       64.3483123
     672       3      11    1991       46.0000000      106.2481729
     673       4      11    1991       76.0000000      178.9099733
     674       5      11    1991       60.0000000      181.5889111
     675       6      11    1991      132.0000000      164.2647307
     676       7      11    1991      133.0000000      161.6916273
     677       8      11    1991      113.0000000      197.2641979
     678       9      11    1991      120.0000000      219.3789043
     679      10      11    1991      141.0000000      185.2783637
     680      11      11    1991      208.0000000      211.2801604
     681      12      11    1991      166.0000000      326.5744829
     682      13      11    1991      183.0000000      464.2325690
     683      14      11    1991      299.0000000      681.8424776
     684      15      11    1991      521.0000000      597.3163984
     685      16      11    1991      443.0000000      449.8326407
     686      17      11    1991      304.0000000      345.1447837
     687      18      11    1991      231.0000000      323.5045847
     688      19      11    1991      192.0000000      333.7410374
     689      20      11    1991      199.0000000      291.0575569
     690      21      11    1991      201.0000000      254.6863819
     691      22      11    1991      173.0000000      204.8163661
     692      23      11    1991      159.0000000      168.7617156
     693      24      11    1991      160.0000000      146.1405154
     694      25      11    1991      146.0000000      129.0358998
     695      26      11    1991      110.0000000      115.3300774
     696      27      11    1991      114.0000000      104.0858319
     697      28      11    1991       97.0000000       94.7563051
     698      29      11    1991       89.0000000       86.9144538
     699      30      11    1991       73.0000000       80.2544773
     700       1      12    1991       69.0000000       74.5484874
     701       2      12    1991       67.0000000       69.6229201
     702       3      12    1991       63.0000000       65.3430813
     703       4      12    1991       58.0000000       61.6027297
     704       5      12    1991       59.0000000       58.3168737
     705       6      12    1991       53.0000000       55.4166780
     706       7      12    1991       54.0000000       52.8457882
     707       8      12    1991       51.0000000       50.5576294
     708       9      12    1991       47.0000000       48.5133876
     709      10      12    1991       42.0000000       46.6804783
     710      11      12    1991       40.0000000       45.0313687
     711      12      12    1991       39.0000000       43.5426602
     712      13      12    1991       36.0000000       42.1943658
     713      14      12    1991       37.0000000       40.9693343
     714      15      12    1991       32.0000000       39.8527881
     715      16      12    1991       37.0000000       52.2533394
     716      17      12    1991       62.0000000      215.6938594
     717      18      12    1991      118.0000000      374.1636151
     718      19      12    1991      170.0000000      491.7442418
     719      20      12    1991      229.0000000      661.7275934
     720      21      12    1991      448.0000000      764.6386543
     721      22      12    1991      464.0000000     1056.6718596
     722      23      12    1991      675.0000000      813.5692195
     723      24      12    1991      844.0000000      615.1155741
     724      25      12    1991      569.0000000      452.3913480
     725      26      12    1991      358.0000000      349.3657821
     726      27      12    1991      279.0000000      285.7587827
     727      28      12    1991      238.0000000      233.0598768
     728      29      12    1991      201.0000000      191.7032200
     729      30      12    1991      185.0000000      165.9519147
     730      31      12    1991      165.0000000      147.1900372
     731       1       1    1992      140.0000000      132.1545111
     732       2       1    1992      126.0000000      120.1189283
     733       3       1    1992      117.0000000      111.4161897
     734       4       1    1992      114.0000000      107.9504187
     735       5       1    1992      108.0000000      104.5781900
     736       6       1    1992      108.0000000       96.1407841
     737       7       1    1992      101.0000000       89.2608012
     738       8       1    1992       97.0000000       87.9428603
     739       9       1    1992       89.0000000      113.1347628
     740      10       1    1992      111.0000000      185.2338146
     741      11       1    1992      135.0000000      207.3762575
     742      12       1    1992      171.0000000      167.9638920
     743      13       1    1992      125.0000000      141.7455332
     744      14       1    1992      111.0000000      123.1000386
     745      15       1    1992      100.0000000      109.2739963
     746      16       1    1992       87.0000000       98.7784710
     747      17       1    1992       75.0000000       90.2609167
     748      18       1    1992       79.0000000       83.3895853
     749      19       1    1992       70.0000000       85.9820165
     750      20       1    1992       72.0000000       86.6394863
     751      21       1    1992       87.0000000       86.0395158
     752      22       1    1992       79.0000000       78.6249920
     753      23       1    1992       71.0000000       73.0916297
     754      24       1    1992       66.0000000       68.5706709
     755      25       1    1992       67.0000000       64.8126609
     756      26       1    1992       65.0000000       61.6436131
     757      27       1    1992       59.0000000       58.9381343
     758      28       1    1992       57.0000000       56.6692523
     759      29       1    1992       54.0000000       55.5721826
     760      30       1    1992       59.0000000       61.1284239
     761      31       1    1992       57.0000000       79.0786651
     762       1       2    1992       56.0000000       89.8476720
     763       2       2    1992       54.0000000       84.1771487
     764       3       2    1992       58.0000000       76.7777378
     765       4       2    1992       63.0000000      160.5072437
     766       5       2    1992       76.0000000      291.9597591
     767       6       2    1992      250.0000000      284.9524219
     768       7       2    1992      346.0000000      221.8722441
     769       8       2    1992      241.0000000      182.6901394
     770       9       2    1992      180.0000000      174.8707121
     771      10       2    1992      164.0000000      185.8596337
     772      11       2    1992      183.0000000      220.1724711
     773      12       2    1992      215.0000000      293.7101328
     774      13       2    1992      265.0000000      318.2131681
     775      14       2    1992      287.0000000      324.9421409
     776      15       2    1992      272.0000000      316.9577853
     777      16       2    1992      253.0000000      344.7712924
     778      17       2    1992      301.0000000      321.9363364
     779      18       2    1992      275.0000000      251.5664820
     780      19       2    1992      224.0000000      205.2784666
     781      20       2    1992      194.0000000      173.3424555
     782      21       2    1992      173.0000000      150.7500299
     783      22       2    1992      157.0000000      133.7086029
     784      23       2    1992      142.0000000      122.9851039
     785      24       2    1992      133.0000000      116.4411261
     786      25       2    1992      128.0000000      106.8561875
     787      26       2    1992      125.0000000       98.4382767
     788      27       2    1992      125.0000000       91.5032252
     789      28       2    1992      110.0000000       85.6226674
     790      29       2    1992      107.0000000       80.5885227
     791       1       3    1992       97.0000000       76.4752720
     792       2       3    1992       97.0000000       74.8346714
     793       3       3    1992       86.0000000       77.8503210
     794       4       3    1992       93.0000000       73.0092064
     795       5       3    1992       86.0000000       69.6817002
     796       6       3    1992       82.0000000       66.7753177
     797       7       3    1992       80.0000000       64.0431909
     798       8       3    1992       77.0000000       61.6228219
     799       9       3    1992       73.0000000       59.4717370
     800      10       3    1992       76.0000000       57.7914784
     801      11       3    1992       68.0000000       56.4254872
     802      12       3    1992       70.0000000      125.0341310
     803      13       3    1992      116.0000000      266.9182439
     804      14       3    1992      206.0000000      380.9584762
     805      15       3    1992      433.0000000      415.6845613
     806      16       3    1992      495.0000000      427.5865791
     807      17       3    1992      331.0000000      316.9483848
     808      18       3    1992      240.0000000      247.3591984
     809      19       3    1992      215.0000000      203.6299154
     810      20       3    1992      185.0000000      173.3693701
     811      21       3    1992      185.0000000      167.0383121
     812      22       3    1992      185.0000000      255.6638027
     813      23       3    1992      213.0000000      416.4918611
     814      24       3    1992      466.0000000      470.6189591
     815      25       3    1992      580.0000000      483.8331031
     816      26       3    1992      566.0000000      409.5532861
     817      27       3    1992      487.0000000      344.7834065
     818      28       3    1992      387.0000000      292.9394288
     819      29       3    1992      311.0000000      243.1941451
     820      30       3    1992      270.0000000      204.1560267
     821      31       3    1992      246.0000000      191.5530289
     822       1       4    1992      229.0000000      207.8355344
     823       2       4    1992      222.0000000      209.3609459
     824       3       4    1992      217.0000000      244.9975512
     825       4       4    1992      208.0000000      313.4633147
     826       5       4    1992      220.0000000      272.6841849
     827       6       4    1992      210.0000000      223.1953972
     828       7       4    1992      190.0000000      186.9109476
     829       8       4    1992      173.0000000      163.5022263
     830       9       4    1992      166.0000000      147.2932668
     831      10       4    1992      133.0000000      134.4290245
     832      11       4    1992      126.0000000      123.7967117
     833      12       4    1992      124.0000000      114.8755324
     834      13       4    1992      116.0000000      107.3260353
     835      14       4    1992      112.0000000      109.4953434
     836      15       4    1992      111.0000000      155.4391840
     837      16       4    1992      137.0000000      185.0344262
     838      17       4    1992      206.0000000      172.1404030
     839      18       4    1992      176.0000000      172.1550055
     840      19       4    1992      161.0000000      148.9814931
     841      20       4    1992      161.0000000      131.5614846
     842      21       4    1992      139.0000000      118.4243848
     843      22       4    1992      139.0000000      108.2162379
     844      23       4    1992      123.0000000      100.0578601
     845      24       4    1992      119.0000000       93.3976021
     846      25       4    1992      111.0000000       87.8657428
     847      26       4    1992       94.0000000       83.2888633
     848      27       4    1992       94.0000000       84.0961023
     849      28       4    1992      102.0000000       90.6973075
     850      29       4    1992      120.0000000       89.8299616
     851      30       4    1992      120.0000000       84.8087910
     852       1       5    1992      114.0000000      114.5394461
     853       2       5    1992      115.0000000      152.8188670
     854       3       5    1992      206.0000000      130.6730564
     855       4       5    1992      215.0000000      115.8614648
     856       5       5    1992      125.0000000      105.2823366
     857       6       5    1992      123.0000000       96.9904699
     858       7       5    1992      113.0000000       90.3142829
     859       8       5    1992       77.0000000       84.8234657
     860       9       5    1992       83.0000000       80.4263102
     861      10       5    1992       83.0000000       89.6647455
     862      11       5    1992       96.0000000       89.0699453
     863      12       5    1992      120.0000000       78.9116417
     864      13       5    1992       80.0000000       73.9186748
     865      14       5    1992       76.0000000       70.6325008
     866      15       5    1992       69.0000000       67.8123302
     867      16       5    1992       63.0000000       65.3640480
     868      17       5    1992       61.0000000       63.2174959
     869      18       5    1992       60.0000000       61.3190709
     870      19       5    1992       59.0000000       59.6270171
     871      20       5    1992       67.0000000       58.1082721
     872      21       5    1992       51.0000000       56.7367539
     873      22       5    1992       44.0000000       55.4908903
     874      23       5    1992       42.0000000       54.3513800
     875      24       5    1992       51.0000000       53.3909645
     876      25       5    1992       42.0000000       52.6122763
     877      26       5    1992       54.0000000       62.6007828
     878      27       5    1992       53.0000000       55.3185006
     879      28       5    1992       59.0000000       51.4300252
     880      29       5    1992       55.0000000       59.8516545
     881      30       5    1992       54.0000000       59.7594877
     882      31       5    1992       48.0000000       53.8022540
     883       1       6    1992       63.0000000       56.3563911
     884       2       6    1992       61.0000000       55.3186480
     885       3       6    1992       55.0000000       56.5563751
     886       4       6    1992       75.0000000       73.5360739
     887       5       6    1992       53.0000000       87.9772311
     888       6       6    1992       77.0000000       87.7764272
     889       7       6    1992      114.0000000       86.7249026
     890       8       6    1992      167.0000000       99.1764454
     891       9       6    1992      116.0000000       89.5180399
     892      10       6    1992       91.0000000       78.3355128
     893      11       6    1992       85.0000000       73.0495837
     894      12       6    1992       68.0000000       68.7062233
     895      13       6    1992       71.0000000       65.0700762
     896      14       6    1992       63.0000000       61.9759470
     897      15       6    1992       59.0000000       59.3123647
     898      16       6    1992       46.0000000       56.9963800
     899      17       6    1992       44.0000000       54.9648913
     900      18       6    1992       39.0000000       53.1689811
     901      19       6    1992       41.0000000       51.5762679
     902      20       6    1992       44.0000000       52.4097231
     903      21       6    1992       39.0000000       50.7504669
     904      22       6    1992       32.0000000       48.4586143
     905      23       6    1992       40.0000000       49.6969034
     906      24       6    1992       41.0000000       63.4535198
     907      25       6    1992       42.0000000       58.4795398
     908      26       6    1992       42.0000000       50.9322853
     909      27       6    1992       48.0000000       48.2882787
     910      28       6    1992       37.0000000       46.7471223
     911      29       6    1992       40.0000000       45.4336177
     912      30       6    1992       29.0000000       44.4368894
     913       1       7    1992       30.0000000       44.0933985
     914       2       7    1992       36.0000000       42.5878949
     915       3       7    1992       29.0000000       47.5848641
     916       4       7    1992       36.0000000       58.0782298
     917       5       7    1992       50.0000000       76.0135956
     918       6       7    1992       78.0000000       78.3725918
     919       7       7    1992       54.0000000       60.3339513
     920       8       7    1992       57.0000000       51.3682438
     921       9       7    1992       51.0000000       49.2989219
     922      10       7    1992       47.0000000       69.1382024
     923      11       7    1992       46.0000000       92.3181716
     924      12       7    1992       76.0000000       89.5324468
     925      13       7    1992       72.0000000       79.0202430
     926      14       7    1992       67.0000000       68.6136639
     927      15       7    1992       63.0000000       63.7214864
     928      16       7    1992       47.0000000       59.7038226
     929      17       7    1992       47.0000000       56.3457626
     930      18       7    1992       42.0000000       53.4982438
     931      19       7    1992       41.0000000       51.0542088
     932      20       7    1992       39.0000000       48.9346373
     933      21       7    1992       37.0000000       48.4033090
     934      22       7    1992       33.0000000       48.2945932
     935      23       7    1992       33.0000000       45.1349926
     936      24       7    1992       33.0000000       43.7246688
     937      25       7    1992       37.0000000       42.4569002
     938      26       7    1992       26.0000000       41.3108170
     939      27       7    1992       24.0000000       40.2713560
     940      28       7    1992       26.0000000       39.3241526
     941      29       7    1992       29.0000000       38.4571617
     942      30       7    1992       19.0000000       37.6602109
     943      31       7    1992       22.0000000       38.8472697
     944       1       8    1992       28.0000000       38.6594468
     945       2       8    1992       35.0000000       35.9168142
     946       3       8    1992       29.0000000       35.2876803
     947       4       8    1992       36.0000000       34.7023495
     948       5       8    1992       52.0000000       34.1548769
     949       6       8    1992       74.0000000       33.6409096
     950       7       8    1992       54.0000000       33.1566922
     951       8       8    1992       57.0000000       32.6989708
     952       9       8    1992       48.0000000       34.8067522
     953      10       8    1992       47.0000000       33.8638348
     954      11       8    1992       46.0000000       41.0137239
     955      12       8    1992       75.0000000       40.4059189
     956      13       8    1992       73.0000000       45.1688369
     957      14       8    1992       66.0000000       47.8796047
     958      15       8    1992       60.0000000       40.5259819
     959      16       8    1992       47.0000000       32.6013612
     960      17       8    1992       46.0000000       31.9428166
     961      18       8    1992       42.0000000       31.3496451
     962      19       8    1992       41.0000000       30.8494913
     963      20       8    1992       40.0000000       37.7794294
     964      21       8    1992       37.0000000       34.1147144
     965      22       8    1992       32.0000000       31.4292481
     966      23       8    1992       32.0000000       31.5923769
     967      24       8    1992       32.0000000       29.6209189
     968      25       8    1992       36.0000000       29.1168079
     969      26       8    1992       27.0000000       28.6881710
     970      27       8    1992       25.0000000       28.2876035
     971      28       8    1992       25.0000000       28.3961179
     972      29       8    1992       28.0000000       35.1244831
     973      30       8    1992       20.0000000       49.0157603
     974      31       8    1992       22.0000000       93.0953803
     975       1       9    1992       49.0000000       81.6047737
     976       2       9    1992       77.0000000       68.9451923
     977       3       9    1992       67.0000000       65.9427365
     978       4       9    1992       45.0000000       64.7528796
     979       5       9    1992       44.0000000       56.4904533
     980       6       9    1992       64.0000000       48.0111622
     981       7       9    1992       52.0000000       44.3680940
     982       8       9    1992       40.0000000       41.4235617
     983       9       9    1992       30.0000000       38.9999369
     984      10       9    1992       34.0000000       36.9741122
     985      11       9    1992       32.0000000       35.5508615
     986      12       9    1992       36.0000000       34.4200118
     987      13       9    1992       28.0000000       32.9102184
     988      14       9    1992       33.0000000       32.8361093
     989      15       9    1992       35.0000000       35.2542382
     990      16       9    1992       30.0000000       31.2463901
     991      17       9    1992       32.0000000       30.2667596
     992      18       9    1992       29.0000000       29.4628363
     993      19       9    1992       30.0000000       29.2305330
     994      20       9    1992       28.0000000       28.1437311
     995      21       9    1992       29.0000000       27.4836803
     996      22       9    1992       29.0000000       26.8826037
     997      23       9    1992       27.0000000       26.3358519
     998      24       9    1992       27.0000000       25.8290756
     999      25       9    1992       23.0000000       25.3586555
    1000      26       9    1992       28.0000000       24.9216870
    1001      27       9    1992       25.0000000       24.5145006
    1002      28       9    1992       25.0000000       25.8939243
    1003      29       9    1992       27.0000000       27.7794011
    1004      30       9    1992       25.0000000       24.2160029
    1005       1      10    1992       27.0000000       24.3353390
    1006       2      10    1992       33.0000000       26.5815632
    1007       3      10    1992       29.0000000       27.4816844
    1008       4      10    1992       31.0000000       25.3573776
    1009       5      10    1992       25.0000000       38.1528786
    1010       6      10    1992       25.0000000       43.9459622
    1011       7      10    1992       36.0000000       31.7374292
    1012       8      10    1992       42.0000000       25.9096432
    1013       9      10    1992       43.0000000       27.7418098
    1014      10      10    1992       26.0000000       34.6626176
    1015      11      10    1992       27.0000000       32.4021847
    1016      12      10    1992       27.0000000       27.8980055
    1017      13      10    1992       26.0000000       26.9872617
    1018      14      10    1992       26.0000000       26.2608910
    1019      15      10    1992       23.0000000       40.0666183
    1020      16      10    1992       21.0000000       40.0487918
    1021      17      10    1992       26.0000000       34.4855566
    1022      18      10    1992       34.0000000       38.8671436
    1023      19      10    1992       37.0000000       35.1728391
    1024      20      10    1992       31.0000000       42.5454805
    1025      21      10    1992       31.0000000       41.9264750
    1026      22      10    1992       35.0000000       40.9293543
    1027      23      10    1992       33.0000000       69.9943152
    1028      24      10    1992       40.0000000      147.3867753
    1029      25      10    1992       74.0000000      222.9063563
    1030      26      10    1992      161.0000000      252.2243894
    1031      27      10    1992      285.0000000      264.8778310
    1032      28      10    1992      244.0000000      311.1590661
    1033      29      10    1992      263.0000000      330.5909483
    1034      30      10    1992      276.0000000      261.5116384
    1035      31      10    1992      186.0000000      201.8700767
    1036       1      11    1992      154.0000000      162.7427052
    1037       2      11    1992      112.0000000      168.2455306
    1038       3      11    1992      104.0000000      181.6846236
    1039       4      11    1992       96.0000000      171.0530736
    1040       5      11    1992       99.0000000      145.3466808
    1041       6      11    1992      126.0000000      125.4048873
    1042       7      11    1992       91.0000000      111.5489977
    1043       8      11    1992       84.0000000      102.9987021
    1044       9      11    1992       81.0000000      108.2758306
    1045      10      11    1992       85.0000000      163.8675958
    1046      11      11    1992      126.0000000      305.4873661
    1047      12      11    1992      279.0000000      408.8047690
    1048      13      11    1992      390.0000000      416.1794794
    1049      14      11    1992      294.0000000      401.5307330
    1050      15      11    1992      260.0000000      532.7423858
    1051      16      11    1992      398.0000000      760.3341555
    1052      17      11    1992      520.0000000      698.1788148
    1053      18      11    1992      487.0000000      604.7836366
    1054      19      11    1992      380.0000000      626.1198785
    1055      20      11    1992      385.0000000      477.5204563
    1056      21      11    1992      351.0000000      504.0524559
    1057      22      11    1992      309.0000000      668.2052206
    1058      23      11    1992      587.0000000      494.0368768
    1059      24      11    1992      661.0000000      385.2313165
    1060      25      11    1992      447.0000000      399.2025206
    1061      26      11    1992      361.0000000      460.1294835
    1062      27      11    1992      351.0000000      422.9190473
    1063      28      11    1992      353.0000000      476.0991492
    1064      29      11    1992      369.0000000      629.6204181
    1065      30      11    1992      452.0000000      605.3690518
    1066       1      12    1992      441.0000000      441.5038851
    1067       2      12    1992      348.0000000      487.1542540
    1068       3      12    1992      394.0000000      604.0152096
    1069       4      12    1992      455.0000000      653.5748265
    1070       5      12    1992      491.0000000      714.0671644
    1071       6      12    1992      469.0000000      550.9805999
    1072       7      12    1992      364.0000000      526.9000561
    1073       8      12    1992      338.0000000      433.5295818
    1074       9      12    1992      334.0000000      332.0084017
    1075      10      12    1992      268.0000000      262.5427634
    1076      11      12    1992      236.0000000      277.6204432
    1077      12      12    1992      230.0000000      327.2540795
    1078      13      12    1992      239.0000000      299.7198578
    1079      14      12    1992      256.0000000      241.3765014
    1080      15      12    1992      217.0000000      204.3560942
    1081      16      12    1992      201.0000000      183.4421422
    1082      17      12    1992      188.0000000      166.1651627
    1083      18      12    1992      176.0000000      147.0444970
    1084      19      12    1992      170.0000000      135.1244526
    1085      20      12    1992      168.0000000      134.0104648
    1086      21      12    1992      131.0000000      147.7022872
    1087      22      12    1992      133.0000000      158.7704433
    1088      23      12    1992      134.0000000      142.4021165
    1089      24      12    1992      127.0000000      126.7614598
    1090      25      12    1992      117.0000000      114.9348854
    1091      26      12    1992      113.0000000      105.5616387
    1092      27      12    1992      100.0000000       97.9632821
    1093      28      12    1992       94.0000000       91.6908828
    1094      29      12    1992       87.0000000       86.4348303
    1095      30      12    1992       86.0000000       81.9743395
    1096      31      12    1992       81.0000000       78.1475564
    1097       1       1    1993       77.0000000       74.8330389
    1098       2       1    1993       76.0000000       71.9378451
    1099       3       1    1993       61.0000000       69.3896216
    1100       4       1    1993       61.0000000       67.1312026
    1101       5       1    1993       57.0000000       65.1168334
    1102       6       1    1993       66.0000000       89.7350603
    1103       7       1    1993       67.0000000      137.1070914
    1104       8       1    1993       84.0000000      157.6514642
    1105       9       1    1993       90.0000000      171.2303295
    1106      10       1    1993      113.0000000      254.2404940
    1107      11       1    1993      265.0000000      703.1464301
    1108      12       1    1993      559.0000000     1136.8391245
    1109      13       1    1993      832.0000000      913.9221622
    1110      14       1    1993      601.0000000      627.9530943
    1111      15       1    1993      436.0000000      429.0812769
    1112      16       1    1993      339.0000000      319.0078181
    1113      17       1    1993      292.0000000      258.4694603
    1114      18       1    1993      247.0000000      222.4888819
    1115      19       1    1993      218.0000000      192.0108485
    1116      20       1    1993      205.0000000      165.9464177
    1117      21       1    1993      190.0000000      151.9863438
    1118      22       1    1993      176.0000000      148.2718501
    1119      23       1    1993      173.0000000      148.8417203
    1120      24       1    1993      173.0000000      237.9622378
    1121      25       1    1993      199.0000000      398.1487589
    1122      26       1    1993      361.0000000      313.6720453
    1123      27       1    1993      295.0000000      325.3497919
    1124      28       1    1993      238.0000000      353.3708043
    1125      29       1    1993      263.0000000      301.1321974
    1126      30       1    1993      245.0000000      247.7051592
    1127      31       1    1993      222.0000000      208.2199064
    1128       1       2    1993      199.0000000      180.0898036
    1129       2       2    1993      186.0000000      158.9354684
    1130       3       2    1993      171.0000000      142.5874795
    1131       4       2    1993      157.0000000      129.5978186
    1132       5       2    1993      159.0000000      119.0583227
    1133       6       2    1993      129.0000000      110.3596416
    1134       7       2    1993      119.0000000      103.4512401
    1135       8       2    1993      119.0000000       97.2481120
    1136       9       2    1993      105.0000000       91.9019624
    1137      10       2    1993      106.0000000       87.2912592
    1138      11       2    1993      105.0000000       83.2824434
    1139      12       2    1993       95.0000000       79.7716308
    1140      13       2    1993       91.0000000       76.6767841
    1141      14       2    1993       88.0000000       73.9322510
    1142      15       2    1993       84.0000000       71.4848742
    1143      16       2    1993       83.0000000       69.7020475
    1144      17       2    1993       79.0000000       71.7490929
    1145      18       2    1993       78.0000000       75.8503942
    1146      19       2    1993       84.0000000       77.2634218
    1147      20       2    1993       91.0000000       98.3523622
    1148      21       2    1993       91.0000000      117.3830202
    1149      22       2    1993       90.0000000      117.5174703
    1150      23       2    1993      103.0000000      110.3305924
    1151      24       2    1993       94.0000000       98.7534326
    1152      25       2    1993       81.0000000       90.1242826
    1153      26       2    1993       78.0000000       83.5953262
    1154      27       2    1993       75.0000000       85.6841080
    1155      28       2    1993       76.0000000       87.8590589
    1156       1       3    1993       80.0000000       81.8546391
    1157       2       3    1993       75.0000000       79.4673652
    1158       3       3    1993       76.0000000       77.5201329
    1159       4       3    1993       72.0000000       72.8297565
    1160       5       3    1993       65.0000000       69.2557963
    1161       6       3    1993       64.0000000       66.2969284
    1162       7       3    1993       64.0000000       64.6219860
    1163       8       3    1993       68.0000000       65.6049492
    1164       9       3    1993       68.0000000       63.3149135
    1165      10       3    1993       67.0000000       64.9327592
    1166      11       3    1993       61.0000000       68.5980477
    1167      12       3    1993       57.0000000       66.4364336
    1168      13       3    1993       58.0000000       64.0898901
    1169      14       3    1993       54.0000000       62.0033676
    1170      15       3    1993       66.0000000       60.1670659
    1171      16       3    1993       54.0000000       58.5001613
    1172      17       3    1993       57.0000000       56.9954226
    1173      18       3    1993       57.0000000       55.6652290
    1174      19       3    1993       52.0000000       54.4064287
    1175      20       3    1993       57.0000000       53.2256745
    1176      21       3    1993       58.0000000       52.9938315
    1177      22       3    1993       57.0000000       71.2508148
    1178      23       3    1993       56.0000000       79.8803920
    1179      24       3    1993       63.0000000       69.5469492
    1180      25       3    1993       76.0000000       66.2158177
    1181      26       3    1993       56.0000000       63.3387867
    1182      27       3    1993       59.0000000       60.8304742
    1183      28       3    1993       59.0000000       58.6257745
    1184      29       3    1993       54.0000000       56.6737795
    1185      30       3    1993       48.0000000       54.9340753
    1186      31       3    1993       55.0000000       53.3741513
    1187       1       4    1993       48.0000000       53.8013132
    1188       2       4    1993       53.0000000       57.8924496
    1189       3       4    1993       47.0000000       56.6639467
    1190       4       4    1993       59.0000000       64.3567115
    1191       5       4    1993       53.0000000       87.6034673
    1192       6       4    1993       64.0000000       90.3267238
    1193       7       4    1993       63.0000000       79.7348394
    1194       8       4    1993       75.0000000       76.1328288
    1195       9       4    1993       64.0000000       71.1321304
    1196      10       4    1993       59.0000000       72.4703618
    1197      11       4    1993       60.0000000       80.8514983
    1198      12       4    1993       63.0000000       79.9021793
    1199      13       4    1993       69.0000000       78.3006146
    1200      14       4    1993       79.0000000       76.3146216
    1201      15       4    1993       82.0000000       72.1009231
    1202      16       4    1993       68.0000000       69.1623686
    1203      17       4    1993       56.0000000       65.6974084
    1204      18       4    1993       59.0000000       62.6109540
    1205      19       4    1993       61.0000000       59.8061261
    1206      20       4    1993       62.0000000       57.3137615
    1207      21       4    1993       57.0000000       55.1183846
    1208      22       4    1993       53.0000000       53.1751706
    1209      23       4    1993       47.0000000       51.4408291
    1210      24       4    1993       46.0000000       49.8827898
    1211      25       4    1993       47.0000000       48.4783638
    1212      26       4    1993       45.0000000       47.2063404
    1213      27       4    1993       43.0000000       46.0490148
    1214      28       4    1993       41.0000000       44.9923766
    1215      29       4    1993       38.0000000       44.0289120
    1216      30       4    1993       39.0000000       43.5173250
    1217       1       5    1993       40.0000000       42.8295997
    1218       2       5    1993       41.0000000       43.8928349
    1219       3       5    1993       45.0000000       42.6329082
    1220       4       5    1993       49.0000000       41.2579161
    1221       5       5    1993       40.0000000       40.5270565
    1222       6       5    1993       43.0000000       39.9560213
    1223       7       5    1993       38.0000000       39.6905378
    1224       8       5    1993       38.0000000       39.8757234
    1225       9       5    1993       43.0000000       38.9091360
    1226      10       5    1993       44.0000000       38.6246656
    1227      11       5    1993       41.0000000       38.6148373
    1228      12       5    1993       51.0000000       47.3685493
    1229      13       5    1993       63.0000000       86.5131744
    1230      14       5    1993       68.0000000       61.3576501
    1231      15       5    1993       77.0000000       48.4013970
    1232      16       5    1993       77.0000000       45.5393240
    1233      17       5    1993       59.0000000       43.3190679
    1234      18       5    1993       49.0000000       41.5719421
    1235      19       5    1993       43.0000000       46.6286430
    1236      20       5    1993       44.0000000       55.7316541
    1237      21       5    1993       48.0000000       50.4469374
    1238      22       5    1993       44.0000000       42.7604195
    1239      23       5    1993       46.0000000       41.1947603
    1240      24       5    1993       40.0000000       39.8522833
    1241      25       5    1993       43.0000000       38.6839626
    1242      26       5    1993       30.0000000       38.2421284
    1243      27       5    1993       45.0000000       48.7122672
    1244      28       5    1993       43.0000000       52.6785034
    1245      29       5    1993       44.0000000       43.1213932
    1246      30       5    1993       54.0000000       45.2559685
    1247      31       5    1993       56.0000000       45.2476759
    1248       1       6    1993       44.0000000       39.3812782
    1249       2       6    1993       43.0000000       40.2545986
    1250       3       6    1993       33.0000000       46.0185097
    1251       4       6    1993       45.0000000       40.2356793
    1252       5       6    1993       46.0000000       38.0373484
    1253       6       6    1993       42.0000000       36.8866843
    1254       7       6    1993       40.0000000       35.8639908
    1255       8       6    1993       30.0000000       34.9478580
    1256       9       6    1993       31.0000000       34.2186150
    1257      10       6    1993       32.0000000       33.7834537
    1258      11       6    1993       25.0000000       33.9246214
    1259      12       6    1993       33.0000000       35.4101056
    1260      13       6    1993       29.0000000       33.4576124
    1261      14       6    1993       40.0000000       35.3313795
    1262      15       6    1993       42.0000000       37.2578929
    1263      16       6    1993       37.0000000       34.7900542
    1264      17       6    1993       46.0000000       33.5194925
    1265      18       6    1993       47.0000000       32.1457939
    1266      19       6    1993       50.0000000       34.3149461
    1267      20       6    1993       43.0000000       61.3903188
    1268      21       6    1993       69.0000000       53.2517796
    1269      22       6    1993       61.0000000       60.9751929
    1270      23       6    1993       67.0000000       79.6732550
    1271      24       6    1993       77.0000000       60.6125367
    1272      25       6    1993       87.0000000       55.8594232
    1273      26       6    1993       55.0000000       52.0282293
    1274      27       6    1993       43.0000000       48.8110166
    1275      28       6    1993       40.0000000       46.0687236
    1276      29       6    1993       30.0000000       43.7032630
    1277      30       6    1993       40.0000000       41.6429149
    1278       1       7    1993       40.0000000       42.1262665
    1279       2       7    1993       27.0000000       41.4034100
    1280       3       7    1993       34.0000000       38.1046656
    1281       4       7    1993       30.0000000       36.6136033
    1282       5       7    1993       31.0000000       35.3959659
    1283       6       7    1993       27.0000000       34.1352977
    1284       7       7    1993       31.0000000       33.0889731
    1285       8       7    1993       26.0000000       32.1469460
    1286       9       7    1993       23.0000000       32.0570342
    1287      10       7    1993       24.0000000       32.7306461
    1288      11       7    1993       25.0000000       36.8599579
    1289      12       7    1993       34.0000000       45.9131446
    1290      13       7    1993       40.0000000       44.5253564
    1291      14       7    1993       41.0000000       64.5533011
    1292      15       7    1993       46.0000000       52.3407420
    1293      16       7    1993       39.0000000       38.8458784
    1294      17       7    1993       43.0000000       37.5672804
    1295      18       7    1993       35.0000000       36.7940661
    1296      19       7    1993       49.0000000       55.5130263
    1297      20       7    1993       38.0000000       55.4974192
    1298      21       7    1993       41.0000000       51.4357566
    1299      22       7    1993       45.0000000       48.0879528
    1300      23       7    1993       41.0000000       41.0692812
    1301      24       7    1993       42.0000000       39.0409032
    1302      25       7    1993       40.0000000       37.2911588
    1303      26       7    1993       35.0000000       35.7319575
    1304      27       7    1993       40.0000000       59.8356075
    1305      28       7    1993       40.0000000       50.3984243
    1306      29       7    1993       36.0000000       38.0904926
    1307      30       7    1993       40.0000000       95.5324218
    1308      31       7    1993       61.0000000       84.6581685
    1309       1       8    1993       36.0000000       55.7982306
    1310       2       8    1993       46.0000000       50.5600052
    1311       3       8    1993       32.0000000       46.3979640
    1312       4       8    1993       38.0000000       43.0199911
    1313       5       8    1993       32.0000000       40.2334212
    1314       6       8    1993       25.0000000       37.9064411
    1315       7       8    1993       26.0000000       35.9221551
    1316       8       8    1993       29.0000000       34.2202634
    1317       9       8    1993       29.0000000       41.2596183
    1318      10       8    1993       28.0000000       43.8302419
    1319      11       8    1993       37.0000000       36.5641479
    1320      12       8    1993       40.0000000       32.7371713
    1321      13       8    1993       49.0000000       31.4273947
    1322      14       8    1993       32.0000000       32.0190213
    1323      15       8    1993       37.0000000       30.6705854
    1324      16       8    1993       37.0000000       28.9346522
    1325      17       8    1993       27.0000000       28.0371202
    1326      18       8    1993       24.0000000       27.2332681
    1327      19       8    1993       24.0000000       26.5090831
    1328      20       8    1993       22.0000000       25.8531180
    1329      21       8    1993       21.0000000       25.2559011
    1330      22       8    1993       16.0000000       26.3622477
    1331      23       8    1993       21.0000000       29.2626236
    1332      24       8    1993       27.0000000       26.2258516
    1333      25       8    1993       26.0000000       24.0199097
    1334      26       8    1993       23.0000000       23.5517604
    1335      27       8    1993       21.0000000       26.4995078
    1336      28       8    1993       28.0000000       27.9247177
    1337      29       8    1993       17.0000000       23.3672330
    1338      30       8    1993       24.0000000       22.9215972
    1339      31       8    1993       25.0000000       22.5073730
    1340       1       9    1993       25.0000000       22.1206134
    1341       2       9    1993       19.0000000       21.7583512
    1342       3       9    1993       17.0000000       24.6927599
    1343       4       9    1993       16.0000000       29.2566612
    1344       5       9    1993       19.0000000       22.5584097
    1345       6       9    1993       23.0000000       21.7072313
    1346       7       9    1993       25.0000000       44.3542083
    1347       8       9    1993       34.0000000       37.0299353
    1348       9       9    1993       31.0000000       50.7697263
    1349      10       9    1993       35.0000000       78.8166339
    1350      11       9    1993       53.0000000      111.7518341
    1351      12       9    1993       71.0000000      123.6448722
    1352      13       9    1993       74.0000000      177.2457570
    1353      14       9    1993       87.0000000      226.8964605
    1354      15       9    1993      173.0000000      219.1050077
    1355      16       9    1993      117.0000000      176.8178834
    1356      17       9    1993       93.0000000      138.2535696
    1357      18       9    1993       77.0000000      114.6168914
    1358      19       9    1993       62.0000000       97.5468516
    1359      20       9    1993       54.0000000       84.7181838
    1360      21       9    1993       48.0000000       78.1789433
    1361      22       9    1993       46.0000000      102.7290153
    1362      23       9    1993       55.0000000      120.1195767
    1363      24       9    1993       66.0000000      129.5965300
    1364      25       9    1993       64.0000000      132.6829878
    1365      26       9    1993       52.0000000      115.3422742
    1366      27       9    1993       68.0000000       98.2458853
    1367      28       9    1993       69.0000000       99.4384363
    1368      29       9    1993       62.0000000       98.2191507
    1369      30       9    1993       76.0000000       88.4708977
    1370       1      10    1993       72.0000000      123.5492105
    1371       2      10    1993       68.0000000      138.6734127
    1372       3      10    1993       72.0000000      129.1359768
    1373       4      10    1993       78.0000000      134.1564824
    1374       5      10    1993      116.0000000      237.4150991
    1375       6      10    1993      131.0000000      307.7850365
    1376       7      10    1993      180.0000000      258.2791880
    1377       8      10    1993      203.0000000      232.8394790
    1378       9      10    1993      164.0000000      227.4803530
    1379      10      10    1993      178.0000000      245.4692094
    1380      11      10    1993      161.0000000      325.6253400
    1381      12      10    1993      287.0000000      326.4188029
    1382      13      10    1993      360.0000000      446.5677028
    1383      14      10    1993      374.0000000      457.5620728
    1384      15      10    1993      297.0000000      372.6272470
    1385      16      10    1993      247.0000000      362.5596358
    1386      17      10    1993      273.0000000      366.8621145
    1387      18      10    1993      261.0000000      299.4948286
    1388      19      10    1993      265.0000000      245.2669532
    1389      20      10    1993      230.0000000      197.3522096
    1390      21      10    1993      199.0000000      172.2804329
    1391      22      10    1993      173.0000000      173.8755263
    1392      23      10    1993      182.0000000      210.3274549
    1393      24      10    1993      203.0000000      230.4584506
    1394      25      10    1993      213.0000000      192.4081640
    1395      26      10    1993      180.0000000      161.3461410
    1396      27      10    1993      154.0000000      138.7621688
    1397      28      10    1993      118.0000000      121.7433908
    1398      29      10    1993      112.0000000      108.4969897
    1399      30      10    1993       98.0000000       97.9258902
    1400      31      10    1993       97.0000000       89.3202231
    1401       1      11    1993       91.0000000       82.2003679
    1402       2      11    1993       85.0000000       76.2304586
    1403       3      11    1993       75.0000000       71.1681157
    1404       4      11    1993       76.0000000       66.8338971
    1405       5      11    1993       78.0000000       63.0920121
    1406       6      11    1993       72.0000000       59.9423217
    1407       7      11    1993       76.0000000       60.7123904
    1408       8      11    1993       69.0000000       59.1177009
    1409       9      11    1993       66.0000000       57.1560314
    1410      10      11    1993       71.0000000       58.1760465
    1411      11      11    1993       64.0000000       73.4373543
    1412      12      11    1993       67.0000000       87.3296802
    1413      13      11    1993       80.0000000       87.9668441
    1414      14      11    1993       78.0000000      132.4073974
    1415      15      11    1993       80.0000000      167.9401731
    1416      16      11    1993       86.0000000      153.3010565
    1417      17      11    1993      125.0000000      128.5315348
    1418      18      11    1993       96.0000000      111.6429788
    1419      19      11    1993       82.0000000       98.8518304
    1420      20      11    1993       77.0000000       88.8815009
    1421      21      11    1993       67.0000000       80.9234471
    1422      22      11    1993       71.0000000       74.4482079
    1423      23      11    1993       61.0000000       69.0948504
    1424      24      11    1993       42.0000000       64.6093687
    1425      25      11    1993       63.0000000       61.6347524
    1426      26      11    1993       57.0000000       61.2623800
    1427      27      11    1993       58.0000000       57.5844194
    1428      28      11    1993       49.0000000       54.8643119
    1429      29      11    1993       50.0000000       52.4756059
    1430      30      11    1993       55.0000000       50.3654703
    1431       1      12    1993       54.0000000       48.4912736
    1432       2      12    1993       54.0000000       58.4683094
    1433       3      12    1993       50.0000000       58.7626891
    1434       4      12    1993       51.0000000       59.2557262
    1435       5      12    1993       62.0000000       56.3422666
    1436       6      12    1993       62.0000000       52.9156181
    1437       7      12    1993       71.0000000       98.6302531
    1438       8      12    1993       79.0000000      229.7424226
    1439       9      12    1993      153.0000000      320.3773361
    1440      10      12    1993      291.0000000      394.1910330
    1441      11      12    1993      332.0000000      552.3377938
    1442      12      12    1993      465.0000000      619.1899807
    1443      13      12    1993      518.0000000      718.3214187
    1444      14      12    1993      539.0000000      679.0183188
    1445      15      12    1993      559.0000000      608.8106335
    1446      16      12    1993      500.0000000      729.3816676
    1447      17      12    1993      526.0000000      765.8054841
    1448      18      12    1993      583.0000000      744.4543290
    1449      19      12    1993      677.0000000      848.1141777
    1450      20      12    1993      781.0000000     1596.6690693
    1451      21      12    1993     1180.0000000     1766.1774264
    1452      22      12    1993     1460.0000000     1445.3443397
    1453      23      12    1993     1600.0000000     1484.8801883
    1454      24      12    1993     1410.0000000     1358.2349742
    1455      25      12    1993     1230.0000000      971.3730037
    1456      26      12    1993     1070.0000000      650.2612919
    1457      27      12    1993      746.0000000      473.8267386
    1458      28      12    1993      542.0000000      385.5761911
    1459      29      12    1993      492.0000000      430.2407015
    1460      30      12    1993      491.0000000      608.8544866
    1461      31      12    1993      617.0000000      988.2393466
