      No     Day     Mon    Year  Qobs_0000000398  Qsim_0000000398
       1       1       1    1990      157.0000000       27.2026197
       2       2       1    1990      129.0000000      104.7575685
       3       3       1    1990      117.0000000      166.5331556
       4       4       1    1990      111.0000000      184.7495740
       5       5       1    1990      112.0000000      182.0371204
       6       6       1    1990       93.0000000      176.8933870
       7       7       1    1990       87.0000000      172.4266752
       8       8       1    1990       84.0000000      166.1170780
       9       9       1    1990       80.0000000      163.3396961
      10      10       1    1990       78.0000000      161.6652199
      11      11       1    1990       78.0000000      154.3778620
      12      12       1    1990       77.0000000      145.9799404
      13      13       1    1990       76.0000000      142.1581659
      14      14       1    1990       73.0000000      141.8966218
      15      15       1    1990       66.0000000      141.9883486
      16      16       1    1990       76.0000000      144.3189833
      17      17       1    1990       73.0000000      142.2673517
      18      18       1    1990       71.0000000      138.4172049
      19      19       1    1990       90.0000000      134.3475162
      20      20       1    1990       82.0000000      128.6662994
      21      21       1    1990       80.0000000      123.1772291
      22      22       1    1990       81.0000000      117.9305041
      23      23       1    1990       97.0000000      140.0917463
      24      24       1    1990      198.0000000      159.7304751
      25      25       1    1990      392.0000000      161.0093400
      26      26       1    1990      519.0000000      159.8511413
      27      27       1    1990      565.0000000      142.8860316
      28      28       1    1990      331.0000000      127.5256984
      29      29       1    1990      293.0000000      120.1973154
      30      30       1    1990      302.0000000      117.9523270
      31      31       1    1990      233.0000000      112.5287621
      32       1       2    1990      198.0000000      111.6292543
      33       2       2    1990      183.0000000      115.6236449
      34       3       2    1990      206.0000000      117.0315305
      35       4       2    1990      215.0000000      113.3697830
      36       5       2    1990      183.0000000      105.5531087
      37       6       2    1990      159.0000000       99.8921650
      38       7       2    1990      167.0000000       96.6942218
      39       8       2    1990      138.0000000       94.5780257
      40       9       2    1990      126.0000000       93.6986138
      41      10       2    1990      131.0000000      109.4377743
      42      11       2    1990      173.0000000      132.4875283
      43      12       2    1990      240.0000000      134.8723608
      44      13       2    1990      270.0000000      143.1576726
      45      14       2    1990      458.0000000      190.6699560
      46      15       2    1990      996.0000000      245.3716095
      47      16       2    1990     1370.0000000      251.7526334
      48      17       2    1990     1540.0000000      229.9740838
      49      18       2    1990     1210.0000000      203.3208700
      50      19       2    1990      616.0000000      182.5042858
      51      20       2    1990      465.0000000      167.1446101
      52      21       2    1990      373.0000000      155.6430007
      53      22       2    1990      298.0000000      146.7158540
      54      23       2    1990      270.0000000      139.3069552
      55      24       2    1990      234.0000000      132.8259007
      56      25       2    1990      218.0000000      129.2557455
      57      26       2    1990      203.0000000      148.8213349
      58      27       2    1990      314.0000000      183.7853524
      59      28       2    1990      520.0000000      227.2630712
      60       1       3    1990      689.0000000      278.0532897
      61       2       3    1990      777.0000000      305.4106761
      62       3       3    1990      584.0000000      297.7951808
      63       4       3    1990      429.0000000      270.4277627
      64       5       3    1990      365.0000000      239.5203890
      65       6       3    1990      281.0000000      213.0143769
      66       7       3    1990      257.0000000      192.3395195
      67       8       3    1990      231.0000000      175.9021435
      68       9       3    1990      211.0000000      162.5560822
      69      10       3    1990      191.0000000      152.2244884
      70      11       3    1990      182.0000000      144.1974726
      71      12       3    1990      173.0000000      137.5078927
      72      13       3    1990      159.0000000      131.6144742
      73      14       3    1990      153.0000000      126.3871146
      74      15       3    1990      141.0000000      122.0380995
      75      16       3    1990      136.0000000      118.6184255
      76      17       3    1990      130.0000000      114.8741138
      77      18       3    1990      123.0000000      110.9491747
      78      19       3    1990      115.0000000      107.3316512
      79      20       3    1990      113.0000000      104.1250801
      80      21       3    1990      102.0000000      101.2714875
      81      22       3    1990      105.0000000       98.8553424
      82      23       3    1990      106.0000000       96.4499549
      83      24       3    1990       87.0000000       94.0552674
      84      25       3    1990       80.0000000       91.8460794
      85      26       3    1990       84.0000000       89.9313427
      86      27       3    1990       82.0000000       88.0464546
      87      28       3    1990       91.0000000       86.9043534
      88      29       3    1990       97.0000000       90.4751578
      89      30       3    1990      110.0000000       92.4624514
      90      31       3    1990       97.0000000       90.3373533
      91       1       4    1990       93.0000000       86.9934847
      92       2       4    1990       85.0000000       84.1985691
      93       3       4    1990       84.0000000       83.3213508
      94       4       4    1990       81.0000000       84.5530216
      95       5       4    1990       81.0000000       84.4494604
      96       6       4    1990       76.0000000       82.1813271
      97       7       4    1990       72.0000000       79.8756860
      98       8       4    1990       68.0000000       78.1314290
      99       9       4    1990       72.0000000       76.3913290
     100      10       4    1990       65.0000000       74.6736457
     101      11       4    1990       62.0000000       73.0932411
     102      12       4    1990       62.0000000       71.8502637
     103      13       4    1990       65.0000000       72.3942060
     104      14       4    1990       68.0000000       79.9812327
     105      15       4    1990       75.0000000       89.8102555
     106      16       4    1990       90.0000000       89.9969694
     107      17       4    1990       92.0000000       87.7153891
     108      18       4    1990       94.0000000       84.9338321
     109      19       4    1990      110.0000000       84.1372247
     110      20       4    1990       99.0000000       82.4484701
     111      21       4    1990       86.0000000       79.7519428
     112      22       4    1990       86.0000000       80.0797814
     113      23       4    1990       86.0000000       81.1590869
     114      24       4    1990       88.0000000       81.8962884
     115      25       4    1990       93.0000000       82.5748621
     116      26       4    1990       99.0000000       80.6013063
     117      27       4    1990       86.0000000       77.5678343
     118      28       4    1990       74.0000000       75.0230365
     119      29       4    1990       72.0000000       73.1103623
     120      30       4    1990       77.0000000       71.3630891
     121       1       5    1990       56.0000000       69.6231669
     122       2       5    1990       64.0000000       67.9547832
     123       3       5    1990       58.0000000       66.3774146
     124       4       5    1990       50.0000000       64.8846348
     125       5       5    1990       50.0000000       63.4684238
     126       6       5    1990       50.0000000       62.1219178
     127       7       5    1990       50.0000000       60.8396954
     128       8       5    1990       53.0000000       59.6412252
     129       9       5    1990       62.0000000       58.7866961
     130      10       5    1990       64.0000000       60.5985370
     131      11       5    1990       65.0000000       62.3688238
     132      12       5    1990       75.0000000       61.1091355
     133      13       5    1990       71.0000000       58.8057924
     134      14       5    1990       63.0000000       56.6598323
     135      15       5    1990       61.0000000       55.1085182
     136      16       5    1990       49.0000000       54.1338619
     137      17       5    1990       46.0000000       53.2819697
     138      18       5    1990       46.0000000       52.2344899
     139      19       5    1990       48.0000000       51.2134385
     140      20       5    1990       41.0000000       50.2782112
     141      21       5    1990       45.0000000       49.8741545
     142      22       5    1990       52.0000000       52.9250540
     143      23       5    1990       50.0000000       54.1217884
     144      24       5    1990       56.0000000       55.2450318
     145      25       5    1990       41.0000000       54.4706399
     146      26       5    1990       40.0000000       53.8094793
     147      27       5    1990       39.0000000       51.2960913
     148      28       5    1990       39.0000000       48.7432778
     149      29       5    1990       33.0000000       47.2871945
     150      30       5    1990       37.0000000       46.2929621
     151      31       5    1990       30.0000000       45.4211445
     152       1       6    1990       37.0000000       47.6864096
     153       2       6    1990       36.0000000       48.0798372
     154       3       6    1990       40.0000000       58.1306768
     155       4       6    1990       45.0000000       67.4714752
     156       5       6    1990       39.0000000       59.8067504
     157       6       6    1990       48.0000000       51.5319626
     158       7       6    1990       39.0000000       57.9633784
     159       8       6    1990       49.0000000       77.4773181
     160       9       6    1990       84.0000000       87.6392915
     161      10       6    1990       91.0000000       80.9120466
     162      11       6    1990       80.0000000       70.8977217
     163      12       6    1990       66.0000000       64.3387963
     164      13       6    1990       53.0000000       60.1093735
     165      14       6    1990       64.0000000       57.4998395
     166      15       6    1990       55.0000000       55.5738413
     167      16       6    1990       54.0000000       53.7980158
     168      17       6    1990       42.0000000       52.1496917
     169      18       6    1990       48.0000000       50.6431332
     170      19       6    1990       48.0000000       52.6209940
     171      20       6    1990       60.0000000       61.7304318
     172      21       6    1990       75.0000000       71.9278722
     173      22       6    1990       78.0000000       71.4692858
     174      23       6    1990       66.0000000       66.4616403
     175      24       6    1990       63.0000000       61.1142337
     176      25       6    1990       52.0000000       56.9601733
     177      26       6    1990       49.0000000       54.5301635
     178      27       6    1990       44.0000000       56.0753815
     179      28       6    1990       51.0000000       57.1303048
     180      29       6    1990       61.0000000       62.4058010
     181      30       6    1990       81.0000000       81.9955327
     182       1       7    1990       79.0000000       92.4179260
     183       2       7    1990       92.0000000       81.7917405
     184       3       7    1990       72.0000000       71.6244399
     185       4       7    1990       58.0000000       71.7168437
     186       5       7    1990       69.0000000       90.7201612
     187       6       7    1990       94.0000000      102.7625859
     188       7       7    1990      199.0000000      101.4661799
     189       8       7    1990      133.0000000       98.9802180
     190       9       7    1990      124.0000000       93.8682821
     191      10       7    1990      123.0000000       88.0602462
     192      11       7    1990       99.0000000       82.3047879
     193      12       7    1990       88.0000000       77.6405542
     194      13       7    1990       84.0000000       73.8768925
     195      14       7    1990       72.0000000       70.6617163
     196      15       7    1990       55.0000000       67.7880273
     197      16       7    1990       65.0000000       65.1715927
     198      17       7    1990       50.0000000       62.7741005
     199      18       7    1990       50.0000000       60.5695423
     200      19       7    1990       46.0000000       58.5363537
     201      20       7    1990       44.0000000       56.6558491
     202      21       7    1990       42.0000000       54.9117045
     203      22       7    1990       37.0000000       53.2896176
     204      23       7    1990       38.0000000       51.7770293
     205      24       7    1990       44.0000000       50.3628884
     206      25       7    1990       30.0000000       49.0374503
     207      26       7    1990       26.0000000       47.7921058
     208      27       7    1990       31.0000000       46.6192340
     209      28       7    1990       33.0000000       47.2741337
     210      29       7    1990       42.0000000       46.5846287
     211      30       7    1990       36.0000000       44.1996272
     212      31       7    1990       34.0000000       42.9155377
     213       1       8    1990       25.0000000       41.9486092
     214       2       8    1990       22.0000000       41.0645787
     215       3       8    1990       28.0000000       40.2252774
     216       4       8    1990       25.0000000       39.4233445
     217       5       8    1990       19.0000000       38.6554480
     218       6       8    1990       22.0000000       37.9189743
     219       7       8    1990       19.0000000       37.2116903
     220       8       8    1990       22.0000000       36.5313221
     221       9       8    1990       19.0000000       35.8757079
     222      10       8    1990       20.0000000       35.2431117
     223      11       8    1990       19.0000000       34.6320309
     224      12       8    1990       19.0000000       34.0410572
     225      13       8    1990       22.0000000       34.7775386
     226      14       8    1990       36.0000000       41.2602669
     227      15       8    1990       31.0000000       50.5568389
     228      16       8    1990       30.0000000       51.3732110
     229      17       8    1990       28.0000000       45.4968530
     230      18       8    1990       34.0000000       39.5284943
     231      19       8    1990       21.0000000       35.6821110
     232      20       8    1990       30.0000000       33.5745431
     233      21       8    1990       22.0000000       32.5246318
     234      22       8    1990       21.0000000       31.8206528
     235      23       8    1990       23.0000000       31.2045132
     236      24       8    1990       20.0000000       30.6220656
     237      25       8    1990       29.0000000       30.0642843
     238      26       8    1990       20.0000000       29.5320900
     239      27       8    1990       22.0000000       29.1586603
     240      28       8    1990       23.0000000       29.2839983
     241      29       8    1990       35.0000000       29.3530407
     242      30       8    1990       51.0000000       50.6319174
     243      31       8    1990       80.0000000       95.8164253
     244       1       9    1990       56.0000000       90.1001567
     245       2       9    1990       33.0000000       61.0154317
     246       3       9    1990       27.0000000       46.0713621
     247       4       9    1990       27.0000000       40.6934620
     248       5       9    1990       28.0000000       39.5330043
     249       6       9    1990       26.0000000       40.5810268
     250       7       9    1990       24.0000000       41.5765460
     251       8       9    1990       33.0000000       40.5444076
     252       9       9    1990       26.0000000       37.8993187
     253      10       9    1990       27.0000000       35.7809742
     254      11       9    1990       22.0000000       34.1107586
     255      12       9    1990       22.0000000       32.9195411
     256      13       9    1990       21.0000000       31.9387399
     257      14       9    1990       22.0000000       31.0504026
     258      15       9    1990       22.0000000       30.2245763
     259      16       9    1990       22.0000000       29.4519497
     260      17       9    1990       20.0000000       28.7269127
     261      18       9    1990       22.0000000       28.0448157
     262      19       9    1990       16.0000000       27.4015700
     263      20       9    1990       22.0000000       26.7935493
     264      21       9    1990       19.0000000       29.0843408
     265      22       9    1990       32.0000000       48.3044528
     266      23       9    1990       27.0000000       70.5269327
     267      24       9    1990       45.0000000       75.6239206
     268      25       9    1990       42.0000000       65.7909790
     269      26       9    1990       39.0000000       50.1862382
     270      27       9    1990       30.0000000       42.5629456
     271      28       9    1990       28.0000000       39.4963521
     272      29       9    1990       30.0000000       37.7368074
     273      30       9    1990       30.0000000       44.6063892
     274       1      10    1990       56.0000000       72.8658123
     275       2      10    1990       72.0000000      101.8676045
     276       3      10    1990       73.0000000      106.0738581
     277       4      10    1990       68.0000000       99.8528590
     278       5      10    1990       53.0000000       87.3988873
     279       6      10    1990       42.0000000       79.4099966
     280       7      10    1990       33.0000000       73.6952769
     281       8      10    1990       42.0000000       68.7804283
     282       9      10    1990       34.0000000       64.7566931
     283      10      10    1990       36.0000000       61.3369369
     284      11      10    1990       36.0000000       58.3019238
     285      12      10    1990       28.0000000       55.5608714
     286      13      10    1990       32.0000000       53.0729639
     287      14      10    1990       27.0000000       50.8085494
     288      15      10    1990       35.0000000       48.8147737
     289      16      10    1990       42.0000000       47.6083983
     290      17      10    1990       35.0000000       47.8925970
     291      18      10    1990       39.0000000       52.2782203
     292      19      10    1990       34.0000000       53.9294506
     293      20      10    1990       32.0000000       50.3296518
     294      21      10    1990       34.0000000       46.6347897
     295      22      10    1990       27.0000000       44.3379089
     296      23      10    1990       31.0000000       42.6898673
     297      24      10    1990       28.0000000       41.2670434
     298      25      10    1990       25.0000000       40.5221818
     299      26      10    1990       29.0000000       44.3200564
     300      27      10    1990       31.0000000       56.1885818
     301      28      10    1990       65.0000000      102.5838070
     302      29      10    1990       69.0000000      156.1870935
     303      30      10    1990      157.0000000      167.6432320
     304      31      10    1990      190.0000000      162.2389920
     305       1      11    1990      115.0000000      154.2550627
     306       2      11    1990      104.0000000      151.7599024
     307       3      11    1990      100.0000000      151.8637993
     308       4      11    1990      131.0000000      156.3400326
     309       5      11    1990      130.0000000      160.9867941
     310       6      11    1990      115.0000000      159.3343361
     311       7      11    1990      102.0000000      150.0765131
     312       8      11    1990       95.0000000      136.3969771
     313       9      11    1990       81.0000000      121.8522894
     314      10      11    1990       66.0000000      112.9219315
     315      11      11    1990       67.0000000      116.5571099
     316      12      11    1990       74.0000000      124.3123885
     317      13      11    1990      109.0000000      136.9730893
     318      14      11    1990       92.0000000      149.2473793
     319      15      11    1990       92.0000000      157.1708266
     320      16      11    1990      155.0000000      163.3588302
     321      17      11    1990      159.0000000      168.1042147
     322      18      11    1990      131.0000000      170.0907264
     323      19      11    1990      161.0000000      174.5139568
     324      20      11    1990      196.0000000      201.4842289
     325      21      11    1990      336.0000000      254.3854571
     326      22      11    1990      566.0000000      290.6212946
     327      23      11    1990      373.0000000      308.0627800
     328      24      11    1990      293.0000000      317.1160571
     329      25      11    1990      264.0000000      317.9243670
     330      26      11    1990      226.0000000      305.1358576
     331      27      11    1990      201.0000000      279.6299133
     332      28      11    1990      180.0000000      249.5427684
     333      29      11    1990      161.0000000      224.0165455
     334      30      11    1990      149.0000000      204.1399840
     335       1      12    1990      134.0000000      185.4309091
     336       2      12    1990      113.0000000      168.6103103
     337       3      12    1990       99.0000000      153.1356456
     338       4      12    1990      107.0000000      140.5492954
     339       5      12    1990       99.0000000      131.0068785
     340       6      12    1990       89.0000000      123.6671723
     341       7      12    1990       77.0000000      117.4343417
     342       8      12    1990       71.0000000      111.8719037
     343       9      12    1990       68.0000000      106.8486214
     344      10      12    1990       73.0000000      102.2923346
     345      11      12    1990       84.0000000       98.1450669
     346      12      12    1990       88.0000000      101.8438324
     347      13      12    1990       92.0000000      111.4208594
     348      14      12    1990      128.0000000      111.7838530
     349      15      12    1990      136.0000000      106.8912398
     350      16      12    1990      114.0000000      101.8413541
     351      17      12    1990      101.0000000       97.3378746
     352      18      12    1990       93.0000000       93.2238490
     353      19      12    1990       85.0000000       89.4700768
     354      20      12    1990       81.0000000       86.0460410
     355      21      12    1990      106.0000000       97.1661538
     356      22      12    1990      159.0000000      124.5732259
     357      23      12    1990      250.0000000      141.0355259
     358      24      12    1990      298.0000000      146.3872900
     359      25      12    1990      261.0000000      155.6495848
     360      26      12    1990      228.0000000      201.4266877
     361      27      12    1990      409.0000000      269.5975530
     362      28      12    1990      486.0000000      330.6156233
     363      29      12    1990      440.0000000      396.6434546
     364      30      12    1990      486.0000000      467.3050004
     365      31      12    1990      774.0000000      543.1803153
     366       1       1    1991      889.0000000      637.2598628
     367       2       1    1991      863.0000000      735.1480379
     368       3       1    1991      875.0000000      817.8124318
     369       4       1    1991      932.0000000      845.8016126
     370       5       1    1991      826.0000000      825.6493252
     371       6       1    1991      731.0000000      777.9476433
     372       7       1    1991      613.0000000      718.6027967
     373       8       1    1991      610.0000000      678.8742214
     374       9       1    1991      686.0000000      654.7493695
     375      10       1    1991      556.0000000      646.1854380
     376      11       1    1991      669.0000000      653.0241612
     377      12       1    1991      828.0000000      644.9326631
     378      13       1    1991      735.0000000      609.6496546
     379      14       1    1991      513.0000000      544.6775979
     380      15       1    1991      411.0000000      466.1238276
     381      16       1    1991      345.0000000      392.5510920
     382      17       1    1991      293.0000000      331.4255181
     383      18       1    1991      251.0000000      284.4098740
     384      19       1    1991      222.0000000      249.8030858
     385      20       1    1991      215.0000000      224.5601649
     386      21       1    1991      213.0000000      207.2940872
     387      22       1    1991      202.0000000      199.1069291
     388      23       1    1991      200.0000000      193.5499270
     389      24       1    1991      192.0000000      186.0841416
     390      25       1    1991      176.0000000      178.0002282
     391      26       1    1991      164.0000000      169.8773717
     392      27       1    1991      157.0000000      162.2437155
     393      28       1    1991      134.0000000      155.2240327
     394      29       1    1991      130.0000000      148.8334732
     395      30       1    1991      119.0000000      143.0218970
     396      31       1    1991      107.0000000      137.7217878
     397       1       2    1991      112.0000000      132.8710461
     398       2       2    1991      109.0000000      128.4157824
     399       3       2    1991      101.0000000      124.3095119
     400       4       2    1991       98.0000000      120.5120776
     401       5       2    1991       84.0000000      116.9887048
     402       6       2    1991       93.0000000      113.7092043
     403       7       2    1991       80.0000000      110.6473031
     404       8       2    1991       73.0000000      107.7800811
     405       9       2    1991       89.0000000      105.0874959
     406      10       2    1991       84.0000000      102.5519813
     407      11       2    1991       78.0000000      100.1581071
     408      12       2    1991       79.0000000       97.8922899
     409      13       2    1991       77.0000000       95.7425463
     410      14       2    1991       80.0000000       93.6982829
     411      15       2    1991       72.0000000       91.7501159
     412      16       2    1991       78.0000000       90.4722885
     413      17       2    1991       74.0000000       89.7716244
     414      18       2    1991       77.0000000       88.6731023
     415      19       2    1991       73.0000000       89.3762392
     416      20       2    1991       69.0000000       95.8299827
     417      21       2    1991       74.0000000      110.5944578
     418      22       2    1991       81.0000000      130.8578333
     419      23       2    1991      110.0000000      142.9116558
     420      24       2    1991      180.0000000      147.0589439
     421      25       2    1991      213.0000000      146.1383305
     422      26       2    1991      222.0000000      143.3893275
     423      27       2    1991      208.0000000      141.7588119
     424      28       2    1991      211.0000000      141.2952099
     425       1       3    1991      214.0000000      139.6818235
     426       2       3    1991      208.0000000      138.6028567
     427       3       3    1991      221.0000000      138.2155885
     428       4       3    1991      281.0000000      135.9604506
     429       5       3    1991      219.0000000      131.5244722
     430       6       3    1991      190.0000000      126.1100792
     431       7       3    1991      173.0000000      121.0088364
     432       8       3    1991      164.0000000      116.3603566
     433       9       3    1991      142.0000000      112.2585859
     434      10       3    1991      133.0000000      109.0356746
     435      11       3    1991      133.0000000      107.0576855
     436      12       3    1991      118.0000000      105.3833330
     437      13       3    1991      127.0000000      102.6985277
     438      14       3    1991      113.0000000       99.5030657
     439      15       3    1991      107.0000000       96.4234694
     440      16       3    1991      100.0000000       93.5767913
     441      17       3    1991      100.0000000       90.9385390
     442      18       3    1991       95.0000000       88.4956197
     443      19       3    1991       98.0000000      102.7825070
     444      20       3    1991      119.0000000      126.9802656
     445      21       3    1991      159.0000000      143.4092077
     446      22       3    1991      196.0000000      156.7795512
     447      23       3    1991      242.0000000      162.4439214
     448      24       3    1991      216.0000000      161.1081997
     449      25       3    1991      180.0000000      152.8419049
     450      26       3    1991      145.0000000      143.5873523
     451      27       3    1991      127.0000000      135.7767427
     452      28       3    1991      117.0000000      129.4039653
     453      29       3    1991      109.0000000      123.5837600
     454      30       3    1991      106.0000000      118.0626467
     455      31       3    1991       99.0000000      112.9792611
     456       1       4    1991       96.0000000      108.3559681
     457       2       4    1991       88.0000000      104.1495323
     458       3       4    1991       87.0000000      100.3106570
     459       4       4    1991       82.0000000       96.9199580
     460       5       4    1991       84.0000000       94.0497787
     461       6       4    1991       67.0000000       91.4460582
     462       7       4    1991       89.0000000       88.9356609
     463       8       4    1991       75.0000000       86.5683560
     464       9       4    1991       79.0000000       84.3073250
     465      10       4    1991       70.0000000       82.0843737
     466      11       4    1991       69.0000000       79.9342072
     467      12       4    1991       69.0000000       77.8948171
     468      13       4    1991       56.0000000       75.9732280
     469      14       4    1991       63.0000000       74.1633851
     470      15       4    1991       58.0000000       72.4564658
     471      16       4    1991       56.0000000       70.8445573
     472      17       4    1991       54.0000000       69.3166414
     473      18       4    1991       57.0000000       67.8873193
     474      19       4    1991       53.0000000       66.6664392
     475      20       4    1991       53.0000000       65.9148929
     476      21       4    1991       65.0000000       65.2514631
     477      22       4    1991       69.0000000       65.7320404
     478      23       4    1991       61.0000000       65.8372069
     479      24       4    1991       56.0000000       65.5487510
     480      25       4    1991       56.0000000       64.6627206
     481      26       4    1991       53.0000000       63.3177527
     482      27       4    1991       49.0000000       61.7950313
     483      28       4    1991       53.0000000       60.4573761
     484      29       4    1991       48.0000000       61.0556802
     485      30       4    1991       57.0000000       71.9938939
     486       1       5    1991       69.0000000       87.1259805
     487       2       5    1991       89.0000000       91.1921769
     488       3       5    1991      105.0000000       86.0766542
     489       4       5    1991       79.0000000       79.4446550
     490       5       5    1991       69.0000000       75.2731866
     491       6       5    1991       71.0000000       72.5775163
     492       7       5    1991       60.0000000       70.4806075
     493       8       5    1991       64.0000000       68.6051638
     494       9       5    1991       59.0000000       66.7158991
     495      10       5    1991       57.0000000       64.8902513
     496      11       5    1991       55.0000000       63.8303688
     497      12       5    1991       53.0000000       64.4387275
     498      13       5    1991       52.0000000       64.1303570
     499      14       5    1991       50.0000000       62.6147275
     500      15       5    1991       52.0000000       61.1491308
     501      16       5    1991       54.0000000       61.4991640
     502      17       5    1991       54.0000000       63.6929128
     503      18       5    1991       55.0000000       63.0272006
     504      19       5    1991       48.0000000       60.7845385
     505      20       5    1991       48.0000000       58.9848727
     506      21       5    1991       49.0000000       57.5806409
     507      22       5    1991       41.0000000       56.3294787
     508      23       5    1991       40.0000000       55.1524993
     509      24       5    1991       40.0000000       54.0312756
     510      25       5    1991       39.0000000       52.9596344
     511      26       5    1991       43.0000000       51.9335114
     512      27       5    1991       39.0000000       50.9494111
     513      28       5    1991       36.0000000       50.0041894
     514      29       5    1991       33.0000000       49.0950010
     515      30       5    1991       39.0000000       48.2192665
     516      31       5    1991       34.0000000       47.3746448
     517       1       6    1991       37.0000000       46.5590085
     518       2       6    1991       35.0000000       45.7704225
     519       3       6    1991       29.0000000       45.0071245
     520       4       6    1991       33.0000000       44.2675076
     521       5       6    1991       34.0000000       43.5504786
     522       6       6    1991       32.0000000       49.6762086
     523       7       6    1991       38.0000000       56.1538947
     524       8       6    1991       39.0000000       55.0288934
     525       9       6    1991       41.0000000       53.2335864
     526      10       6    1991       44.0000000       55.7902638
     527      11       6    1991       48.0000000       56.9830187
     528      12       6    1991       42.0000000       51.2311948
     529      13       6    1991       37.0000000       47.3401098
     530      14       6    1991       39.0000000       45.5464990
     531      15       6    1991       35.0000000       44.4051376
     532      16       6    1991       31.0000000       43.5637792
     533      17       6    1991       33.0000000       44.0365491
     534      18       6    1991       31.0000000       46.5843007
     535      19       6    1991       28.0000000       47.7491096
     536      20       6    1991       60.0000000       55.4601148
     537      21       6    1991       48.0000000       68.3745682
     538      22       6    1991       54.0000000       63.2397778
     539      23       6    1991       63.0000000       58.3680124
     540      24       6    1991       41.0000000       57.2516510
     541      25       6    1991       42.0000000       52.8876411
     542      26       6    1991       43.0000000       49.8586925
     543      27       6    1991       38.0000000       51.3509059
     544      28       6    1991       38.0000000       52.8212922
     545      29       6    1991       35.0000000       51.7266214
     546      30       6    1991       41.0000000       50.9127495
     547       1       7    1991       41.0000000       48.6082003
     548       2       7    1991       38.0000000       46.5357242
     549       3       7    1991       34.0000000       45.0400125
     550       4       7    1991       27.0000000       43.8217579
     551       5       7    1991       31.0000000       42.7193356
     552       6       7    1991       30.0000000       41.6884721
     553       7       7    1991       26.0000000       41.8663293
     554       8       7    1991       30.0000000       45.7823622
     555       9       7    1991       31.0000000       44.4451554
     556      10       7    1991       23.0000000       41.2194534
     557      11       7    1991       35.0000000       39.3346107
     558      12       7    1991       19.0000000       38.2399038
     559      13       7    1991       24.0000000       44.1828506
     560      14       7    1991       26.0000000       54.9417040
     561      15       7    1991       27.0000000       54.9196399
     562      16       7    1991       41.0000000       49.5833609
     563      17       7    1991       34.0000000       44.3020125
     564      18       7    1991       27.0000000       41.1546656
     565      19       7    1991       25.0000000       39.5500955
     566      20       7    1991       23.0000000       38.4676244
     567      21       7    1991       22.0000000       37.5294801
     568      22       7    1991       27.0000000       36.6556515
     569      23       7    1991       23.0000000       35.8307613
     570      24       7    1991       21.0000000       35.0805031
     571      25       7    1991       23.0000000       41.4854748
     572      26       7    1991       33.0000000       49.9396060
     573      27       7    1991       23.0000000       49.9074304
     574      28       7    1991       29.0000000       45.0389112
     575      29       7    1991       30.0000000       40.0372947
     576      30       7    1991       35.0000000       41.2443937
     577      31       7    1991       27.0000000       43.0210387
     578       1       8    1991       45.0000000       44.7022057
     579       2       8    1991       47.0000000       42.1732221
     580       3       8    1991       40.0000000       38.6271044
     581       4       8    1991       35.0000000       36.6517167
     582       5       8    1991       26.0000000       35.5096194
     583       6       8    1991       23.0000000       34.6077258
     584       7       8    1991       30.0000000       35.0419429
     585       8       8    1991       33.0000000       35.2805853
     586       9       8    1991       30.0000000       33.9184980
     587      10       8    1991       28.0000000       32.2123389
     588      11       8    1991       19.0000000       31.3655608
     589      12       8    1991       20.0000000       30.6888491
     590      13       8    1991       16.0000000       30.0613010
     591      14       8    1991       18.0000000       29.4645809
     592      15       8    1991       18.0000000       28.8945006
     593      16       8    1991       20.0000000       28.3487896
     594      17       8    1991       16.0000000       27.8255460
     595      18       8    1991       15.0000000       27.3230556
     596      19       8    1991       15.0000000       26.8397634
     597      20       8    1991       14.0000000       26.3742597
     598      21       8    1991       15.0000000       25.9252669
     599      22       8    1991       13.0000000       25.4916591
     600      23       8    1991       12.0000000       25.0736287
     601      24       8    1991       11.0000000       24.7236410
     602      25       8    1991       12.0000000       24.5014720
     603      26       8    1991       11.0000000       24.1051967
     604      27       8    1991       13.0000000       23.6227043
     605      28       8    1991       11.0000000       23.2133734
     606      29       8    1991       12.0000000       22.8509671
     607      30       8    1991       12.0000000       22.5064815
     608      31       8    1991       11.0000000       22.1720615
     609       1       9    1991       11.0000000       21.9022386
     610       2       9    1991       17.0000000       22.5428086
     611       3       9    1991       11.0000000       23.2962466
     612       4       9    1991       12.0000000       22.2180071
     613       5       9    1991       11.0000000       21.1111799
     614       6       9    1991       11.0000000       20.5614030
     615       7       9    1991       18.0000000       20.2221327
     616       8       9    1991       11.0000000       19.9288009
     617       9       9    1991       13.0000000       19.6471968
     618      10       9    1991       12.0000000       19.3797004
     619      11       9    1991       11.0000000       21.2245495
     620      12       9    1991       20.0000000       34.7993780
     621      13       9    1991       21.0000000       40.4527497
     622      14       9    1991       29.0000000       31.2249477
     623      15       9    1991       28.0000000       23.6328450
     624      16       9    1991       20.0000000       20.9796182
     625      17       9    1991       20.0000000       20.1660716
     626      18       9    1991       20.0000000       19.7352214
     627      19       9    1991       12.0000000       19.3722654
     628      20       9    1991       11.0000000       19.0298052
     629      21       9    1991       11.0000000       18.7013022
     630      22       9    1991       22.0000000       19.5683917
     631      23       9    1991       14.0000000       29.6650768
     632      24       9    1991       48.0000000       36.4876122
     633      25       9    1991       45.0000000       44.9968823
     634      26       9    1991       80.0000000       64.2733351
     635      27       9    1991       61.0000000       65.6281865
     636      28       9    1991       61.0000000       72.1476815
     637      29       9    1991       65.0000000       80.6022554
     638      30       9    1991       63.0000000       78.7837888
     639       1      10    1991       90.0000000       75.7707189
     640       2      10    1991       59.0000000       67.3654673
     641       3      10    1991       45.0000000       59.4898906
     642       4      10    1991       42.0000000       54.3466757
     643       5      10    1991       41.0000000       59.3642342
     644       6      10    1991       41.0000000       78.2606484
     645       7      10    1991       73.0000000       87.3938734
     646       8      10    1991       96.0000000       80.1670651
     647       9      10    1991       61.0000000       70.4199696
     648      10      10    1991       44.0000000       63.9625689
     649      11      10    1991       42.0000000       59.5729884
     650      12      10    1991       41.0000000       61.7728250
     651      13      10    1991       42.0000000       68.1690049
     652      14      10    1991       61.0000000       71.4044973
     653      15      10    1991       55.0000000       67.4871151
     654      16      10    1991       41.0000000       63.8849597
     655      17      10    1991       48.0000000       65.0980891
     656      18      10    1991       52.0000000       75.5637658
     657      19      10    1991       66.0000000       87.7368764
     658      20      10    1991       59.0000000       84.4982657
     659      21      10    1991       71.0000000       78.4009301
     660      22      10    1991       74.0000000       73.5211916
     661      23      10    1991       70.0000000       69.0173617
     662      24      10    1991       59.0000000       64.8905858
     663      25      10    1991       57.0000000       61.3474939
     664      26      10    1991       57.0000000       58.2525673
     665      27      10    1991       51.0000000       55.4920540
     666      28      10    1991       47.0000000       52.9982188
     667      29      10    1991       48.0000000       50.7311615
     668      30      10    1991       45.0000000       49.2933477
     669      31      10    1991       43.0000000       50.5323527
     670       1      11    1991       40.0000000       57.1324852
     671       2      11    1991       47.0000000       62.5570983
     672       3      11    1991       46.0000000       65.3253577
     673       4      11    1991       76.0000000       85.8388803
     674       5      11    1991       60.0000000      111.0657969
     675       6      11    1991      132.0000000      117.8634659
     676       7      11    1991      133.0000000      121.5184431
     677       8      11    1991      113.0000000      129.0132381
     678       9      11    1991      120.0000000      136.3891460
     679      10      11    1991      141.0000000      142.1978525
     680      11      11    1991      208.0000000      153.3938934
     681      12      11    1991      166.0000000      183.2209855
     682      13      11    1991      183.0000000      213.4966494
     683      14      11    1991      299.0000000      264.2922224
     684      15      11    1991      521.0000000      344.1948933
     685      16      11    1991      443.0000000      384.4584466
     686      17      11    1991      304.0000000      373.8703980
     687      18      11    1991      231.0000000      344.8832656
     688      19      11    1991      192.0000000      317.8766694
     689      20      11    1991      199.0000000      294.9247270
     690      21      11    1991      201.0000000      276.8256134
     691      22      11    1991      173.0000000      257.1341984
     692      23      11    1991      159.0000000      232.2597136
     693      24      11    1991      160.0000000      205.2018111
     694      25      11    1991      146.0000000      180.8510728
     695      26      11    1991      110.0000000      160.7854763
     696      27      11    1991      114.0000000      144.2176934
     697      28      11    1991       97.0000000      130.6754178
     698      29      11    1991       89.0000000      120.5666559
     699      30      11    1991       73.0000000      113.2783611
     700       1      12    1991       69.0000000      107.5327300
     701       2      12    1991       67.0000000      102.5617739
     702       3      12    1991       63.0000000       98.0937148
     703       4      12    1991       58.0000000       94.0328779
     704       5      12    1991       59.0000000       90.3257075
     705       6      12    1991       53.0000000       86.9303098
     706       7      12    1991       54.0000000       83.8109318
     707       8      12    1991       51.0000000       80.9365815
     708       9      12    1991       47.0000000       78.2802820
     709      10      12    1991       42.0000000       75.8184899
     710      11      12    1991       40.0000000       73.5306091
     711      12      12    1991       39.0000000       71.3985812
     712      13      12    1991       36.0000000       69.4065381
     713      14      12    1991       37.0000000       67.5405072
     714      15      12    1991       32.0000000       65.7881599
     715      16      12    1991       37.0000000       64.9548308
     716      17      12    1991       62.0000000       94.3410842
     717      18      12    1991      118.0000000      142.4606590
     718      19      12    1991      170.0000000      191.5900062
     719      20      12    1991      229.0000000      264.3997732
     720      21      12    1991      448.0000000      353.6739458
     721      22      12    1991      464.0000000      453.8046655
     722      23      12    1991      675.0000000      548.7155776
     723      24      12    1991      844.0000000      591.5814836
     724      25      12    1991      569.0000000      564.2672657
     725      26      12    1991      358.0000000      498.3167585
     726      27      12    1991      279.0000000      426.2547845
     727      28      12    1991      238.0000000      363.6336310
     728      29      12    1991      201.0000000      312.7639731
     729      30      12    1991      185.0000000      270.2218637
     730      31      12    1991      165.0000000      234.8989808
     731       1       1    1992      140.0000000      206.4267250
     732       2       1    1992      126.0000000      183.8390687
     733       3       1    1992      117.0000000      166.0322233
     734       4       1    1992      114.0000000      154.3471868
     735       5       1    1992      108.0000000      145.7695466
     736       6       1    1992      108.0000000      138.1980154
     737       7       1    1992      101.0000000      132.0219087
     738       8       1    1992       97.0000000      128.1475486
     739       9       1    1992       89.0000000      127.0807023
     740      10       1    1992      111.0000000      137.4528482
     741      11       1    1992      135.0000000      154.7984004
     742      12       1    1992      171.0000000      159.1024358
     743      13       1    1992      125.0000000      153.7584495
     744      14       1    1992      111.0000000      145.7945129
     745      15       1    1992      100.0000000      138.2685092
     746      16       1    1992       87.0000000      131.5861288
     747      17       1    1992       75.0000000      125.6506105
     748      18       1    1992       79.0000000      120.2985418
     749      19       1    1992       70.0000000      118.5056333
     750      20       1    1992       72.0000000      116.7249993
     751      21       1    1992       87.0000000      113.2720173
     752      22       1    1992       79.0000000      109.5795346
     753      23       1    1992       71.0000000      105.8654547
     754      24       1    1992       66.0000000      102.1913797
     755      25       1    1992       67.0000000       98.7175079
     756      26       1    1992       65.0000000       95.4979020
     757      27       1    1992       59.0000000       92.5205090
     758      28       1    1992       57.0000000       89.7678350
     759      29       1    1992       54.0000000       87.3043076
     760      30       1    1992       59.0000000       85.6409584
     761      31       1    1992       57.0000000       86.5333085
     762       1       2    1992       56.0000000       90.0183733
     763       2       2    1992       54.0000000       92.2674352
     764       3       2    1992       58.0000000       92.4394477
     765       4       2    1992       63.0000000      101.1720790
     766       5       2    1992       76.0000000      127.2865174
     767       6       2    1992      250.0000000      155.4816889
     768       7       2    1992      346.0000000      178.8824114
     769       8       2    1992      241.0000000      186.2585049
     770       9       2    1992      180.0000000      180.8345672
     771      10       2    1992      164.0000000      173.8491834
     772      11       2    1992      183.0000000      178.0481660
     773      12       2    1992      215.0000000      191.3984672
     774      13       2    1992      265.0000000      205.7437378
     775      14       2    1992      287.0000000      223.6576247
     776      15       2    1992      272.0000000      238.2388944
     777      16       2    1992      253.0000000      248.9833484
     778      17       2    1992      301.0000000      260.6701313
     779      18       2    1992      275.0000000      259.9903624
     780      19       2    1992      224.0000000      243.6820400
     781      20       2    1992      194.0000000      218.5830509
     782      21       2    1992      173.0000000      194.4542922
     783      22       2    1992      157.0000000      175.0633434
     784      23       2    1992      142.0000000      160.7129721
     785      24       2    1992      133.0000000      150.6494571
     786      25       2    1992      128.0000000      143.6282568
     787      26       2    1992      125.0000000      138.0712703
     788      27       2    1992      125.0000000      132.4209697
     789      28       2    1992      110.0000000      126.7185056
     790      29       2    1992      107.0000000      121.4601967
     791       1       3    1992       97.0000000      116.7466229
     792       2       3    1992       97.0000000      112.5802006
     793       3       3    1992       86.0000000      109.6043184
     794       4       3    1992       93.0000000      108.1228474
     795       5       3    1992       86.0000000      105.8553996
     796       6       3    1992       82.0000000      102.7252107
     797       7       3    1992       80.0000000       99.5429933
     798       8       3    1992       77.0000000       96.5463065
     799       9       3    1992       73.0000000       93.7588953
     800      10       3    1992       76.0000000       91.2488156
     801      11       3    1992       68.0000000       89.0317130
     802      12       3    1992       70.0000000      103.3490165
     803      13       3    1992      116.0000000      138.7180293
     804      14       3    1992      206.0000000      175.2858108
     805      15       3    1992      433.0000000      217.2187775
     806      16       3    1992      495.0000000      264.6001886
     807      17       3    1992      331.0000000      294.5165663
     808      18       3    1992      240.0000000      292.3217088
     809      19       3    1992      215.0000000      265.9019715
     810      20       3    1992      185.0000000      234.3351628
     811      21       3    1992      185.0000000      209.9057564
     812      22       3    1992      185.0000000      202.9496743
     813      23       3    1992      213.0000000      229.6475172
     814      24       3    1992      466.0000000      282.6158467
     815      25       3    1992      580.0000000      343.2760798
     816      26       3    1992      566.0000000      379.5109724
     817      27       3    1992      487.0000000      379.8596653
     818      28       3    1992      387.0000000      354.1322124
     819      29       3    1992      311.0000000      322.0320348
     820      30       3    1992      270.0000000      290.5829533
     821      31       3    1992      246.0000000      260.8487202
     822       1       4    1992      229.0000000      239.7996934
     823       2       4    1992      222.0000000      239.0139571
     824       3       4    1992      217.0000000      241.0855867
     825       4       4    1992      208.0000000      242.6127506
     826       5       4    1992      220.0000000      264.5332146
     827       6       4    1992      210.0000000      279.8920524
     828       7       4    1992      190.0000000      270.1450029
     829       8       4    1992      173.0000000      245.4860371
     830       9       4    1992      166.0000000      218.9572533
     831      10       4    1992      133.0000000      195.8672809
     832      11       4    1992      126.0000000      177.1674456
     833      12       4    1992      124.0000000      162.1300792
     834      13       4    1992      116.0000000      150.3146039
     835      14       4    1992      112.0000000      142.7417858
     836      15       4    1992      111.0000000      145.9187715
     837      16       4    1992      137.0000000      160.9871670
     838      17       4    1992      206.0000000      171.9385988
     839      18       4    1992      176.0000000      175.5724641
     840      19       4    1992      161.0000000      171.3608969
     841      20       4    1992      161.0000000      163.7491530
     842      21       4    1992      139.0000000      155.5205474
     843      22       4    1992      139.0000000      148.1177581
     844      23       4    1992      123.0000000      141.6846906
     845      24       4    1992      119.0000000      135.9667981
     846      25       4    1992      111.0000000      130.7926064
     847      26       4    1992       94.0000000      126.1019828
     848      27       4    1992       94.0000000      121.9373593
     849      28       4    1992      102.0000000      120.1106720
     850      29       4    1992      120.0000000      121.7283231
     851      30       4    1992      120.0000000      122.1059309
     852       1       5    1992      114.0000000      123.3481129
     853       2       5    1992      115.0000000      135.3372774
     854       3       5    1992      206.0000000      144.8710764
     855       4       5    1992      215.0000000      143.7925389
     856       5       5    1992      125.0000000      137.4373628
     857       6       5    1992      123.0000000      131.0859314
     858       7       5    1992      113.0000000      125.7979718
     859       8       5    1992       77.0000000      121.1913035
     860       9       5    1992       83.0000000      117.2852885
     861      10       5    1992       83.0000000      119.3483082
     862      11       5    1992       96.0000000      122.9576430
     863      12       5    1992      120.0000000      116.8480843
     864      13       5    1992       80.0000000      110.3572602
     865      14       5    1992       76.0000000      106.5624136
     866      15       5    1992       69.0000000      103.3654773
     867      16       5    1992       63.0000000      100.4213365
     868      17       5    1992       61.0000000       97.6807790
     869      18       5    1992       60.0000000       95.1202165
     870      19       5    1992       59.0000000       92.7207630
     871      20       5    1992       67.0000000       90.4661800
     872      21       5    1992       51.0000000       88.3429742
     873      22       5    1992       44.0000000       86.3397196
     874      23       5    1992       42.0000000       84.4437159
     875      24       5    1992       51.0000000       82.6434728
     876      25       5    1992       42.0000000       80.9832787
     877      26       5    1992       54.0000000       84.3062836
     878      27       5    1992       53.0000000       85.9579609
     879      28       5    1992       59.0000000       80.3071737
     880      29       5    1992       55.0000000       81.1707647
     881      30       5    1992       54.0000000       83.2267586
     882      31       5    1992       48.0000000       80.6266972
     883       1       6    1992       63.0000000       78.6689366
     884       2       6    1992       61.0000000       78.8555559
     885       3       6    1992       55.0000000       80.2970476
     886       4       6    1992       75.0000000       81.8684612
     887       5       6    1992       53.0000000       93.1897761
     888       6       6    1992       77.0000000      103.0387941
     889       7       6    1992      114.0000000      104.4927526
     890       8       6    1992      167.0000000      107.3779293
     891       9       6    1992      116.0000000      110.3683102
     892      10       6    1992       91.0000000      102.8245111
     893      11       6    1992       85.0000000       96.5717504
     894      12       6    1992       68.0000000       92.1673588
     895      13       6    1992       71.0000000       88.8462199
     896      14       6    1992       63.0000000       85.9815269
     897      15       6    1992       59.0000000       83.3686205
     898      16       6    1992       46.0000000       80.9501462
     899      17       6    1992       44.0000000       78.7005233
     900      18       6    1992       39.0000000       76.6013306
     901      19       6    1992       41.0000000       74.6576031
     902      20       6    1992       44.0000000       74.0443030
     903      21       6    1992       39.0000000       73.1469699
     904      22       6    1992       32.0000000       70.6532493
     905      23       6    1992       40.0000000       70.6710669
     906      24       6    1992       41.0000000       76.6124189
     907      25       6    1992       42.0000000       76.9252800
     908      26       6    1992       42.0000000       72.9365870
     909      27       6    1992       48.0000000       69.7784632
     910      28       6    1992       37.0000000       67.2483671
     911      29       6    1992       40.0000000       65.2195281
     912      30       6    1992       29.0000000       63.6082127
     913       1       7    1992       30.0000000       62.2544983
     914       2       7    1992       36.0000000       61.2266420
     915       3       7    1992       29.0000000       60.4388223
     916       4       7    1992       36.0000000       62.5607755
     917       5       7    1992       50.0000000       78.1488867
     918       6       7    1992       78.0000000       90.1902658
     919       7       7    1992       54.0000000       88.3265355
     920       8       7    1992       57.0000000       78.9999728
     921       9       7    1992       51.0000000       71.3205572
     922      10       7    1992       47.0000000       74.8162964
     923      11       7    1992       46.0000000       84.5847449
     924      12       7    1992       76.0000000       92.4450197
     925      13       7    1992       72.0000000       92.1794193
     926      14       7    1992       67.0000000       88.4847388
     927      15       7    1992       63.0000000       82.3236162
     928      16       7    1992       47.0000000       77.2647827
     929      17       7    1992       47.0000000       73.8967463
     930      18       7    1992       42.0000000       71.2765779
     931      19       7    1992       41.0000000       68.9593595
     932      20       7    1992       39.0000000       66.8326334
     933      21       7    1992       37.0000000       64.8851477
     934      22       7    1992       33.0000000       63.5714364
     935      23       7    1992       33.0000000       63.1829950
     936      24       7    1992       33.0000000       61.7511613
     937      25       7    1992       37.0000000       59.7592508
     938      26       7    1992       26.0000000       58.0870652
     939      27       7    1992       24.0000000       56.6600327
     940      28       7    1992       26.0000000       55.3498960
     941      29       7    1992       29.0000000       54.1169536
     942      30       7    1992       19.0000000       52.9493832
     943      31       7    1992       22.0000000       51.8989487
     944       1       8    1992       28.0000000       51.9554717
     945       2       8    1992       35.0000000       51.9908481
     946       3       8    1992       29.0000000       50.3670502
     947       4       8    1992       36.0000000       48.7299563
     948       5       8    1992       52.0000000       47.5934075
     949       6       8    1992       74.0000000       46.6668996
     950       7       8    1992       54.0000000       45.8102608
     951       8       8    1992       57.0000000       44.9917479
     952       9       8    1992       48.0000000       44.6155199
     953      10       8    1992       47.0000000       45.7469943
     954      11       8    1992       46.0000000       48.1703535
     955      12       8    1992       75.0000000       51.6171639
     956      13       8    1992       73.0000000       54.8986363
     957      14       8    1992       66.0000000       55.1141347
     958      15       8    1992       60.0000000       52.5462951
     959      16       8    1992       47.0000000       50.7612144
     960      17       8    1992       46.0000000       46.8580018
     961      18       8    1992       42.0000000       43.7131684
     962      19       8    1992       41.0000000       42.1759285
     963      20       8    1992       40.0000000       43.3511446
     964      21       8    1992       37.0000000       46.4007440
     965      22       8    1992       32.0000000       44.4476295
     966      23       8    1992       32.0000000       41.9108136
     967      24       8    1992       32.0000000       40.5326152
     968      25       8    1992       36.0000000       39.4592339
     969      26       8    1992       27.0000000       38.4469760
     970      27       8    1992       25.0000000       37.5922039
     971      28       8    1992       25.0000000       37.2212107
     972      29       8    1992       28.0000000       37.6617125
     973      30       8    1992       20.0000000       45.4478818
     974      31       8    1992       22.0000000       61.1550669
     975       1       9    1992       49.0000000       81.0624723
     976       2       9    1992       77.0000000       89.1708805
     977       3       9    1992       67.0000000       79.7632490
     978       4       9    1992       45.0000000       68.9676715
     979       5       9    1992       44.0000000       66.7092807
     980       6       9    1992       64.0000000       63.9754972
     981       7       9    1992       52.0000000       58.7141819
     982       8       9    1992       40.0000000       54.2744435
     983       9       9    1992       30.0000000       51.4573736
     984      10       9    1992       34.0000000       49.3599712
     985      11       9    1992       32.0000000       47.5651190
     986      12       9    1992       36.0000000       46.0667681
     987      13       9    1992       28.0000000       44.8385740
     988      14       9    1992       33.0000000       44.1967559
     989      15       9    1992       35.0000000       43.8734123
     990      16       9    1992       30.0000000       43.1938297
     991      17       9    1992       32.0000000       41.7254622
     992      18       9    1992       29.0000000       40.1783380
     993      19       9    1992       30.0000000       39.0113944
     994      20       9    1992       28.0000000       38.1856621
     995      21       9    1992       29.0000000       37.2839377
     996      22       9    1992       29.0000000       36.3081107
     997      23       9    1992       27.0000000       35.4222927
     998      24       9    1992       27.0000000       34.6187704
     999      25       9    1992       23.0000000       33.8665032
    1000      26       9    1992       28.0000000       33.1514053
    1001      27       9    1992       25.0000000       32.4707785
    1002      28       9    1992       25.0000000       31.8489212
    1003      29       9    1992       27.0000000       32.0578135
    1004      30       9    1992       25.0000000       33.2045057
    1005       1      10    1992       27.0000000       32.3875493
    1006       2      10    1992       33.0000000       31.0814831
    1007       3      10    1992       29.0000000       31.2227510
    1008       4      10    1992       31.0000000       32.6667347
    1009       5      10    1992       25.0000000       35.6016692
    1010       6      10    1992       25.0000000       43.0497531
    1011       7      10    1992       36.0000000       45.1435698
    1012       8      10    1992       42.0000000       39.4591520
    1013       9      10    1992       43.0000000       34.6355953
    1014      10      10    1992       26.0000000       33.4366674
    1015      11      10    1992       27.0000000       36.3303513
    1016      12      10    1992       27.0000000       37.8564369
    1017      13      10    1992       26.0000000       35.5029091
    1018      14      10    1992       26.0000000       33.2497877
    1019      15      10    1992       23.0000000       35.7185187
    1020      16      10    1992       21.0000000       39.9933764
    1021      17      10    1992       26.0000000       40.0146192
    1022      18      10    1992       34.0000000       38.7421281
    1023      19      10    1992       37.0000000       38.9947195
    1024      20      10    1992       31.0000000       42.2652638
    1025      21      10    1992       31.0000000       44.0004824
    1026      22      10    1992       35.0000000       42.1689466
    1027      23      10    1992       33.0000000       47.1974845
    1028      24      10    1992       40.0000000       76.3770352
    1029      25      10    1992       74.0000000      118.3425171
    1030      26      10    1992      161.0000000      143.9984454
    1031      27      10    1992      285.0000000      166.2206776
    1032      28      10    1992      244.0000000      190.6425863
    1033      29      10    1992      263.0000000      203.8328601
    1034      30      10    1992      276.0000000      214.2176658
    1035      31      10    1992      186.0000000      206.5385804
    1036       1      11    1992      154.0000000      186.7159814
    1037       2      11    1992      112.0000000      172.3451698
    1038       3      11    1992      104.0000000      163.4555031
    1039       4      11    1992       96.0000000      154.5597791
    1040       5      11    1992       99.0000000      149.2850449
    1041       6      11    1992      126.0000000      140.4661580
    1042       7      11    1992       91.0000000      128.3275962
    1043       8      11    1992       84.0000000      117.2448488
    1044       9      11    1992       81.0000000      111.8343445
    1045      10      11    1992       85.0000000      117.5117226
    1046      11      11    1992      126.0000000      146.3440709
    1047      12      11    1992      279.0000000      192.3000831
    1048      13      11    1992      390.0000000      233.6875250
    1049      14      11    1992      294.0000000      266.2146216
    1050      15      11    1992      260.0000000      300.1845444
    1051      16      11    1992      398.0000000      360.9379785
    1052      17      11    1992      520.0000000      442.6424317
    1053      18      11    1992      487.0000000      488.5813341
    1054      19      11    1992      380.0000000      500.0887332
    1055      20      11    1992      385.0000000      483.3594312
    1056      21      11    1992      351.0000000      458.6160403
    1057      22      11    1992      309.0000000      463.9907020
    1058      23      11    1992      587.0000000      477.1372814
    1059      24      11    1992      661.0000000      463.9991084
    1060      25      11    1992      447.0000000      431.7545927
    1061      26      11    1992      361.0000000      406.0746405
    1062      27      11    1992      351.0000000      396.2525144
    1063      28      11    1992      353.0000000      405.7255802
    1064      29      11    1992      369.0000000      429.5606931
    1065      30      11    1992      452.0000000      463.5426853
    1066       1      12    1992      441.0000000      472.6608033
    1067       2      12    1992      348.0000000      469.7395922
    1068       3      12    1992      394.0000000      472.8005219
    1069       4      12    1992      455.0000000      490.7173045
    1070       5      12    1992      491.0000000      517.9986737
    1071       6      12    1992      469.0000000      528.7639339
    1072       7      12    1992      364.0000000      521.2418132
    1073       8      12    1992      338.0000000      489.7066023
    1074       9      12    1992      334.0000000      442.4787652
    1075      10      12    1992      268.0000000      388.3220711
    1076      11      12    1992      236.0000000      347.9001409
    1077      12      12    1992      230.0000000      327.2096176
    1078      13      12    1992      239.0000000      310.2971794
    1079      14      12    1992      256.0000000      289.4444352
    1080      15      12    1992      217.0000000      260.7502023
    1081      16      12    1992      201.0000000      233.8881452
    1082      17      12    1992      188.0000000      214.3987545
    1083      18      12    1992      176.0000000      201.6662010
    1084      19      12    1992      170.0000000      193.6716258
    1085      20      12    1992      168.0000000      187.1125924
    1086      21      12    1992      131.0000000      181.4346067
    1087      22      12    1992      133.0000000      180.4236475
    1088      23      12    1992      134.0000000      178.3346210
    1089      24      12    1992      127.0000000      171.4701429
    1090      25      12    1992      117.0000000      163.4976026
    1091      26      12    1992      113.0000000      155.9832187
    1092      27      12    1992      100.0000000      149.2045217
    1093      28      12    1992       94.0000000      143.0753381
    1094      29      12    1992       87.0000000      137.5031421
    1095      30      12    1992       86.0000000      132.4164184
    1096      31      12    1992       81.0000000      127.7561137
    1097       1       1    1993       77.0000000      123.4717523
    1098       2       1    1993       76.0000000      119.5197942
    1099       3       1    1993       61.0000000      115.8625523
    1100       4       1    1993       61.0000000      112.4673197
    1101       5       1    1993       57.0000000      109.3056418
    1102       6       1    1993       66.0000000      113.1173584
    1103       7       1    1993       67.0000000      124.0445330
    1104       8       1    1993       84.0000000      132.9361436
    1105       9       1    1993       90.0000000      142.6076791
    1106      10       1    1993      113.0000000      170.6661778
    1107      11       1    1993      265.0000000      260.4958230
    1108      12       1    1993      559.0000000      391.2058179
    1109      13       1    1993      832.0000000      489.3813827
    1110      14       1    1993      601.0000000      522.8662541
    1111      15       1    1993      436.0000000      491.8952639
    1112      16       1    1993      339.0000000      429.3018209
    1113      17       1    1993      292.0000000      365.3260884
    1114      18       1    1993      247.0000000      312.6851691
    1115      19       1    1993      218.0000000      271.7221163
    1116      20       1    1993      205.0000000      240.9774943
    1117      21       1    1993      190.0000000      220.7326406
    1118      22       1    1993      176.0000000      207.9442196
    1119      23       1    1993      173.0000000      197.5513900
    1120      24       1    1993      173.0000000      198.7722540
    1121      25       1    1993      199.0000000      226.1377989
    1122      26       1    1993      361.0000000      270.3431196
    1123      27       1    1993      295.0000000      296.2340926
    1124      28       1    1993      238.0000000      303.5730071
    1125      29       1    1993      263.0000000      307.4754332
    1126      30       1    1993      245.0000000      301.7120660
    1127      31       1    1993      222.0000000      282.9666432
    1128       1       2    1993      199.0000000      256.2423707
    1129       2       2    1993      186.0000000      229.6500412
    1130       3       2    1993      171.0000000      207.4374110
    1131       4       2    1993      157.0000000      189.6718276
    1132       5       2    1993      159.0000000      175.7091223
    1133       6       2    1993      129.0000000      165.1812909
    1134       7       2    1993      119.0000000      157.2165389
    1135       8       2    1993      119.0000000      150.4853828
    1136       9       2    1993      105.0000000      144.4845799
    1137      10       2    1993      106.0000000      139.0377794
    1138      11       2    1993      105.0000000      134.0587955
    1139      12       2    1993       95.0000000      129.4888740
    1140      13       2    1993       91.0000000      125.2798745
    1141      14       2    1993       88.0000000      121.3905089
    1142      15       2    1993       84.0000000      117.7850127
    1143      16       2    1993       83.0000000      114.6077093
    1144      17       2    1993       79.0000000      112.2126377
    1145      18       2    1993       78.0000000      110.9534933
    1146      19       2    1993       84.0000000      110.9613487
    1147      20       2    1993       91.0000000      114.0089917
    1148      21       2    1993       91.0000000      121.3604663
    1149      22       2    1993       90.0000000      125.3219694
    1150      23       2    1993      103.0000000      125.7754215
    1151      24       2    1993       94.0000000      122.5252670
    1152      25       2    1993       81.0000000      118.1146877
    1153      26       2    1993       78.0000000      114.0565328
    1154      27       2    1993       75.0000000      111.6100308
    1155      28       2    1993       76.0000000      109.9375797
    1156       1       3    1993       80.0000000      108.1836777
    1157       2       3    1993       75.0000000      106.1450428
    1158       3       3    1993       76.0000000      103.6004728
    1159       4       3    1993       72.0000000      101.2669527
    1160       5       3    1993       65.0000000       98.7937779
    1161       6       3    1993       64.0000000       96.1755349
    1162       7       3    1993       64.0000000       93.6221805
    1163       8       3    1993       68.0000000       91.3779132
    1164       9       3    1993       68.0000000       89.7327385
    1165      10       3    1993       67.0000000       88.1003502
    1166      11       3    1993       61.0000000       86.6884077
    1167      12       3    1993       57.0000000       86.2541559
    1168      13       3    1993       58.0000000       86.4695487
    1169      14       3    1993       54.0000000       86.2112412
    1170      15       3    1993       66.0000000       84.8980929
    1171      16       3    1993       54.0000000       83.0553305
    1172      17       3    1993       57.0000000       81.2373111
    1173      18       3    1993       57.0000000       79.5530894
    1174      19       3    1993       52.0000000       77.9714575
    1175      20       3    1993       57.0000000       76.4656559
    1176      21       3    1993       58.0000000       75.0809554
    1177      22       3    1993       57.0000000       76.4711921
    1178      23       3    1993       56.0000000       83.6385708
    1179      24       3    1993       63.0000000       88.7348394
    1180      25       3    1993       76.0000000       87.5158584
    1181      26       3    1993       56.0000000       84.1488914
    1182      27       3    1993       59.0000000       81.4905806
    1183      28       3    1993       59.0000000       79.3563691
    1184      29       3    1993       54.0000000       77.4320485
    1185      30       3    1993       48.0000000       75.6287102
    1186      31       3    1993       55.0000000       73.9243099
    1187       1       4    1993       48.0000000       72.4015821
    1188       2       4    1993       53.0000000       71.6580085
    1189       3       4    1993       47.0000000       72.4339375
    1190       4       4    1993       59.0000000       76.3840918
    1191       5       4    1993       53.0000000       83.4894330
    1192       6       4    1993       64.0000000       90.3761983
    1193       7       4    1993       63.0000000       92.3794068
    1194       8       4    1993       75.0000000       90.3672532
    1195       9       4    1993       64.0000000       87.4555893
    1196      10       4    1993       59.0000000       84.6587931
    1197      11       4    1993       60.0000000       84.8018707
    1198      12       4    1993       63.0000000       88.0706927
    1199      13       4    1993       69.0000000       88.6426521
    1200      14       4    1993       79.0000000       87.8897691
    1201      15       4    1993       82.0000000       86.8324753
    1202      16       4    1993       68.0000000       84.6542893
    1203      17       4    1993       56.0000000       82.2526988
    1204      18       4    1993       59.0000000       80.0430873
    1205      19       4    1993       61.0000000       77.8726910
    1206      20       4    1993       62.0000000       75.7493725
    1207      21       4    1993       57.0000000       73.7168315
    1208      22       4    1993       53.0000000       71.7911140
    1209      23       4    1993       47.0000000       69.9795511
    1210      24       4    1993       46.0000000       68.2725562
    1211      25       4    1993       47.0000000       66.6613149
    1212      26       4    1993       45.0000000       65.1383968
    1213      27       4    1993       43.0000000       63.6961422
    1214      28       4    1993       41.0000000       62.3274003
    1215      29       4    1993       38.0000000       61.0268765
    1216      30       4    1993       39.0000000       59.9395318
    1217       1       5    1993       40.0000000       59.0498879
    1218       2       5    1993       41.0000000       58.0355732
    1219       3       5    1993       45.0000000       57.5629742
    1220       4       5    1993       49.0000000       57.3910611
    1221       5       5    1993       40.0000000       56.4125141
    1222       6       5    1993       43.0000000       55.1153011
    1223       7       5    1993       38.0000000       54.3445439
    1224       8       5    1993       38.0000000       53.8932571
    1225       9       5    1993       43.0000000       53.0066152
    1226      10       5    1993       44.0000000       51.8997272
    1227      11       5    1993       41.0000000       52.1387513
    1228      12       5    1993       51.0000000       55.6368514
    1229      13       5    1993       63.0000000       74.3109270
    1230      14       5    1993       68.0000000       80.7029365
    1231      15       5    1993       77.0000000       68.8093429
    1232      16       5    1993       77.0000000       62.0729602
    1233      17       5    1993       59.0000000       58.5130518
    1234      18       5    1993       49.0000000       56.4065175
    1235      19       5    1993       43.0000000       57.9004721
    1236      20       5    1993       44.0000000       59.5191386
    1237      21       5    1993       48.0000000       60.4494859
    1238      22       5    1993       44.0000000       62.3264824
    1239      23       5    1993       46.0000000       59.6038097
    1240      24       5    1993       40.0000000       55.9210670
    1241      25       5    1993       43.0000000       53.6652622
    1242      26       5    1993       30.0000000       52.4471519
    1243      27       5    1993       45.0000000       53.1664929
    1244      28       5    1993       43.0000000       57.6404213
    1245      29       5    1993       44.0000000       60.4477935
    1246      30       5    1993       54.0000000       60.6020656
    1247      31       5    1993       56.0000000       60.5057147
    1248       1       6    1993       44.0000000       57.3716412
    1249       2       6    1993       43.0000000       54.9237878
    1250       3       6    1993       33.0000000       53.9032004
    1251       4       6    1993       45.0000000       54.7538633
    1252       5       6    1993       46.0000000       54.4952559
    1253       6       6    1993       42.0000000       52.3337559
    1254       7       6    1993       40.0000000       50.1986163
    1255       8       6    1993       30.0000000       48.6558116
    1256       9       6    1993       31.0000000       47.4028144
    1257      10       6    1993       32.0000000       46.3265159
    1258      11       6    1993       25.0000000       45.4536363
    1259      12       6    1993       33.0000000       44.9951152
    1260      13       6    1993       29.0000000       45.3687572
    1261      14       6    1993       40.0000000       45.6700878
    1262      15       6    1993       42.0000000       46.2534834
    1263      16       6    1993       37.0000000       46.3118546
    1264      17       6    1993       46.0000000       45.7863489
    1265      18       6    1993       47.0000000       44.9314241
    1266      19       6    1993       50.0000000       43.5592761
    1267      20       6    1993       43.0000000       47.7554017
    1268      21       6    1993       69.0000000       60.2246087
    1269      22       6    1993       61.0000000       61.6437066
    1270      23       6    1993       67.0000000       64.1525988
    1271      24       6    1993       77.0000000       71.2331844
    1272      25       6    1993       87.0000000       68.0061984
    1273      26       6    1993       55.0000000       61.9370794
    1274      27       6    1993       43.0000000       58.1823023
    1275      28       6    1993       40.0000000       55.8262883
    1276      29       6    1993       30.0000000       53.9322020
    1277      30       6    1993       40.0000000       52.2270596
    1278       1       7    1993       40.0000000       50.6914042
    1279       2       7    1993       27.0000000       50.2176530
    1280       3       7    1993       34.0000000       50.3299127
    1281       4       7    1993       30.0000000       48.6895160
    1282       5       7    1993       31.0000000       46.9623530
    1283       6       7    1993       27.0000000       45.4538101
    1284       7       7    1993       31.0000000       44.2659542
    1285       8       7    1993       26.0000000       43.1750609
    1286       9       7    1993       23.0000000       42.1598492
    1287      10       7    1993       24.0000000       41.5128173
    1288      11       7    1993       25.0000000       41.5568984
    1289      12       7    1993       34.0000000       43.8128785
    1290      13       7    1993       40.0000000       51.1169570
    1291      14       7    1993       41.0000000       63.0181105
    1292      15       7    1993       46.0000000       66.6210686
    1293      16       7    1993       39.0000000       58.5238240
    1294      17       7    1993       43.0000000       51.9376844
    1295      18       7    1993       35.0000000       48.2412887
    1296      19       7    1993       49.0000000       54.0918808
    1297      20       7    1993       38.0000000       61.5658654
    1298      21       7    1993       41.0000000       59.5565381
    1299      22       7    1993       45.0000000       57.9611088
    1300      23       7    1993       41.0000000       56.5855340
    1301      24       7    1993       42.0000000       52.8339265
    1302      25       7    1993       40.0000000       49.6160048
    1303      26       7    1993       35.0000000       47.6431996
    1304      27       7    1993       40.0000000       56.7775639
    1305      28       7    1993       40.0000000       64.6052735
    1306      29       7    1993       36.0000000       55.7565854
    1307      30       7    1993       40.0000000       64.5083219
    1308      31       7    1993       61.0000000       84.7069751
    1309       1       8    1993       36.0000000       80.7022473
    1310       2       8    1993       46.0000000       69.0712692
    1311       3       8    1993       32.0000000       61.4399413
    1312       4       8    1993       38.0000000       57.5119616
    1313       5       8    1993       32.0000000       54.8960147
    1314       6       8    1993       25.0000000       52.6924851
    1315       7       8    1993       26.0000000       50.7072034
    1316       8       8    1993       29.0000000       48.8905941
    1317       9       8    1993       29.0000000       49.1647454
    1318      10       8    1993       28.0000000       52.8040831
    1319      11       8    1993       37.0000000       52.1885921
    1320      12       8    1993       40.0000000       50.2269804
    1321      13       8    1993       49.0000000       47.5924957
    1322      14       8    1993       32.0000000       45.5781913
    1323      15       8    1993       37.0000000       44.7736525
    1324      16       8    1993       37.0000000       43.3680652
    1325      17       8    1993       27.0000000       41.7063314
    1326      18       8    1993       24.0000000       40.4461033
    1327      19       8    1993       24.0000000       39.3463581
    1328      20       8    1993       22.0000000       38.3254897
    1329      21       8    1993       21.0000000       37.3678105
    1330      22       8    1993       16.0000000       36.4738958
    1331      23       8    1993       21.0000000       36.2510710
    1332      24       8    1993       27.0000000       38.1851097
    1333      25       8    1993       26.0000000       38.0497947
    1334      26       8    1993       23.0000000       35.8718979
    1335      27       8    1993       21.0000000       34.3064111
    1336      28       8    1993       28.0000000       34.5821749
    1337      29       8    1993       17.0000000       36.3997121
    1338      30       8    1993       24.0000000       35.2881819
    1339      31       8    1993       25.0000000       33.2762404
    1340       1       9    1993       25.0000000       32.1073875
    1341       2       9    1993       19.0000000       31.3733456
    1342       3       9    1993       17.0000000       30.8065094
    1343       4       9    1993       16.0000000       31.7132209
    1344       5       9    1993       19.0000000       34.5604536
    1345       6       9    1993       23.0000000       33.9852604
    1346       7       9    1993       25.0000000       39.2326762
    1347       8       9    1993       34.0000000       47.0062540
    1348       9       9    1993       31.0000000       43.4117559
    1349      10       9    1993       35.0000000       59.6013385
    1350      11       9    1993       53.0000000       82.0037198
    1351      12       9    1993       71.0000000      103.5007064
    1352      13       9    1993       74.0000000      117.0556327
    1353      14       9    1993       87.0000000      137.6451984
    1354      15       9    1993      173.0000000      157.8025229
    1355      16       9    1993      117.0000000      151.7074360
    1356      17       9    1993       93.0000000      131.2445437
    1357      18       9    1993       77.0000000      117.6368074
    1358      19       9    1993       62.0000000      107.3663605
    1359      20       9    1993       54.0000000       99.0986939
    1360      21       9    1993       48.0000000       93.8056991
    1361      22       9    1993       46.0000000       95.9200544
    1362      23       9    1993       55.0000000      105.9737626
    1363      24       9    1993       66.0000000      115.1537801
    1364      25       9    1993       64.0000000      117.7130834
    1365      26       9    1993       52.0000000      113.7814124
    1366      27       9    1993       68.0000000      106.8748346
    1367      28       9    1993       69.0000000       99.9083000
    1368      29       9    1993       62.0000000       98.1651081
    1369      30       9    1993       76.0000000       98.3908497
    1370       1      10    1993       72.0000000      100.8949343
    1371       2      10    1993       68.0000000      108.0030960
    1372       3      10    1993       72.0000000      111.4957241
    1373       4      10    1993       78.0000000      115.9975269
    1374       5      10    1993      116.0000000      143.9379015
    1375       6      10    1993      131.0000000      173.0876420
    1376       7      10    1993      180.0000000      183.3893696
    1377       8      10    1993      203.0000000      185.5054324
    1378       9      10    1993      164.0000000      185.1152941
    1379      10      10    1993      178.0000000      193.4027151
    1380      11      10    1993      161.0000000      213.3183776
    1381      12      10    1993      287.0000000      232.9931532
    1382      13      10    1993      360.0000000      261.1987118
    1383      14      10    1993      374.0000000      301.7536912
    1384      15      10    1993      297.0000000      320.5040116
    1385      16      10    1993      247.0000000      311.5069214
    1386      17      10    1993      273.0000000      301.9933491
    1387      18      10    1993      261.0000000      296.3124642
    1388      19      10    1993      265.0000000      282.8506645
    1389      20      10    1993      230.0000000      259.7747030
    1390      21      10    1993      199.0000000      233.0399359
    1391      22      10    1993      173.0000000      207.2159372
    1392      23      10    1993      182.0000000      192.9541561
    1393      24      10    1993      203.0000000      196.2995732
    1394      25      10    1993      213.0000000      198.5344621
    1395      26      10    1993      180.0000000      190.3150146
    1396      27      10    1993      154.0000000      174.0320658
    1397      28      10    1993      118.0000000      157.3475702
    1398      29      10    1993      112.0000000      144.1255743
    1399      30      10    1993       98.0000000      134.4742925
    1400      31      10    1993       97.0000000      126.9708513
    1401       1      11    1993       91.0000000      120.5647253
    1402       2      11    1993       85.0000000      114.8582221
    1403       3      11    1993       75.0000000      109.7099538
    1404       4      11    1993       76.0000000      105.0420403
    1405       5      11    1993       78.0000000      100.7943724
    1406       6      11    1993       72.0000000       96.9358987
    1407       7      11    1993       76.0000000       94.8950002
    1408       8      11    1993       69.0000000       92.6091359
    1409       9      11    1993       66.0000000       89.5757893
    1410      10      11    1993       71.0000000       87.9154712
    1411      11      11    1993       64.0000000       88.0727236
    1412      12      11    1993       67.0000000       89.9373943
    1413      13      11    1993       80.0000000       98.2302395
    1414      14      11    1993       78.0000000      109.4611897
    1415      15      11    1993       80.0000000      120.6832107
    1416      16      11    1993       86.0000000      124.0827419
    1417      17      11    1993      125.0000000      123.8045228
    1418      18      11    1993       96.0000000      119.0586388
    1419      19      11    1993       82.0000000      113.0755873
    1420      20      11    1993       77.0000000      107.7610151
    1421      21      11    1993       67.0000000      103.0866667
    1422      22      11    1993       71.0000000       98.8703636
    1423      23      11    1993       61.0000000       95.0277934
    1424      24      11    1993       42.0000000       91.5102643
    1425      25      11    1993       63.0000000       88.2821401
    1426      26      11    1993       57.0000000       85.4702746
    1427      27      11    1993       58.0000000       83.3250446
    1428      28      11    1993       49.0000000       81.1498292
    1429      29      11    1993       50.0000000       78.7988144
    1430      30      11    1993       55.0000000       76.5414180
    1431       1      12    1993       54.0000000       74.4337653
    1432       2      12    1993       54.0000000       74.7759450
    1433       3      12    1993       50.0000000       76.2044745
    1434       4      12    1993       51.0000000       76.4356805
    1435       5      12    1993       62.0000000       76.0715589
    1436       6      12    1993       62.0000000       74.0274121
    1437       7      12    1993       71.0000000       83.5604143
    1438       8      12    1993       79.0000000      110.9428926
    1439       9      12    1993      153.0000000      138.8263280
    1440      10      12    1993      291.0000000      178.4731261
    1441      11      12    1993      332.0000000      230.2493070
    1442      12      12    1993      465.0000000      302.4886506
    1443      13      12    1993      518.0000000      382.3969767
    1444      14      12    1993      539.0000000      425.9237098
    1445      15      12    1993      559.0000000      455.5013048
    1446      16      12    1993      500.0000000      492.1016024
    1447      17      12    1993      526.0000000      532.7678157
    1448      18      12    1993      583.0000000      564.2345264
    1449      19      12    1993      677.0000000      609.1144172
    1450      20      12    1993      781.0000000      738.9064937
    1451      21      12    1993     1180.0000000      905.3802614
    1452      22      12    1993     1460.0000000     1027.4601170
    1453      23      12    1993     1600.0000000     1096.1121857
    1454      24      12    1993     1410.0000000     1117.6065547
    1455      25      12    1993     1230.0000000     1101.6191380
    1456      26      12    1993     1070.0000000     1018.2596156
    1457      27      12    1993      746.0000000      883.1182421
    1458      28      12    1993      542.0000000      746.6436772
    1459      29      12    1993      492.0000000      650.0752553
    1460      30      12    1993      491.0000000      615.5381200
    1461      31      12    1993      617.0000000      642.2183326
