      No     Day     Mon    Year  Qobs_0000000398  Qsim_0000000398
       1       1       7    1990       79.0000000       93.9266135
       2       2       7    1990       92.0000000       83.6369815
       3       3       7    1990       72.0000000       72.9877481
       4       4       7    1990       58.0000000       71.3995781
       5       5       7    1990       69.0000000       86.0601002
       6       6       7    1990       94.0000000       95.4806044
       7       7       7    1990      199.0000000       94.0318244
       8       8       7    1990      133.0000000       92.6923552
       9       9       7    1990      124.0000000       88.3422490
      10      10       7    1990      123.0000000       82.8540310
      11      11       7    1990       99.0000000       77.4524238
      12      12       7    1990       88.0000000       73.3050079
      13      13       7    1990       84.0000000       69.9291321
      14      14       7    1990       72.0000000       66.9607260
      15      15       7    1990       55.0000000       64.2842897
      16      16       7    1990       65.0000000       61.8546870
      17      17       7    1990       50.0000000       59.6416507
      18      18       7    1990       50.0000000       57.6200131
      19      19       7    1990       46.0000000       55.7680187
      20      20       7    1990       44.0000000       54.0667285
      21      21       7    1990       42.0000000       52.4996051
      22      22       7    1990       37.0000000       51.0521721
      23      23       7    1990       38.0000000       49.7117276
      24      24       7    1990       44.0000000       48.4671019
      25      25       7    1990       30.0000000       47.3084515
      26      26       7    1990       26.0000000       46.2270845
      27      27       7    1990       31.0000000       45.2153112
      28      28       7    1990       33.0000000       46.3636312
      29      29       7    1990       42.0000000       46.3970706
      30      30       7    1990       36.0000000       43.5545661
      31      31       7    1990       34.0000000       42.2467281
      32       1       8    1990       25.0000000       41.3942057
      33       2       8    1990       22.0000000       40.6417549
      34       3       8    1990       28.0000000       39.9341996
      35       4       8    1990       25.0000000       39.2620477
      36       5       8    1990       19.0000000       38.6216174
      37       6       8    1990       22.0000000       38.0101421
      38       7       8    1990       19.0000000       37.4253430
      39       8       8    1990       22.0000000       36.8649636
      40       9       8    1990       19.0000000       36.3266841
      41      10       8    1990       20.0000000       35.8087322
      42      11       8    1990       19.0000000       35.3096122
      43      12       8    1990       19.0000000       34.8279110
      44      13       8    1990       22.0000000       35.3068117
      45      14       8    1990       36.0000000       43.1314188
      46      15       8    1990       31.0000000       52.8450018
      47      16       8    1990       30.0000000       52.5144849
      48      17       8    1990       28.0000000       45.0779397
      49      18       8    1990       34.0000000       40.2805529
      50      19       8    1990       21.0000000       37.2056095
      51      20       8    1990       30.0000000       35.3057435
      52      21       8    1990       22.0000000       34.3254302
      53      22       8    1990       21.0000000       33.6751505
      54      23       8    1990       23.0000000       33.1117270
      55      24       8    1990       20.0000000       32.5824740
      56      25       8    1990       29.0000000       32.0782467
      57      26       8    1990       20.0000000       31.6021906
      58      27       8    1990       22.0000000       31.2848632
      59      28       8    1990       23.0000000       31.4331780
      60      29       8    1990       35.0000000       31.5424068
      61      30       8    1990       51.0000000       51.1572242
      62      31       8    1990       80.0000000       95.9217479
      63       1       9    1990       56.0000000       90.1918402
      64       2       9    1990       33.0000000       62.6141686
      65       3       9    1990       27.0000000       48.7629672
      66       4       9    1990       27.0000000       43.8315969
      67       5       9    1990       28.0000000       42.7608230
      68       6       9    1990       26.0000000       43.8851714
      69       7       9    1990       24.0000000       43.3663385
      70       8       9    1990       33.0000000       41.9135259
      71       9       9    1990       26.0000000       39.4875286
      72      10       9    1990       27.0000000       37.6879777
      73      11       9    1990       22.0000000       36.3323673
      74      12       9    1990       22.0000000       35.2389748
      75      13       9    1990       21.0000000       34.2718501
      76      14       9    1990       22.0000000       33.3842151
      77      15       9    1990       22.0000000       32.5615791
      78      16       9    1990       22.0000000       31.7963103
      79      17       9    1990       20.0000000       31.0823844
      80      18       9    1990       22.0000000       30.4145657
      81      19       9    1990       16.0000000       29.7882364
      82      20       9    1990       22.0000000       29.1993106
      83      21       9    1990       19.0000000       29.9482355
      84      22       9    1990       32.0000000       48.1699123
      85      23       9    1990       27.0000000       70.3633672
      86      24       9    1990       45.0000000       74.0668091
      87      25       9    1990       42.0000000       64.1789081
      88      26       9    1990       39.0000000       49.8422654
      89      27       9    1990       30.0000000       43.0944166
      90      28       9    1990       28.0000000       40.3017850
      91      29       9    1990       30.0000000       38.6054386
      92      30       9    1990       30.0000000       45.0758581
      93       1      10    1990       56.0000000       73.9196745
      94       2      10    1990       72.0000000      102.5288983
      95       3      10    1990       73.0000000      107.9350880
      96       4      10    1990       68.0000000      103.8196024
      97       5      10    1990       53.0000000       92.2822588
      98       6      10    1990       42.0000000       83.5425891
      99       7      10    1990       33.0000000       76.7810299
     100       8      10    1990       42.0000000       71.1687347
     101       9      10    1990       34.0000000       66.6441586
     102      10      10    1990       36.0000000       62.8025896
     103      11      10    1990       36.0000000       59.4086509
     104      12      10    1990       28.0000000       56.3701157
     105      13      10    1990       32.0000000       53.6381309
     106      14      10    1990       27.0000000       51.1747827
     107      15      10    1990       35.0000000       48.9825149
     108      16      10    1990       42.0000000       47.7761114
     109      17      10    1990       35.0000000       47.9631762
     110      18      10    1990       39.0000000       50.7403874
     111      19      10    1990       34.0000000       52.7190023
     112      20      10    1990       32.0000000       49.7392622
     113      21      10    1990       34.0000000       46.2067491
     114      22      10    1990       27.0000000       43.9124101
     115      23      10    1990       31.0000000       42.2337947
     116      24      10    1990       28.0000000       40.7840583
     117      25      10    1990       25.0000000       39.5905634
     118      26      10    1990       29.0000000       43.0615676
     119      27      10    1990       31.0000000       53.9981437
     120      28      10    1990       65.0000000       99.9326060
     121      29      10    1990       69.0000000      155.2724977
     122      30      10    1990      157.0000000      170.7789922
     123      31      10    1990      190.0000000      165.7510837
     124       1      11    1990      115.0000000      153.7362761
     125       2      11    1990      104.0000000      147.0330942
     126       3      11    1990      100.0000000      145.0462192
     127       4      11    1990      131.0000000      148.6290729
     128       5      11    1990      130.0000000      152.9655949
     129       6      11    1990      115.0000000      151.4918222
     130       7      11    1990      102.0000000      142.3263984
     131       8      11    1990       95.0000000      128.3862524
     132       9      11    1990       81.0000000      113.9293613
     133      10      11    1990       66.0000000      105.1346917
     134      11      11    1990       67.0000000      110.1372401
     135      12      11    1990       74.0000000      118.1118061
     136      13      11    1990      109.0000000      130.2969044
     137      14      11    1990       92.0000000      142.5708377
     138      15      11    1990       92.0000000      149.9070500
     139      16      11    1990      155.0000000      156.9255519
     140      17      11    1990      159.0000000      161.4610622
     141      18      11    1990      131.0000000      162.1041217
     142      19      11    1990      161.0000000      165.2912093
     143      20      11    1990      196.0000000      189.9726352
     144      21      11    1990      336.0000000      243.6898601
     145      22      11    1990      566.0000000      288.2887089
     146      23      11    1990      373.0000000      305.0948499
     147      24      11    1990      293.0000000      312.3180448
     148      25      11    1990      264.0000000      312.8603774
     149      26      11    1990      226.0000000      297.7691898
     150      27      11    1990      201.0000000      271.2796314
     151      28      11    1990      180.0000000      239.7577566
     152      29      11    1990      161.0000000      212.1090364
     153      30      11    1990      149.0000000      192.1972109
     154       1      12    1990      134.0000000      174.2607955
     155       2      12    1990      113.0000000      157.4327198
     156       3      12    1990       99.0000000      141.8555828
     157       4      12    1990      107.0000000      129.7050226
     158       5      12    1990       99.0000000      120.7742346
     159       6      12    1990       89.0000000      113.6562419
     160       7      12    1990       77.0000000      107.5413318
     161       8      12    1990       71.0000000      102.0965751
     162       9      12    1990       68.0000000       97.2141601
     163      10      12    1990       73.0000000       92.8245570
     164      11      12    1990       84.0000000       88.8668359
     165      12      12    1990       88.0000000       91.6600351
     166      13      12    1990       92.0000000      102.5724006
     167      14      12    1990      128.0000000      103.9690361
     168      15      12    1990      136.0000000       99.1168395
     169      16      12    1990      114.0000000       93.9619414
     170      17      12    1990      101.0000000       89.5072896
     171      18      12    1990       93.0000000       85.5305736
     172      19      12    1990       85.0000000       81.9547850
     173      20      12    1990       81.0000000       78.7308469
     174      21      12    1990      106.0000000       88.2452563
     175      22      12    1990      159.0000000      116.6753231
     176      23      12    1990      250.0000000      134.9002712
     177      24      12    1990      298.0000000      138.3907630
     178      25      12    1990      261.0000000      147.4103090
     179      26      12    1990      228.0000000      191.2187691
     180      27      12    1990      409.0000000      262.6390586
     181      28      12    1990      486.0000000      326.8630051
     182      29      12    1990      440.0000000      391.8743547
     183      30      12    1990      486.0000000      465.7679936
     184      31      12    1990      774.0000000      539.4311852
     185       1       1    1991      889.0000000      632.2619566
     186       2       1    1991      863.0000000      729.5735420
     187       3       1    1991      875.0000000      812.4202817
     188       4       1    1991      932.0000000      845.0891961
     189       5       1    1991      826.0000000      817.2846859
     190       6       1    1991      731.0000000      767.5290805
     191       7       1    1991      613.0000000      705.9889785
     192       8       1    1991      610.0000000      663.8313870
     193       9       1    1991      686.0000000      642.0122179
     194      10       1    1991      556.0000000      629.4946584
     195      11       1    1991      669.0000000      639.5383694
     196      12       1    1991      828.0000000      634.1003238
     197      13       1    1991      735.0000000      597.5276254
     198      14       1    1991      513.0000000      528.3393970
     199      15       1    1991      411.0000000      445.8337060
     200      16       1    1991      345.0000000      370.8230056
     201      17       1    1991      293.0000000      309.9937823
     202      18       1    1991      251.0000000      264.2144666
     203      19       1    1991      222.0000000      230.8293548
     204      20       1    1991      215.0000000      206.4461647
     205      21       1    1991      213.0000000      189.0935760
     206      22       1    1991      202.0000000      181.3999230
     207      23       1    1991      200.0000000      176.8718972
     208      24       1    1991      192.0000000      169.8429429
     209      25       1    1991      176.0000000      161.8375673
     210      26       1    1991      164.0000000      153.8591254
     211      27       1    1991      157.0000000      146.4895711
     212      28       1    1991      134.0000000      139.7894065
     213      29       1    1991      130.0000000      133.7673663
     214      30       1    1991      119.0000000      128.3560269
     215      31       1    1991      107.0000000      123.4786895
     216       1       2    1991      112.0000000      119.0672631
     217       2       2    1991      109.0000000      115.0632525
     218       3       2    1991      101.0000000      111.4164742
     219       4       2    1991       98.0000000      108.0837622
     220       5       2    1991       84.0000000      105.0278781
     221       6       2    1991       93.0000000      102.2166048
     222       7       2    1991       80.0000000       99.6219946
     223       8       2    1991       73.0000000       97.2197404
     224       9       2    1991       89.0000000       94.9886495
     225      10       2    1991       84.0000000       92.9102010
     226      11       2    1991       78.0000000       90.9681727
     227      12       2    1991       79.0000000       89.1483253
     228      13       2    1991       77.0000000       87.4381340
     229      14       2    1991       80.0000000       85.8265608
     230      15       2    1991       72.0000000       84.3038589
     231      16       2    1991       78.0000000       83.1032879
     232      17       2    1991       74.0000000       82.9884258
     233      18       2    1991       77.0000000       82.5049080
     234      19       2    1991       73.0000000       82.9355038
     235      20       2    1991       69.0000000       90.1365246
     236      21       2    1991       74.0000000      105.8223690
     237      22       2    1991       81.0000000      126.6440065
     238      23       2    1991      110.0000000      139.0162188
     239      24       2    1991      180.0000000      143.7172915
     240      25       2    1991      213.0000000      142.3086022
     241      26       2    1991      222.0000000      139.3003861
     242      27       2    1991      208.0000000      137.6551185
     243      28       2    1991      211.0000000      138.2641822
     244       1       3    1991      214.0000000      136.6280808
     245       2       3    1991      208.0000000      135.7448647
     246       3       3    1991      221.0000000      135.2968392
     247       4       3    1991      281.0000000      133.5438420
     248       5       3    1991      219.0000000      129.0839532
     249       6       3    1991      190.0000000      123.4092391
     250       7       3    1991      173.0000000      118.1471922
     251       8       3    1991      164.0000000      113.4116922
     252       9       3    1991      142.0000000      109.2240505
     253      10       3    1991      133.0000000      105.8586114
     254      11       3    1991      133.0000000      103.6189510
     255      12       3    1991      118.0000000      101.8017956
     256      13       3    1991      127.0000000       99.1818041
     257      14       3    1991      113.0000000       96.1766453
     258      15       3    1991      107.0000000       93.2958145
     259      16       3    1991      100.0000000       90.6430754
     260      17       3    1991      100.0000000       88.2020562
     261      18       3    1991       95.0000000       85.9601789
     262      19       3    1991       98.0000000       99.1912414
     263      20       3    1991      119.0000000      124.4076715
     264      21       3    1991      159.0000000      140.5774486
     265      22       3    1991      196.0000000      153.6702244
     266      23       3    1991      242.0000000      160.3100223
     267      24       3    1991      216.0000000      158.9179382
     268      25       3    1991      180.0000000      150.1214114
     269      26       3    1991      145.0000000      140.5283977
     270      27       3    1991      127.0000000      132.4385674
     271      28       3    1991      117.0000000      125.6570913
     272      29       3    1991      109.0000000      119.6803207
     273      30       3    1991      106.0000000      114.2206603
     274      31       3    1991       99.0000000      109.2644023
     275       1       4    1991       96.0000000      104.7946116
     276       2       4    1991       88.0000000      100.7604310
     277       3       4    1991       87.0000000       97.1084702
     278       4       4    1991       82.0000000       93.8982720
     279       5       4    1991       84.0000000       91.2445118
     280       6       4    1991       67.0000000       88.8273102
     281       7       4    1991       89.0000000       86.4724694
     282       8       4    1991       75.0000000       84.2501743
     283       9       4    1991       79.0000000       82.1207674
     284      10       4    1991       70.0000000       80.0730092
     285      11       4    1991       69.0000000       78.1377491
     286      12       4    1991       69.0000000       76.3290533
     287      13       4    1991       56.0000000       74.6415940
     288      14       4    1991       63.0000000       73.0642695
     289      15       4    1991       58.0000000       71.5863268
     290      16       4    1991       56.0000000       70.1987103
     291      17       4    1991       54.0000000       68.8912469
     292      18       4    1991       57.0000000       67.6697258
     293      19       4    1991       53.0000000       66.5916006
     294      20       4    1991       53.0000000       65.8031549
     295      21       4    1991       65.0000000       65.0257998
     296      22       4    1991       69.0000000       65.0021669
     297      23       4    1991       61.0000000       64.5110127
     298      24       4    1991       56.0000000       63.9142196
     299      25       4    1991       56.0000000       63.4162269
     300      26       4    1991       53.0000000       62.3582368
     301      27       4    1991       49.0000000       61.2055653
     302      28       4    1991       53.0000000       60.2028931
     303      29       4    1991       48.0000000       60.9852280
     304      30       4    1991       57.0000000       70.5895814
     305       1       5    1991       69.0000000       81.9482053
     306       2       5    1991       89.0000000       85.0557426
     307       3       5    1991      105.0000000       79.5456181
     308       4       5    1991       79.0000000       73.1008467
     309       5       5    1991       69.0000000       69.5302924
     310       6       5    1991       71.0000000       67.3875038
     311       7       5    1991       60.0000000       65.7226922
     312       8       5    1991       64.0000000       64.2320581
     313       9       5    1991       59.0000000       62.7769424
     314      10       5    1991       57.0000000       61.4041500
     315      11       5    1991       55.0000000       60.5830317
     316      12       5    1991       53.0000000       61.3640934
     317      13       5    1991       52.0000000       61.0350073
     318      14       5    1991       50.0000000       59.3939992
     319      15       5    1991       52.0000000       57.9793442
     320      16       5    1991       54.0000000       58.3883074
     321      17       5    1991       54.0000000       60.6265337
     322      18       5    1991       55.0000000       59.8535844
     323      19       5    1991       48.0000000       57.6146863
     324      20       5    1991       48.0000000       56.0525660
     325      21       5    1991       49.0000000       54.9435192
     326      22       5    1991       41.0000000       53.9773698
     327      23       5    1991       40.0000000       53.0706303
     328      24       5    1991       40.0000000       52.2070532
     329      25       5    1991       39.0000000       51.3817330
     330      26       5    1991       43.0000000       50.5914274
     331      27       5    1991       39.0000000       49.8333235
     332      28       5    1991       36.0000000       49.1048853
     333      29       5    1991       33.0000000       48.4038155
     334      30       5    1991       39.0000000       47.7280305
     335      31       5    1991       34.0000000       47.0756389
     336       1       6    1991       37.0000000       46.4449223
     337       2       6    1991       35.0000000       45.8343181
     338       3       6    1991       29.0000000       45.2424044
     339       4       6    1991       33.0000000       44.6678861
     340       5       6    1991       34.0000000       44.1096532
     341       6       6    1991       32.0000000       49.1047459
     342       7       6    1991       38.0000000       54.7540449
     343       8       6    1991       39.0000000       50.8394260
     344       9       6    1991       41.0000000       48.7232902
     345      10       6    1991       44.0000000       50.0300766
     346      11       6    1991       48.0000000       50.7542230
     347      12       6    1991       42.0000000       47.4243020
     348      13       6    1991       37.0000000       44.8415309
     349      14       6    1991       39.0000000       43.5619204
     350      15       6    1991       35.0000000       42.7753907
     351      16       6    1991       31.0000000       42.2445851
     352      17       6    1991       33.0000000       43.0130201
     353      18       6    1991       31.0000000       45.2786527
     354      19       6    1991       28.0000000       45.4708671
     355      20       6    1991       60.0000000       50.9130782
     356      21       6    1991       48.0000000       62.5533286
     357      22       6    1991       54.0000000       57.7364426
     358      23       6    1991       63.0000000       54.2997119
     359      24       6    1991       41.0000000       54.0772796
     360      25       6    1991       42.0000000       48.5908026
     361      26       6    1991       43.0000000       45.7262191
     362      27       6    1991       38.0000000       46.5986977
     363      28       6    1991       38.0000000       48.4577802
     364      29       6    1991       35.0000000       47.7539129
     365      30       6    1991       41.0000000       46.5292811
