      No     Day     Mon    Year  Qobs_0000000398  Qsim_0000000398
       1       1       1    1990      157.0000000       82.5346513
       2       2       1    1990      129.0000000       75.6767668
       3       3       1    1990      117.0000000       70.1519971
       4       4       1    1990      111.0000000       65.6743494
       5       5       1    1990      112.0000000       62.0217504
       6       6       1    1990       93.0000000       59.1890137
       7       7       1    1990       87.0000000       57.0474669
       8       8       1    1990       84.0000000       54.8729924
       9       9       1    1990       80.0000000       53.0442651
      10      10       1    1990       78.0000000       51.4913560
      11      11       1    1990       78.0000000       50.1589159
      12      12       1    1990       77.0000000       49.0031106
      13      13       1    1990       76.0000000       48.1730380
      14      14       1    1990       73.0000000       49.0905243
      15      15       1    1990       66.0000000       55.1861982
      16      16       1    1990       76.0000000       54.7317408
      17      17       1    1990       73.0000000       58.4426133
      18      18       1    1990       71.0000000       64.6138074
      19      19       1    1990       90.0000000       60.6821535
      20      20       1    1990       82.0000000       60.1393056
      21      21       1    1990       80.0000000       55.9557539
      22      22       1    1990       81.0000000       52.8993718
      23      23       1    1990       97.0000000      155.0196667
      24      24       1    1990      198.0000000      147.7784592
      25      25       1    1990      392.0000000      228.5689541
      26      26       1    1990      519.0000000      212.5676724
      27      27       1    1990      565.0000000      177.2398202
      28      28       1    1990      331.0000000      172.8677860
      29      29       1    1990      293.0000000      173.2864348
      30      30       1    1990      302.0000000      147.1179027
      31      31       1    1990      233.0000000      127.8924173
      32       1       2    1990      198.0000000      129.1454978
      33       2       2    1990      183.0000000      142.8542088
      34       3       2    1990      206.0000000      142.8722921
      35       4       2    1990      215.0000000      123.0974676
      36       5       2    1990      183.0000000      109.0498975
      37       6       2    1990      159.0000000       97.9640368
      38       7       2    1990      167.0000000       89.0986554
      39       8       2    1990      138.0000000       84.1455005
      40       9       2    1990      126.0000000       83.7842785
      41      10       2    1990      131.0000000      181.0913930
      42      11       2    1990      173.0000000      193.3761904
      43      12       2    1990      240.0000000      237.3649686
      44      13       2    1990      270.0000000      401.0723420
      45      14       2    1990      458.0000000      810.2805932
      46      15       2    1990      996.0000000      957.8802162
      47      16       2    1990     1370.0000000      762.9345373
      48      17       2    1990     1540.0000000      571.9608269
      49      18       2    1990     1210.0000000      439.5871441
      50      19       2    1990      616.0000000      347.8144268
      51      20       2    1990      465.0000000      289.9794979
      52      21       2    1990      373.0000000      247.8301854
      53      22       2    1990      298.0000000      215.0843018
      54      23       2    1990      270.0000000      189.4752650
      55      24       2    1990      234.0000000      169.3217808
      56      25       2    1990      218.0000000      157.4877171
      57      26       2    1990      203.0000000      298.3304679
      58      27       2    1990      314.0000000      472.7245826
      59      28       2    1990      520.0000000      669.6901510
      60       1       3    1990      689.0000000      675.9032711
      61       2       3    1990      777.0000000      532.6450260
      62       3       3    1990      584.0000000      415.6494342
      63       4       3    1990      429.0000000      344.5888177
      64       5       3    1990      365.0000000      297.2080093
      65       6       3    1990      281.0000000      258.1012693
      66       7       3    1990      257.0000000      227.7333350
      67       8       3    1990      231.0000000      203.9831658
      68       9       3    1990      211.0000000      185.2711463
      69      10       3    1990      191.0000000      170.4226983
      70      11       3    1990      182.0000000      158.5500987
      71      12       3    1990      173.0000000      148.9824402
      72      13       3    1990      159.0000000      141.4595191
      73      14       3    1990      153.0000000      137.0089058
      74      15       3    1990      141.0000000      133.8357007
      75      16       3    1990      136.0000000      128.8614858
      76      17       3    1990      130.0000000      124.4588401
      77      18       3    1990      123.0000000      120.7397196
      78      19       3    1990      115.0000000      117.5632912
      79      20       3    1990      113.0000000      114.9990601
      80      21       3    1990      102.0000000      112.7079972
      81      22       3    1990      105.0000000      110.8082048
      82      23       3    1990      106.0000000      109.1618140
      83      24       3    1990       87.0000000      107.7017526
      84      25       3    1990       80.0000000      107.6432301
      85      26       3    1990       84.0000000      105.9579318
      86      27       3    1990       82.0000000      104.6868832
      87      28       3    1990       91.0000000      116.8495290
      88      29       3    1990       97.0000000      124.1189760
      89      30       3    1990      110.0000000      121.1937585
      90      31       3    1990       97.0000000      116.3912048
      91       1       4    1990       93.0000000      111.9298873
      92       2       4    1990       85.0000000      108.1824831
      93       3       4    1990       84.0000000      111.2582736
      94       4       4    1990       81.0000000      117.5488573
      95       5       4    1990       81.0000000      112.0185666
      96       6       4    1990       76.0000000      112.0395596
      97       7       4    1990       72.0000000      107.5564997
      98       8       4    1990       68.0000000      103.8268587
      99       9       4    1990       72.0000000      100.6704151
     100      10       4    1990       65.0000000       97.9794533
     101      11       4    1990       62.0000000       96.9884587
     102      12       4    1990       62.0000000       97.0315089
     103      13       4    1990       65.0000000       99.6533335
     104      14       4    1990       68.0000000      128.3481687
     105      15       4    1990       75.0000000      127.9798828
     106      16       4    1990       90.0000000      126.0487298
     107      17       4    1990       92.0000000      130.8294917
     108      18       4    1990       94.0000000      133.2471004
     109      19       4    1990      110.0000000      123.4222214
     110      20       4    1990       99.0000000      115.4042709
     111      21       4    1990       86.0000000      108.9021541
     112      22       4    1990       86.0000000      107.0997320
     113      23       4    1990       86.0000000      113.1198649
     114      24       4    1990       88.0000000      114.9808293
     115      25       4    1990       93.0000000      108.8117385
     116      26       4    1990       99.0000000      103.2410389
     117      27       4    1990       86.0000000      100.8109266
     118      28       4    1990       74.0000000       98.5934394
     119      29       4    1990       72.0000000       94.6295933
     120      30       4    1990       77.0000000       91.1745306
     121       1       5    1990       56.0000000       88.2601657
     122       2       5    1990       64.0000000       85.7780734
     123       3       5    1990       58.0000000       83.6421226
     124       4       5    1990       50.0000000       81.7838304
     125       5       5    1990       50.0000000       80.1486978
     126       6       5    1990       50.0000000       78.6933174
     127       7       5    1990       50.0000000       77.3915360
     128       8       5    1990       53.0000000       76.9095449
     129       9       5    1990       62.0000000       76.1315983
     130      10       5    1990       64.0000000       77.6608822
     131      11       5    1990       65.0000000       78.3693358
     132      12       5    1990       75.0000000       74.5477760
     133      13       5    1990       71.0000000       73.3397902
     134      14       5    1990       63.0000000       72.3670452
     135      15       5    1990       61.0000000       71.3219176
     136      16       5    1990       49.0000000       70.3686108
     137      17       5    1990       46.0000000       69.4262999
     138      18       5    1990       46.0000000       68.5411433
     139      19       5    1990       48.0000000       67.7030936
     140      20       5    1990       41.0000000       66.9155585
     141      21       5    1990       45.0000000       72.6129551
     142      22       5    1990       52.0000000       70.5792408
     143      23       5    1990       50.0000000       72.2961439
     144      24       5    1990       56.0000000       74.7016612
     145      25       5    1990       41.0000000       69.0437137
     146      26       5    1990       40.0000000       66.1254796
     147      27       5    1990       39.0000000       64.9170833
     148      28       5    1990       39.0000000       63.8317292
     149      29       5    1990       33.0000000       62.8454939
     150      30       5    1990       37.0000000       61.9394142
     151      31       5    1990       30.0000000       61.0984341
     152       1       6    1990       37.0000000       73.8735779
     153       2       6    1990       36.0000000       73.5749721
     154       3       6    1990       40.0000000       98.8624200
     155       4       6    1990       45.0000000       76.9427851
     156       5       6    1990       39.0000000       67.6007987
     157       6       6    1990       48.0000000       65.1857832
     158       7       6    1990       39.0000000      116.4140377
     159       8       6    1990       49.0000000      110.7095506
     160       9       6    1990       84.0000000      102.0695212
     161      10       6    1990       91.0000000       90.6205432
     162      11       6    1990       80.0000000       82.5621699
     163      12       6    1990       66.0000000       77.0620008
     164      13       6    1990       53.0000000       72.6395001
     165      14       6    1990       64.0000000       68.8861482
     166      15       6    1990       55.0000000       65.8231131
     167      16       6    1990       54.0000000       63.2715981
     168      17       6    1990       42.0000000       61.1285066
     169      18       6    1990       48.0000000       59.5288412
     170      19       6    1990       48.0000000       82.7106519
     171      20       6    1990       60.0000000      100.5545667
     172      21       6    1990       75.0000000       96.3142120
     173      22       6    1990       78.0000000       87.1836573
     174      23       6    1990       66.0000000       79.6115469
     175      24       6    1990       63.0000000       73.5467601
     176      25       6    1990       52.0000000       68.9919715
     177      26       6    1990       49.0000000       65.2568310
     178      27       6    1990       44.0000000       67.4756495
     179      28       6    1990       51.0000000       65.2203270
     180      29       6    1990       61.0000000       91.1932101
     181      30       6    1990       81.0000000      117.6354104
     182       1       7    1990       79.0000000       79.9813406
     183       2       7    1990       92.0000000       67.7601572
     184       3       7    1990       72.0000000       76.2389771
     185       4       7    1990       58.0000000       98.0967384
     186       5       7    1990       69.0000000      133.9091000
     187       6       7    1990       94.0000000      114.3964496
     188       7       7    1990      199.0000000      118.2137071
     189       8       7    1990      133.0000000      118.3262356
     190       9       7    1990      124.0000000      101.6625849
     191      10       7    1990      123.0000000       91.3868788
     192      11       7    1990       99.0000000       83.1195280
     193      12       7    1990       88.0000000       76.4423214
     194      13       7    1990       84.0000000       71.0259328
     195      14       7    1990       72.0000000       66.6106096
     196      15       7    1990       55.0000000       62.9911740
     197      16       7    1990       65.0000000       60.0053372
     198      17       7    1990       50.0000000       57.5245741
     199      18       7    1990       50.0000000       55.4469800
     200      19       7    1990       46.0000000       53.6916682
     201      20       7    1990       44.0000000       52.1943685
     202      21       7    1990       42.0000000       50.9039629
     203      22       7    1990       37.0000000       49.7797556
     204      23       7    1990       38.0000000       48.7893185
     205      24       7    1990       44.0000000       47.9067882
     206      25       7    1990       30.0000000       47.1115193
     207      26       7    1990       26.0000000       46.3870176
     208      27       7    1990       31.0000000       45.7200939
     209      28       7    1990       33.0000000       48.3426726
     210      29       7    1990       42.0000000       45.3909536
     211      30       7    1990       36.0000000       44.0236618
     212      31       7    1990       34.0000000       43.4944696
     213       1       8    1990       25.0000000       42.9883476
     214       2       8    1990       22.0000000       42.5015791
     215       3       8    1990       28.0000000       42.0311717
     216       4       8    1990       25.0000000       41.5747140
     217       5       8    1990       19.0000000       41.1302597
     218       6       8    1990       22.0000000       40.6962363
     219       7       8    1990       19.0000000       40.2713707
     220       8       8    1990       22.0000000       39.8546308
     221       9       8    1990       19.0000000       39.4451780
     222      10       8    1990       20.0000000       39.0423294
     223      11       8    1990       19.0000000       38.6455275
     224      12       8    1990       19.0000000       38.2543157
     225      13       8    1990       22.0000000       42.4373736
     226      14       8    1990       36.0000000       65.3416738
     227      15       8    1990       31.0000000       49.2013879
     228      16       8    1990       30.0000000       44.0783369
     229      17       8    1990       28.0000000       41.0011606
     230      18       8    1990       34.0000000       37.4128369
     231      19       8    1990       21.0000000       36.8240061
     232      20       8    1990       30.0000000       36.2835264
     233      21       8    1990       22.0000000       35.7825296
     234      22       8    1990       21.0000000       35.3139059
     235      23       8    1990       23.0000000       34.8719497
     236      24       8    1990       20.0000000       34.4520790
     237      25       8    1990       29.0000000       34.0506578
     238      26       8    1990       20.0000000       33.7146954
     239      27       8    1990       22.0000000       34.4689292
     240      28       8    1990       23.0000000       33.5339458
     241      29       8    1990       35.0000000       32.7694465
     242      30       8    1990       51.0000000      131.6906139
     243      31       8    1990       80.0000000       82.4590080
     244       1       9    1990       56.0000000       40.0687157
     245       2       9    1990       33.0000000       35.9672265
     246       3       9    1990       27.0000000       34.8913370
     247       4       9    1990       27.0000000       39.7698034
     248       5       9    1990       28.0000000       37.9062962
     249       6       9    1990       26.0000000       34.9704237
     250       7       9    1990       24.0000000       34.9784486
     251       8       9    1990       33.0000000       33.6130736
     252       9       9    1990       26.0000000       32.5339674
     253      10       9    1990       27.0000000       31.7610963
     254      11       9    1990       22.0000000       31.0844850
     255      12       9    1990       22.0000000       30.4855491
     256      13       9    1990       21.0000000       29.9494395
     257      14       9    1990       22.0000000       29.4642805
     258      15       9    1990       22.0000000       29.0205645
     259      16       9    1990       22.0000000       28.6106728
     260      17       9    1990       20.0000000       28.2284946
     261      18       9    1990       22.0000000       27.8691238
     262      19       9    1990       16.0000000       27.5286179
     263      20       9    1990       22.0000000       27.2038055
     264      21       9    1990       19.0000000       28.3835885
     265      22       9    1990       32.0000000      104.8822881
     266      23       9    1990       27.0000000       59.6911444
     267      24       9    1990       45.0000000       42.8861459
     268      25       9    1990       42.0000000       34.3535634
     269      26       9    1990       39.0000000       32.1992969
     270      27       9    1990       30.0000000       30.7904495
     271      28       9    1990       28.0000000       29.6128287
     272      29       9    1990       30.0000000       28.6203402
     273      30       9    1990       30.0000000       90.4154011
     274       1      10    1990       56.0000000      116.3510038
     275       2      10    1990       72.0000000       75.4542657
     276       3      10    1990       73.0000000       83.8897418
     277       4      10    1990       68.0000000       67.7272028
     278       5      10    1990       53.0000000       58.7206251
     279       6      10    1990       42.0000000       51.8793829
     280       7      10    1990       33.0000000       46.7563601
     281       8      10    1990       42.0000000       42.6247808
     282       9      10    1990       34.0000000       39.2797565
     283      10      10    1990       36.0000000       36.5596492
     284      11      10    1990       36.0000000       34.3367304
     285      12      10    1990       28.0000000       32.5099149
     286      13      10    1990       32.0000000       30.9990922
     287      14      10    1990       27.0000000       29.7406935
     288      15      10    1990       35.0000000       28.7266414
     289      16      10    1990       42.0000000       28.2598197
     290      17      10    1990       35.0000000       34.7742025
     291      18      10    1990       39.0000000       33.3083219
     292      19      10    1990       34.0000000       29.0896607
     293      20      10    1990       32.0000000       28.0007779
     294      21      10    1990       34.0000000       27.0825491
     295      22      10    1990       27.0000000       26.3010155
     296      23      10    1990       31.0000000       25.6291450
     297      24      10    1990       28.0000000       25.0453994
     298      25      10    1990       25.0000000       24.6530035
     299      26      10    1990       29.0000000       33.8615311
     300      27      10    1990       31.0000000       44.2134544
     301      28      10    1990       65.0000000      191.1922864
     302      29      10    1990       69.0000000      142.2204903
     303      30      10    1990      157.0000000      102.3932670
     304      31      10    1990      190.0000000       84.1385584
     305       1      11    1990      115.0000000       85.0614303
     306       2      11    1990      104.0000000       98.0815533
     307       3      11    1990      100.0000000      104.9532420
     308       4      11    1990      131.0000000      108.7443014
     309       5      11    1990      130.0000000      101.6150914
     310       6      11    1990      115.0000000       86.2380697
     311       7      11    1990      102.0000000       74.8056703
     312       8      11    1990       95.0000000       65.6869904
     313       9      11    1990       81.0000000       58.3971630
     314      10      11    1990       66.0000000       60.8399836
     315      11      11    1990       67.0000000       99.9546931
     316      12      11    1990       74.0000000      104.0861963
     317      13      11    1990      109.0000000       96.8171899
     318      14      11    1990       92.0000000      126.6761485
     319      15      11    1990       92.0000000      128.1389940
     320      16      11    1990      155.0000000      120.4204970
     321      17      11    1990      159.0000000      107.9753441
     322      18      11    1990      131.0000000      119.5460962
     323      19      11    1990      161.0000000      126.6265588
     324      20      11    1990      196.0000000      238.7182600
     325      21      11    1990      336.0000000      219.0136176
     326      22      11    1990      566.0000000      235.6971949
     327      23      11    1990      373.0000000      257.5079088
     328      24      11    1990      293.0000000      223.7132856
     329      25      11    1990      264.0000000      203.0138971
     330      26      11    1990      226.0000000      172.7453827
     331      27      11    1990      201.0000000      147.6421919
     332      28      11    1990      180.0000000      127.2730111
     333      29      11    1990      161.0000000      118.9361583
     334      30      11    1990      149.0000000      106.2396451
     335       1      12    1990      134.0000000       93.2318536
     336       2      12    1990      113.0000000       84.0032280
     337       3      12    1990       99.0000000       76.6299602
     338       4      12    1990      107.0000000       70.7747570
     339       5      12    1990       99.0000000       65.9820016
     340       6      12    1990       89.0000000       62.0092035
     341       7      12    1990       77.0000000       58.7531885
     342       8      12    1990       71.0000000       56.0682358
     343       9      12    1990       68.0000000       55.7775017
     344      10      12    1990       73.0000000       52.2557533
     345      11      12    1990       84.0000000       50.6238726
     346      12      12    1990       88.0000000       69.8612594
     347      13      12    1990       92.0000000       67.4110642
     348      14      12    1990      128.0000000       56.8608535
     349      15      12    1990      136.0000000       53.0814622
     350      16      12    1990      114.0000000       51.0876080
     351      17      12    1990      101.0000000       49.4243339
     352      18      12    1990       93.0000000       48.0187616
     353      19      12    1990       85.0000000       46.8158780
     354      20      12    1990       81.0000000       48.5301951
     355      21      12    1990      106.0000000       80.8609919
     356      22      12    1990      159.0000000       86.9777291
     357      23      12    1990      250.0000000       83.2955165
     358      24      12    1990      298.0000000       75.5779841
     359      25      12    1990      261.0000000      135.9077833
     360      26      12    1990      228.0000000      212.0541074
     361      27      12    1990      409.0000000      229.0985583
     362      28      12    1990      486.0000000      239.3239568
     363      29      12    1990      440.0000000      352.9225054
     364      30      12    1990      486.0000000      476.7525911
     365      31      12    1990      774.0000000      639.8006295
     366       1       1    1991      889.0000000      609.7055871
     367       2       1    1991      863.0000000      636.6324461
     368       3       1    1991      875.0000000      623.1926175
     369       4       1    1991      932.0000000      511.4090620
     370       5       1    1991      826.0000000      483.1114231
     371       6       1    1991      731.0000000      441.6298425
     372       7       1    1991      613.0000000      444.0341713
     373       8       1    1991      610.0000000      428.5703538
     374       9       1    1991      686.0000000      374.4337035
     375      10       1    1991      556.0000000      411.0866842
     376      11       1    1991      669.0000000      425.2221533
     377      12       1    1991      828.0000000      386.3621026
     378      13       1    1991      735.0000000      318.4339858
     379      14       1    1991      513.0000000      271.0581986
     380      15       1    1991      411.0000000      234.8175779
     381      16       1    1991      345.0000000      206.7624823
     382      17       1    1991      293.0000000      184.8688984
     383      18       1    1991      251.0000000      167.6522192
     384      19       1    1991      222.0000000      154.0383572
     385      20       1    1991      215.0000000      143.3890868
     386      21       1    1991      213.0000000      138.2335132
     387      22       1    1991      202.0000000      137.4426732
     388      23       1    1991      200.0000000      130.2054979
     389      24       1    1991      192.0000000      123.7776369
     390      25       1    1991      176.0000000      118.4280055
     391      26       1    1991      164.0000000      114.0117488
     392      27       1    1991      157.0000000      110.3237204
     393      28       1    1991      134.0000000      107.2065350
     394      29       1    1991      130.0000000      104.5388267
     395      30       1    1991      119.0000000      102.2265636
     396      31       1    1991      107.0000000      100.1965819
     397       1       2    1991      112.0000000       98.3917347
     398       2       2    1991      109.0000000       96.7672286
     399       3       2    1991      101.0000000       95.2878403
     400       4       2    1991       98.0000000       93.9257890
     401       5       2    1991       84.0000000       92.6591033
     402       6       2    1991       93.0000000       91.4703609
     403       7       2    1991       80.0000000       90.3457135
     404       8       2    1991       73.0000000       89.2741270
     405       9       2    1991       89.0000000       88.2467904
     406      10       2    1991       84.0000000       87.2566521
     407      11       2    1991       78.0000000       86.2980566
     408      12       2    1991       79.0000000       85.3664578
     409      13       2    1991       77.0000000       84.4581938
     410      14       2    1991       80.0000000       83.5703077
     411      15       2    1991       72.0000000       82.7004068
     412      16       2    1991       78.0000000       82.5734541
     413      17       2    1991       74.0000000       82.6537086
     414      18       2    1991       77.0000000       81.8802599
     415      19       2    1991       73.0000000       99.9274234
     416      20       2    1991       69.0000000      114.7942911
     417      21       2    1991       74.0000000      135.0959861
     418      22       2    1991       81.0000000      138.1581008
     419      23       2    1991      110.0000000      133.9108828
     420      24       2    1991      180.0000000      141.1893079
     421      25       2    1991      213.0000000      154.3566870
     422      26       2    1991      222.0000000      162.6063396
     423      27       2    1991      208.0000000      163.3197321
     424      28       2    1991      211.0000000      152.8017971
     425       1       3    1991      214.0000000      138.5357838
     426       2       3    1991      208.0000000      134.5118375
     427       3       3    1991      221.0000000      126.9497690
     428       4       3    1991      281.0000000      116.3674504
     429       5       3    1991      219.0000000      108.5829556
     430       6       3    1991      190.0000000      102.2722494
     431       7       3    1991      173.0000000       97.0831633
     432       8       3    1991      164.0000000       92.9273076
     433       9       3    1991      142.0000000       89.5889497
     434      10       3    1991      133.0000000       89.4684176
     435      11       3    1991      133.0000000       88.0164805
     436      12       3    1991      118.0000000       85.2045056
     437      13       3    1991      127.0000000       82.6114092
     438      14       3    1991      113.0000000       80.3954865
     439      15       3    1991      107.0000000       78.4813363
     440      16       3    1991      100.0000000       76.8091434
     441      17       3    1991      100.0000000       75.3317838
     442      18       3    1991       95.0000000       74.0162970
     443      19       3    1991       98.0000000      135.9460334
     444      20       3    1991      119.0000000      119.3755206
     445      21       3    1991      159.0000000      143.8636733
     446      22       3    1991      196.0000000      158.1558470
     447      23       3    1991      242.0000000      146.2820474
     448      24       3    1991      216.0000000      130.2789191
     449      25       3    1991      180.0000000      118.2206575
     450      26       3    1991      145.0000000      108.6400376
     451      27       3    1991      127.0000000      101.0084394
     452      28       3    1991      117.0000000       94.6203958
     453      29       3    1991      109.0000000       89.4033063
     454      30       3    1991      106.0000000       85.1153672
     455      31       3    1991       99.0000000       81.5638083
     456       1       4    1991       96.0000000       78.5970982
     457       2       4    1991       88.0000000       76.0958596
     458       3       4    1991       87.0000000       73.9658591
     459       4       4    1991       82.0000000       72.2377869
     460       5       4    1991       84.0000000       70.7753415
     461       6       4    1991       67.0000000       69.3288272
     462       7       4    1991       89.0000000       68.0712112
     463       8       4    1991       75.0000000       66.9317688
     464       9       4    1991       79.0000000       65.8826736
     465      10       4    1991       70.0000000       64.9190881
     466      11       4    1991       69.0000000       64.0257279
     467      12       4    1991       69.0000000       63.1898477
     468      13       4    1991       56.0000000       62.4012533
     469      14       4    1991       63.0000000       61.6522762
     470      15       4    1991       58.0000000       60.9357885
     471      16       4    1991       56.0000000       60.2460863
     472      17       4    1991       54.0000000       59.5795020
     473      18       4    1991       57.0000000       58.9352491
     474      19       4    1991       53.0000000       58.4075618
     475      20       4    1991       53.0000000       58.2070882
     476      21       4    1991       65.0000000       57.9961054
     477      22       4    1991       69.0000000       58.3959473
     478      23       4    1991       61.0000000       59.8218797
     479      24       4    1991       56.0000000       59.2238596
     480      25       4    1991       56.0000000       57.9727950
     481      26       4    1991       53.0000000       56.8356306
     482      27       4    1991       49.0000000       55.8209008
     483      28       4    1991       53.0000000       54.9053592
     484      29       4    1991       48.0000000       55.7427741
     485      30       4    1991       57.0000000      103.0617320
     486       1       5    1991       69.0000000       84.0806473
     487       2       5    1991       89.0000000       71.6291666
     488       3       5    1991      105.0000000       67.3488661
     489       4       5    1991       79.0000000       63.8427694
     490       5       5    1991       69.0000000       61.0307675
     491       6       5    1991       71.0000000       59.0715106
     492       7       5    1991       60.0000000       57.1119656
     493       8       5    1991       64.0000000       55.2738766
     494       9       5    1991       59.0000000       53.7078047
     495      10       5    1991       57.0000000       57.2566388
     496      11       5    1991       55.0000000       62.6426201
     497      12       5    1991       53.0000000       60.1581823
     498      13       5    1991       52.0000000       57.4365298
     499      14       5    1991       50.0000000       55.4752104
     500      15       5    1991       52.0000000       64.6066483
     501      16       5    1991       54.0000000       67.8182226
     502      17       5    1991       54.0000000       62.2064336
     503      18       5    1991       55.0000000       58.6427492
     504      19       5    1991       48.0000000       55.7087362
     505      20       5    1991       48.0000000       53.2772290
     506      21       5    1991       49.0000000       51.2471391
     507      22       5    1991       41.0000000       49.5380584
     508      23       5    1991       40.0000000       48.0859889
     509      24       5    1991       40.0000000       46.8399625
     510      25       5    1991       39.0000000       45.7593637
     511      26       5    1991       43.0000000       44.8118066
     512      27       5    1991       39.0000000       43.9714519
     513      28       5    1991       36.0000000       43.2176710
     514      29       5    1991       33.0000000       42.5339844
     515      30       5    1991       39.0000000       41.9072194
     516      31       5    1991       34.0000000       41.3268393
     517       1       6    1991       37.0000000       40.7844101
     518       2       6    1991       35.0000000       40.2731765
     519       3       6    1991       29.0000000       39.7877232
     520       4       6    1991       33.0000000       39.3237062
     521       5       6    1991       34.0000000       38.8937402
     522       6       6    1991       32.0000000       53.3251242
     523       7       6    1991       38.0000000       52.5112939
     524       8       6    1991       39.0000000       43.0692376
     525       9       6    1991       41.0000000       43.9712403
     526      10       6    1991       44.0000000       50.1574173
     527      11       6    1991       48.0000000       42.0135864
     528      12       6    1991       42.0000000       40.0512896
     529      13       6    1991       37.0000000       38.9871532
     530      14       6    1991       39.0000000       38.0660812
     531      15       6    1991       35.0000000       38.3791373
     532      16       6    1991       31.0000000       44.5302775
     533      17       6    1991       33.0000000       48.2644918
     534      18       6    1991       31.0000000       45.7251808
     535      19       6    1991       28.0000000       43.2585543
     536      20       6    1991       60.0000000       78.4368048
     537      21       6    1991       48.0000000       50.9525743
     538      22       6    1991       54.0000000       41.7424268
     539      23       6    1991       63.0000000       51.0459310
     540      24       6    1991       41.0000000       41.0417805
     541      25       6    1991       42.0000000       37.6639707
     542      26       6    1991       43.0000000       36.4645768
     543      27       6    1991       38.0000000       45.0467955
     544      28       6    1991       38.0000000       45.4866716
     545      29       6    1991       35.0000000       41.1685114
     546      30       6    1991       41.0000000       38.7881163
     547       1       7    1991       41.0000000       37.1081845
     548       2       7    1991       38.0000000       35.7037594
     549       3       7    1991       34.0000000       34.5199194
     550       4       7    1991       27.0000000       33.5129051
     551       5       7    1991       31.0000000       32.6478282
     552       6       7    1991       30.0000000       31.8968548
     553       7       7    1991       26.0000000       38.2055520
     554       8       7    1991       30.0000000       35.1932604
     555       9       7    1991       31.0000000       30.8226990
     556      10       7    1991       23.0000000       30.2296739
     557      11       7    1991       35.0000000       29.6990098
     558      12       7    1991       19.0000000       32.5171944
     559      13       7    1991       24.0000000       64.8267610
     560      14       7    1991       26.0000000       48.6177773
     561      15       7    1991       27.0000000       38.0127220
     562      16       7    1991       41.0000000       35.3773132
     563      17       7    1991       34.0000000       33.6262488
     564      18       7    1991       27.0000000       32.1725484
     565      19       7    1991       25.0000000       30.9567874
     566      20       7    1991       23.0000000       29.9316230
     567      21       7    1991       22.0000000       29.0593136
     568      22       7    1991       27.0000000       28.3097525
     569      23       7    1991       23.0000000       27.6589083
     570      24       7    1991       21.0000000       29.0209735
     571      25       7    1991       23.0000000       48.9135980
     572      26       7    1991       33.0000000       40.5572450
     573      27       7    1991       23.0000000       30.8976033
     574      28       7    1991       29.0000000       29.3322556
     575      29       7    1991       30.0000000       28.2595615
     576      30       7    1991       35.0000000       45.0481974
     577      31       7    1991       27.0000000       39.9073591
     578       1       8    1991       45.0000000       32.2041733
     579       2       8    1991       47.0000000       30.4517463
     580       3       8    1991       40.0000000       29.0037619
     581       4       8    1991       35.0000000       27.7992425
     582       5       8    1991       26.0000000       26.7895833
     583       6       8    1991       23.0000000       25.9360543
     584       7       8    1991       30.0000000       29.2825269
     585       8       8    1991       33.0000000       27.7219625
     586       9       8    1991       30.0000000       24.3522835
     587      10       8    1991       28.0000000       23.6047040
     588      11       8    1991       19.0000000       23.1705332
     589      12       8    1991       20.0000000       22.7799641
     590      13       8    1991       16.0000000       22.4247770
     591      14       8    1991       18.0000000       22.0983884
     592      15       8    1991       18.0000000       21.7955220
     593      16       8    1991       20.0000000       21.5119460
     594      17       8    1991       16.0000000       21.2442640
     595      18       8    1991       15.0000000       20.9897481
     596      19       8    1991       15.0000000       20.7462056
     597      20       8    1991       14.0000000       20.5118723
     598      21       8    1991       15.0000000       20.2853277
     599      22       8    1991       13.0000000       20.0654494
     600      23       8    1991       12.0000000       19.9018793
     601      24       8    1991       11.0000000       19.7164710
     602      25       8    1991       12.0000000       19.4739658
     603      26       8    1991       11.0000000       19.2663982
     604      27       8    1991       13.0000000       19.0635914
     605      28       8    1991       11.0000000       18.8649714
     606      29       8    1991       12.0000000       18.6700731
     607      30       8    1991       12.0000000       18.4785190
     608      31       8    1991       11.0000000       18.2900015
     609       1       9    1991       11.0000000       20.0033687
     610       2       9    1991       17.0000000       19.3640430
     611       3       9    1991       11.0000000       17.7527104
     612       4       9    1991       12.0000000       17.5733188
     613       5       9    1991       11.0000000       17.3962696
     614       6       9    1991       11.0000000       17.2214287
     615       7       9    1991       18.0000000       17.0486852
     616       8       9    1991       11.0000000       16.8779466
     617       9       9    1991       13.0000000       16.7091357
     618      10       9    1991       12.0000000       17.1109092
     619      11       9    1991       11.0000000       54.4256016
     620      12       9    1991       20.0000000       27.2861694
     621      13       9    1991       21.0000000       17.2383091
     622      14       9    1991       29.0000000       16.8697929
     623      15       9    1991       28.0000000       16.5436841
     624      16       9    1991       20.0000000       16.2518964
     625      17       9    1991       20.0000000       15.9879521
     626      18       9    1991       20.0000000       15.7466588
     627      19       9    1991       12.0000000       15.5238516
     628      20       9    1991       11.0000000       15.3161871
     629      21       9    1991       11.0000000       15.1209800
     630      22       9    1991       22.0000000       39.7104455
     631      23       9    1991       14.0000000       24.6099516
     632      24       9    1991       48.0000000       15.7807386
     633      25       9    1991       45.0000000       79.6370518
     634      26       9    1991       80.0000000       56.7683061
     635      27       9    1991       61.0000000       36.8491556
     636      28       9    1991       61.0000000       70.6845545
     637      29       9    1991       65.0000000       53.1487843
     638      30       9    1991       63.0000000       33.7078128
     639       1      10    1991       90.0000000       24.9349632
     640       2      10    1991       59.0000000       22.8595721
     641       3      10    1991       45.0000000       21.1568635
     642       4      10    1991       42.0000000       19.7756185
     643       5      10    1991       41.0000000       73.3037007
     644       6      10    1991       41.0000000       49.4975789
     645       7      10    1991       73.0000000       30.3298699
     646       8      10    1991       96.0000000       27.2101068
     647       9      10    1991       61.0000000       24.7115819
     648      10      10    1991       44.0000000       22.6956552
     649      11      10    1991       42.0000000       21.0882374
     650      12      10    1991       41.0000000       43.9016003
     651      13      10    1991       42.0000000       38.6991976
     652      14      10    1991       61.0000000       28.9152291
     653      15      10    1991       55.0000000       26.0758855
     654      16      10    1991       41.0000000       24.5905001
     655      17      10    1991       48.0000000       37.4209735
     656      18      10    1991       52.0000000       57.3586671
     657      19      10    1991       66.0000000       35.5613903
     658      20      10    1991       59.0000000       29.9569565
     659      21      10    1991       71.0000000       27.6672912
     660      22      10    1991       74.0000000       25.0274603
     661      23      10    1991       70.0000000       22.9933613
     662      24      10    1991       59.0000000       21.3185391
     663      25      10    1991       57.0000000       19.9508698
     664      26      10    1991       57.0000000       18.8282863
     665      27      10    1991       51.0000000       17.9014878
     666      28      10    1991       47.0000000       17.1312723
     667      29      10    1991       48.0000000       16.4864370
     668      30      10    1991       45.0000000       17.9327014
     669      31      10    1991       43.0000000       19.1455386
     670       1      11    1991       40.0000000       28.7329184
     671       2      11    1991       47.0000000       29.5097185
     672       3      11    1991       46.0000000       67.0359395
     673       4      11    1991       76.0000000       91.4677528
     674       5      11    1991       60.0000000       71.9138783
     675       6      11    1991      132.0000000       61.3051487
     676       7      11    1991      133.0000000       72.0768922
     677       8      11    1991      113.0000000       94.5256663
     678       9      11    1991      120.0000000       82.0299270
     679      10      11    1991      141.0000000       68.9958574
     680      11      11    1991      208.0000000       99.6745097
     681      12      11    1991      166.0000000      132.8581987
     682      13      11    1991      183.0000000      199.6476742
     683      14      11    1991      299.0000000      276.4483307
     684      15      11    1991      521.0000000      227.1523008
     685      16      11    1991      443.0000000      195.3073805
     686      17      11    1991      304.0000000      167.5552963
     687      18      11    1991      231.0000000      178.9818848
     688      19      11    1991      192.0000000      169.1540436
     689      20      11    1991      199.0000000      159.6575425
     690      21      11    1991      201.0000000      147.7014687
     691      22      11    1991      173.0000000      124.6931156
     692      23      11    1991      159.0000000      106.4073982
     693      24      11    1991      160.0000000       91.8197987
     694      25      11    1991      146.0000000       80.1851565
     695      26      11    1991      110.0000000       70.8817084
     696      27      11    1991      114.0000000       63.4204293
     697      28      11    1991       97.0000000       57.4189335
     698      29      11    1991       89.0000000       52.5743014
     699      30      11    1991       73.0000000       48.6477221
     700       1      12    1991       69.0000000       45.4506351
     701       2      12    1991       67.0000000       42.8339467
     702       3      12    1991       63.0000000       40.6796167
     703       4      12    1991       58.0000000       38.8940776
     704       5      12    1991       59.0000000       37.4030772
     705       6      12    1991       53.0000000       36.1476288
     706       7      12    1991       54.0000000       35.0808253
     707       8      12    1991       51.0000000       34.1653303
     708       9      12    1991       47.0000000       33.3713972
     709      10      12    1991       42.0000000       32.6753061
     710      11      12    1991       40.0000000       32.0581257
     711      12      12    1991       39.0000000       31.5047345
     712      13      12    1991       36.0000000       31.0030440
     713      14      12    1991       37.0000000       30.5433820
     714      15      12    1991       32.0000000       30.1180041
     715      16      12    1991       37.0000000       50.1577628
     716      17      12    1991       62.0000000      174.7110249
     717      18      12    1991      118.0000000      209.9216805
     718      19      12    1991      170.0000000      305.3554638
     719      20      12    1991      229.0000000      334.2881316
     720      21      12    1991      448.0000000      467.4322215
     721      22      12    1991      464.0000000      574.9995028
     722      23      12    1991      675.0000000      480.6265184
     723      24      12    1991      844.0000000      384.8953940
     724      25      12    1991      569.0000000      300.3569094
     725      26      12    1991      358.0000000      241.1751532
     726      27      12    1991      279.0000000      203.8804139
     727      28      12    1991      238.0000000      175.0600993
     728      29      12    1991      201.0000000      151.3898784
     729      30      12    1991      185.0000000      132.6320200
     730      31      12    1991      165.0000000      117.7077144
     731       1       1    1992      140.0000000      105.9424951
     732       2       1    1992      126.0000000       97.7917773
     733       3       1    1992      117.0000000       90.7918051
     734       4       1    1992      114.0000000       85.3738136
     735       5       1    1992      108.0000000       79.6456397
     736       6       1    1992      108.0000000       74.8159731
     737       7       1    1992      101.0000000       71.0933846
     738       8       1    1992       97.0000000       68.3531087
     739       9       1    1992       89.0000000       92.4531466
     740      10       1    1992      111.0000000      132.0222047
     741      11       1    1992      135.0000000      118.9606146
     742      12       1    1992      171.0000000      105.0847098
     743      13       1    1992      125.0000000       95.3721409
     744      14       1    1992      111.0000000       87.5673104
     745      15       1    1992      100.0000000       81.5312971
     746      16       1    1992       87.0000000       77.1106091
     747      17       1    1992       75.0000000       72.7409816
     748      18       1    1992       79.0000000       69.1497056
     749      19       1    1992       70.0000000       71.0466984
     750      20       1    1992       72.0000000       67.5324175
     751      21       1    1992       87.0000000       63.5293523
     752      22       1    1992       79.0000000       61.4301066
     753      23       1    1992       71.0000000       59.6586220
     754      24       1    1992       66.0000000       58.1383248
     755      25       1    1992       67.0000000       56.8188440
     756      26       1    1992       65.0000000       55.6603466
     757      27       1    1992       59.0000000       54.6313323
     758      28       1    1992       57.0000000       53.7389799
     759      29       1    1992       54.0000000       53.1548126
     760      30       1    1992       59.0000000       56.7593965
     761      31       1    1992       57.0000000       65.2103028
     762       1       2    1992       56.0000000       66.7908710
     763       2       2    1992       54.0000000       65.6707153
     764       3       2    1992       58.0000000       64.6611004
     765       4       2    1992       63.0000000      131.8016253
     766       5       2    1992       76.0000000      194.7253386
     767       6       2    1992      250.0000000      215.4895346
     768       7       2    1992      346.0000000      181.5476795
     769       8       2    1992      241.0000000      155.8667013
     770       9       2    1992      180.0000000      147.2689814
     771      10       2    1992      164.0000000      143.8656641
     772      11       2    1992      183.0000000      159.5755625
     773      12       2    1992      215.0000000      161.6933624
     774      13       2    1992      265.0000000      159.8124779
     775      14       2    1992      287.0000000      161.2447310
     776      15       2    1992      272.0000000      165.1599577
     777      16       2    1992      253.0000000      186.6547332
     778      17       2    1992      301.0000000      168.8784681
     779      18       2    1992      275.0000000      145.1599369
     780      19       2    1992      224.0000000      128.0260041
     781      20       2    1992      194.0000000      114.3973986
     782      21       2    1992      173.0000000      103.5409548
     783      22       2    1992      157.0000000       95.3747173
     784      23       2    1992      142.0000000       92.7271324
     785      24       2    1992      133.0000000       95.9310631
     786      25       2    1992      128.0000000       94.6352623
     787      26       2    1992      125.0000000       87.4389216
     788      27       2    1992      125.0000000       81.5860676
     789      28       2    1992      110.0000000       76.8042150
     790      29       2    1992      107.0000000       72.8744554
     791       1       3    1992       97.0000000       69.6550406
     792       2       3    1992       97.0000000       69.9124319
     793       3       3    1992       86.0000000       74.1991896
     794       4       3    1992       93.0000000       70.1231259
     795       5       3    1992       86.0000000       67.1162365
     796       6       3    1992       82.0000000       64.6021853
     797       7       3    1992       80.0000000       62.4730804
     798       8       3    1992       77.0000000       60.6634520
     799       9       3    1992       73.0000000       59.1097727
     800      10       3    1992       76.0000000       57.7857468
     801      11       3    1992       68.0000000       56.6326548
     802      12       3    1992       70.0000000      114.8062000
     803      13       3    1992      116.0000000      175.3882701
     804      14       3    1992      206.0000000      209.0991180
     805      15       3    1992      433.0000000      261.6573516
     806      16       3    1992      495.0000000      259.4514133
     807      17       3    1992      331.0000000      213.3696257
     808      18       3    1992      240.0000000      182.3371240
     809      19       3    1992      215.0000000      157.9570480
     810      20       3    1992      185.0000000      138.6197012
     811      21       3    1992      185.0000000      129.0704352
     812      22       3    1992      185.0000000      213.6484054
     813      23       3    1992      213.0000000      282.3787104
     814      24       3    1992      466.0000000      309.1024046
     815      25       3    1992      580.0000000      302.0953082
     816      26       3    1992      566.0000000      268.9166117
     817      27       3    1992      487.0000000      239.8751492
     818      28       3    1992      387.0000000      222.2834506
     819      29       3    1992      311.0000000      198.7026873
     820      30       3    1992      270.0000000      182.5807092
     821      31       3    1992      246.0000000      188.1931247
     822       1       4    1992      229.0000000      201.7974393
     823       2       4    1992      222.0000000      192.2884907
     824       3       4    1992      217.0000000      241.2397910
     825       4       4    1992      208.0000000      292.5654566
     826       5       4    1992      220.0000000      257.9286483
     827       6       4    1992      210.0000000      221.7131679
     828       7       4    1992      190.0000000      193.2679383
     829       8       4    1992      173.0000000      170.6340399
     830       9       4    1992      166.0000000      152.5511300
     831      10       4    1992      133.0000000      138.0544469
     832      11       4    1992      126.0000000      126.3885336
     833      12       4    1992      124.0000000      116.9605760
     834      13       4    1992      116.0000000      109.3084963
     835      14       4    1992      112.0000000      112.4156659
     836      15       4    1992      111.0000000      159.5387839
     837      16       4    1992      137.0000000      157.4219865
     838      17       4    1992      206.0000000      145.0042204
     839      18       4    1992      176.0000000      137.7639495
     840      19       4    1992      161.0000000      124.8335109
     841      20       4    1992      161.0000000      115.4994980
     842      21       4    1992      139.0000000      107.9752345
     843      22       4    1992      139.0000000      101.8678540
     844      23       4    1992      123.0000000       96.8722850
     845      24       4    1992      119.0000000       92.7525169
     846      25       4    1992      111.0000000       89.3245943
     847      26       4    1992       94.0000000       86.4555683
     848      27       4    1992       94.0000000       89.9049555
     849      28       4    1992      102.0000000       99.6554078
     850      29       4    1992      120.0000000       99.8929355
     851      30       4    1992      120.0000000       94.9681181
     852       1       5    1992      114.0000000      135.6379377
     853       2       5    1992      115.0000000      147.7383965
     854       3       5    1992      206.0000000      134.0025092
     855       4       5    1992      215.0000000      121.8553623
     856       5       5    1992      125.0000000      112.1186411
     857       6       5    1992      123.0000000      104.2489365
     858       7       5    1992      113.0000000       97.8531886
     859       8       5    1992       77.0000000       92.6233159
     860       9       5    1992       83.0000000       88.3242260
     861      10       5    1992       83.0000000       92.2114936
     862      11       5    1992       96.0000000       88.1734066
     863      12       5    1992      120.0000000       80.2010327
     864      13       5    1992       80.0000000       77.6333067
     865      14       5    1992       76.0000000       75.7002545
     866      15       5    1992       69.0000000       74.0192359
     867      16       5    1992       63.0000000       72.5404822
     868      17       5    1992       61.0000000       71.2244548
     869      18       5    1992       60.0000000       70.0397040
     870      19       5    1992       59.0000000       68.9611845
     871      20       5    1992       67.0000000       67.9689286
     872      21       5    1992       51.0000000       67.0475774
     873      22       5    1992       44.0000000       66.1835520
     874      23       5    1992       42.0000000       65.3664951
     875      24       5    1992       51.0000000       64.7473340
     876      25       5    1992       42.0000000       64.4269937
     877      26       5    1992       54.0000000       76.0158219
     878      27       5    1992       53.0000000       64.9761919
     879      28       5    1992       59.0000000       62.3414717
     880      29       5    1992       55.0000000       64.4645168
     881      30       5    1992       54.0000000       65.2966126
     882      31       5    1992       48.0000000       62.7177915
     883       1       6    1992       63.0000000       66.6707255
     884       2       6    1992       61.0000000       66.6612090
     885       3       6    1992       55.0000000       69.6870757
     886       4       6    1992       75.0000000       92.6115711
     887       5       6    1992       53.0000000      102.2573658
     888       6       6    1992       77.0000000       96.0974476
     889       7       6    1992      114.0000000       97.4704737
     890       8       6    1992      167.0000000      112.7869117
     891       9       6    1992      116.0000000       93.1247165
     892      10       6    1992       91.0000000       83.1353073
     893      11       6    1992       85.0000000       77.5522209
     894      12       6    1992       68.0000000       73.0123438
     895      13       6    1992       71.0000000       69.2828307
     896      14       6    1992       63.0000000       66.1985391
     897      15       6    1992       59.0000000       63.6286117
     898      16       6    1992       46.0000000       61.4692587
     899      17       6    1992       44.0000000       59.6380829
     900      18       6    1992       39.0000000       58.0696118
     901      19       6    1992       41.0000000       56.7122211
     902      20       6    1992       44.0000000       56.3606288
     903      21       6    1992       39.0000000       54.7856002
     904      22       6    1992       32.0000000       53.6349153
     905      23       6    1992       40.0000000       54.5532796
     906      24       6    1992       41.0000000       66.9623468
     907      25       6    1992       42.0000000       61.7774416
     908      26       6    1992       42.0000000       56.0731537
     909      27       6    1992       48.0000000       54.3580264
     910      28       6    1992       37.0000000       52.9323221
     911      29       6    1992       40.0000000       51.6972583
     912      30       6    1992       29.0000000       50.8326386
     913       1       7    1992       30.0000000       51.1611117
     914       2       7    1992       36.0000000       49.8418628
     915       3       7    1992       29.0000000       58.9813190
     916       4       7    1992       36.0000000       67.6218716
     917       5       7    1992       50.0000000       77.8571297
     918       6       7    1992       78.0000000       75.0520511
     919       7       7    1992       54.0000000       57.9721188
     920       8       7    1992       57.0000000       52.6291538
     921       9       7    1992       51.0000000       51.2733878
     922      10       7    1992       47.0000000       69.1825111
     923      11       7    1992       46.0000000       91.5008867
     924      12       7    1992       76.0000000       85.1072537
     925      13       7    1992       72.0000000       73.5767433
     926      14       7    1992       67.0000000       65.2388182
     927      15       7    1992       63.0000000       60.7023355
     928      16       7    1992       47.0000000       56.9987543
     929      17       7    1992       47.0000000       53.9585207
     930      18       7    1992       42.0000000       51.4471553
     931      19       7    1992       41.0000000       49.3579055
     932      20       7    1992       39.0000000       47.6059583
     933      21       7    1992       37.0000000       48.8109170
     934      22       7    1992       33.0000000       50.1959703
     935      23       7    1992       33.0000000       47.3007174
     936      24       7    1992       33.0000000       45.6820419
     937      25       7    1992       37.0000000       44.3090024
     938      26       7    1992       26.0000000       43.1329388
     939      27       7    1992       24.0000000       42.1150951
     940      28       7    1992       26.0000000       41.2244785
     941      29       7    1992       29.0000000       40.4363608
     942      30       7    1992       19.0000000       39.7309991
     943      31       7    1992       22.0000000       40.4334008
     944       1       8    1992       28.0000000       39.7111558
     945       2       8    1992       35.0000000       38.0215073
     946       3       8    1992       29.0000000       37.5119758
     947       4       8    1992       36.0000000       37.0333506
     948       5       8    1992       52.0000000       36.5802108
     949       6       8    1992       74.0000000       36.1482083
     950       7       8    1992       54.0000000       35.7338530
     951       8       8    1992       57.0000000       35.3343403
     952       9       8    1992       48.0000000       37.4569112
     953      10       8    1992       47.0000000       36.1776787
     954      11       8    1992       46.0000000       43.2633329
     955      12       8    1992       75.0000000       40.5688354
     956      13       8    1992       73.0000000       45.2800584
     957      14       8    1992       66.0000000       44.1691909
     958      15       8    1992       60.0000000       36.6807732
     959      16       8    1992       47.0000000       33.3798358
     960      17       8    1992       46.0000000       32.9138576
     961      18       8    1992       42.0000000       32.4787355
     962      19       8    1992       41.0000000       32.0717700
     963      20       8    1992       40.0000000       40.6360040
     964      21       8    1992       37.0000000       33.6800416
     965      22       8    1992       32.0000000       31.3993169
     966      23       8    1992       32.0000000       30.9481119
     967      24       8    1992       32.0000000       30.4467141
     968      25       8    1992       36.0000000       30.1012496
     969      26       8    1992       27.0000000       29.7674628
     970      27       8    1992       25.0000000       29.4436513
     971      28       8    1992       25.0000000       29.5535020
     972      29       8    1992       28.0000000       32.7191293
     973      30       8    1992       20.0000000       39.7728634
     974      31       8    1992       22.0000000       91.8284371
     975       1       9    1992       49.0000000       51.0490493
     976       2       9    1992       77.0000000       50.7368602
     977       3       9    1992       67.0000000       44.1941148
     978       4       9    1992       45.0000000       41.9826038
     979       5       9    1992       44.0000000       35.3916395
     980       6       9    1992       64.0000000       32.1305850
     981       7       9    1992       52.0000000       30.9564054
     982       8       9    1992       40.0000000       29.9644922
     983       9       9    1992       30.0000000       29.1185632
     984      10       9    1992       34.0000000       28.3897680
     985      11       9    1992       32.0000000       27.7994204
     986      12       9    1992       36.0000000       27.3057366
     987      13       9    1992       28.0000000       26.7835424
     988      14       9    1992       33.0000000       26.3957029
     989      15       9    1992       35.0000000       26.4470941
     990      16       9    1992       30.0000000       25.7269785
     991      17       9    1992       32.0000000       25.3354213
     992      18       9    1992       29.0000000       24.9865145
     993      19       9    1992       30.0000000       24.8530701
     994      20       9    1992       28.0000000       24.4667754
     995      21       9    1992       29.0000000       24.1408352
     996      22       9    1992       29.0000000       23.8343234
     997      23       9    1992       27.0000000       23.5438344
     998      24       9    1992       27.0000000       23.2666478
     999      25       9    1992       23.0000000       23.0006147
    1000      26       9    1992       28.0000000       22.7439827
    1001      27       9    1992       25.0000000       22.4953554
    1002      28       9    1992       25.0000000       23.3322365
    1003      29       9    1992       27.0000000       23.3550917
    1004      30       9    1992       25.0000000       22.1822183
    1005       1      10    1992       27.0000000       21.9176009
    1006       2      10    1992       33.0000000       24.3290783
    1007       3      10    1992       29.0000000       23.8385036
    1008       4      10    1992       31.0000000       22.8334301
    1009       5      10    1992       25.0000000       27.7113971
    1010       6      10    1992       25.0000000       34.1837545
    1011       7      10    1992       36.0000000       23.7391681
    1012       8      10    1992       42.0000000       20.9963880
    1013       9      10    1992       43.0000000       24.0760135
    1014      10      10    1992       26.0000000       27.4820044
    1015      11      10    1992       27.0000000       23.4472889
    1016      12      10    1992       27.0000000       21.4536153
    1017      13      10    1992       26.0000000       20.8919009
    1018      14      10    1992       26.0000000       20.4414118
    1019      15      10    1992       23.0000000       33.2530826
    1020      16      10    1992       21.0000000       27.1508753
    1021      17      10    1992       26.0000000       27.8763455
    1022      18      10    1992       34.0000000       25.1578738
    1023      19      10    1992       37.0000000       23.3120483
    1024      20      10    1992       31.0000000       27.9262295
    1025      21      10    1992       31.0000000       25.3885647
    1026      22      10    1992       35.0000000       24.0527521
    1027      23      10    1992       33.0000000       57.5942988
    1028      24      10    1992       40.0000000      114.8360086
    1029      25      10    1992       74.0000000      144.1996652
    1030      26      10    1992      161.0000000       94.8155023
    1031      27      10    1992      285.0000000      119.3823239
    1032      28      10    1992      244.0000000      126.5011364
    1033      29      10    1992      263.0000000      117.7155005
    1034      30      10    1992      276.0000000       90.5772898
    1035      31      10    1992      186.0000000       76.2300039
    1036       1      11    1992      154.0000000       65.6410309
    1037       2      11    1992      112.0000000       77.9952553
    1038       3      11    1992      104.0000000       77.0660738
    1039       4      11    1992       96.0000000       66.9316137
    1040       5      11    1992       99.0000000       56.7956429
    1041       6      11    1992      126.0000000       50.2991202
    1042       7      11    1992       91.0000000       45.1259256
    1043       8      11    1992       84.0000000       41.0880919
    1044       9      11    1992       81.0000000       44.1031727
    1045      10      11    1992       85.0000000      100.4843295
    1046      11      11    1992      126.0000000      174.5967797
    1047      12      11    1992      279.0000000      183.3908068
    1048      13      11    1992      390.0000000      172.3877767
    1049      14      11    1992      294.0000000      181.3116657
    1050      15      11    1992      260.0000000      292.5616895
    1051      16      11    1992      398.0000000      367.7976344
    1052      17      11    1992      520.0000000      297.8161356
    1053      18      11    1992      487.0000000      291.2901198
    1054      19      11    1992      380.0000000      277.2097685
    1055      20      11    1992      385.0000000      231.1482085
    1056      21      11    1992      351.0000000      303.5256251
    1057      22      11    1992      309.0000000      316.2513014
    1058      23      11    1992      587.0000000      246.7975633
    1059      24      11    1992      661.0000000      211.6434104
    1060      25      11    1992      447.0000000      234.9112337
    1061      26      11    1992      361.0000000      236.6672891
    1062      27      11    1992      351.0000000      230.0596836
    1063      28      11    1992      353.0000000      277.7297723
    1064      29      11    1992      369.0000000      339.6032562
    1065      30      11    1992      452.0000000      298.4040464
    1066       1      12    1992      441.0000000      243.3464841
    1067       2      12    1992      348.0000000      293.4317115
    1068       3      12    1992      394.0000000      288.1357509
    1069       4      12    1992      455.0000000      352.7143494
    1070       5      12    1992      491.0000000      346.4135400
    1071       6      12    1992      469.0000000      312.7503963
    1072       7      12    1992      364.0000000      298.5183371
    1073       8      12    1992      338.0000000      260.9573080
    1074       9      12    1992      334.0000000      225.7366855
    1075      10      12    1992      268.0000000      195.1408457
    1076      11      12    1992      236.0000000      203.4240257
    1077      12      12    1992      230.0000000      192.2694509
    1078      13      12    1992      239.0000000      169.1866577
    1079      14      12    1992      256.0000000      150.8018506
    1080      15      12    1992      217.0000000      143.3278442
    1081      16      12    1992      201.0000000      142.4547008
    1082      17      12    1992      188.0000000      143.1751269
    1083      18      12    1992      176.0000000      140.2413929
    1084      19      12    1992      170.0000000      129.0004422
    1085      20      12    1992      168.0000000      122.8658857
    1086      21      12    1992      131.0000000      130.5642906
    1087      22      12    1992      133.0000000      130.8049947
    1088      23      12    1992      134.0000000      118.8975961
    1089      24      12    1992      127.0000000      110.5465152
    1090      25      12    1992      117.0000000      103.8739851
    1091      26      12    1992      113.0000000       98.4106173
    1092      27      12    1992      100.0000000       93.9057927
    1093      28      12    1992       94.0000000       90.1622889
    1094      29      12    1992       87.0000000       87.0245985
    1095      30      12    1992       86.0000000       84.3698871
    1096      31      12    1992       81.0000000       82.1009694
    1097       1       1    1993       77.0000000       80.1408376
    1098       2       1    1993       76.0000000       78.4283862
    1099       3       1    1993       61.0000000       76.9150636
    1100       4       1    1993       61.0000000       75.5622448
    1101       5       1    1993       57.0000000       74.3391650
    1102       6       1    1993       66.0000000       90.7081058
    1103       7       1    1993       67.0000000      106.2266324
    1104       8       1    1993       84.0000000      113.2392443
    1105       9       1    1993       90.0000000      122.3236055
    1106      10       1    1993      113.0000000      152.4085921
    1107      11       1    1993      265.0000000      319.8569351
    1108      12       1    1993      559.0000000      371.7340277
    1109      13       1    1993      832.0000000      343.3456315
    1110      14       1    1993      601.0000000      285.7831101
    1111      15       1    1993      436.0000000      237.4691561
    1112      16       1    1993      339.0000000      202.5733780
    1113      17       1    1993      292.0000000      177.9816801
    1114      18       1    1993      247.0000000      159.8714293
    1115      19       1    1993      218.0000000      143.7710451
    1116      20       1    1993      205.0000000      130.5020588
    1117      21       1    1993      190.0000000      121.0798960
    1118      22       1    1993      176.0000000      115.0218433
    1119      23       1    1993      173.0000000      109.9810164
    1120      24       1    1993      173.0000000      211.6092982
    1121      25       1    1993      199.0000000      271.8400729
    1122      26       1    1993      361.0000000      233.0958992
    1123      27       1    1993      295.0000000      243.8087282
    1124      28       1    1993      238.0000000      251.8942589
    1125      29       1    1993      263.0000000      229.1028066
    1126      30       1    1993      245.0000000      200.0013055
    1127      31       1    1993      222.0000000      176.9847724
    1128       1       2    1993      199.0000000      158.8220123
    1129       2       2    1993      186.0000000      144.3200463
    1130       3       2    1993      171.0000000      132.6837053
    1131       4       2    1993      157.0000000      123.2969619
    1132       5       2    1993      159.0000000      115.6807686
    1133       6       2    1993      129.0000000      109.4613816
    1134       7       2    1993      119.0000000      104.3678615
    1135       8       2    1993      119.0000000      100.1246980
    1136       9       2    1993      105.0000000       96.5763979
    1137      10       2    1993      106.0000000       93.5813709
    1138      11       2    1993      105.0000000       91.0273775
    1139      12       2    1993       95.0000000       88.8256921
    1140      13       2    1993       91.0000000       86.9060667
    1141      14       2    1993       88.0000000       85.2128015
    1142      15       2    1993       84.0000000       83.7016717
    1143      16       2    1993       83.0000000       82.4004073
    1144      17       2    1993       79.0000000       81.9573082
    1145      18       2    1993       78.0000000       82.7412937
    1146      19       2    1993       84.0000000       84.9126113
    1147      20       2    1993       91.0000000       97.1027264
    1148      21       2    1993       91.0000000      102.0121155
    1149      22       2    1993       90.0000000       97.3219139
    1150      23       2    1993      103.0000000       91.0320261
    1151      24       2    1993       94.0000000       87.4463249
    1152      25       2    1993       81.0000000       84.4600344
    1153      26       2    1993       78.0000000       81.9711591
    1154      27       2    1993       75.0000000       82.7539527
    1155      28       2    1993       76.0000000       81.6483096
    1156       1       3    1993       80.0000000       79.4787081
    1157       2       3    1993       75.0000000       78.6820594
    1158       3       3    1993       76.0000000       79.5785777
    1159       4       3    1993       72.0000000       77.3518068
    1160       5       3    1993       65.0000000       75.4340856
    1161       6       3    1993       64.0000000       74.0223341
    1162       7       3    1993       64.0000000       75.1072254
    1163       8       3    1993       68.0000000       77.5965257
    1164       9       3    1993       68.0000000       77.1765623
    1165      10       3    1993       67.0000000       81.6711620
    1166      11       3    1993       61.0000000       89.1980928
    1167      12       3    1993       57.0000000       91.6624571
    1168      13       3    1993       58.0000000       86.3413493
    1169      14       3    1993       54.0000000       81.6898343
    1170      15       3    1993       66.0000000       77.9079948
    1171      16       3    1993       54.0000000       74.7636739
    1172      17       3    1993       57.0000000       72.1283696
    1173      18       3    1993       57.0000000       69.8998202
    1174      19       3    1993       52.0000000       67.9967847
    1175      20       3    1993       57.0000000       66.3546598
    1176      21       3    1993       58.0000000       65.5892506
    1177      22       3    1993       57.0000000       83.0566033
    1178      23       3    1993       56.0000000       89.1803430
    1179      24       3    1993       63.0000000       81.3453244
    1180      25       3    1993       76.0000000       76.7644573
    1181      26       3    1993       56.0000000       72.9930526
    1182      27       3    1993       59.0000000       69.8668944
    1183      28       3    1993       59.0000000       67.2556468
    1184      29       3    1993       54.0000000       65.0557868
    1185      30       3    1993       48.0000000       63.1850280
    1186      31       3    1993       55.0000000       61.5779168
    1187       1       4    1993       48.0000000       64.5828527
    1188       2       4    1993       53.0000000       73.8472294
    1189       3       4    1993       47.0000000       73.1619251
    1190       4       4    1993       59.0000000       73.1878292
    1191       5       4    1993       53.0000000       93.5832361
    1192       6       4    1993       64.0000000       88.9037289
    1193       7       4    1993       63.0000000       79.1840120
    1194       8       4    1993       75.0000000       73.9768937
    1195       9       4    1993       64.0000000       69.7967295
    1196      10       4    1993       59.0000000       71.1032121
    1197      11       4    1993       60.0000000       76.8190904
    1198      12       4    1993       63.0000000       74.4120110
    1199      13       4    1993       69.0000000       72.9836470
    1200      14       4    1993       79.0000000       69.5232019
    1201      15       4    1993       82.0000000       65.9176380
    1202      16       4    1993       68.0000000       63.0104061
    1203      17       4    1993       56.0000000       60.4656458
    1204      18       4    1993       59.0000000       58.7007621
    1205      19       4    1993       61.0000000       56.8775983
    1206      20       4    1993       62.0000000       55.2483433
    1207      21       4    1993       57.0000000       53.8482966
    1208      22       4    1993       53.0000000       52.6323298
    1209      23       4    1993       47.0000000       51.5640542
    1210      24       4    1993       46.0000000       50.6147247
    1211      25       4    1993       47.0000000       49.7615216
    1212      26       4    1993       45.0000000       48.9861406
    1213      27       4    1993       43.0000000       48.2739615
    1214      28       4    1993       41.0000000       47.6150495
    1215      29       4    1993       38.0000000       47.0052248
    1216      30       4    1993       39.0000000       46.5819477
    1217       1       5    1993       40.0000000       46.1935749
    1218       2       5    1993       41.0000000       47.5921458
    1219       3       5    1993       45.0000000       47.0233666
    1220       4       5    1993       49.0000000       46.1324842
    1221       5       5    1993       40.0000000       45.3194621
    1222       6       5    1993       43.0000000       44.5916030
    1223       7       5    1993       38.0000000       43.9242419
    1224       8       5    1993       38.0000000       43.4592118
    1225       9       5    1993       43.0000000       43.1959294
    1226      10       5    1993       44.0000000       43.4509013
    1227      11       5    1993       41.0000000       43.1867614
    1228      12       5    1993       51.0000000       55.1829051
    1229      13       5    1993       63.0000000       88.7628448
    1230      14       5    1993       68.0000000       51.6542697
    1231      15       5    1993       77.0000000       45.3198180
    1232      16       5    1993       77.0000000       43.9339490
    1233      17       5    1993       59.0000000       42.7481350
    1234      18       5    1993       49.0000000       41.7244846
    1235      19       5    1993       43.0000000       42.6795646
    1236      20       5    1993       44.0000000       53.1060093
    1237      21       5    1993       48.0000000       50.2059461
    1238      22       5    1993       44.0000000       45.7595838
    1239      23       5    1993       46.0000000       43.8637647
    1240      24       5    1993       40.0000000       42.2753385
    1241      25       5    1993       43.0000000       40.9329412
    1242      26       5    1993       30.0000000       39.8169921
    1243      27       5    1993       45.0000000       51.4301892
    1244      28       5    1993       43.0000000       53.4765103
    1245      29       5    1993       44.0000000       45.3440123
    1246      30       5    1993       54.0000000       43.8850334
    1247      31       5    1993       56.0000000       42.7377126
    1248       1       6    1993       44.0000000       39.3504661
    1249       2       6    1993       43.0000000       39.3716373
    1250       3       6    1993       33.0000000       42.9960397
    1251       4       6    1993       45.0000000       40.6442662
    1252       5       6    1993       46.0000000       38.7579886
    1253       6       6    1993       42.0000000       37.4701195
    1254       7       6    1993       40.0000000       36.3750443
    1255       8       6    1993       30.0000000       35.4346631
    1256       9       6    1993       31.0000000       34.6537064
    1257      10       6    1993       32.0000000       34.3916206
    1258      11       6    1993       25.0000000       35.3129007
    1259      12       6    1993       33.0000000       36.5461851
    1260      13       6    1993       29.0000000       34.5081223
    1261      14       6    1993       40.0000000       34.1733349
    1262      15       6    1993       42.0000000       35.2107067
    1263      16       6    1993       37.0000000       36.7320505
    1264      17       6    1993       46.0000000       35.8234877
    1265      18       6    1993       47.0000000       34.1601911
    1266      19       6    1993       50.0000000       38.6731916
    1267      20       6    1993       43.0000000       70.2918770
    1268      21       6    1993       69.0000000       48.8339757
    1269      22       6    1993       61.0000000       73.4705384
    1270      23       6    1993       67.0000000       73.6718796
    1271      24       6    1993       77.0000000       59.8249342
    1272      25       6    1993       87.0000000       53.7517917
    1273      26       6    1993       55.0000000       48.8123436
    1274      27       6    1993       43.0000000       44.8168142
    1275      28       6    1993       40.0000000       41.5722599
    1276      29       6    1993       30.0000000       38.9257145
    1277      30       6    1993       40.0000000       36.7558076
    1278       1       7    1993       40.0000000       37.1145233
    1279       2       7    1993       27.0000000       34.7868385
    1280       3       7    1993       34.0000000       32.4926432
    1281       4       7    1993       30.0000000       31.4056489
    1282       5       7    1993       31.0000000       30.5350119
    1283       6       7    1993       27.0000000       29.6905398
    1284       7       7    1993       31.0000000       29.0035014
    1285       8       7    1993       26.0000000       28.4011401
    1286       9       7    1993       23.0000000       29.4563363
    1287      10       7    1993       24.0000000       31.7277562
    1288      11       7    1993       25.0000000       39.7401739
    1289      12       7    1993       34.0000000       48.6044665
    1290      13       7    1993       40.0000000       46.2645391
    1291      14       7    1993       41.0000000       71.8730207
    1292      15       7    1993       46.0000000       52.3206258
    1293      16       7    1993       39.0000000       41.8791330
    1294      17       7    1993       43.0000000       39.0382357
    1295      18       7    1993       35.0000000       37.4358117
    1296      19       7    1993       49.0000000       54.1142797
    1297      20       7    1993       38.0000000       48.9806831
    1298      21       7    1993       41.0000000       45.3923412
    1299      22       7    1993       45.0000000       39.9614858
    1300      23       7    1993       41.0000000       35.4957785
    1301      24       7    1993       42.0000000       33.2667468
    1302      25       7    1993       40.0000000       31.4412132
    1303      26       7    1993       35.0000000       29.9314523
    1304      27       7    1993       40.0000000       47.0945336
    1305      28       7    1993       40.0000000       34.3152386
    1306      29       7    1993       36.0000000       27.5129798
    1307      30       7    1993       40.0000000       95.2790443
    1308      31       7    1993       61.0000000       48.1102264
    1309       1       8    1993       36.0000000       33.9245719
    1310       2       8    1993       46.0000000       31.8404094
    1311       3       8    1993       32.0000000       30.1295625
    1312       4       8    1993       38.0000000       28.7161722
    1313       5       8    1993       32.0000000       27.5401399
    1314       6       8    1993       25.0000000       26.5537887
    1315       7       8    1993       26.0000000       25.7192478
    1316       8       8    1993       29.0000000       25.0064006
    1317       9       8    1993       29.0000000       30.9817451
    1318      10       8    1993       28.0000000       32.5892985
    1319      11       8    1993       37.0000000       28.3593431
    1320      12       8    1993       40.0000000       26.4358568
    1321      13       8    1993       49.0000000       25.4205607
    1322      14       8    1993       32.0000000       25.6219395
    1323      15       8    1993       37.0000000       24.9978824
    1324      16       8    1993       37.0000000       23.3557374
    1325      17       8    1993       27.0000000       22.7934582
    1326      18       8    1993       24.0000000       22.3020066
    1327      19       8    1993       24.0000000       21.8676931
    1328      20       8    1993       22.0000000       21.4795715
    1329      21       8    1993       21.0000000       21.1288830
    1330      22       8    1993       16.0000000       23.7294568
    1331      23       8    1993       21.0000000       24.9042554
    1332      24       8    1993       27.0000000       22.4560085
    1333      25       8    1993       26.0000000       21.7666752
    1334      26       8    1993       23.0000000       21.1898764
    1335      27       8    1993       21.0000000       24.6564335
    1336      28       8    1993       28.0000000       23.6215928
    1337      29       8    1993       17.0000000       21.3533766
    1338      30       8    1993       24.0000000       20.7310141
    1339      31       8    1993       25.0000000       20.1962514
    1340       1       9    1993       25.0000000       19.7319351
    1341       2       9    1993       19.0000000       19.3243636
    1342       3       9    1993       17.0000000       23.5862381
    1343       4       9    1993       16.0000000       24.9689843
    1344       5       9    1993       19.0000000       20.5324165
    1345       6       9    1993       23.0000000       19.8248586
    1346       7       9    1993       25.0000000       39.2206705
    1347       8       9    1993       34.0000000       27.1749460
    1348       9       9    1993       31.0000000       43.4456115
    1349      10       9    1993       35.0000000       63.2324636
    1350      11       9    1993       53.0000000       97.7215729
    1351      12       9    1993       71.0000000       68.3499091
    1352      13       9    1993       74.0000000      110.6158140
    1353      14       9    1993       87.0000000       96.9743964
    1354      15       9    1993      173.0000000       87.0462082
    1355      16       9    1993      117.0000000       55.2619775
    1356      17       9    1993       93.0000000       46.3221525
    1357      18       9    1993       77.0000000       40.9936176
    1358      19       9    1993       62.0000000       36.7213818
    1359      20       9    1993       54.0000000       33.2844101
    1360      21       9    1993       48.0000000       30.6403434
    1361      22       9    1993       46.0000000       48.4025102
    1362      23       9    1993       55.0000000       44.9827149
    1363      24       9    1993       66.0000000       43.4586094
    1364      25       9    1993       64.0000000       38.9209274
    1365      26       9    1993       52.0000000       30.9353677
    1366      27       9    1993       68.0000000       31.4652686
    1367      28       9    1993       69.0000000       40.8035806
    1368      29       9    1993       62.0000000       39.4668364
    1369      30       9    1993       76.0000000       36.2458009
    1370       1      10    1993       72.0000000       60.5341443
    1371       2      10    1993       68.0000000       61.2332958
    1372       3      10    1993       72.0000000       60.0313246
    1373       4      10    1993       78.0000000       59.7080340
    1374       5      10    1993      116.0000000      133.8307206
    1375       6      10    1993      131.0000000       94.5849264
    1376       7      10    1993      180.0000000       79.2567719
    1377       8      10    1993      203.0000000       94.2403687
    1378       9      10    1993      164.0000000       98.8147048
    1379      10      10    1993      178.0000000      131.3675217
    1380      11      10    1993      161.0000000      131.8983520
    1381      12      10    1993      287.0000000      147.7956861
    1382      13      10    1993      360.0000000      188.6741000
    1383      14      10    1993      374.0000000      163.8140015
    1384      15      10    1993      297.0000000      135.3209683
    1385      16      10    1993      247.0000000      149.2938052
    1386      17      10    1993      273.0000000      147.7452655
    1387      18      10    1993      261.0000000      129.6244138
    1388      19      10    1993      265.0000000      111.5354094
    1389      20      10    1993      230.0000000       95.6036401
    1390      21      10    1993      199.0000000       83.6062948
    1391      22      10    1993      173.0000000       82.7407478
    1392      23      10    1993      182.0000000      106.5367963
    1393      24      10    1993      203.0000000      101.9783120
    1394      25      10    1993      213.0000000       86.3060717
    1395      26      10    1993      180.0000000       76.2236606
    1396      27      10    1993      154.0000000       68.1621527
    1397      28      10    1993      118.0000000       61.6930372
    1398      29      10    1993      112.0000000       56.4812331
    1399      30      10    1993       98.0000000       52.2640265
    1400      31      10    1993       97.0000000       48.8349648
    1401       1      11    1993       91.0000000       46.0314737
    1402       2      11    1993       85.0000000       43.7252963
    1403       3      11    1993       75.0000000       41.8150801
    1404       4      11    1993       76.0000000       40.2206114
    1405       5      11    1993       78.0000000       38.8783173
    1406       6      11    1993       72.0000000       37.7407222
    1407       7      11    1993       76.0000000       36.9092191
    1408       8      11    1993       69.0000000       36.0345167
    1409       9      11    1993       66.0000000       35.5845419
    1410      10      11    1993       71.0000000       35.7110452
    1411      11      11    1993       64.0000000       58.0379697
    1412      12      11    1993       67.0000000       72.3535897
    1413      13      11    1993       80.0000000       66.9656539
    1414      14      11    1993       78.0000000       92.1693127
    1415      15      11    1993       80.0000000       87.6444357
    1416      16      11    1993       86.0000000       84.2991476
    1417      17      11    1993      125.0000000       73.6592941
    1418      18      11    1993       96.0000000       65.7281514
    1419      19      11    1993       82.0000000       59.3391717
    1420      20      11    1993       77.0000000       54.1837974
    1421      21      11    1993       67.0000000       50.0082414
    1422      22      11    1993       71.0000000       46.6117512
    1423      23      11    1993       61.0000000       43.8353658
    1424      24      11    1993       42.0000000       41.5558491
    1425      25      11    1993       63.0000000       41.0402014
    1426      26      11    1993       57.0000000       41.5280843
    1427      27      11    1993       58.0000000       39.5148986
    1428      28      11    1993       49.0000000       37.9054812
    1429      29      11    1993       50.0000000       36.5567235
    1430      30      11    1993       55.0000000       35.4164065
    1431       1      12    1993       54.0000000       34.4429919
    1432       2      12    1993       54.0000000       37.7372890
    1433       3      12    1993       50.0000000       37.7947661
    1434       4      12    1993       51.0000000       40.8933596
    1435       5      12    1993       62.0000000       39.0541600
    1436       6      12    1993       62.0000000       37.0845765
    1437       7      12    1993       71.0000000       75.3505752
    1438       8      12    1993       79.0000000      150.4083613
    1439       9      12    1993      153.0000000      137.3379678
    1440      10      12    1993      291.0000000      215.1314047
    1441      11      12    1993      332.0000000      225.6263217
    1442      12      12    1993      465.0000000      243.1959903
    1443      13      12    1993      518.0000000      273.6302657
    1444      14      12    1993      539.0000000      274.3598093
    1445      15      12    1993      559.0000000      302.9915875
    1446      16      12    1993      500.0000000      341.5808072
    1447      17      12    1993      526.0000000      356.0141622
    1448      18      12    1993      583.0000000      326.4401585
    1449      19      12    1993      677.0000000      424.8085261
    1450      20      12    1993      781.0000000      660.4425132
    1451      21      12    1993     1180.0000000      693.4640165
    1452      22      12    1993     1460.0000000      705.7086842
    1453      23      12    1993     1600.0000000      792.6938068
    1454      24      12    1993     1410.0000000      796.4903338
    1455      25      12    1993     1230.0000000      608.7668887
    1456      26      12    1993     1070.0000000      460.4809814
    1457      27      12    1993      746.0000000      364.5036031
    1458      28      12    1993      542.0000000      310.3121269
    1459      29      12    1993      492.0000000      314.4859961
    1460      30      12    1993      491.0000000      391.5718859
    1461      31      12    1993      617.0000000      714.4748803
