      No     Day     Mon    Year  Qobs_0000000398  Qsim_0000000398
       1       1       1    1990      157.0000000      130.1018091
       2       2       1    1990      129.0000000      120.1193989
       3       3       1    1990      117.0000000      112.0938131
       4       4       1    1990      111.0000000      105.5938615
       5       5       1    1990      112.0000000      100.3163187
       6       6       1    1990       93.0000000       96.6569804
       7       7       1    1990       87.0000000       93.5951043
       8       8       1    1990       84.0000000       90.3873157
       9       9       1    1990       80.0000000       87.5873606
      10      10       1    1990       78.0000000       85.1998644
      11      11       1    1990       78.0000000       83.1413347
      12      12       1    1990       77.0000000       81.3459007
      13      13       1    1990       76.0000000       81.0138755
      14      14       1    1990       73.0000000       84.6117642
      15      15       1    1990       66.0000000       97.0654360
      16      16       1    1990       76.0000000       98.0286436
      17      17       1    1990       73.0000000      109.2616788
      18      18       1    1990       71.0000000      115.7288694
      19      19       1    1990       90.0000000      109.5616901
      20      20       1    1990       82.0000000      110.0824935
      21      21       1    1990       80.0000000      102.4290933
      22      22       1    1990       81.0000000       95.6412202
      23      23       1    1990       97.0000000      227.0872938
      24      24       1    1990      198.0000000      264.5478518
      25      25       1    1990      392.0000000      375.3646003
      26      26       1    1990      519.0000000      374.4347191
      27      27       1    1990      565.0000000      310.7514282
      28      28       1    1990      331.0000000      293.6221204
      29      29       1    1990      293.0000000      283.8169329
      30      30       1    1990      302.0000000      241.2343927
      31      31       1    1990      233.0000000      209.7243118
      32       1       2    1990      198.0000000      221.0982712
      33       2       2    1990      183.0000000      242.3798073
      34       3       2    1990      206.0000000      240.8473712
      35       4       2    1990      215.0000000      207.6224537
      36       5       2    1990      183.0000000      183.1553571
      37       6       2    1990      159.0000000      164.0301490
      38       7       2    1990      167.0000000      148.9013044
      39       8       2    1990      138.0000000      140.6939081
      40       9       2    1990      126.0000000      138.6076096
      41      10       2    1990      131.0000000      255.7650286
      42      11       2    1990      173.0000000      305.1007666
      43      12       2    1990      240.0000000      363.4358637
      44      13       2    1990      270.0000000      583.5143366
      45      14       2    1990      458.0000000     1103.2608946
      46      15       2    1990      996.0000000     1280.8561464
      47      16       2    1990     1370.0000000     1013.8399777
      48      17       2    1990     1540.0000000      756.6535914
      49      18       2    1990     1210.0000000      576.4755984
      50      19       2    1990      616.0000000      453.2762017
      51      20       2    1990      465.0000000      375.2940302
      52      21       2    1990      373.0000000      323.1015117
      53      22       2    1990      298.0000000      282.8843049
      54      23       2    1990      270.0000000      251.5731721
      55      24       2    1990      234.0000000      227.0098486
      56      25       2    1990      218.0000000      213.3249815
      57      26       2    1990      203.0000000      372.8277912
      58      27       2    1990      314.0000000      596.8444283
      59      28       2    1990      520.0000000      829.9945404
      60       1       3    1990      689.0000000      840.7668889
      61       2       3    1990      777.0000000      669.0205723
      62       3       3    1990      584.0000000      518.0961979
      63       4       3    1990      429.0000000      425.7381217
      64       5       3    1990      365.0000000      369.1750977
      65       6       3    1990      281.0000000      323.6557040
      66       7       3    1990      257.0000000      288.0439921
      67       8       3    1990      231.0000000      260.2550483
      68       9       3    1990      211.0000000      238.3859502
      69      10       3    1990      191.0000000      221.0378258
      70      11       3    1990      182.0000000      207.1576515
      71      12       3    1990      173.0000000      195.9392367
      72      13       3    1990      159.0000000      187.1239153
      73      14       3    1990      153.0000000      183.9215051
      74      15       3    1990      141.0000000      183.3786002
      75      16       3    1990      136.0000000      176.1561061
      76      17       3    1990      130.0000000      170.1042813
      77      18       3    1990      123.0000000      164.9966245
      78      19       3    1990      115.0000000      160.6380285
      79      20       3    1990      113.0000000      157.3264145
      80      21       3    1990      102.0000000      154.3973364
      81      22       3    1990      105.0000000      151.8516030
      82      23       3    1990      106.0000000      149.7407908
      83      24       3    1990       87.0000000      148.1007708
      84      25       3    1990       80.0000000      148.8545824
      85      26       3    1990       84.0000000      146.1127050
      86      27       3    1990       82.0000000      144.6153143
      87      28       3    1990       91.0000000      164.5328409
      88      29       3    1990       97.0000000      173.7113902
      89      30       3    1990      110.0000000      169.2262266
      90      31       3    1990       97.0000000      162.1040542
      91       1       4    1990       93.0000000      155.4772738
      92       2       4    1990       85.0000000      149.9407283
      93       3       4    1990       84.0000000      155.8656658
      94       4       4    1990       81.0000000      163.2524062
      95       5       4    1990       81.0000000      155.9062945
      96       6       4    1990       76.0000000      155.5675084
      97       7       4    1990       72.0000000      149.1195535
      98       8       4    1990       68.0000000      143.7300751
      99       9       4    1990       72.0000000      139.2370108
     100      10       4    1990       65.0000000      135.5898173
     101      11       4    1990       62.0000000      134.5516738
     102      12       4    1990       62.0000000      136.7801655
     103      13       4    1990       65.0000000      143.1067749
     104      14       4    1990       68.0000000      178.3757849
     105      15       4    1990       75.0000000      182.8974214
     106      16       4    1990       90.0000000      183.9455891
     107      17       4    1990       92.0000000      185.5191576
     108      18       4    1990       94.0000000      189.4279439
     109      19       4    1990      110.0000000      175.2647322
     110      20       4    1990       99.0000000      163.2892089
     111      21       4    1990       86.0000000      153.6753717
     112      22       4    1990       86.0000000      152.8480839
     113      23       4    1990       86.0000000      165.3519508
     114      24       4    1990       88.0000000      172.4238827
     115      25       4    1990       93.0000000      163.8432469
     116      26       4    1990       99.0000000      153.7030292
     117      27       4    1990       86.0000000      148.0124721
     118      28       4    1990       74.0000000      143.5582828
     119      29       4    1990       72.0000000      136.8716472
     120      30       4    1990       77.0000000      131.1511295
     121       1       5    1990       56.0000000      126.3727132
     122       2       5    1990       64.0000000      122.3448402
     123       3       5    1990       58.0000000      118.9159397
     124       4       5    1990       50.0000000      115.9659265
     125       5       5    1990       50.0000000      113.3995442
     126       6       5    1990       50.0000000      111.1411448
     127       7       5    1990       50.0000000      109.1653302
     128       8       5    1990       53.0000000      108.6046990
     129       9       5    1990       62.0000000      107.6596861
     130      10       5    1990       64.0000000      111.2585720
     131      11       5    1990       65.0000000      113.0315099
     132      12       5    1990       75.0000000      108.1001481
     133      13       5    1990       71.0000000      105.6069473
     134      14       5    1990       63.0000000      103.6733702
     135      15       5    1990       61.0000000      101.8450847
     136      16       5    1990       49.0000000      100.3125714
     137      17       5    1990       46.0000000       98.6456366
     138      18       5    1990       46.0000000       97.1909116
     139      19       5    1990       48.0000000       95.8444010
     140      20       5    1990       41.0000000       94.5989270
     141      21       5    1990       45.0000000      101.7090198
     142      22       5    1990       52.0000000       99.9061861
     143      23       5    1990       50.0000000      101.1448427
     144      24       5    1990       56.0000000      105.1928897
     145      25       5    1990       41.0000000       99.9970407
     146      26       5    1990       40.0000000       95.8137863
     147      27       5    1990       39.0000000       93.5866153
     148      28       5    1990       39.0000000       91.6399363
     149      29       5    1990       33.0000000       89.9177958
     150      30       5    1990       37.0000000       88.3759358
     151      31       5    1990       30.0000000       86.9792925
     152       1       6    1990       37.0000000       91.2882400
     153       2       6    1990       36.0000000       96.8236191
     154       3       6    1990       40.0000000      136.5887811
     155       4       6    1990       45.0000000      107.6404190
     156       5       6    1990       39.0000000       96.5250833
     157       6       6    1990       48.0000000       92.8643151
     158       7       6    1990       39.0000000      158.7105696
     159       8       6    1990       49.0000000      159.8225416
     160       9       6    1990       84.0000000      155.1566227
     161      10       6    1990       91.0000000      139.8373870
     162      11       6    1990       80.0000000      126.3715941
     163      12       6    1990       66.0000000      116.8284045
     164      13       6    1990       53.0000000      109.4274734
     165      14       6    1990       64.0000000      103.2494949
     166      15       6    1990       55.0000000       97.7859081
     167      16       6    1990       54.0000000       93.3392284
     168      17       6    1990       42.0000000       89.6438756
     169      18       6    1990       48.0000000       87.3681117
     170      19       6    1990       48.0000000      113.9364704
     171      20       6    1990       60.0000000      145.2711305
     172      21       6    1990       75.0000000      143.7817779
     173      22       6    1990       78.0000000      132.0243868
     174      23       6    1990       66.0000000      120.9437914
     175      24       6    1990       63.0000000      110.7587160
     176      25       6    1990       52.0000000      103.1207500
     177      26       6    1990       49.0000000       96.9460384
     178      27       6    1990       44.0000000      100.1006198
     179      28       6    1990       51.0000000       96.3208335
     180      29       6    1990       61.0000000      120.7012470
     181      30       6    1990       81.0000000      155.3335172
     182       1       7    1990       79.0000000      117.3575007
     183       2       7    1990       92.0000000      104.1181226
     184       3       7    1990       72.0000000      119.3741817
     185       4       7    1990       58.0000000      152.8540436
     186       5       7    1990       69.0000000      202.8848175
     187       6       7    1990       94.0000000      183.9156911
     188       7       7    1990      199.0000000      185.7705062
     189       8       7    1990      133.0000000      184.5571938
     190       9       7    1990      124.0000000      159.4023803
     191      10       7    1990      123.0000000      142.1644191
     192      11       7    1990       99.0000000      128.3745997
     193      12       7    1990       88.0000000      117.2971635
     194      13       7    1990       84.0000000      108.3581087
     195      14       7    1990       72.0000000      101.1083404
     196      15       7    1990       55.0000000       95.1956076
     197      16       7    1990       65.0000000       90.3430059
     198      17       7    1990       50.0000000       86.3324292
     199      18       7    1990       50.0000000       82.9917769
     200      19       7    1990       46.0000000       80.1850288
     201      20       7    1990       44.0000000       77.8045197
     202      21       7    1990       42.0000000       75.7649100
     203      22       7    1990       37.0000000       73.9984691
     204      23       7    1990       38.0000000       72.4513754
     205      24       7    1990       44.0000000       71.0808111
     206      25       7    1990       30.0000000       69.8526741
     207      26       7    1990       26.0000000       68.7397753
     208      27       7    1990       31.0000000       67.7204142
     209      28       7    1990       33.0000000       68.7069905
     210      29       7    1990       42.0000000       66.5800259
     211      30       7    1990       36.0000000       65.1505096
     212      31       7    1990       34.0000000       64.3532180
     213       1       8    1990       25.0000000       63.5929758
     214       2       8    1990       22.0000000       62.8636979
     215       3       8    1990       28.0000000       62.1604923
     216       4       8    1990       25.0000000       61.4794212
     217       5       8    1990       19.0000000       60.8173101
     218       6       8    1990       22.0000000       60.1715968
     219       7       8    1990       19.0000000       59.5402095
     220       8       8    1990       22.0000000       58.9214703
     221       9       8    1990       19.0000000       58.3140174
     222      10       8    1990       20.0000000       57.7167431
     223      11       8    1990       19.0000000       57.1287442
     224      12       8    1990       19.0000000       56.5492823
     225      13       8    1990       22.0000000       60.1541649
     226      14       8    1990       36.0000000       85.4631018
     227      15       8    1990       31.0000000       68.3888437
     228      16       8    1990       30.0000000       67.3660452
     229      17       8    1990       28.0000000       60.4342004
     230      18       8    1990       34.0000000       56.0166341
     231      19       8    1990       21.0000000       55.0124087
     232      20       8    1990       30.0000000       54.1063648
     233      21       8    1990       22.0000000       53.2799883
     234      22       8    1990       21.0000000       52.5184704
     235      23       8    1990       23.0000000       51.8099562
     236      24       8    1990       20.0000000       51.1449471
     237      25       8    1990       29.0000000       50.5158812
     238      26       8    1990       20.0000000       50.2755808
     239      27       8    1990       22.0000000       51.5809868
     240      28       8    1990       23.0000000       49.8564966
     241      29       8    1990       35.0000000       48.8445037
     242      30       8    1990       51.0000000      154.2066180
     243      31       8    1990       80.0000000      111.1477251
     244       1       9    1990       56.0000000       62.1269086
     245       2       9    1990       33.0000000       55.5380655
     246       3       9    1990       27.0000000       53.5521818
     247       4       9    1990       27.0000000       59.4107434
     248       5       9    1990       28.0000000       58.8157108
     249       6       9    1990       26.0000000       54.8740857
     250       7       9    1990       24.0000000       58.6563151
     251       8       9    1990       33.0000000       54.6301112
     252       9       9    1990       26.0000000       50.9475647
     253      10       9    1990       27.0000000       49.3042071
     254      11       9    1990       22.0000000       47.9036217
     255      12       9    1990       22.0000000       46.6977831
     256      13       9    1990       21.0000000       45.6484540
     257      14       9    1990       22.0000000       44.7251584
     258      15       9    1990       22.0000000       43.9035806
     259      16       9    1990       22.0000000       43.1643014
     260      17       9    1990       20.0000000       42.4917969
     261      18       9    1990       22.0000000       41.8736455
     262      19       9    1990       16.0000000       41.2998991
     263      20       9    1990       22.0000000       40.7625825
     264      21       9    1990       19.0000000       49.7330518
     265      22       9    1990       32.0000000      134.3930881
     266      23       9    1990       27.0000000       97.2090147
     267      24       9    1990       45.0000000       81.4649169
     268      25       9    1990       42.0000000       64.4242489
     269      26       9    1990       39.0000000       58.4001629
     270      27       9    1990       30.0000000       54.4210399
     271      28       9    1990       28.0000000       51.1695235
     272      29       9    1990       30.0000000       48.4972176
     273      30       9    1990       30.0000000      121.8554986
     274       1      10    1990       56.0000000      177.7495526
     275       2      10    1990       72.0000000      142.6293112
     276       3      10    1990       73.0000000      142.9855101
     277       4      10    1990       68.0000000      124.9979944
     278       5      10    1990       53.0000000      111.7927008
     279       6      10    1990       42.0000000       97.5163177
     280       7      10    1990       33.0000000       86.3447294
     281       8      10    1990       42.0000000       77.4206300
     282       9      10    1990       34.0000000       70.2250981
     283      10      10    1990       36.0000000       64.4109352
     284      11      10    1990       36.0000000       59.6981346
     285      12      10    1990       28.0000000       55.8596411
     286      13      10    1990       32.0000000       52.7162188
     287      14      10    1990       27.0000000       50.1261609
     288      15      10    1990       35.0000000       48.1260456
     289      16      10    1990       42.0000000       47.9288560
     290      17      10    1990       35.0000000       63.6154476
     291      18      10    1990       39.0000000       60.3655149
     292      19      10    1990       34.0000000       53.1585012
     293      20      10    1990       32.0000000       50.2381117
     294      21      10    1990       34.0000000       47.8342389
     295      22      10    1990       27.0000000       45.8385568
     296      23      10    1990       31.0000000       44.1685096
     297      24      10    1990       28.0000000       42.7586274
     298      25      10    1990       25.0000000       42.4091930
     299      26      10    1990       29.0000000       66.8379017
     300      27      10    1990       31.0000000       74.1151541
     301      28      10    1990       65.0000000      243.6731428
     302      29      10    1990       69.0000000      245.4857251
     303      30      10    1990      157.0000000      213.4621218
     304      31      10    1990      190.0000000      188.6853262
     305       1      11    1990      115.0000000      188.1418393
     306       2      11    1990      104.0000000      200.8312599
     307       3      11    1990      100.0000000      208.8966508
     308       4      11    1990      131.0000000      212.5215586
     309       5      11    1990      130.0000000      196.0020761
     310       6      11    1990      115.0000000      166.4620810
     311       7      11    1990      102.0000000      143.2372046
     312       8      11    1990       95.0000000      124.7899113
     313       9      11    1990       81.0000000      110.1438054
     314      10      11    1990       66.0000000      114.7227081
     315      11      11    1990       67.0000000      170.7852664
     316      12      11    1990       74.0000000      185.2886962
     317      13      11    1990      109.0000000      177.3732577
     318      14      11    1990       92.0000000      210.8809262
     319      15      11    1990       92.0000000      220.9527911
     320      16      11    1990      155.0000000      207.7241544
     321      17      11    1990      159.0000000      194.3228831
     322      18      11    1990      131.0000000      209.3999244
     323      19      11    1990      161.0000000      221.6118790
     324      20      11    1990      196.0000000      359.8563404
     325      21      11    1990      336.0000000      371.7234646
     326      22      11    1990      566.0000000      375.9981283
     327      23      11    1990      373.0000000      392.1449138
     328      24      11    1990      293.0000000      345.1473927
     329      25      11    1990      264.0000000      311.9930151
     330      26      11    1990      226.0000000      268.9214383
     331      27      11    1990      201.0000000      231.0863860
     332      28      11    1990      180.0000000      200.0213361
     333      29      11    1990      161.0000000      194.5779323
     334      30      11    1990      149.0000000      177.4803988
     335       1      12    1990      134.0000000      156.4486973
     336       2      12    1990      113.0000000      141.0140474
     337       3      12    1990       99.0000000      128.7968342
     338       4      12    1990      107.0000000      119.2953425
     339       5      12    1990       99.0000000      111.3359015
     340       6      12    1990       89.0000000      104.7996062
     341       7      12    1990       77.0000000       99.4711566
     342       8      12    1990       71.0000000       95.0939931
     343       9      12    1990       68.0000000       94.3381994
     344      10      12    1990       73.0000000       89.3641441
     345      11      12    1990       84.0000000       86.6096403
     346      12      12    1990       88.0000000      111.1155844
     347      13      12    1990       92.0000000      116.3929517
     348      14      12    1990      128.0000000      107.1882881
     349      15      12    1990      136.0000000       98.9159248
     350      16      12    1990      114.0000000       93.7950436
     351      17      12    1990      101.0000000       89.6753591
     352      18      12    1990       93.0000000       86.3067254
     353      19      12    1990       85.0000000       83.5141136
     354      20      12    1990       81.0000000       86.3287010
     355      21      12    1990      106.0000000      128.6819751
     356      22      12    1990      159.0000000      158.9767421
     357      23      12    1990      250.0000000      165.7968729
     358      24      12    1990      298.0000000      155.4017107
     359      25      12    1990      261.0000000      232.9070853
     360      26      12    1990      228.0000000      358.2899296
     361      27      12    1990      409.0000000      407.8141318
     362      28      12    1990      486.0000000      413.8358538
     363      29      12    1990      440.0000000      567.4784239
     364      30      12    1990      486.0000000      738.1521827
     365      31      12    1990      774.0000000      905.1329719
     366       1       1    1991      889.0000000      871.8861645
     367       2       1    1991      863.0000000      898.2254846
     368       3       1    1991      875.0000000      888.0010012
     369       4       1    1991      932.0000000      740.1331365
     370       5       1    1991      826.0000000      683.1684334
     371       6       1    1991      731.0000000      620.4195935
     372       7       1    1991      613.0000000      606.5608299
     373       8       1    1991      610.0000000      581.8015651
     374       9       1    1991      686.0000000      514.9286517
     375      10       1    1991      556.0000000      568.2721544
     376      11       1    1991      669.0000000      604.8983629
     377      12       1    1991      828.0000000      542.5136808
     378      13       1    1991      735.0000000      433.3636838
     379      14       1    1991      513.0000000      366.6977475
     380      15       1    1991      411.0000000      318.8069453
     381      16       1    1991      345.0000000      282.1191289
     382      17       1    1991      293.0000000      253.6832202
     383      18       1    1991      251.0000000      231.4383992
     384      19       1    1991      222.0000000      213.9225011
     385      20       1    1991      215.0000000      200.2615918
     386      21       1    1991      213.0000000      197.2310883
     387      22       1    1991      202.0000000      198.8361194
     388      23       1    1991      200.0000000      189.1319706
     389      24       1    1991      192.0000000      179.7588276
     390      25       1    1991      176.0000000      171.8696776
     391      26       1    1991      164.0000000      165.4102151
     392      27       1    1991      157.0000000      160.0245757
     393      28       1    1991      134.0000000      155.4945193
     394      29       1    1991      130.0000000      151.6319381
     395      30       1    1991      119.0000000      148.2929050
     396      31       1    1991      107.0000000      145.3666821
     397       1       2    1991      112.0000000      142.7676373
     398       2       2    1991      109.0000000      140.4292498
     399       3       2    1991      101.0000000      138.2996286
     400       4       2    1991       98.0000000      136.3381396
     401       5       2    1991       84.0000000      134.5128509
     402       6       2    1991       93.0000000      132.7985863
     403       7       2    1991       80.0000000      131.1754347
     404       8       2    1991       73.0000000      129.6276028
     405       9       2    1991       89.0000000      128.1425287
     406      10       2    1991       84.0000000      126.7101937
     407      11       2    1991       78.0000000      125.3225864
     408      12       2    1991       79.0000000      123.9732841
     409      13       2    1991       77.0000000      122.6571239
     410      14       2    1991       80.0000000      121.3699451
     411      15       2    1991       72.0000000      120.1083849
     412      16       2    1991       78.0000000      121.3407815
     413      17       2    1991       74.0000000      120.9291730
     414      18       2    1991       77.0000000      119.5794577
     415      19       2    1991       73.0000000      143.3877166
     416      20       2    1991       69.0000000      170.2788892
     417      21       2    1991       74.0000000      211.5965505
     418      22       2    1991       81.0000000      217.3340764
     419      23       2    1991      110.0000000      209.6565962
     420      24       2    1991      180.0000000      211.2059428
     421      25       2    1991      213.0000000      222.3357159
     422      26       2    1991      222.0000000      229.1403078
     423      27       2    1991      208.0000000      230.0731424
     424      28       2    1991      211.0000000      223.9933666
     425       1       3    1991      214.0000000      206.6948267
     426       2       3    1991      208.0000000      206.5910873
     427       3       3    1991      221.0000000      195.9450101
     428       4       3    1991      281.0000000      178.1278348
     429       5       3    1991      219.0000000      165.1474704
     430       6       3    1991      190.0000000      154.7724083
     431       7       3    1991      173.0000000      146.3115597
     432       8       3    1991      164.0000000      139.7379418
     433       9       3    1991      142.0000000      135.4729848
     434      10       3    1991      133.0000000      139.2187244
     435      11       3    1991      133.0000000      137.3125366
     436      12       3    1991      118.0000000      131.6711791
     437      13       3    1991      127.0000000      126.6869266
     438      14       3    1991      113.0000000      122.5022702
     439      15       3    1991      107.0000000      118.9534208
     440      16       3    1991      100.0000000      115.9113088
     441      17       3    1991      100.0000000      113.2766764
     442      18       3    1991       95.0000000      110.9949930
     443      19       3    1991       98.0000000      190.0650545
     444      20       3    1991      119.0000000      196.4295278
     445      21       3    1991      159.0000000      234.7184493
     446      22       3    1991      196.0000000      260.0544114
     447      23       3    1991      242.0000000      239.4915048
     448      24       3    1991      216.0000000      211.0309815
     449      25       3    1991      180.0000000      189.3301540
     450      26       3    1991      145.0000000      172.7965437
     451      27       3    1991      127.0000000      162.6297024
     452      28       3    1991      117.0000000      150.8681115
     453      29       3    1991      109.0000000      141.3328866
     454      30       3    1991      106.0000000      133.5863189
     455      31       3    1991       99.0000000      127.2424811
     456       1       4    1991       96.0000000      122.0023783
     457       2       4    1991       88.0000000      117.6334362
     458       3       4    1991       87.0000000      113.9541061
     459       4       4    1991       82.0000000      111.1532707
     460       5       4    1991       84.0000000      109.5221563
     461       6       4    1991       67.0000000      107.0313601
     462       7       4    1991       89.0000000      104.8649502
     463       8       4    1991       75.0000000      102.9739007
     464       9       4    1991       79.0000000      101.1491469
     465      10       4    1991       70.0000000       99.4836939
     466      11       4    1991       69.0000000       97.9656035
     467      12       4    1991       69.0000000       96.5670689
     468      13       4    1991       56.0000000       95.2659654
     469      14       4    1991       63.0000000       94.0493304
     470      15       4    1991       58.0000000       92.8959454
     471      16       4    1991       56.0000000       91.7938828
     472      17       4    1991       54.0000000       90.7374690
     473      18       4    1991       57.0000000       89.7350213
     474      19       4    1991       53.0000000       89.4950751
     475      20       4    1991       53.0000000       91.3470913
     476      21       4    1991       65.0000000       91.8322453
     477      22       4    1991       69.0000000       95.3274100
     478      23       4    1991       61.0000000       99.6522578
     479      24       4    1991       56.0000000       98.7034446
     480      25       4    1991       56.0000000       95.6556208
     481      26       4    1991       53.0000000       92.5605305
     482      27       4    1991       49.0000000       89.9261253
     483      28       4    1991       53.0000000       87.6701686
     484      29       4    1991       48.0000000       88.2314861
     485      30       4    1991       57.0000000      156.1717940
     486       1       5    1991       69.0000000      152.1007195
     487       2       5    1991       89.0000000      136.2623285
     488       3       5    1991      105.0000000      124.6878615
     489       4       5    1991       79.0000000      115.4118537
     490       5       5    1991       69.0000000      108.6147915
     491       6       5    1991       71.0000000      104.4439266
     492       7       5    1991       60.0000000       99.2406327
     493       8       5    1991       64.0000000       94.5253123
     494       9       5    1991       59.0000000       90.6108463
     495      10       5    1991       57.0000000       95.4928869
     496      11       5    1991       55.0000000      107.9815518
     497      12       5    1991       53.0000000      105.6469568
     498      13       5    1991       52.0000000      100.2520070
     499      14       5    1991       50.0000000       95.8591904
     500      15       5    1991       52.0000000      109.0062613
     501      16       5    1991       54.0000000      117.1390018
     502      17       5    1991       54.0000000      107.6996044
     503      18       5    1991       55.0000000      100.3628740
     504      19       5    1991       48.0000000       94.3394276
     505      20       5    1991       48.0000000       89.3949458
     506      21       5    1991       49.0000000       85.3102436
     507      22       5    1991       41.0000000       81.9113442
     508      23       5    1991       40.0000000       79.0600634
     509      24       5    1991       40.0000000       76.6465747
     510      25       5    1991       39.0000000       74.5835337
     511      26       5    1991       43.0000000       72.8014310
     512      27       5    1991       39.0000000       71.2449156
     513      28       5    1991       36.0000000       69.8698822
     514      29       5    1991       33.0000000       68.6411642
     515      30       5    1991       39.0000000       67.5307036
     516      31       5    1991       34.0000000       66.5160997
     517       1       6    1991       37.0000000       65.5794558
     518       2       6    1991       35.0000000       64.7064642
     519       3       6    1991       29.0000000       63.8856779
     520       4       6    1991       33.0000000       63.1079315
     521       5       6    1991       34.0000000       62.3783090
     522       6       6    1991       32.0000000       80.2432874
     523       7       6    1991       38.0000000       86.2472972
     524       8       6    1991       39.0000000       74.8940772
     525       9       6    1991       41.0000000       76.9812452
     526      10       6    1991       44.0000000       89.4307332
     527      11       6    1991       48.0000000       73.0526959
     528      12       6    1991       42.0000000       68.9961027
     529      13       6    1991       37.0000000       66.4412638
     530      14       6    1991       39.0000000       64.3034554
     531      15       6    1991       35.0000000       63.6764783
     532      16       6    1991       31.0000000       72.3979500
     533      17       6    1991       33.0000000       81.6379339
     534      18       6    1991       31.0000000       80.5843803
     535      19       6    1991       28.0000000       77.0699323
     536      20       6    1991       60.0000000      117.5521394
     537      21       6    1991       48.0000000       87.4498219
     538      22       6    1991       54.0000000       75.2027075
     539      23       6    1991       63.0000000       78.6026080
     540      24       6    1991       41.0000000       70.3882830
     541      25       6    1991       42.0000000       65.3343697
     542      26       6    1991       43.0000000       62.7580657
     543      27       6    1991       38.0000000       73.9801901
     544      28       6    1991       38.0000000       76.5929861
     545      29       6    1991       35.0000000       72.1103134
     546      30       6    1991       41.0000000       67.6769121
     547       1       7    1991       41.0000000       64.1756349
     548       2       7    1991       38.0000000       61.2788775
     549       3       7    1991       34.0000000       58.8647851
     550       4       7    1991       27.0000000       56.8365130
     551       5       7    1991       31.0000000       55.1170343
     552       6       7    1991       30.0000000       53.6450385
     553       7       7    1991       26.0000000       58.7818241
     554       8       7    1991       30.0000000       56.4221169
     555       9       7    1991       31.0000000       51.5566707
     556      10       7    1991       23.0000000       50.4553040
     557      11       7    1991       35.0000000       49.4814984
     558      12       7    1991       19.0000000       52.6247409
     559      13       7    1991       24.0000000       88.3607547
     560      14       7    1991       26.0000000       76.5099847
     561      15       7    1991       27.0000000       66.5105275
     562      16       7    1991       41.0000000       61.2385285
     563      17       7    1991       34.0000000       57.8147130
     564      18       7    1991       27.0000000       54.9918407
     565      19       7    1991       25.0000000       52.6487665
     566      20       7    1991       23.0000000       50.6891663
     567      21       7    1991       22.0000000       49.0363994
     568      22       7    1991       27.0000000       47.6294457
     569      23       7    1991       23.0000000       46.4196899
     570      24       7    1991       21.0000000       47.7697665
     571      25       7    1991       23.0000000       78.6901065
     572      26       7    1991       33.0000000       66.3287593
     573      27       7    1991       23.0000000       56.7229003
     574      28       7    1991       29.0000000       52.2356225
     575      29       7    1991       30.0000000       49.7955981
     576      30       7    1991       35.0000000       66.4551839
     577      31       7    1991       27.0000000       65.5285485
     578       1       8    1991       45.0000000       56.4693425
     579       2       8    1991       47.0000000       52.9867520
     580       3       8    1991       40.0000000       50.1589574
     581       4       8    1991       35.0000000       47.8224681
     582       5       8    1991       26.0000000       45.8783589
     583       6       8    1991       23.0000000       44.2479553
     584       7       8    1991       30.0000000       43.8473017
     585       8       8    1991       33.0000000       44.2060700
     586       9       8    1991       30.0000000       40.9589715
     587      10       8    1991       28.0000000       39.8430024
     588      11       8    1991       19.0000000       39.0546879
     589      12       8    1991       20.0000000       38.3518550
     590      13       8    1991       16.0000000       37.7181689
     591      14       8    1991       18.0000000       37.1405703
     592      15       8    1991       18.0000000       36.6086110
     593      16       8    1991       20.0000000       36.1139263
     594      17       8    1991       16.0000000       35.6498146
     595      18       8    1991       15.0000000       35.2109028
     596      19       8    1991       15.0000000       34.7928794
     597      20       8    1991       14.0000000       34.3922822
     598      21       8    1991       15.0000000       34.0063282
     599      22       8    1991       13.0000000       33.6327915
     600      23       8    1991       12.0000000       33.3676400
     601      24       8    1991       11.0000000       33.2438283
     602      25       8    1991       12.0000000       32.7106012
     603      26       8    1991       11.0000000       32.3461453
     604      27       8    1991       13.0000000       31.9929386
     605      28       8    1991       11.0000000       31.6493725
     606      29       8    1991       12.0000000       31.3141498
     607      30       8    1991       12.0000000       30.9862229
     608      31       8    1991       11.0000000       30.6647444
     609       1       9    1991       11.0000000       32.4062220
     610       2       9    1991       17.0000000       31.5019147
     611       3       9    1991       11.0000000       29.7579954
     612       4       9    1991       12.0000000       29.4542495
     613       5       9    1991       11.0000000       29.1550544
     614       6       9    1991       11.0000000       28.8600602
     615       7       9    1991       18.0000000       28.5689815
     616       8       9    1991       11.0000000       28.2815840
     617       9       9    1991       13.0000000       27.9976745
     618      10       9    1991       12.0000000       28.3790816
     619      11       9    1991       11.0000000       67.3951379
     620      12       9    1991       20.0000000       40.4407870
     621      13       9    1991       21.0000000       29.8700432
     622      14       9    1991       29.0000000       29.0607422
     623      15       9    1991       28.0000000       28.3610474
     624      16       9    1991       20.0000000       27.7495837
     625      17       9    1991       20.0000000       27.2092736
     626      18       9    1991       20.0000000       26.7264648
     627      19       9    1991       12.0000000       26.2902359
     628      20       9    1991       11.0000000       25.8918446
     629      21       9    1991       11.0000000       25.5242883
     630      22       9    1991       22.0000000       56.3515480
     631      23       9    1991       14.0000000       38.6490345
     632      24       9    1991       48.0000000       28.5874695
     633      25       9    1991       45.0000000       97.3301176
     634      26       9    1991       80.0000000       82.0902559
     635      27       9    1991       61.0000000       60.4394339
     636      28       9    1991       61.0000000       97.2213227
     637      29       9    1991       65.0000000       84.8374037
     638      30       9    1991       63.0000000       66.0117594
     639       1      10    1991       90.0000000       54.4602871
     640       2      10    1991       59.0000000       47.2878521
     641       3      10    1991       45.0000000       42.7246141
     642       4      10    1991       42.0000000       39.1328627
     643       5      10    1991       41.0000000      101.2278374
     644       6      10    1991       41.0000000       91.4301220
     645       7      10    1991       73.0000000       67.9754597
     646       8      10    1991       96.0000000       58.3039277
     647       9      10    1991       61.0000000       51.8611762
     648      10      10    1991       44.0000000       46.7000881
     649      11      10    1991       42.0000000       42.6753750
     650      12      10    1991       41.0000000       80.4940414
     651      13      10    1991       42.0000000       79.8239618
     652      14      10    1991       61.0000000       64.6571707
     653      15      10    1991       55.0000000       57.1055707
     654      16      10    1991       41.0000000       55.6761516
     655      17      10    1991       48.0000000       75.7494912
     656      18      10    1991       52.0000000      102.6659719
     657      19      10    1991       66.0000000       78.5358882
     658      20      10    1991       59.0000000       74.0959174
     659      21      10    1991       71.0000000       68.1653221
     660      22      10    1991       74.0000000       60.4804034
     661      23      10    1991       70.0000000       54.2972726
     662      24      10    1991       59.0000000       49.1078529
     663      25      10    1991       57.0000000       44.9203197
     664      26      10    1991       57.0000000       41.5274868
     665      27      10    1991       51.0000000       38.7659209
     666      28      10    1991       47.0000000       36.5064940
     667      29      10    1991       48.0000000       34.6470317
     668      30      10    1991       45.0000000       38.4890526
     669      31      10    1991       43.0000000       40.5084505
     670       1      11    1991       40.0000000       56.4492503
     671       2      11    1991       47.0000000       58.3673883
     672       3      11    1991       46.0000000      115.8596482
     673       4      11    1991       76.0000000      167.4498275
     674       5      11    1991       60.0000000      154.9204287
     675       6      11    1991      132.0000000      139.4045259
     676       7      11    1991      133.0000000      146.5732206
     677       8      11    1991      113.0000000      172.9024889
     678       9      11    1991      120.0000000      168.7759587
     679      10      11    1991      141.0000000      146.8518330
     680      11      11    1991      208.0000000      178.4169851
     681      12      11    1991      166.0000000      221.5112107
     682      13      11    1991      183.0000000      324.9997652
     683      14      11    1991      299.0000000      460.6750513
     684      15      11    1991      521.0000000      390.9043713
     685      16      11    1991      443.0000000      327.0526188
     686      17      11    1991      304.0000000      272.0202763
     687      18      11    1991      231.0000000      278.3571277
     688      19      11    1991      192.0000000      265.9522771
     689      20      11    1991      199.0000000      249.8463305
     690      21      11    1991      201.0000000      229.0461163
     691      22      11    1991      173.0000000      194.6503587
     692      23      11    1991      159.0000000      167.4437063
     693      24      11    1991      160.0000000      145.8936957
     694      25      11    1991      146.0000000      128.7832386
     695      26      11    1991      110.0000000      115.1280964
     696      27      11    1991      114.0000000      104.1971632
     697      28      11    1991       97.0000000       95.4088274
     698      29      11    1991       89.0000000       88.3101571
     699      30      11    1991       73.0000000       82.5467056
     700       1      12    1991       69.0000000       77.8404024
     701       2      12    1991       67.0000000       73.9726099
     702       3      12    1991       63.0000000       70.7710776
     703       4      12    1991       58.0000000       68.0998544
     704       5      12    1991       59.0000000       65.8514622
     705       6      12    1991       53.0000000       63.9408029
     706       7      12    1991       54.0000000       62.3004034
     707       8      12    1991       51.0000000       60.8766942
     708       9      12    1991       47.0000000       59.6270917
     709      10      12    1991       42.0000000       58.5177051
     710      11      12    1991       40.0000000       57.5215313
     711      12      12    1991       39.0000000       56.6170320
     712      13      12    1991       36.0000000       55.7870092
     713      14      12    1991       37.0000000       55.0177163
     714      15      12    1991       32.0000000       54.2981546
     715      16      12    1991       37.0000000       79.0633714
     716      17      12    1991       62.0000000      238.6237484
     717      18      12    1991      118.0000000      314.5117716
     718      19      12    1991      170.0000000      440.1894205
     719      20      12    1991      229.0000000      494.4937676
     720      21      12    1991      448.0000000      648.8545518
     721      22      12    1991      464.0000000      787.5530712
     722      23      12    1991      675.0000000      662.1492047
     723      24      12    1991      844.0000000      529.9890968
     724      25      12    1991      569.0000000      410.1697426
     725      26      12    1991      358.0000000      330.6383361
     726      27      12    1991      279.0000000      281.4048585
     727      28      12    1991      238.0000000      242.6056206
     728      29      12    1991      201.0000000      211.2547393
     729      30      12    1991      185.0000000      186.5752112
     730      31      12    1991      165.0000000      167.0364372
     731       1       1    1992      140.0000000      151.6527165
     732       2       1    1992      126.0000000      141.7444154
     733       3       1    1992      117.0000000      135.1086872
     734       4       1    1992      114.0000000      129.7419575
     735       5       1    1992      108.0000000      122.2124667
     736       6       1    1992      108.0000000      114.8357623
     737       7       1    1992      101.0000000      109.2439176
     738       8       1    1992       97.0000000      107.9852954
     739       9       1    1992       89.0000000      143.9347685
     740      10       1    1992      111.0000000      199.6955930
     741      11       1    1992      135.0000000      188.1646897
     742      12       1    1992      171.0000000      166.1941517
     743      13       1    1992      125.0000000      150.1918513
     744      14       1    1992      111.0000000      137.4865678
     745      15       1    1992      100.0000000      127.7222683
     746      16       1    1992       87.0000000      120.2703639
     747      17       1    1992       75.0000000      113.3953917
     748      18       1    1992       79.0000000      107.7805966
     749      19       1    1992       70.0000000      109.5405809
     750      20       1    1992       72.0000000      107.1802047
     751      21       1    1992       87.0000000      102.2877375
     752      22       1    1992       79.0000000       98.3964495
     753      23       1    1992       71.0000000       95.1707884
     754      24       1    1992       66.0000000       92.4447433
     755      25       1    1992       67.0000000       90.1126890
     756      26       1    1992       65.0000000       88.0926498
     757      27       1    1992       59.0000000       86.3208689
     758      28       1    1992       57.0000000       84.8604372
     759      29       1    1992       54.0000000       84.2648046
     760      30       1    1992       59.0000000       89.6749795
     761      31       1    1992       57.0000000      102.2087943
     762       1       2    1992       56.0000000      106.9730346
     763       2       2    1992       54.0000000      104.7701668
     764       3       2    1992       58.0000000      105.4512608
     765       4       2    1992       63.0000000      196.2260784
     766       5       2    1992       76.0000000      293.7193600
     767       6       2    1992      250.0000000      320.3913692
     768       7       2    1992      346.0000000      267.2702612
     769       8       2    1992      241.0000000      229.5776151
     770       9       2    1992      180.0000000      222.2151188
     771      10       2    1992      164.0000000      219.4599540
     772      11       2    1992      183.0000000      247.8500059
     773      12       2    1992      215.0000000      268.6196142
     774      13       2    1992      265.0000000      275.9458231
     775      14       2    1992      287.0000000      279.9465761
     776      15       2    1992      272.0000000      283.8502286
     777      16       2    1992      253.0000000      309.8457225
     778      17       2    1992      301.0000000      282.7592883
     779      18       2    1992      275.0000000      241.6035074
     780      19       2    1992      224.0000000      211.2274955
     781      20       2    1992      194.0000000      187.5213426
     782      21       2    1992      173.0000000      168.9487462
     783      22       2    1992      157.0000000      154.9410088
     784      23       2    1992      142.0000000      148.4827514
     785      24       2    1992      133.0000000      149.4940252
     786      25       2    1992      128.0000000      148.2746383
     787      26       2    1992      125.0000000      138.0029249
     788      27       2    1992      125.0000000      129.0716815
     789      28       2    1992      110.0000000      121.7833842
     790      29       2    1992      107.0000000      115.7964635
     791       1       3    1992       97.0000000      110.9539870
     792       2       3    1992       97.0000000      111.3001390
     793       3       3    1992       86.0000000      116.8857452
     794       4       3    1992       93.0000000      110.9874938
     795       5       3    1992       86.0000000      106.5561746
     796       6       3    1992       82.0000000      102.8358458
     797       7       3    1992       80.0000000       99.6250366
     798       8       3    1992       77.0000000       96.8867023
     799       9       3    1992       73.0000000       94.5267643
     800      10       3    1992       76.0000000       92.5943184
     801      11       3    1992       68.0000000       90.9266047
     802      12       3    1992       70.0000000      167.6774466
     803      13       3    1992      116.0000000      271.8435052
     804      14       3    1992      206.0000000      336.6393511
     805      15       3    1992      433.0000000      414.1212311
     806      16       3    1992      495.0000000      403.8795280
     807      17       3    1992      331.0000000      325.5379780
     808      18       3    1992      240.0000000      276.3717988
     809      19       3    1992      215.0000000      239.3255969
     810      20       3    1992      185.0000000      210.2940484
     811      21       3    1992      185.0000000      198.8194065
     812      22       3    1992      185.0000000      299.2906362
     813      23       3    1992      213.0000000      399.8860604
     814      24       3    1992      466.0000000      441.7920333
     815      25       3    1992      580.0000000      431.5072233
     816      26       3    1992      566.0000000      384.0812231
     817      27       3    1992      487.0000000      338.0928801
     818      28       3    1992      387.0000000      309.2615739
     819      29       3    1992      311.0000000      277.4425572
     820      30       3    1992      270.0000000      254.7411639
     821      31       3    1992      246.0000000      261.1676944
     822       1       4    1992      229.0000000      275.4192383
     823       2       4    1992      222.0000000      266.1468449
     824       3       4    1992      217.0000000      320.8424783
     825       4       4    1992      208.0000000      378.5173670
     826       5       4    1992      220.0000000      334.1527667
     827       6       4    1992      210.0000000      288.7747770
     828       7       4    1992      190.0000000      254.4817501
     829       8       4    1992      173.0000000      227.3042920
     830       9       4    1992      166.0000000      205.6038852
     831      10       4    1992      133.0000000      188.1997723
     832      11       4    1992      126.0000000      174.1740192
     833      12       4    1992      124.0000000      162.8106963
     834      13       4    1992      116.0000000      153.5631051
     835      14       4    1992      112.0000000      154.8470138
     836      15       4    1992      111.0000000      210.9012301
     837      16       4    1992      137.0000000      213.8041601
     838      17       4    1992      206.0000000      205.3615579
     839      18       4    1992      176.0000000      196.8366595
     840      19       4    1992      161.0000000      180.3371172
     841      20       4    1992      161.0000000      167.2641542
     842      21       4    1992      139.0000000      156.6495408
     843      22       4    1992      139.0000000      148.0639348
     844      23       4    1992      123.0000000      141.0551738
     845      24       4    1992      119.0000000      135.2808104
     846      25       4    1992      111.0000000      130.4765828
     847      26       4    1992       94.0000000      126.4804250
     848      27       4    1992       94.0000000      132.5589859
     849      28       4    1992      102.0000000      147.7670711
     850      29       4    1992      120.0000000      148.8346130
     851      30       4    1992      120.0000000      141.5439898
     852       1       5    1992      114.0000000      186.7155023
     853       2       5    1992      115.0000000      208.3859773
     854       3       5    1992      206.0000000      193.7712062
     855       4       5    1992      215.0000000      176.1946285
     856       5       5    1992      125.0000000      162.3961477
     857       6       5    1992      123.0000000      151.2701793
     858       7       5    1992      113.0000000      142.2431676
     859       8       5    1992       77.0000000      134.8690332
     860       9       5    1992       83.0000000      128.8963934
     861      10       5    1992       83.0000000      136.2151937
     862      11       5    1992       96.0000000      131.7134619
     863      12       5    1992      120.0000000      121.1434130
     864      13       5    1992       80.0000000      116.8829294
     865      14       5    1992       76.0000000      113.5938073
     866      15       5    1992       69.0000000      110.7697765
     867      16       5    1992       63.0000000      108.3165130
     868      17       5    1992       61.0000000      106.1597037
     869      18       5    1992       60.0000000      104.2406687
     870      19       5    1992       59.0000000      102.5129761
     871      20       5    1992       67.0000000      100.9398148
     872      21       5    1992       51.0000000       99.4921774
     873      22       5    1992       44.0000000       98.1464869
     874      23       5    1992       42.0000000       96.8841053
     875      24       5    1992       51.0000000       95.9081421
     876      25       5    1992       42.0000000       95.4424401
     877      26       5    1992       54.0000000      104.7206696
     878      27       5    1992       53.0000000       95.2226778
     879      28       5    1992       59.0000000       92.4753650
     880      29       5    1992       55.0000000      100.4029018
     881      30       5    1992       54.0000000       98.2013303
     882      31       5    1992       48.0000000       94.7658126
     883       1       6    1992       63.0000000      100.1258535
     884       2       6    1992       61.0000000      101.4440900
     885       3       6    1992       55.0000000      107.3214698
     886       4       6    1992       75.0000000      136.4584828
     887       5       6    1992       53.0000000      150.3438912
     888       6       6    1992       77.0000000      147.5714544
     889       7       6    1992      114.0000000      147.7396600
     890       8       6    1992      167.0000000      164.3144291
     891       9       6    1992      116.0000000      141.9423714
     892      10       6    1992       91.0000000      127.1425848
     893      11       6    1992       85.0000000      118.1601913
     894      12       6    1992       68.0000000      110.9126016
     895      13       6    1992       71.0000000      104.9854075
     896      14       6    1992       63.0000000      100.1002884
     897      15       6    1992       59.0000000       96.0438716
     898      16       6    1992       46.0000000       92.6474691
     899      17       6    1992       44.0000000       89.7775497
     900      18       6    1992       39.0000000       87.3282856
     901      19       6    1992       41.0000000       85.2172673
     902      20       6    1992       44.0000000       85.1612127
     903      21       6    1992       39.0000000       82.5624083
     904      22       6    1992       32.0000000       80.5720563
     905      23       6    1992       40.0000000       81.2351063
     906      24       6    1992       41.0000000       99.0543584
     907      25       6    1992       42.0000000       95.9256717
     908      26       6    1992       42.0000000       89.0651546
     909      27       6    1992       48.0000000       85.2810732
     910      28       6    1992       37.0000000       82.4159820
     911      29       6    1992       40.0000000       79.9860412
     912      30       6    1992       29.0000000       78.2625746
     913       1       7    1992       30.0000000       78.5389899
     914       2       7    1992       36.0000000       76.4908012
     915       3       7    1992       29.0000000       84.9009208
     916       4       7    1992       36.0000000      100.8093082
     917       5       7    1992       50.0000000      121.5295503
     918       6       7    1992       78.0000000      119.7856735
     919       7       7    1992       54.0000000       94.6225738
     920       8       7    1992       57.0000000       86.2804631
     921       9       7    1992       51.0000000       83.0597809
     922      10       7    1992       47.0000000      109.1511071
     923      11       7    1992       46.0000000      135.4873725
     924      12       7    1992       76.0000000      133.4412513
     925      13       7    1992       72.0000000      122.1696776
     926      14       7    1992       67.0000000      108.8142236
     927      15       7    1992       63.0000000      100.1022243
     928      16       7    1992       47.0000000       93.0378148
     929      17       7    1992       47.0000000       87.2811176
     930      18       7    1992       42.0000000       82.5636803
     931      19       7    1992       41.0000000       78.6732001
     932      20       7    1992       39.0000000       75.4415846
     933      21       7    1992       37.0000000       75.8417438
     934      22       7    1992       33.0000000       77.9929741
     935      23       7    1992       33.0000000       74.0072669
     936      24       7    1992       33.0000000       71.2858701
     937      25       7    1992       37.0000000       68.9895920
     938      26       7    1992       26.0000000       67.0338975
     939      27       7    1992       24.0000000       65.3515717
     940      28       7    1992       26.0000000       63.8886812
     941      29       7    1992       29.0000000       62.6022542
     942      30       7    1992       19.0000000       61.4580283
     943      31       7    1992       22.0000000       62.4600022
     944       1       8    1992       28.0000000       60.9973602
     945       2       8    1992       35.0000000       58.7692370
     946       3       8    1992       29.0000000       57.9530319
     947       4       8    1992       36.0000000       57.1906887
     948       5       8    1992       52.0000000       56.4725761
     949       6       8    1992       74.0000000       55.7909807
     950       7       8    1992       54.0000000       55.1397209
     951       8       8    1992       57.0000000       54.5138380
     952       9       8    1992       48.0000000       55.8056816
     953      10       8    1992       47.0000000       54.6639809
     954      11       8    1992       46.0000000       62.4302100
     955      12       8    1992       75.0000000       58.4771574
     956      13       8    1992       73.0000000       65.9039410
     957      14       8    1992       66.0000000       68.5306228
     958      15       8    1992       60.0000000       57.4554216
     959      16       8    1992       47.0000000       52.7215443
     960      17       8    1992       46.0000000       51.7744001
     961      18       8    1992       42.0000000       50.9203030
     962      19       8    1992       41.0000000       50.1472009
     963      20       8    1992       40.0000000       56.3912898
     964      21       8    1992       37.0000000       50.9288583
     965      22       8    1992       32.0000000       48.9366776
     966      23       8    1992       32.0000000       48.7118227
     967      24       8    1992       32.0000000       47.4645160
     968      25       8    1992       36.0000000       46.8192302
     969      26       8    1992       27.0000000       46.2440860
     970      27       8    1992       25.0000000       45.6961293
     971      28       8    1992       25.0000000       45.5264090
     972      29       8    1992       28.0000000       52.8281569
     973      30       8    1992       20.0000000       64.3111651
     974      31       8    1992       22.0000000      124.2999760
     975       1       9    1992       49.0000000       78.2409796
     976       2       9    1992       77.0000000       80.0365007
     977       3       9    1992       67.0000000       73.5330063
     978       4       9    1992       45.0000000       73.3401124
     979       5       9    1992       44.0000000       64.7365323
     980       6       9    1992       64.0000000       58.4218196
     981       7       9    1992       52.0000000       55.0502224
     982       8       9    1992       40.0000000       52.2784749
     983       9       9    1992       30.0000000       49.9838722
     984      10       9    1992       34.0000000       48.0694534
     985      11       9    1992       32.0000000       46.8278606
     986      12       9    1992       36.0000000       46.0857820
     987      13       9    1992       28.0000000       44.6798398
     988      14       9    1992       33.0000000       44.5323014
     989      15       9    1992       35.0000000       45.4014321
     990      16       9    1992       30.0000000       43.1365048
     991      17       9    1992       32.0000000       42.0867467
     992      18       9    1992       29.0000000       41.4287411
     993      19       9    1992       30.0000000       41.7475396
     994      20       9    1992       28.0000000       40.7046663
     995      21       9    1992       29.0000000       39.8515942
     996      22       9    1992       29.0000000       39.0959565
     997      23       9    1992       27.0000000       38.4203083
     998      24       9    1992       27.0000000       37.8065088
     999      25       9    1992       23.0000000       37.2443126
    1000      26       9    1992       28.0000000       36.7243114
    1001      27       9    1992       25.0000000       36.2389864
    1002      28       9    1992       25.0000000       39.1301754
    1003      29       9    1992       27.0000000       39.9591355
    1004      30       9    1992       25.0000000       37.5883699
    1005       1      10    1992       27.0000000       37.6126259
    1006       2      10    1992       33.0000000       42.0334229
    1007       3      10    1992       29.0000000       42.3358735
    1008       4      10    1992       31.0000000       41.9669140
    1009       5      10    1992       25.0000000       54.6025304
    1010       6      10    1992       25.0000000       58.4038545
    1011       7      10    1992       36.0000000       41.4217411
    1012       8      10    1992       42.0000000       37.3834489
    1013       9      10    1992       43.0000000       41.3766456
    1014      10      10    1992       26.0000000       50.6263750
    1015      11      10    1992       27.0000000       46.6417879
    1016      12      10    1992       27.0000000       42.1087446
    1017      13      10    1992       26.0000000       39.8470619
    1018      14      10    1992       26.0000000       38.0475414
    1019      15      10    1992       23.0000000       54.9312782
    1020      16      10    1992       21.0000000       50.9333993
    1021      17      10    1992       26.0000000       55.4961076
    1022      18      10    1992       34.0000000       56.3830716
    1023      19      10    1992       37.0000000       52.4207072
    1024      20      10    1992       31.0000000       59.3193472
    1025      21      10    1992       31.0000000       58.0364304
    1026      22      10    1992       35.0000000       55.0847121
    1027      23      10    1992       33.0000000      100.7472246
    1028      24      10    1992       40.0000000      181.0787808
    1029      25      10    1992       74.0000000      244.0128041
    1030      26      10    1992      161.0000000      217.2877681
    1031      27      10    1992      285.0000000      240.7017762
    1032      28      10    1992      244.0000000      253.9911622
    1033      29      10    1992      263.0000000      249.9456222
    1034      30      10    1992      276.0000000      196.6397458
    1035      31      10    1992      186.0000000      164.3693666
    1036       1      11    1992      154.0000000      140.0505083
    1037       2      11    1992      112.0000000      151.4288772
    1038       3      11    1992      104.0000000      155.0557484
    1039       4      11    1992       96.0000000      139.8722084
    1040       5      11    1992       99.0000000      120.1432094
    1041       6      11    1992      126.0000000      105.0834137
    1042       7      11    1992       91.0000000       93.8021679
    1043       8      11    1992       84.0000000       86.9255576
    1044       9      11    1992       81.0000000       91.4257533
    1045      10      11    1992       85.0000000      159.8452185
    1046      11      11    1992      126.0000000      276.7475780
    1047      12      11    1992      279.0000000      310.6997910
    1048      13      11    1992      390.0000000      302.0605958
    1049      14      11    1992      294.0000000      309.9764623
    1050      15      11    1992      260.0000000      447.0879973
    1051      16      11    1992      398.0000000      555.7179051
    1052      17      11    1992      520.0000000      471.2959032
    1053      18      11    1992      487.0000000      452.5611765
    1054      19      11    1992      380.0000000      431.8898725
    1055      20      11    1992      385.0000000      355.4719726
    1056      21      11    1992      351.0000000      435.3842795
    1057      22      11    1992      309.0000000      463.9492654
    1058      23      11    1992      587.0000000      364.7897185
    1059      24      11    1992      661.0000000      310.5131045
    1060      25      11    1992      447.0000000      338.5809529
    1061      26      11    1992      361.0000000      346.0039683
    1062      27      11    1992      351.0000000      338.8478861
    1063      28      11    1992      353.0000000      394.4650003
    1064      29      11    1992      369.0000000      481.6512100
    1065      30      11    1992      452.0000000      433.6022135
    1066       1      12    1992      441.0000000      351.9756800
    1067       2      12    1992      348.0000000      412.7496095
    1068       3      12    1992      394.0000000      422.6584839
    1069       4      12    1992      455.0000000      501.5240042
    1070       5      12    1992      491.0000000      497.7280997
    1071       6      12    1992      469.0000000      439.2925810
    1072       7      12    1992      364.0000000      421.1192425
    1073       8      12    1992      338.0000000      369.0168186
    1074       9      12    1992      334.0000000      319.9665931
    1075      10      12    1992      268.0000000      277.3751620
    1076      11      12    1992      236.0000000      288.9256230
    1077      12      12    1992      230.0000000      280.9337400
    1078      13      12    1992      239.0000000      250.8575948
    1079      14      12    1992      256.0000000      223.6224123
    1080      15      12    1992      217.0000000      209.6406968
    1081      16      12    1992      201.0000000      204.9345695
    1082      17      12    1992      188.0000000      202.5602547
    1083      18      12    1992      176.0000000      198.0824626
    1084      19      12    1992      170.0000000      186.5735279
    1085      20      12    1992      168.0000000      182.5415243
    1086      21      12    1992      131.0000000      197.2519062
    1087      22      12    1992      133.0000000      198.1467833
    1088      23      12    1992      134.0000000      180.8681227
    1089      24      12    1992      127.0000000      168.0375793
    1090      25      12    1992      117.0000000      157.8633307
    1091      26      12    1992      113.0000000      149.5805448
    1092      27      12    1992      100.0000000      142.7818951
    1093      28      12    1992       94.0000000      137.1516682
    1094      29      12    1992       87.0000000      132.4441683
    1095      30      12    1992       86.0000000      128.4675118
    1096      31      12    1992       81.0000000      125.0713726
    1097       1       1    1993       77.0000000      122.1376530
    1098       2       1    1993       76.0000000      119.5733414
    1099       3       1    1993       61.0000000      117.3050167
    1100       4       1    1993       61.0000000      115.2746006
    1101       5       1    1993       57.0000000      113.4360631
    1102       6       1    1993       66.0000000      138.4489705
    1103       7       1    1993       67.0000000      170.6929981
    1104       8       1    1993       84.0000000      185.9382170
    1105       9       1    1993       90.0000000      198.7659755
    1106      10       1    1993      113.0000000      245.4289614
    1107      11       1    1993      265.0000000      499.8321670
    1108      12       1    1993      559.0000000      648.9440060
    1109      13       1    1993      832.0000000      600.2930498
    1110      14       1    1993      601.0000000      483.8279910
    1111      15       1    1993      436.0000000      384.9193852
    1112      16       1    1993      339.0000000      320.0056320
    1113      17       1    1993      292.0000000      279.5027457
    1114      18       1    1993      247.0000000      250.2288490
    1115      19       1    1993      218.0000000      225.0874053
    1116      20       1    1993      205.0000000      204.2325393
    1117      21       1    1993      190.0000000      191.8868667
    1118      22       1    1993      176.0000000      185.7589606
    1119      23       1    1993      173.0000000      182.4642567
    1120      24       1    1993      173.0000000      312.4908720
    1121      25       1    1993      199.0000000      395.9589006
    1122      26       1    1993      361.0000000      344.2196339
    1123      27       1    1993      295.0000000      355.3556632
    1124      28       1    1993      238.0000000      362.7558499
    1125      29       1    1993      263.0000000      335.0947482
    1126      30       1    1993      245.0000000      293.0347748
    1127      31       1    1993      222.0000000      259.4477213
    1128       1       2    1993      199.0000000      233.2371032
    1129       2       2    1993      186.0000000      212.4543683
    1130       3       2    1993      171.0000000      195.8695524
    1131       4       2    1993      157.0000000      182.5464066
    1132       5       2    1993      159.0000000      171.7677716
    1133       6       2    1993      129.0000000      162.9813550
    1134       7       2    1993      119.0000000      155.9331110
    1135       8       2    1993      119.0000000      149.9236552
    1136       9       2    1993      105.0000000      144.8817201
    1137      10       2    1993      106.0000000      140.6178464
    1138      11       2    1993      105.0000000      136.9719366
    1139      12       2    1993       95.0000000      133.8181876
    1140      13       2    1993       91.0000000      131.0575142
    1141      14       2    1993       88.0000000      128.6117087
    1142      15       2    1993       84.0000000      126.4189204
    1143      16       2    1993       83.0000000      124.6630284
    1144      17       2    1993       79.0000000      125.8840723
    1145      18       2    1993       78.0000000      127.6402352
    1146      19       2    1993       84.0000000      132.0528638
    1147      20       2    1993       91.0000000      157.2710259
    1148      21       2    1993       91.0000000      165.1699605
    1149      22       2    1993       90.0000000      159.8689371
    1150      23       2    1993      103.0000000      149.6481112
    1151      24       2    1993       94.0000000      141.9728966
    1152      25       2    1993       81.0000000      135.7309614
    1153      26       2    1993       78.0000000      130.8269760
    1154      27       2    1993       75.0000000      132.6111160
    1155      28       2    1993       76.0000000      130.5039794
    1156       1       3    1993       80.0000000      126.5300765
    1157       2       3    1993       75.0000000      125.0999200
    1158       3       3    1993       76.0000000      124.8961600
    1159       4       3    1993       72.0000000      120.9742118
    1160       5       3    1993       65.0000000      117.6663629
    1161       6       3    1993       64.0000000      115.1681537
    1162       7       3    1993       64.0000000      116.4415601
    1163       8       3    1993       68.0000000      119.0819743
    1164       9       3    1993       68.0000000      118.1129938
    1165      10       3    1993       67.0000000      123.1658898
    1166      11       3    1993       61.0000000      133.4126027
    1167      12       3    1993       57.0000000      140.6393972
    1168      13       3    1993       58.0000000      135.6244452
    1169      14       3    1993       54.0000000      127.9734968
    1170      15       3    1993       66.0000000      121.7343683
    1171      16       3    1993       54.0000000      116.5656228
    1172      17       3    1993       57.0000000      112.2922993
    1173      18       3    1993       57.0000000      109.5384856
    1174      19       3    1993       52.0000000      106.3762380
    1175      20       3    1993       57.0000000      103.5521927
    1176      21       3    1993       58.0000000      103.3857936
    1177      22       3    1993       57.0000000      137.2161254
    1178      23       3    1993       56.0000000      147.9815017
    1179      24       3    1993       63.0000000      134.2030338
    1180      25       3    1993       76.0000000      125.5691606
    1181      26       3    1993       56.0000000      118.5142194
    1182      27       3    1993       59.0000000      112.7129733
    1183      28       3    1993       59.0000000      107.9085854
    1184      29       3    1993       54.0000000      103.8979717
    1185      30       3    1993       48.0000000      100.5203576
    1186      31       3    1993       55.0000000       97.6483193
    1187       1       4    1993       48.0000000      101.8941587
    1188       2       4    1993       53.0000000      117.2667199
    1189       3       4    1993       47.0000000      118.0404969
    1190       4       4    1993       59.0000000      124.2591185
    1191       5       4    1993       53.0000000      152.7620907
    1192       6       4    1993       64.0000000      149.4211709
    1193       7       4    1993       63.0000000      136.0926508
    1194       8       4    1993       75.0000000      128.0893903
    1195       9       4    1993       64.0000000      119.1264527
    1196      10       4    1993       59.0000000      121.9830623
    1197      11       4    1993       60.0000000      134.9970006
    1198      12       4    1993       63.0000000      134.3989658
    1199      13       4    1993       69.0000000      131.7823618
    1200      14       4    1993       79.0000000      125.8210091
    1201      15       4    1993       82.0000000      117.3873182
    1202      16       4    1993       68.0000000      111.6614147
    1203      17       4    1993       56.0000000      105.9070087
    1204      18       4    1993       59.0000000      101.1849202
    1205      19       4    1993       61.0000000       96.9518227
    1206      20       4    1993       62.0000000       93.3550836
    1207      21       4    1993       57.0000000       90.3266639
    1208      22       4    1993       53.0000000       87.7530981
    1209      23       4    1993       47.0000000       85.5413966
    1210      24       4    1993       46.0000000       83.6195301
    1211      25       4    1993       47.0000000       81.9309415
    1212      26       4    1993       45.0000000       80.4300453
    1213      27       4    1993       43.0000000       79.0805545
    1214      28       4    1993       41.0000000       77.8557610
    1215      29       4    1993       38.0000000       76.7348191
    1216      30       4    1993       39.0000000       75.8913790
    1217       1       5    1993       40.0000000       75.8705494
    1218       2       5    1993       41.0000000       80.6187404
    1219       3       5    1993       45.0000000       80.8908807
    1220       4       5    1993       49.0000000       78.4149002
    1221       5       5    1993       40.0000000       76.4303877
    1222       6       5    1993       43.0000000       74.7874678
    1223       7       5    1993       38.0000000       73.2622748
    1224       8       5    1993       38.0000000       72.4701419
    1225       9       5    1993       43.0000000       72.0621849
    1226      10       5    1993       44.0000000       73.4900856
    1227      11       5    1993       41.0000000       71.8589757
    1228      12       5    1993       51.0000000       82.4752127
    1229      13       5    1993       63.0000000      125.8643257
    1230      14       5    1993       68.0000000       88.0189109
    1231      15       5    1993       77.0000000       79.3142382
    1232      16       5    1993       77.0000000       76.0298400
    1233      17       5    1993       59.0000000       73.2854319
    1234      18       5    1993       49.0000000       70.9810225
    1235      19       5    1993       43.0000000       74.0553363
    1236      20       5    1993       44.0000000       90.3987809
    1237      21       5    1993       48.0000000       89.7966371
    1238      22       5    1993       44.0000000       81.9695323
    1239      23       5    1993       46.0000000       77.5840164
    1240      24       5    1993       40.0000000       73.9653038
    1241      25       5    1993       43.0000000       70.9574996
    1242      26       5    1993       30.0000000       68.5290474
    1243      27       5    1993       45.0000000       80.5415253
    1244      28       5    1993       43.0000000       87.1861766
    1245      29       5    1993       44.0000000       80.2227732
    1246      30       5    1993       54.0000000       80.1180447
    1247      31       5    1993       56.0000000       74.9771488
    1248       1       6    1993       44.0000000       69.0962419
    1249       2       6    1993       43.0000000       69.8214647
    1250       3       6    1993       33.0000000       77.8840835
    1251       4       6    1993       45.0000000       74.2612455
    1252       5       6    1993       46.0000000       70.1154926
    1253       6       6    1993       42.0000000       66.9629913
    1254       7       6    1993       40.0000000       64.3363129
    1255       8       6    1993       30.0000000       62.1296828
    1256       9       6    1993       31.0000000       60.3030028
    1257      10       6    1993       32.0000000       59.0870890
    1258      11       6    1993       25.0000000       60.5207537
    1259      12       6    1993       33.0000000       63.2997331
    1260      13       6    1993       29.0000000       61.3543762
    1261      14       6    1993       40.0000000       63.4823464
    1262      15       6    1993       42.0000000       66.6078915
    1263      16       6    1993       37.0000000       67.1445487
    1264      17       6    1993       46.0000000       66.0871396
    1265      18       6    1993       47.0000000       62.5836959
    1266      19       6    1993       50.0000000       65.3815975
    1267      20       6    1993       43.0000000      102.9992543
    1268      21       6    1993       69.0000000       85.2164844
    1269      22       6    1993       61.0000000      115.5353279
    1270      23       6    1993       67.0000000      129.6457408
    1271      24       6    1993       77.0000000      111.2806000
    1272      25       6    1993       87.0000000       99.0724302
    1273      26       6    1993       55.0000000       89.2094016
    1274      27       6    1993       43.0000000       81.2631417
    1275      28       6    1993       40.0000000       74.8378100
    1276      29       6    1993       30.0000000       69.6205474
    1277      30       6    1993       40.0000000       65.3638283
    1278       1       7    1993       40.0000000       64.4837389
    1279       2       7    1993       27.0000000       60.7809285
    1280       3       7    1993       34.0000000       57.2132314
    1281       4       7    1993       30.0000000       55.1055668
    1282       5       7    1993       31.0000000       53.3687010
    1283       6       7    1993       27.0000000       51.8190908
    1284       7       7    1993       31.0000000       50.5191066
    1285       8       7    1993       26.0000000       49.3890412
    1286       9       7    1993       23.0000000       49.3478272
    1287      10       7    1993       24.0000000       52.3684031
    1288      11       7    1993       25.0000000       64.6162449
    1289      12       7    1993       34.0000000       80.5312902
    1290      13       7    1993       40.0000000       80.9180686
    1291      14       7    1993       41.0000000      108.3217054
    1292      15       7    1993       46.0000000       87.8400984
    1293      16       7    1993       39.0000000       74.0244311
    1294      17       7    1993       43.0000000       68.9000681
    1295      18       7    1993       35.0000000       66.3027911
    1296      19       7    1993       49.0000000       85.0693868
    1297      20       7    1993       38.0000000       80.8607559
    1298      21       7    1993       41.0000000       81.4728148
    1299      22       7    1993       45.0000000       74.6014653
    1300      23       7    1993       41.0000000       66.0954960
    1301      24       7    1993       42.0000000       61.3630565
    1302      25       7    1993       40.0000000       57.5093551
    1303      26       7    1993       35.0000000       54.3470558
    1304      27       7    1993       40.0000000       77.6258422
    1305      28       7    1993       40.0000000       60.7619494
    1306      29       7    1993       36.0000000       50.7573543
    1307      30       7    1993       40.0000000      118.9063336
    1308      31       7    1993       61.0000000       78.5986041
    1309       1       8    1993       36.0000000       62.2180929
    1310       2       8    1993       46.0000000       58.0015459
    1311       3       8    1993       32.0000000       54.5631268
    1312       4       8    1993       38.0000000       51.7416965
    1313       5       8    1993       32.0000000       49.4145997
    1314       6       8    1993       25.0000000       47.4765404
    1315       7       8    1993       26.0000000       45.8452627
    1316       8       8    1993       29.0000000       44.4625886
    1317       9       8    1993       29.0000000       52.0834136
    1318      10       8    1993       28.0000000       54.9638704
    1319      11       8    1993       37.0000000       52.9167355
    1320      12       8    1993       40.0000000       49.1379320
    1321      13       8    1993       49.0000000       46.8486678
    1322      14       8    1993       32.0000000       45.7001861
    1323      15       8    1993       37.0000000       44.2430821
    1324      16       8    1993       37.0000000       42.2679304
    1325      17       8    1993       27.0000000       41.0700044
    1326      18       8    1993       24.0000000       40.0387681
    1327      19       8    1993       24.0000000       39.1414954
    1328      20       8    1993       22.0000000       38.3520835
    1329      21       8    1993       21.0000000       37.6496957
    1330      22       8    1993       16.0000000       41.3245612
    1331      23       8    1993       21.0000000       46.1891960
    1332      24       8    1993       27.0000000       43.8848100
    1333      25       8    1993       26.0000000       41.0326060
    1334      26       8    1993       23.0000000       39.5241577
    1335      27       8    1993       21.0000000       45.2020329
    1336      28       8    1993       28.0000000       45.6144289
    1337      29       8    1993       17.0000000       41.6927460
    1338      30       8    1993       24.0000000       39.8578296
    1339      31       8    1993       25.0000000       38.3260400
    1340       1       9    1993       25.0000000       37.0367652
    1341       2       9    1993       19.0000000       35.9417386
    1342       3       9    1993       17.0000000       41.7208781
    1343       4       9    1993       16.0000000       46.9845894
    1344       5       9    1993       19.0000000       41.8830824
    1345       6       9    1993       23.0000000       39.4398001
    1346       7       9    1993       25.0000000       62.5798011
    1347       8       9    1993       34.0000000       51.0165571
    1348       9       9    1993       31.0000000       83.1616206
    1349      10       9    1993       35.0000000      114.4036307
    1350      11       9    1993       53.0000000      153.3267907
    1351      12       9    1993       71.0000000      129.7039560
    1352      13       9    1993       74.0000000      186.6777234
    1353      14       9    1993       87.0000000      188.2429771
    1354      15       9    1993      173.0000000      172.6288897
    1355      16       9    1993      117.0000000      130.7726262
    1356      17       9    1993       93.0000000      109.6047297
    1357      18       9    1993       77.0000000       95.1008588
    1358      19       9    1993       62.0000000       83.5744715
    1359      20       9    1993       54.0000000       74.3824253
    1360      21       9    1993       48.0000000       69.0687452
    1361      22       9    1993       46.0000000       95.5000880
    1362      23       9    1993       55.0000000       96.5253748
    1363      24       9    1993       66.0000000      102.3788089
    1364      25       9    1993       64.0000000       96.4973321
    1365      26       9    1993       52.0000000       82.1295303
    1366      27       9    1993       68.0000000       81.1660240
    1367      28       9    1993       69.0000000       99.9241894
    1368      29       9    1993       62.0000000       99.2396519
    1369      30       9    1993       76.0000000       93.3142734
    1370       1      10    1993       72.0000000      130.5666850
    1371       2      10    1993       68.0000000      137.9682547
    1372       3      10    1993       72.0000000      141.0724227
    1373       4      10    1993       78.0000000      142.4397698
    1374       5      10    1993      116.0000000      230.3320135
    1375       6      10    1993      131.0000000      205.2750931
    1376       7      10    1993      180.0000000      183.1851717
    1377       8      10    1993      203.0000000      200.7984580
    1378       9      10    1993      164.0000000      206.9209094
    1379      10      10    1993      178.0000000      239.8465360
    1380      11      10    1993      161.0000000      249.7528659
    1381      12      10    1993      287.0000000      268.7573378
    1382      13      10    1993      360.0000000      331.2243095
    1383      14      10    1993      374.0000000      302.7477294
    1384      15      10    1993      297.0000000      261.3948314
    1385      16      10    1993      247.0000000      275.4257095
    1386      17      10    1993      273.0000000      269.4110342
    1387      18      10    1993      261.0000000      239.5926383
    1388      19      10    1993      265.0000000      208.9593795
    1389      20      10    1993      230.0000000      179.3467472
    1390      21      10    1993      199.0000000      160.3449394
    1391      22      10    1993      173.0000000      165.2564884
    1392      23      10    1993      182.0000000      199.5656216
    1393      24      10    1993      203.0000000      195.0769961
    1394      25      10    1993      213.0000000      169.8560045
    1395      26      10    1993      180.0000000      149.4563837
    1396      27      10    1993      154.0000000      133.5882013
    1397      28      10    1993      118.0000000      120.9664012
    1398      29      10    1993      112.0000000      110.8720005
    1399      30      10    1993       98.0000000      102.7526954
    1400      31      10    1993       97.0000000       96.1820551
    1401       1      11    1993       91.0000000       90.8293863
    1402       2      11    1993       85.0000000       86.4372603
    1403       3      11    1993       75.0000000       82.8046097
    1404       4      11    1993       76.0000000       79.7739238
    1405       5      11    1993       78.0000000       77.2214872
    1406       6      11    1993       72.0000000       75.1034873
    1407       7      11    1993       76.0000000       75.1483328
    1408       8      11    1993       69.0000000       74.5470623
    1409       9      11    1993       66.0000000       75.2250049
    1410      10      11    1993       71.0000000       77.4824071
    1411      11      11    1993       64.0000000      108.8367412
    1412      12      11    1993       67.0000000      131.8106714
    1413      13      11    1993       80.0000000      126.9905309
    1414      14      11    1993       78.0000000      161.9533581
    1415      15      11    1993       80.0000000      167.9907795
    1416      16      11    1993       86.0000000      162.6998255
    1417      17      11    1993      125.0000000      142.7923200
    1418      18      11    1993       96.0000000      127.6899679
    1419      19      11    1993       82.0000000      115.6128078
    1420      20      11    1993       77.0000000      105.9165915
    1421      21      11    1993       67.0000000       98.0930306
    1422      22      11    1993       71.0000000       91.7462441
    1423      23      11    1993       61.0000000       86.5665821
    1424      24      11    1993       42.0000000       82.3147806
    1425      25      11    1993       63.0000000       80.8834273
    1426      26      11    1993       57.0000000       80.7026056
    1427      27      11    1993       58.0000000       77.2230130
    1428      28      11    1993       49.0000000       74.4311056
    1429      29      11    1993       50.0000000       72.0754732
    1430      30      11    1993       55.0000000       70.0683515
    1431       1      12    1993       54.0000000       68.3401172
    1432       2      12    1993       54.0000000       75.3037196
    1433       3      12    1993       50.0000000       75.7458297
    1434       4      12    1993       51.0000000       82.5734582
    1435       5      12    1993       62.0000000       78.1063275
    1436       6      12    1993       62.0000000       74.2435233
    1437       7      12    1993       71.0000000      126.1692257
    1438       8      12    1993       79.0000000      243.0684024
    1439       9      12    1993      153.0000000      257.8787021
    1440      10      12    1993      291.0000000      358.0979187
    1441      11      12    1993      332.0000000      408.7673161
    1442      12      12    1993      465.0000000      436.9671670
    1443      13      12    1993      518.0000000      495.0392198
    1444      14      12    1993      539.0000000      486.6000413
    1445      15      12    1993      559.0000000      500.8162415
    1446      16      12    1993      500.0000000      559.1881425
    1447      17      12    1993      526.0000000      579.2179681
    1448      18      12    1993      583.0000000      532.1005367
    1449      19      12    1993      677.0000000      665.5882405
    1450      20      12    1993      781.0000000     1039.7302782
    1451      21      12    1993     1180.0000000     1104.7139374
    1452      22      12    1993     1460.0000000     1074.4996232
    1453      23      12    1993     1600.0000000     1145.4777155
    1454      24      12    1993     1410.0000000     1105.9103377
    1455      25      12    1993     1230.0000000      852.0729461
    1456      26      12    1993     1070.0000000      638.6172172
    1457      27      12    1993      746.0000000      503.2794696
    1458      28      12    1993      542.0000000      429.3049586
    1459      29      12    1993      492.0000000      443.7017599
    1460      30      12    1993      491.0000000      548.7056103
    1461      31      12    1993      617.0000000      924.8634086
