      No     Day     Mon    Year  Qobs_0000411  Qsim_0000411
       1       1       1    1980    11.4450000    10.6212037
       2       2       1    1980    11.2510000     9.4575344
       3       3       1    1980    10.5360000     8.6168587
       4       4       1    1980    10.1160000     7.9931628
       5       5       1    1980    13.0790000     8.6605660
       6       6       1    1980    17.8170000    12.8598927
       7       7       1    1980    18.1880000    16.7843145
       8       8       1    1980    16.4790000    14.1790610
       9       9       1    1980    15.1070000    11.9080521
      10      10       1    1980    13.9320000    10.3809962
      11      11       1    1980    12.5990000     9.2948823
      12      12       1    1980    11.4360000     8.5003863
      13      13       1    1980    10.9250000     7.9049426
      14      14       1    1980     9.9170000     7.4488306
      15      15       1    1980     9.5710000     7.0922825
      16      16       1    1980     9.5470000     6.8081243
      17      17       1    1980     8.7510000     6.5773844
      18      18       1    1980     8.5830000     6.3865751
      19      19       1    1980     7.9900000     6.2259573
      20      20       1    1980     7.8230000     6.0884035
      21      21       1    1980     7.7180000     5.9686360
      22      22       1    1980    10.4700000     9.4198583
      23      23       1    1980    12.0120000    24.8033932
      24      24       1    1980    20.5550000    41.2933225
      25      25       1    1980    31.0510000    46.5207010
      26      26       1    1980    19.7060000    31.4443147
      27      27       1    1980    15.8490000    22.4707528
      28      28       1    1980    13.6220000    17.5436910
      29      29       1    1980    12.5720000    14.7190195
      30      30       1    1980    13.7570000    25.2991963
      31      31       1    1980    79.4420000    74.9471488
      32       1       2    1980   150.5710000   110.5726723
      33       2       2    1980    67.9500000    83.9285649
      34       3       2    1980    71.7500000   100.3756489
      35       4       2    1980   168.2670000   144.7908374
      36       5       2    1980   209.8330000   174.8420778
      37       6       2    1980   137.7160000   155.8515698
      38       7       2    1980    82.0160000   107.4815019
      39       8       2    1980    61.7550000    74.7090702
      40       9       2    1980    47.6930000    52.7062327
      41      10       2    1980    40.3400000    40.4495774
      42      11       2    1980    37.0500000    35.6446036
      43      12       2    1980    34.2800000    28.9262615
      44      13       2    1980    31.2150000    23.7463016
      45      14       2    1980    27.9250000    20.1679394
      46      15       2    1980    25.2540000    17.7167701
      47      16       2    1980    22.2950000    16.1095484
      48      17       2    1980    20.0380000    15.5397400
      49      18       2    1980    18.8780000    14.6575181
      50      19       2    1980    17.8170000    13.6237140
      51      20       2    1980    16.7680000    12.8376227
      52      21       2    1980    15.6860000    12.2276913
      53      22       2    1980    14.9200000    11.7494024
      54      23       2    1980    14.4010000    11.3825845
      55      24       2    1980    13.8850000    11.1236754
      56      25       2    1980    14.0020000    10.8880452
      57      26       2    1980    13.6520000    10.6745759
      58      27       2    1980    13.0520000    10.4603122
      59      28       2    1980    12.5900000    10.2638516
      60      29       2    1980    11.9670000    10.0692617
      61       1       3    1980    11.4760000     9.8913198
      62       2       3    1980    11.3600000     9.7413509
      63       3       3    1980    11.0890000     9.6220505
      64       4       3    1980    11.1870000     9.4906525
      65       5       3    1980    10.6420000     9.3605182
      66       6       3    1980    10.3610000    10.8246918
      67       7       3    1980    12.7970000    14.3341441
      68       8       3    1980    12.5840000    14.3818011
      69       9       3    1980    12.6730000    16.4928887
      70      10       3    1980    12.5770000    15.8451181
      71      11       3    1980    11.9370000    14.3099601
      72      12       3    1980    11.4160000    13.0529645
      73      13       3    1980    10.8310000    12.1030968
      74      14       3    1980    10.5360000    11.3566055
      75      15       3    1980     9.9100000    10.7834123
      76      16       3    1980     9.5690000    10.3176075
      77      17       3    1980     9.6350000     9.9440022
      78      18       3    1980     8.9130000     9.6423074
      79      19       3    1980     8.5110000     9.4043121
      80      20       3    1980     8.7970000     9.2019415
      81      21       3    1980     8.8770000     9.0650102
      82      22       3    1980     8.9430000     8.9904825
      83      23       3    1980     8.3260000     8.7880065
      84      24       3    1980     7.8350000     8.6346890
      85      25       3    1980     7.7200000     8.5303489
      86      26       3    1980     8.1760000    10.3244278
      87      27       3    1980    11.7200000    14.8080606
      88      28       3    1980    15.2460000    17.0473795
      89      29       3    1980    14.9100000    17.0542878
      90      30       3    1980    14.2020000    17.2369181
      91      31       3    1980    13.2060000    21.2761353
      92       1       4    1980    36.7950000    39.1987118
      93       2       4    1980    46.0620000    44.3948392
      94       3       4    1980    32.8910000    39.4100218
      95       4       4    1980    30.5110000    40.0543739
      96       5       4    1980    27.7800000    32.7262631
      97       6       4    1980    23.0560000    26.0416144
      98       7       4    1980    20.2830000    21.4223511
      99       8       4    1980    19.1000000    19.1571239
     100       9       4    1980    18.7780000    20.9608157
     101      10       4    1980    19.8680000    20.6887381
     102      11       4    1980    18.0570000    18.4866847
     103      12       4    1980    16.5250000    16.1755512
     104      13       4    1980    14.8500000    14.5867990
     105      14       4    1980    14.1670000    13.3602211
     106      15       4    1980    13.1990000    12.3270949
     107      16       4    1980    12.1780000    11.5233349
     108      17       4    1980    11.4580000    10.9019800
     109      18       4    1980    11.0080000    10.4157808
     110      19       4    1980    11.0000000    10.1188491
     111      20       4    1980    10.7170000    10.3748579
     112      21       4    1980    10.2800000    10.6731934
     113      22       4    1980     9.8710000    10.6095451
     114      23       4    1980     9.6130000    10.5391347
     115      24       4    1980     9.9600000    11.7923096
     116      25       4    1980    11.1370000    12.5555505
     117      26       4    1980    12.7150000    15.9371692
     118      27       4    1980    26.4020000    23.1629118
     119      28       4    1980    20.3400000    20.2380639
     120      29       4    1980    15.4400000    16.8681777
     121      30       4    1980    12.9310000    14.6574837
     122       1       5    1980    11.3910000    13.0646000
     123       2       5    1980    10.8680000    12.1392011
     124       3       5    1980    12.4450000    17.3751447
     125       4       5    1980    24.6830000    24.0184631
     126       5       5    1980    17.2650000    19.1822425
     127       6       5    1980    13.6330000    16.3198036
     128       7       5    1980    12.0470000    14.3359296
     129       8       5    1980    11.3380000    13.7945253
     130       9       5    1980    16.6700000    17.1135453
     131      10       5    1980    18.7950000    17.6039904
     132      11       5    1980    13.4270000    15.1362028
     133      12       5    1980    11.5210000    13.4486896
     134      13       5    1980    10.3460000    12.2289678
     135      14       5    1980     9.6380000    11.3216599
     136      15       5    1980     9.0190000    10.6309988
     137      16       5    1980     8.6790000    10.0940730
     138      17       5    1980     8.1780000     9.6683292
     139      18       5    1980     7.9390000     9.3244806
     140      19       5    1980     7.9760000     9.0419636
     141      20       5    1980     8.0230000     8.8047152
     142      21       5    1980     7.3910000     8.6022858
     143      22       5    1980     7.4870000     8.4270040
     144      23       5    1980     6.9960000     8.2726768
     145      24       5    1980     6.8220000     8.1344663
     146      25       5    1980     6.5660000     8.0092222
     147      26       5    1980     6.3560000     7.8942997
     148      27       5    1980     6.5470000     8.6637545
     149      28       5    1980     8.6390000     9.4733418
     150      29       5    1980     9.0060000     9.6216095
     151      30       5    1980     8.2760000     9.7541975
     152      31       5    1980     7.4210000     9.0473048
     153       1       6    1980     8.2120000    12.0674415
     154       2       6    1980     9.9010000    13.5651858
     155       3       6    1980     8.3900000    10.9443957
     156       4       6    1980     7.1280000    10.1593565
     157       5       6    1980     6.8490000     9.4938603
     158       6       6    1980     6.5850000     8.9948112
     159       7       6    1980     6.8220000     9.0337330
     160       8       6    1980     7.1790000    10.0465272
     161       9       6    1980     7.9610000    11.3256333
     162      10       6    1980    19.8390000    15.6743234
     163      11       6    1980    16.3830000    15.4310976
     164      12       6    1980    10.1160000    12.4092435
     165      13       6    1980     8.0610000    11.0397529
     166      14       6    1980     7.2340000    10.8928335
     167      15       6    1980     8.8820000    11.1637331
     168      16       6    1980     7.6990000    10.2498545
     169      17       6    1980     6.7520000     9.4107955
     170      18       6    1980     6.8910000     9.1257227
     171      19       6    1980     6.6680000     9.6508254
     172      20       6    1980     7.7800000     9.8784798
     173      21       6    1980     6.9460000     8.9266142
     174      22       6    1980     6.3730000     8.4418320
     175      23       6    1980     6.2740000     8.0803253
     176      24       6    1980     6.0850000     7.7616568
     177      25       6    1980     6.1480000     7.6268163
     178      26       6    1980     6.2160000     8.8316871
     179      27       6    1980     7.1480000    11.0516652
     180      28       6    1980    10.3800000    18.5713729
     181      29       6    1980    35.2130000    31.7802001
     182      30       6    1980    21.7840000    22.3745234
     183       1       7    1980    13.5870000    22.9531653
     184       2       7    1980    31.8740000    42.9589409
     185       3       7    1980    57.5640000    57.2388803
     186       4       7    1980    34.8640000    41.3812928
     187       5       7    1980    20.6230000    29.7223416
     188       6       7    1980    15.4550000    22.5488521
     189       7       7    1980    13.4140000    18.6018339
     190       8       7    1980    16.5890000    20.3468028
     191       9       7    1980    20.8390000    24.7326789
     192      10       7    1980    21.9260000    23.9679994
     193      11       7    1980    16.2990000    20.8871683
     194      12       7    1980    13.4740000    17.7995716
     195      13       7    1980    12.3650000    17.5079644
     196      14       7    1980    15.6700000    20.5326883
     197      15       7    1980    19.2980000    22.7609015
     198      16       7    1980    26.7110000    28.6145652
     199      17       7    1980    17.7980000    22.3575128
     200      18       7    1980    14.2540000    18.1458298
     201      19       7    1980    12.3950000    15.4941554
     202      20       7    1980    11.2610000    18.4151491
     203      21       7    1980    23.6220000    29.1549618
     204      22       7    1980    22.9130000    26.3219496
     205      23       7    1980    15.4630000    20.6420779
     206      24       7    1980    12.7460000    17.0679071
     207      25       7    1980    10.7890000    14.7451986
     208      26       7    1980    10.0400000    13.9175739
     209      27       7    1980    14.3350000    15.4831088
     210      28       7    1980    17.7060000    13.4020470
     211      29       7    1980    11.4230000    13.3471698
     212      30       7    1980    16.4800000    15.4339312
     213      31       7    1980    11.8670000    13.1900950
     214       1       8    1980     9.7820000    12.0299220
     215       2       8    1980     8.7560000    11.1601620
     216       3       8    1980     8.0400000    10.4874006
     217       4       8    1980     7.7030000     9.9578203
     218       5       8    1980     7.1930000     9.5339829
     219       6       8    1980     6.8850000     9.1892124
     220       7       8    1980     6.5850000     8.9114553
     221       8       8    1980     6.8760000     8.7365277
     222       9       8    1980     6.9750000     8.5892906
     223      10       8    1980     6.1840000     8.3482805
     224      11       8    1980     5.9700000     8.3991962
     225      12       8    1980     7.3410000     9.9474124
     226      13       8    1980     8.7020000    10.7327342
     227      14       8    1980     6.6800000     8.7338381
     228      15       8    1980     6.3910000    15.1734977
     229      16       8    1980    32.0980000    25.2270550
     230      17       8    1980    17.2560000    17.0843024
     231      18       8    1980    10.7540000    14.4824881
     232      19       8    1980     8.5850000    12.7578509
     233      20       8    1980     8.6710000    11.5971513
     234      21       8    1980     7.2880000    10.6419879
     235      22       8    1980     6.7190000     9.9148713
     236      23       8    1980     6.3080000     9.3536115
     237      24       8    1980     5.8920000     8.9119855
     238      25       8    1980     5.6260000     8.5580984
     239      26       8    1980     5.5900000     8.3119300
     240      27       8    1980     6.1130000     8.8101504
     241      28       8    1980     6.3480000     8.8961722
     242      29       8    1980     6.0330000     8.2844135
     243      30       8    1980     6.3510000     8.9882031
     244      31       8    1980     7.6520000    12.0942407
     245       1       9    1980     9.2230000    15.0786056
     246       2       9    1980     7.5000000    12.0778609
     247       3       9    1980     6.1440000    10.8408474
     248       4       9    1980     5.5190000     9.9476680
     249       5       9    1980     5.5070000    10.3283369
     250       6       9    1980     6.8560000    11.3921925
     251       7       9    1980     5.6430000     9.7164381
     252       8       9    1980     5.2920000     9.5873963
     253       9       9    1980     6.3210000     9.7680944
     254      10       9    1980     5.9190000     9.1865138
     255      11       9    1980     5.6730000     8.8333641
     256      12       9    1980     5.8450000     9.7621784
     257      13       9    1980     6.8380000    10.2250542
     258      14       9    1980     5.8410000     9.1513367
     259      15       9    1980     5.2790000     8.5548292
     260      16       9    1980     4.9760000     8.1037059
     261      17       9    1980     4.9960000     7.7523284
     262      18       9    1980     4.9540000     7.4719135
     263      19       9    1980     4.7750000     7.2431443
     264      20       9    1980     4.7100000     7.0526449
     265      21       9    1980     4.6220000     6.8909274
     266      22       9    1980     4.3540000     6.7584944
     267      23       9    1980     4.8220000     6.7255544
     268      24       9    1980     4.6810000     6.5378504
     269      25       9    1980     4.4620000     6.4351389
     270      26       9    1980     4.4330000     6.3415010
     271      27       9    1980     4.7070000     6.2548828
     272      28       9    1980     4.0390000     6.1739117
     273      29       9    1980     3.9300000     6.0975234
     274      30       9    1980     4.1500000     6.0248873
     275       1      10    1980     4.1850000     5.9553522
     276       2      10    1980     3.9850000     5.8884058
     277       3      10    1980     3.9640000     5.8236547
     278       4      10    1980     4.0050000     5.7607493
     279       5      10    1980     3.7820000     5.6994374
     280       6      10    1980     3.9140000     5.6395185
     281       7      10    1980     4.4550000     9.2371955
     282       8      10    1980     8.4660000    12.0481377
     283       9      10    1980     5.8120000     7.9637748
     284      10      10    1980     4.8360000     8.8084250
     285      11      10    1980     5.0270000    12.8163432
     286      12      10    1980    15.1030000    21.8501230
     287      13      10    1980    22.1410000    26.6321111
     288      14      10    1980    13.3050000    19.6811780
     289      15      10    1980     9.0880000    15.8589053
     290      16      10    1980     7.8080000    14.0150729
     291      17      10    1980     8.5420000    16.4627258
     292      18      10    1980    17.5200000    26.9759605
     293      19      10    1980    25.4910000    31.9449600
     294      20      10    1980    20.9310000    25.6014631
     295      21      10    1980    13.3990000    19.7506151
     296      22      10    1980    10.8030000    15.9878167
     297      23      10    1980     9.7570000    14.4704319
     298      24      10    1980    10.2170000    18.9098551
     299      25      10    1980    16.3920000    24.5403069
     300      26      10    1980    14.1400000    20.7339024
     301      27      10    1980    11.6360000    16.7827353
     302      28      10    1980     9.8410000    14.1394391
     303      29      10    1980     8.6300000    12.2781783
     304      30      10    1980     7.7880000    10.9254472
     305      31      10    1980     7.2450000     9.9183559
     306       1      11    1980     6.7140000     9.1550559
     307       2      11    1980     6.2990000     8.5663747
     308       3      11    1980     6.0860000     8.1046992
     309       4      11    1980     6.6100000     7.7367138
     310       5      11    1980     6.0020000     7.4386957
     311       6      11    1980     5.9040000     7.1934973
     312       7      11    1980     5.6040000     7.0036614
     313       8      11    1980     5.5410000     6.9298682
     314       9      11    1980     5.5820000     6.7957118
     315      10      11    1980     6.0370000     6.6386937
     316      11      11    1980     5.7770000     6.5042145
     317      12      11    1980     5.2130000     6.3853113
     318      13      11    1980     5.1970000     6.2787505
     319      14      11    1980     4.9910000     6.1830419
     320      15      11    1980     5.3680000     8.7411496
     321      16      11    1980     9.2760000    12.3241587
     322      17      11    1980     8.0810000    11.4192749
     323      18      11    1980     8.8160000    13.4207759
     324      19      11    1980    10.3680000    14.4807867
     325      20      11    1980     8.6930000    11.8020395
     326      21      11    1980     7.4500000    10.3484211
     327      22      11    1980     6.6020000     9.3064477
     328      23      11    1980     6.1880000     8.5312594
     329      24      11    1980     5.9980000     7.9418685
     330      25      11    1980     5.6900000     7.5492532
     331      26      11    1980     6.2080000     8.8145183
     332      27      11    1980     6.9330000    11.0071627
     333      28      11    1980     6.8620000     9.2155238
     334      29      11    1980     6.3510000     8.4375238
     335      30      11    1980     5.7670000     7.8485704
     336       1      12    1980     5.4710000     7.3919915
     337       2      12    1980     4.9960000     7.0317065
     338       3      12    1980     5.3540000     6.7425331
     339       4      12    1980     5.5740000     6.5065542
     340       5      12    1980     5.6690000     6.3108152
     341       6      12    1980     8.1630000     6.1458204
     342       7      12    1980     9.2830000     6.0045267
     343       8      12    1980     6.9310000     5.8816559
     344       9      12    1980     6.4010000     5.7732166
     345      10      12    1980     6.6720000     5.6761657
     346      11      12    1980     6.7600000     5.6990866
     347      12      12    1980     6.4730000     5.7818635
     348      13      12    1980     6.1120000    10.5977945
     349      14      12    1980    19.5430000    31.3306877
     350      15      12    1980   127.3180000    61.4701758
     351      16      12    1980    66.6510000    74.9267440
     352      17      12    1980    30.9880000    52.3920836
     353      18      12    1980    22.5870000    35.3493093
     354      19      12    1980    18.6460000    25.6132317
     355      20      12    1980    16.3620000    20.1951070
     356      21      12    1980    16.1550000    19.3304247
     357      22      12    1980    15.1580000    22.1774482
     358      23      12    1980    16.1430000    22.0314748
     359      24      12    1980    30.2020000    31.0961691
     360      25      12    1980    29.3380000    36.5357109
     361      26      12    1980    30.4440000    41.0340159
     362      27      12    1980    25.0750000    31.5503588
     363      28      12    1980    19.1140000    23.5784396
     364      29      12    1980    16.2750000    18.8894108
     365      30      12    1980    14.5490000    15.9079553
     366      31      12    1980    13.4630000    14.3590629
     367       1       1    1981    13.3720000    15.9225264
     368       2       1    1981    12.9800000    22.2318112
     369       3       1    1981    49.8000000    49.6636476
     370       4       1    1981   109.1350000    82.6570683
     371       5       1    1981    43.6800000    56.4530052
     372       6       1    1981    30.8550000    38.4474621
     373       7       1    1981    24.8820000    28.1756429
     374       8       1    1981    20.9230000    22.0927012
     375       9       1    1981    18.9090000    18.3781181
     376      10       1    1981    18.0230000    15.8735179
     377      11       1    1981    16.4030000    14.0722524
     378      12       1    1981    15.4900000    12.7430009
     379      13       1    1981    14.4030000    11.7422672
     380      14       1    1981    14.8350000    10.9748551
     381      15       1    1981    18.7660000    10.3760090
     382      16       1    1981    17.0130000     9.9007448
     383      17       1    1981    17.5050000    13.8230995
     384      18       1    1981    22.4230000    22.0054517
     385      19       1    1981    21.8370000    21.5982430
     386      20       1    1981    27.5070000    28.9624023
     387      21       1    1981    22.2960000    21.8084673
     388      22       1    1981    18.0890000    17.9699019
     389      23       1    1981    15.7670000    15.4301698
     390      24       1    1981    14.4690000    13.6448467
     391      25       1    1981    13.7480000    12.3528003
     392      26       1    1981    13.4480000    11.3941698
     393      27       1    1981    12.6100000    10.6669372
     394      28       1    1981    11.4160000    10.1038127
     395      29       1    1981    11.0760000     9.6592020
     396      30       1    1981    10.8880000     9.3015128
     397      31       1    1981    10.0090000     9.0084367
     398       1       2    1981    10.1430000     8.7668156
     399       2       2    1981    10.0690000     8.6358707
     400       3       2    1981    10.6970000    18.0472721
     401       4       2    1981    35.6800000    45.0161810
     402       5       2    1981    31.2790000    42.9705473
     403       6       2    1981    20.8120000    32.0450253
     404       7       2    1981    28.6200000    35.2287821
     405       8       2    1981    61.9440000    44.2303186
     406       9       2    1981    56.8080000    45.0842853
     407      10       2    1981    52.4550000    41.5772039
     408      11       2    1981    42.3750000    33.3264021
     409      12       2    1981    31.3490000    25.2388392
     410      13       2    1981    25.4630000    20.6123190
     411      14       2    1981    22.0300000    17.5579609
     412      15       2    1981    18.7470000    15.4072780
     413      16       2    1981    17.5220000    13.8501315
     414      17       2    1981    16.7720000    12.6956982
     415      18       2    1981    15.9680000    11.8215229
     416      19       2    1981    14.7550000    11.1465020
     417      20       2    1981    13.9370000    10.6155104
     418      21       2    1981    13.0990000    10.1902599
     419      22       2    1981    12.3300000     9.8436644
     420      23       2    1981    12.1820000     9.5562575
     421      24       2    1981    11.5270000     9.3138564
     422      25       2    1981    10.9250000     9.1060024
     423      26       2    1981    10.8320000     8.9249014
     424      27       2    1981    10.6410000     8.7646897
     425      28       2    1981    10.4290000     8.9395952
     426       1       3    1981    10.7780000    10.3580585
     427       2       3    1981    14.1690000    16.0051646
     428       3       3    1981    22.0640000    23.3186519
     429       4       3    1981    21.7720000    23.5265530
     430       5       3    1981    17.3420000    21.2648367
     431       6       3    1981    16.7220000    20.7579881
     432       7       3    1981    35.4170000    28.5760120
     433       8       3    1981    67.9490000    51.1864693
     434       9       3    1981   104.4210000    97.0453766
     435      10       3    1981    96.1870000   116.5282935
     436      11       3    1981    76.3610000   100.3126444
     437      12       3    1981    79.7560000    98.2921315
     438      13       3    1981    84.7990000    97.3813047
     439      14       3    1981    65.9400000    77.6723400
     440      15       3    1981    45.4550000    55.0913459
     441      16       3    1981    36.2000000    40.8435811
     442      17       3    1981    31.7410000    33.5082088
     443      18       3    1981    27.4670000    28.4921348
     444      19       3    1981    24.2760000    23.8327389
     445      20       3    1981    22.8050000    21.2094615
     446      21       3    1981    20.6620000    19.0522224
     447      22       3    1981    19.4950000    17.5221652
     448      23       3    1981    18.8580000    19.2384307
     449      24       3    1981    26.5750000    26.7484901
     450      25       3    1981    27.8830000    28.2501503
     451      26       3    1981    27.3010000    25.8388665
     452      27       3    1981    28.2830000    26.0185574
     453      28       3    1981    22.3720000    21.9349613
     454      29       3    1981    19.4700000    19.0667148
     455      30       3    1981    18.8880000    17.1092535
     456      31       3    1981    16.4800000    15.7031883
     457       1       4    1981    15.4600000    14.6472157
     458       2       4    1981    14.5280000    13.8378838
     459       3       4    1981    14.0350000    13.2064387
     460       4       4    1981    13.3550000    12.7012419
     461       5       4    1981    12.5580000    12.2892255
     462       6       4    1981    12.7700000    11.9464038
     463       7       4    1981    11.8100000    11.6564144
     464       8       4    1981    11.4550000    11.4127764
     465       9       4    1981    12.0120000    11.9351897
     466      10       4    1981    13.6660000    12.4063674
     467      11       4    1981    11.5790000    11.8146293
     468      12       4    1981    10.8310000    11.4508102
     469      13       4    1981    10.3710000    11.1635399
     470      14       4    1981     9.5380000    10.9154130
     471      15       4    1981     8.9910000    10.6945399
     472      16       4    1981     8.8820000    10.5011235
     473      17       4    1981     8.5270000    10.3287702
     474      18       4    1981     8.2630000    10.1727695
     475      19       4    1981     8.0670000    10.0296054
     476      20       4    1981     8.1810000     9.8966250
     477      21       4    1981     8.1430000     9.7718071
     478      22       4    1981     8.1510000     9.6535992
     479      23       4    1981     8.2250000     9.5407999
     480      24       4    1981     8.2400000     9.4324733
     481      25       4    1981     7.9840000     9.3278862
     482      26       4    1981     7.7650000     9.4186330
     483      27       4    1981     8.7970000    10.4266234
     484      28       4    1981     9.5570000    10.6611091
     485      29       4    1981     9.4170000     9.9032689
     486      30       4    1981     8.7400000     9.7522563
     487       1       5    1981     9.7050000    12.0906185
     488       2       5    1981    12.8080000    13.6509336
     489       3       5    1981     9.3470000    11.2274353
     490       4       5    1981     8.5400000    11.3834962
     491       5       5    1981    10.4200000    12.8919808
     492       6       5    1981    10.9920000    12.2043796
     493       7       5    1981     9.3140000    11.1587028
     494       8       5    1981     8.5160000    10.5161024
     495       9       5    1981     8.0960000    10.0210399
     496      10       5    1981     7.7750000     9.6279784
     497      11       5    1981     7.9720000     9.3415691
     498      12       5    1981     8.9820000     9.2644653
     499      13       5    1981     8.0760000     9.8706915
     500      14       5    1981     9.7900000    11.7025285
     501      15       5    1981     9.7840000     9.9076957
     502      16       5    1981    10.6570000    10.6168803
     503      17       5    1981    10.4580000    10.2381382
     504      18       5    1981     8.9450000     9.5951793
     505      19       5    1981     7.9120000     9.1945899
     506      20       5    1981     7.2530000     8.8727417
     507      21       5    1981     7.1940000     8.7546139
     508      22       5    1981     8.2820000     8.6521264
     509      23       5    1981     7.4890000     9.6910998
     510      24       5    1981     9.4180000    11.1183342
     511      25       5    1981    12.9110000    15.8776199
     512      26       5    1981    29.6650000    30.5346176
     513      27       5    1981    60.1600000    40.3446814
     514      28       5    1981    41.5550000    34.1833809
     515      29       5    1981    22.1180000    26.9082050
     516      30       5    1981    16.2860000    21.2955908
     517      31       5    1981    14.0060000    17.7799487
     518       1       6    1981    13.6700000    15.4739713
     519       2       6    1981    11.9950000    13.6839366
     520       3       6    1981    10.1750000    18.4115004
     521       4       6    1981    34.7310000    27.6976255
     522       5       6    1981    19.3740000    21.1996889
     523       6       6    1981    13.0290000    17.6867061
     524       7       6    1981    10.8720000    15.2840346
     525       8       6    1981    10.3220000    13.5671956
     526       9       6    1981     9.8370000    12.8019126
     527      10       6    1981    10.4890000    13.3131392
     528      11       6    1981     8.8990000    11.7526829
     529      12       6    1981     7.9270000    10.9265251
     530      13       6    1981     7.6790000    10.2919471
     531      14       6    1981     7.0590000     9.7922939
     532      15       6    1981     6.7970000     9.3919320
     533      16       6    1981     6.6690000     9.0656021
     534      17       6    1981     6.3390000     8.7951157
     535      18       6    1981     6.0940000     8.5891884
     536      19       6    1981     6.6050000     8.6828833
     537      20       6    1981     6.2660000     8.3137480
     538      21       6    1981     6.0700000     8.1435714
     539      22       6    1981     6.4460000     8.4135630
     540      23       6    1981     7.2120000     8.4594560
     541      24       6    1981     6.4400000     7.9471893
     542      25       6    1981     6.5280000     7.9959921
     543      26       6    1981     6.5680000     8.2713405
     544      27       6    1981     6.9230000     7.9826464
     545      28       6    1981     6.1770000     7.6586258
     546      29       6    1981     6.0220000     7.5815517
     547      30       6    1981     5.9740000     7.4306693
     548       1       7    1981     5.6950000     7.3115419
     549       2       7    1981     5.4650000     7.2250070
     550       3       7    1981     7.0820000     9.6839036
     551       4       7    1981     9.4690000    10.8775149
     552       5       7    1981     6.3900000     8.0559440
     553       6       7    1981     5.5750000     7.7533731
     554       7       7    1981     5.9280000     7.5129967
     555       8       7    1981     5.4260000     7.3120886
     556       9       7    1981     5.3960000     7.1411986
     557      10       7    1981     5.2030000     6.9933779
     558      11       7    1981     5.3030000     7.2121998
     559      12       7    1981     8.4280000     8.4382926
     560      13       7    1981     6.4260000     7.0676909
     561      14       7    1981     6.0110000     7.0591723
     562      15       7    1981     5.4900000     6.7386460
     563      16       7    1981     5.1680000     6.6102399
     564      17       7    1981     5.1750000     7.7040149
     565      18       7    1981     7.5480000    10.5730414
     566      19       7    1981     8.5370000     8.6868556
     567      20       7    1981     6.9660000     7.5845695
     568      21       7    1981     6.0480000     7.6556220
     569      22       7    1981     5.9570000     7.1373972
     570      23       7    1981     6.6410000     7.8553351
     571      24       7    1981     7.4060000     8.1823493
     572      25       7    1981     6.5240000     7.3567352
     573      26       7    1981     5.9240000     7.0941469
     574      27       7    1981     5.5050000     6.7188779
     575      28       7    1981     5.2610000     6.5048172
     576      29       7    1981     4.7020000     6.3272708
     577      30       7    1981     4.6650000     6.1763537
     578      31       7    1981     4.2890000     6.0459396
     579       1       8    1981     4.1860000     5.9314637
     580       2       8    1981     4.0950000     6.1855259
     581       3       8    1981     5.6000000     7.1441609
     582       4       8    1981     6.4130000     5.9382739
     583       5       8    1981     4.7850000     5.7576543
     584       6       8    1981     4.4410000     5.6534445
     585       7       8    1981     4.5430000     5.5608837
     586       8       8    1981     4.5570000     5.8649834
     587       9       8    1981     5.8170000     7.2538787
     588      10       8    1981     5.8660000     6.5593881
     589      11       8    1981     5.6880000     5.8253354
     590      12       8    1981     5.0380000     5.5548341
     591      13       8    1981     4.2910000     5.4382835
     592      14       8    1981     3.9800000     5.3359233
     593      15       8    1981     4.1120000     5.2446053
     594      16       8    1981     3.6520000     5.1624171
     595      17       8    1981     3.9640000     5.0879911
     596      18       8    1981     3.8300000     5.0178418
     597      19       8    1981     3.7240000     4.9522249
     598      20       8    1981     3.9080000     5.8336717
     599      21       8    1981     5.1070000     6.1816925
     600      22       8    1981     4.6490000     6.8597394
     601      23       8    1981     5.6610000     7.4935922
     602      24       8    1981     5.2060000     5.4519728
     603      25       8    1981     3.9740000     5.2539279
     604      26       8    1981     3.7720000     5.0988507
     605      27       8    1981     3.7910000     4.9685472
     606      28       8    1981     3.6520000     4.8570894
     607      29       8    1981     3.6170000     4.7601383
     608      30       8    1981     3.5580000     4.6744699
     609      31       8    1981     3.4440000     4.5976582
     610       1       9    1981     3.9880000     4.5587588
     611       2       9    1981     4.2860000     4.9384351
     612       3       9    1981     3.6890000     4.4581755
     613       4       9    1981     3.6770000     4.3671306
     614       5       9    1981     3.4540000     4.3115795
     615       6       9    1981     3.3150000     4.2589744
     616       7       9    1981     3.1760000     4.2088041
     617       8       9    1981     3.4310000     4.3905139
     618       9       9    1981     4.8860000     6.9452197
     619      10       9    1981     7.5090000     6.9612197
     620      11       9    1981     6.1070000     4.4433453
     621      12       9    1981     4.6770000     4.5534198
     622      13       9    1981     4.3440000     5.0887111
     623      14       9    1981     4.8760000     4.9651048
     624      15       9    1981     4.2840000     4.6298334
     625      16       9    1981     4.3480000     5.0675308
     626      17       9    1981     4.3740000     4.2498035
     627      18       9    1981     3.9530000     4.1439380
     628      19       9    1981     3.7690000     4.3464849
     629      20       9    1981     4.5210000     4.7674458
     630      21       9    1981     4.1670000     4.0618934
     631      22       9    1981     3.9500000     4.2904917
     632      23       9    1981     4.4670000     4.8858350
     633      24       9    1981     4.2610000     4.0159332
     634      25       9    1981     3.7260000     3.9177632
     635      26       9    1981     3.4040000     3.8368033
     636      27       9    1981     3.4800000     3.7672010
     637      28       9    1981     4.2920000     6.6895695
     638      29       9    1981     6.8430000     8.8633012
     639      30       9    1981     5.8780000     4.9153930
     640       1      10    1981     4.3150000     4.5984155
     641       2      10    1981     4.5410000     4.7405464
     642       3      10    1981     4.6100000     7.4857828
     643       4      10    1981     6.5750000     8.5831770
     644       5      10    1981     9.3000000    10.1940131
     645       6      10    1981    11.0060000    11.2074134
     646       7      10    1981     9.1980000    10.3103704
     647       8      10    1981     7.0240000     7.9849166
     648       9      10    1981     5.2270000     7.0711978
     649      10      10    1981     4.9090000    15.1007165
     650      11      10    1981    28.8600000    27.1100591
     651      12      10    1981    22.2750000    23.1620844
     652      13      10    1981    23.4350000    27.2561783
     653      14      10    1981    15.6640000    28.1272240
     654      15      10    1981    52.2900000    48.2024772
     655      16      10    1981    62.2400000    55.4773067
     656      17      10    1981    30.0520000    38.0629251
     657      18      10    1981    19.6550000    29.2314623
     658      19      10    1981    19.5800000    26.7657491
     659      20      10    1981    14.5700000    24.5094144
     660      21      10    1981    25.5890000    31.1839070
     661      22      10    1981    25.8770000    28.6149877
     662      23      10    1981    17.9850000    24.0114951
     663      24      10    1981    16.1400000    21.6569973
     664      25      10    1981    13.3230000    17.8972756
     665      26      10    1981    13.4660000    16.9037672
     666      27      10    1981    12.8870000    20.1892110
     667      28      10    1981    13.9840000    19.0084316
     668      29      10    1981    14.9700000    20.9045277
     669      30      10    1981    33.4140000    36.2091501
     670      31      10    1981    50.8450000    45.5582732
     671       1      11    1981    29.2100000    34.3912098
     672       2      11    1981    21.1460000    25.2157059
     673       3      11    1981    17.0230000    19.8347651
     674       4      11    1981    13.9880000    16.4191553
     675       5      11    1981    12.4940000    14.0556003
     676       6      11    1981    11.2730000    12.3573105
     677       7      11    1981    10.3230000    11.0976751
     678       8      11    1981     9.1500000    10.1501547
     679       9      11    1981     9.2000000     9.4202175
     680      10      11    1981     8.4060000     8.8520092
     681      11      11    1981     7.9030000     8.4025917
     682      12      11    1981     7.5300000     8.1485932
     683      13      11    1981     7.5100000     9.0504041
     684      14      11    1981     7.6120000    10.6296547
     685      15      11    1981     7.8010000     9.8876124
     686      16      11    1981     7.2010000     9.0503637
     687      17      11    1981     6.9000000     8.5165086
     688      18      11    1981     6.4920000     8.9600894
     689      19      11    1981     8.7540000    11.0380947
     690      20      11    1981     9.8180000    11.6162376
     691      21      11    1981     7.7800000    10.3172482
     692      22      11    1981     7.0970000     9.4063674
     693      23      11    1981     7.1300000    10.3046319
     694      24      11    1981     8.8730000    13.0823697
     695      25      11    1981     9.0900000    11.5842235
     696      26      11    1981     7.8170000    10.5462296
     697      27      11    1981     8.4640000    19.9500248
     698      28      11    1981    41.2870000    43.9021596
     699      29      11    1981    28.2870000    45.9818970
     700      30      11    1981    25.3530000    52.6589082
     701       1      12    1981   102.4510000    74.0256277
     702       2      12    1981    46.0590000    48.2779930
     703       3      12    1981    29.3630000    33.2538515
     704       4      12    1981    23.4650000    26.8481719
     705       5      12    1981    22.6750000    26.2708575
     706       6      12    1981    20.3830000    20.8295013
     707       7      12    1981    20.3110000    26.8728510
     708       8      12    1981   116.3620000    80.1277956
     709       9      12    1981   181.9350000   140.7968851
     710      10      12    1981    64.6960000    91.9565932
     711      11      12    1981    70.8060000    96.3411071
     712      12      12    1981   183.8310000   159.6509412
     713      13      12    1981    71.5530000   105.1903146
     714      14      12    1981    61.1350000    76.6648824
     715      15      12    1981    68.7420000    90.9192954
     716      16      12    1981    66.8170000   111.4508598
     717      17      12    1981    50.2560000    72.4215967
     718      18      12    1981    41.5280000    49.1128228
     719      19      12    1981    36.3300000    35.8951050
     720      20      12    1981    31.0090000    28.3546777
     721      21      12    1981    28.2150000    23.8190784
     722      22      12    1981    26.3280000    20.7549732
     723      23      12    1981    23.8670000    18.5487394
     724      24      12    1981    22.1470000    19.2988123
     725      25      12    1981    22.2570000    24.2803172
     726      26      12    1981    21.0140000    20.6499467
     727      27      12    1981    19.5300000    18.3233431
     728      28      12    1981    19.0000000    16.6505869
     729      29      12    1981    21.0460000    16.0008784
     730      30      12    1981    22.0490000    21.8108550
     731      31      12    1981    48.4460000    40.6153279
     732       1       1    1982    70.3690000    49.6184609
     733       2       1    1982    52.9670000    48.5970720
     734       3       1    1982    55.0050000    47.8680251
     735       4       1    1982    73.7040000    64.1973637
     736       5       1    1982   143.5320000   124.3209625
     737       6       1    1982   212.8460000   171.3329665
     738       7       1    1982    93.2530000   112.9852686
     739       8       1    1982    56.3250000    74.2103439
     740       9       1    1982    52.2330000    53.7908191
     741      10       1    1982    80.1990000    66.4096294
     742      11       1    1982    48.4690000    54.4648457
     743      12       1    1982    52.1920000    50.4188404
     744      13       1    1982    40.7680000    38.9810324
     745      14       1    1982    34.8750000    31.5075241
     746      15       1    1982    31.5090000    26.7544281
     747      16       1    1982    28.9080000    23.5846568
     748      17       1    1982    26.4560000    21.4607525
     749      18       1    1982    22.9380000    19.8610624
     750      19       1    1982    21.2200000    18.6133519
     751      20       1    1982    19.7570000    17.5997851
     752      21       1    1982    18.6050000    16.7999697
     753      22       1    1982    17.7260000    16.3297842
     754      23       1    1982    17.1250000    17.2113396
     755      24       1    1982    16.4410000    16.3205698
     756      25       1    1982    16.1990000    15.7082873
     757      26       1    1982    16.2900000    16.1264024
     758      27       1    1982    16.5680000    17.8994039
     759      28       1    1982    17.3000000    17.9325868
     760      29       1    1982    16.6920000    20.1704758
     761      30       1    1982    33.3160000    41.3919551
     762      31       1    1982   109.5020000    72.6838920
     763       1       2    1982    83.7830000    74.1365373
     764       2       2    1982    45.1620000    52.2351652
     765       3       2    1982    33.6930000    38.4412932
     766       4       2    1982    28.5040000    30.6342312
     767       5       2    1982    26.3890000    26.5793176
     768       6       2    1982    25.7250000    25.8448070
     769       7       2    1982    25.7550000    29.5573507
     770       8       2    1982    30.5480000    37.0760443
     771       9       2    1982    40.3140000    44.4691196
     772      10       2    1982    33.6740000    43.7013894
     773      11       2    1982    29.4980000    45.5699366
     774      12       2    1982    28.8710000    45.9239471
     775      13       2    1982    28.4830000    41.2388132
     776      14       2    1982    28.2150000    37.6408012
     777      15       2    1982    28.8910000    38.3914728
     778      16       2    1982    28.2950000    31.5107584
     779      17       2    1982    24.5890000    26.5777598
     780      18       2    1982    20.1700000    23.4658112
     781      19       2    1982    17.7520000    21.3274420
     782      20       2    1982    17.2390000    19.6164233
     783      21       2    1982    16.3150000    18.3231507
     784      22       2    1982    15.7370000    17.3354413
     785      23       2    1982    14.9680000    16.5639702
     786      24       2    1982    14.2840000    15.9484522
     787      25       2    1982    14.1770000    15.4472396
     788      26       2    1982    13.9200000    15.0309907
     789      27       2    1982    13.1000000    14.6786857
     790      28       2    1982    12.3990000    15.1319249
     791       1       3    1982    14.4950000    19.7955710
     792       2       3    1982    23.8690000    26.1663715
     793       3       3    1982    22.3950000    29.7175144
     794       4       3    1982    27.1390000    31.1147998
     795       5       3    1982    26.3060000    28.5572933
     796       6       3    1982    19.8460000    24.6599682
     797       7       3    1982    17.2280000    21.5330842
     798       8       3    1982    16.6150000    19.4424175
     799       9       3    1982    15.2820000    18.0950223
     800      10       3    1982    14.8770000    21.7404108
     801      11       3    1982    23.7920000    36.5580771
     802      12       3    1982    23.4620000    44.6235079
     803      13       3    1982    30.4950000    45.4549026
     804      14       3    1982    27.0110000    39.5568714
     805      15       3    1982    24.2300000    33.0403010
     806      16       3    1982    24.8330000    34.1496651
     807      17       3    1982    42.9060000    42.6693829
     808      18       3    1982    42.6320000    36.8814018
     809      19       3    1982    32.1360000    32.3460597
     810      20       3    1982    28.6670000    32.1280608
     811      21       3    1982    31.4790000    31.6318010
     812      22       3    1982    28.3230000    27.6405963
     813      23       3    1982    26.5360000    24.7444608
     814      24       3    1982    24.8330000    23.5125835
     815      25       3    1982    23.3760000    21.6784419
     816      26       3    1982    21.4790000    20.2086807
     817      27       3    1982    20.3470000    19.4809353
     818      28       3    1982    19.2630000    19.1872539
     819      29       3    1982    20.9480000    19.8964338
     820      30       3    1982    22.3200000    21.3781026
     821      31       3    1982    20.3370000    20.3005914
     822       1       4    1982    18.9150000    19.1015005
     823       2       4    1982    17.6310000    18.4014182
     824       3       4    1982    17.2950000    17.9155160
     825       4       4    1982    15.8720000    17.0255536
     826       5       4    1982    15.3250000    16.4682325
     827       6       4    1982    14.5140000    16.1736126
     828       7       4    1982    14.2070000    15.8875359
     829       8       4    1982    15.3190000    17.9388781
     830       9       4    1982    19.6890000    22.3720606
     831      10       4    1982    15.8800000    20.0153876
     832      11       4    1982    15.6870000    19.9618930
     833      12       4    1982    15.1620000    18.7325192
     834      13       4    1982    13.9650000    17.2349529
     835      14       4    1982    13.0590000    16.0737701
     836      15       4    1982    11.4980000    15.2048202
     837      16       4    1982    11.0790000    14.5515751
     838      17       4    1982    10.6960000    14.0457442
     839      18       4    1982    10.3120000    13.6308330
     840      19       4    1982    10.2400000    13.2748679
     841      20       4    1982     9.9270000    12.9695599
     842      21       4    1982     9.3990000    12.7042081
     843      22       4    1982     9.2610000    12.4780188
     844      23       4    1982     9.0470000    12.3447533
     845      24       4    1982     9.5940000    12.5734522
     846      25       4    1982     9.5000000    12.4708606
     847      26       4    1982     8.8930000    12.1562700
     848      27       4    1982     8.7200000    11.9282198
     849      28       4    1982     8.5310000    11.7303605
     850      29       4    1982     8.6500000    13.3576695
     851      30       4    1982    11.2930000    15.9216786
     852       1       5    1982     9.9080000    13.6097500
     853       2       5    1982     9.0980000    13.0317087
     854       3       5    1982     8.4700000    12.5272913
     855       4       5    1982     8.8710000    14.9775642
     856       5       5    1982    14.3500000    20.4851570
     857       6       5    1982    16.5230000    21.2319889
     858       7       5    1982    15.2980000    20.5917954
     859       8       5    1982    12.7960000    17.6618954
     860       9       5    1982    10.8810000    16.0637924
     861      10       5    1982    12.1930000    17.1073096
     862      11       5    1982    16.8670000    18.7408432
     863      12       5    1982    12.2160000    16.1212575
     864      13       5    1982    10.1990000    14.7436721
     865      14       5    1982     9.4320000    13.7273600
     866      15       5    1982     9.0090000    12.9528189
     867      16       5    1982     8.7780000    12.3504132
     868      17       5    1982     8.6750000    11.8721420
     869      18       5    1982     8.6380000    11.5313276
     870      19       5    1982     9.0960000    11.6099901
     871      20       5    1982     9.5060000    12.5760274
     872      21       5    1982     9.6630000    12.7358345
     873      22       5    1982     8.7240000    11.5869619
     874      23       5    1982     7.7550000    11.5896444
     875      24       5    1982     9.1530000    12.6793221
     876      25       5    1982     8.5690000    11.6285131
     877      26       5    1982     7.5620000    11.1077090
     878      27       5    1982     6.8860000    10.7489535
     879      28       5    1982     7.0770000    10.4519270
     880      29       5    1982     7.0990000    10.2008986
     881      30       5    1982     6.6720000     9.9845548
     882      31       5    1982     5.9370000     9.7951631
     883       1       6    1982     6.2000000     9.6267871
     884       2       6    1982     6.3180000     9.4749268
     885       3       6    1982     6.3570000     9.3361496
     886       4       6    1982     5.7420000     9.2699177
     887       5       6    1982     6.4240000     9.2003043
     888       6       6    1982     6.9480000     9.1258105
     889       7       6    1982     8.6620000    11.9813562
     890       8       6    1982     9.4580000    12.0035749
     891       9       6    1982     7.0370000     9.4652050
     892      10       6    1982     6.7420000     9.2600147
     893      11       6    1982     6.4470000     9.5527988
     894      12       6    1982     7.0610000    10.2265712
     895      13       6    1982     6.8010000     9.7856857
     896      14       6    1982     7.2600000    10.4033281
     897      15       6    1982     6.7010000     9.3701528
     898      16       6    1982     7.0290000    11.1912607
     899      17       6    1982    12.0020000    12.8452358
     900      18       6    1982     9.2430000    12.3371408
     901      19       6    1982    10.8490000    13.9009475
     902      20       6    1982     7.8270000    11.4558849
     903      21       6    1982     6.7170000    11.8926168
     904      22       6    1982    10.9760000    18.7918535
     905      23       6    1982    23.6600000    22.8140333
     906      24       6    1982    15.9320000    17.5321789
     907      25       6    1982    10.1680000    15.2096593
     908      26       6    1982    11.4250000    16.0709568
     909      27       6    1982    13.6560000    18.4369531
     910      28       6    1982    13.9160000    17.5991437
     911      29       6    1982    10.9360000    15.2251992
     912      30       6    1982     9.0510000    13.5120165
     913       1       7    1982     7.5200000    12.1941864
     914       2       7    1982     7.0070000    11.2197977
     915       3       7    1982     6.5660000    11.3519128
     916       4       7    1982     7.9390000    11.8097835
     917       5       7    1982     6.8430000    10.6609748
     918       6       7    1982     5.9660000    10.0156838
     919       7       7    1982     5.4720000     9.5166688
     920       8       7    1982     5.2650000     9.1212277
     921       9       7    1982     5.6450000     8.8015173
     922      10       7    1982     5.6070000     8.5380791
     923      11       7    1982     5.4580000     8.3170218
     924      12       7    1982     5.4500000     8.1282567
     925      13       7    1982     5.0320000     7.9643518
     926      14       7    1982     5.0160000     7.8200640
     927      15       7    1982     5.4020000     7.6926705
     928      16       7    1982     5.2360000     7.7950803
     929      17       7    1982     9.5520000    10.1989022
     930      18       7    1982     8.8430000    10.6546279
     931      19       7    1982     6.1520000     7.9856809
     932      20       7    1982     5.2280000     7.7280692
     933      21       7    1982     5.5320000     7.5446187
     934      22       7    1982     5.2490000     8.5111062
     935      23       7    1982     8.8390000    11.0780829
     936      24       7    1982     8.4510000    17.9817264
     937      25       7    1982    29.7280000    31.3619673
     938      26       7    1982    21.3630000    27.6642082
     939      27       7    1982    18.0050000    25.0557906
     940      28       7    1982    13.8230000    21.1989704
     941      29       7    1982    10.3570000    17.1120305
     942      30       7    1982     8.0810000    14.5096667
     943      31       7    1982     7.4100000    12.7552004
     944       1       8    1982     6.7900000    11.5855880
     945       2       8    1982     6.0330000    10.5393892
     946       3       8    1982     6.3680000     9.9267196
     947       4       8    1982     7.0360000    10.8907712
     948       5       8    1982     9.8960000    12.3765627
     949       6       8    1982    13.3580000    15.0215754
     950       7       8    1982    24.7770000    21.1772941
     951       8       8    1982    18.7310000    18.8263726
     952       9       8    1982    12.0810000    15.5013180
     953      10       8    1982     9.3760000    13.3078843
     954      11       8    1982     8.1230000    11.7913894
     955      12       8    1982     7.1690000    10.6943445
     956      13       8    1982     7.0900000    10.4456687
     957      14       8    1982     6.8980000    10.0846519
     958      15       8    1982     6.6850000     9.2432787
     959      16       8    1982     6.4750000     9.6929267
     960      17       8    1982     8.4000000    10.7387393
     961      18       8    1982     6.4200000     9.0865478
     962      19       8    1982     5.9250000     9.9495267
     963      20       8    1982     9.1120000    13.1868284
     964      21       8    1982    12.4030000    15.7229396
     965      22       8    1982     8.0210000    11.9167977
     966      23       8    1982     6.9670000    10.7185116
     967      24       8    1982     9.5480000    11.6800928
     968      25       8    1982     9.3270000    13.4150926
     969      26       8    1982     7.8020000    11.4809489
     970      27       8    1982     8.5020000    12.4836402
     971      28       8    1982     8.5050000    12.7316690
     972      29       8    1982     7.1560000    10.7924485
     973      30       8    1982     6.5050000     9.8927228
     974      31       8    1982     8.7250000    11.4721680
     975       1       9    1982    11.0910000    14.4508381
     976       2       9    1982     8.7750000    11.3043171
     977       3       9    1982     7.7700000    10.2310882
     978       4       9    1982     7.1740000     9.4409020
     979       5       9    1982     6.7420000     9.2742439
     980       6       9    1982     9.2760000    11.1525618
     981       7       9    1982    13.9500000    12.6343336
     982       8       9    1982     9.4330000    10.2023181
     983       9       9    1982     7.7060000     9.3783562
     984      10       9    1982     7.7400000     8.7626419
     985      11       9    1982     7.2240000     8.2879318
     986      12       9    1982     6.8610000     7.9142423
     987      13       9    1982     6.8270000     7.6142581
     988      14       9    1982     6.7940000     7.3688849
     989      15       9    1982     6.5980000     7.1645165
     990      16       9    1982     6.5730000     6.9912982
     991      17       9    1982     6.5230000     6.8419922
     992      18       9    1982     6.4890000     6.8085947
     993      19       9    1982     6.9370000     6.7019890
     994      20       9    1982     6.1290000     6.5315134
     995      21       9    1982     6.2830000     6.4282580
     996      22       9    1982     6.3270000     7.3751843
     997      23       9    1982     7.7360000     8.5470267
     998      24       9    1982     6.3620000     6.6207100
     999      25       9    1982     5.8070000     6.4616255
    1000      26       9    1982     5.6040000     6.6545934
    1001      27       9    1982     6.2140000     7.1065894
    1002      28       9    1982     5.2380000     6.3434958
    1003      29       9    1982     5.0000000     6.2051103
    1004      30       9    1982     5.2300000     6.5266704
    1005       1      10    1982     5.9670000     7.5033937
    1006       2      10    1982     5.3540000     6.3125811
    1007       3      10    1982     4.7810000     6.1165098
    1008       4      10    1982     4.4710000     6.2934494
    1009       5      10    1982     5.5950000     7.1151505
    1010       6      10    1982     6.6690000    16.1273859
    1011       7      10    1982    43.8730000    33.5742722
    1012       8      10    1982    24.4670000    28.0840860
    1013       9      10    1982    13.6930000    20.8301374
    1014      10      10    1982     9.3530000    17.5340305
    1015      11      10    1982    11.4690000    20.8951754
    1016      12      10    1982    17.0350000    25.5544676
    1017      13      10    1982    29.1360000    35.1970837
    1018      14      10    1982    73.1340000    61.4315645
    1019      15      10    1982    42.2710000    58.6656673
    1020      16      10    1982    41.8010000    52.1391289
    1021      17      10    1982    25.6800000    38.5167739
    1022      18      10    1982    21.2750000    29.2464276
    1023      19      10    1982    16.8310000    22.5372942
    1024      20      10    1982    14.2630000    18.3341352
    1025      21      10    1982    12.8280000    15.5171242
    1026      22      10    1982    11.3420000    13.5336490
    1027      23      10    1982    11.5850000    14.8835422
    1028      24      10    1982    16.4360000    25.3754895
    1029      25      10    1982    32.5070000    31.3173917
    1030      26      10    1982    19.8890000    24.1276737
    1031      27      10    1982    15.3870000    19.4489024
    1032      28      10    1982    13.2410000    16.3699525
    1033      29      10    1982    11.7440000    14.2095735
    1034      30      10    1982    10.2720000    12.6501693
    1035      31      10    1982    10.4770000    11.4974594
    1036       1      11    1982     9.6050000    10.6273807
    1037       2      11    1982     8.6980000     9.9580157
    1038       3      11    1982     8.3850000     9.4337857
    1039       4      11    1982     8.1630000     9.0161233
    1040       5      11    1982     8.0420000     8.6777534
    1041       6      11    1982     7.4650000     8.3990718
    1042       7      11    1982     7.5060000     8.1659540
    1043       8      11    1982     7.6700000     8.1677386
    1044       9      11    1982     7.6050000     8.3934048
    1045      10      11    1982     7.0010000     8.0436694
    1046      11      11    1982     6.5830000     7.8328351
    1047      12      11    1982     6.6580000    11.0762468
    1048      13      11    1982    13.7660000    19.4189429
    1049      14      11    1982    14.2730000    19.7825046
    1050      15      11    1982    11.5620000    17.3671570
    1051      16      11    1982     9.6440000    16.5160344
    1052      17      11    1982     9.7590000    21.3456029
    1053      18      11    1982    25.9470000    31.0943929
    1054      19      11    1982    31.1680000    31.8162971
    1055      20      11    1982    18.5180000    26.2392568
    1056      21      11    1982    14.5450000    20.4936313
    1057      22      11    1982    12.7170000    16.9325183
    1058      23      11    1982    11.5830000    14.5711187
    1059      24      11    1982    10.7170000    12.8977226
    1060      25      11    1982     9.7870000    11.7599891
    1061      26      11    1982     9.4300000    10.8082476
    1062      27      11    1982     9.0690000    10.1342540
    1063      28      11    1982     8.8360000    10.6523634
    1064      29      11    1982     8.2200000    11.7311897
    1065      30      11    1982     8.2570000    11.5332159
    1066       1      12    1982     8.1940000    10.4973708
    1067       2      12    1982     7.9880000     9.7990147
    1068       3      12    1982     7.6700000     9.2630216
    1069       4      12    1982     7.2380000     8.8407474
    1070       5      12    1982     7.1460000     8.5047498
    1071       6      12    1982     7.2510000     8.9025173
    1072       7      12    1982     7.8590000    13.9777942
    1073       8      12    1982    14.7390000    21.8047062
    1074       9      12    1982    19.7270000    25.1263070
    1075      10      12    1982    26.3260000    29.8794623
    1076      11      12    1982    39.9370000    46.2285298
    1077      12      12    1982    23.2890000    38.6602202
    1078      13      12    1982    27.0070000    38.9716318
    1079      14      12    1982    22.1120000    29.0930640
    1080      15      12    1982    18.7130000    26.6997993
    1081      16      12    1982    33.5420000    56.5769652
    1082      17      12    1982   131.2380000   117.4985962
    1083      18      12    1982   111.6220000   105.9502509
    1084      19      12    1982    49.0010000    68.0753186
    1085      20      12    1982    73.0830000    72.0765401
    1086      21      12    1982   109.8120000   105.8499577
    1087      22      12    1982    49.9910000    71.8469123
    1088      23      12    1982    34.6320000    49.1188924
    1089      24      12    1982    27.0800000    35.8605567
    1090      25      12    1982    22.7450000    27.9613427
    1091      26      12    1982    20.4580000    23.6408448
    1092      27      12    1982    20.1360000    23.0953594
    1093      28      12    1982    21.8420000    25.5641528
    1094      29      12    1982    20.0250000    23.7844845
    1095      30      12    1982    17.7050000    20.2944197
    1096      31      12    1982    16.1710000    17.8827403
