      No     Day     Mon    Year  Qobs_0000000398  Qsim_0000000398
       1       1       1    1990      157.0000000      130.0120317
       2       2       1    1990      129.0000000      121.6319831
       3       3       1    1990      117.0000000      114.2032297
       4       4       1    1990      111.0000000      107.5961460
       5       5       1    1990      112.0000000      101.7022653
       6       6       1    1990       93.0000000       96.5150123
       7       7       1    1990       87.0000000       91.8395105
       8       8       1    1990       84.0000000       87.5713482
       9       9       1    1990       80.0000000       83.7197252
      10      10       1    1990       78.0000000       80.2344992
      11      11       1    1990       78.0000000       77.0733058
      12      12       1    1990       77.0000000       74.1971258
      13      13       1    1990       76.0000000       73.3938441
      14      14       1    1990       73.0000000       75.3530683
      15      15       1    1990       66.0000000       84.3166485
      16      16       1    1990       76.0000000       83.3080699
      17      17       1    1990       73.0000000       84.1448012
      18      18       1    1990       71.0000000       85.4184683
      19      19       1    1990       90.0000000       81.1928419
      20      20       1    1990       82.0000000       84.1685512
      21      21       1    1990       80.0000000       81.2603159
      22      22       1    1990       81.0000000       76.6580278
      23      23       1    1990       97.0000000      171.9882443
      24      24       1    1990      198.0000000      205.1822446
      25      25       1    1990      392.0000000      267.7506169
      26      26       1    1990      519.0000000      290.3174998
      27      27       1    1990      565.0000000      247.1382595
      28      28       1    1990      331.0000000      228.0234354
      29      29       1    1990      293.0000000      227.7908355
      30      30       1    1990      302.0000000      194.2836735
      31      31       1    1990      233.0000000      170.6380359
      32       1       2    1990      198.0000000      179.4841221
      33       2       2    1990      183.0000000      196.4556694
      34       3       2    1990      206.0000000      201.5164687
      35       4       2    1990      215.0000000      174.4548255
      36       5       2    1990      183.0000000      155.9062934
      37       6       2    1990      159.0000000      142.0033413
      38       7       2    1990      167.0000000      132.5210934
      39       8       2    1990      138.0000000      127.1312374
      40       9       2    1990      126.0000000      124.9221582
      41      10       2    1990      131.0000000      199.1394074
      42      11       2    1990      173.0000000      252.3806864
      43      12       2    1990      240.0000000      287.3423754
      44      13       2    1990      270.0000000      450.0574106
      45      14       2    1990      458.0000000      825.5252344
      46      15       2    1990      996.0000000     1083.2612340
      47      16       2    1990     1370.0000000      950.0068585
      48      17       2    1990     1540.0000000      780.2684815
      49      18       2    1990     1210.0000000      641.8220672
      50      19       2    1990      616.0000000      527.2181834
      51      20       2    1990      465.0000000      434.8327554
      52      21       2    1990      373.0000000      360.2833946
      53      22       2    1990      298.0000000      302.0412009
      54      23       2    1990      270.0000000      258.0015342
      55      24       2    1990      234.0000000      225.0085392
      56      25       2    1990      218.0000000      205.7261152
      57      26       2    1990      203.0000000      311.5209150
      58      27       2    1990      314.0000000      521.1500656
      59      28       2    1990      520.0000000      717.2007297
      60       1       3    1990      689.0000000      788.9976497
      61       2       3    1990      777.0000000      685.3261680
      62       3       3    1990      584.0000000      563.8157775
      63       4       3    1990      429.0000000      465.7447323
      64       5       3    1990      365.0000000      389.2405978
      65       6       3    1990      281.0000000      326.4671316
      66       7       3    1990      257.0000000      276.6920457
      67       8       3    1990      231.0000000      241.0310936
      68       9       3    1990      211.0000000      214.9201776
      69      10       3    1990      191.0000000      195.1577262
      70      11       3    1990      182.0000000      180.9607707
      71      12       3    1990      173.0000000      171.0805555
      72      13       3    1990      159.0000000      162.7923525
      73      14       3    1990      153.0000000      157.0292832
      74      15       3    1990      141.0000000      151.4222264
      75      16       3    1990      136.0000000      144.5406962
      76      17       3    1990      130.0000000      138.7428106
      77      18       3    1990      123.0000000      133.4996233
      78      19       3    1990      115.0000000      128.7437898
      79      20       3    1990      113.0000000      125.0143076
      80      21       3    1990      102.0000000      121.7990438
      81      22       3    1990      105.0000000      118.9632512
      82      23       3    1990      106.0000000      116.0952332
      83      24       3    1990       87.0000000      113.0833798
      84      25       3    1990       80.0000000      110.9976283
      85      26       3    1990       84.0000000      108.1126016
      86      27       3    1990       82.0000000      105.5922170
      87      28       3    1990       91.0000000      114.6898503
      88      29       3    1990       97.0000000      121.6490749
      89      30       3    1990      110.0000000      113.0370802
      90      31       3    1990       97.0000000      109.1422818
      91       1       4    1990       93.0000000      106.1782324
      92       2       4    1990       85.0000000      103.4446108
      93       3       4    1990       84.0000000      108.1092797
      94       4       4    1990       81.0000000      111.9094429
      95       5       4    1990       81.0000000      104.5003124
      96       6       4    1990       76.0000000      102.7433740
      97       7       4    1990       72.0000000       99.9737744
      98       8       4    1990       68.0000000       97.5103800
      99       9       4    1990       72.0000000       95.2890849
     100      10       4    1990       65.0000000       93.2774638
     101      11       4    1990       62.0000000       92.1056100
     102      12       4    1990       62.0000000       93.2484338
     103      13       4    1990       65.0000000       98.1085298
     104      14       4    1990       68.0000000      121.3376226
     105      15       4    1990       75.0000000      124.9432246
     106      16       4    1990       90.0000000      119.8842740
     107      17       4    1990       92.0000000      116.5544518
     108      18       4    1990       94.0000000      116.5060118
     109      19       4    1990      110.0000000      111.2964513
     110      20       4    1990       99.0000000      107.4704518
     111      21       4    1990       86.0000000      104.2732431
     112      22       4    1990       86.0000000      109.4541268
     113      23       4    1990       86.0000000      116.5661338
     114      24       4    1990       88.0000000      116.3405732
     115      25       4    1990       93.0000000      108.7889275
     116      26       4    1990       99.0000000      104.9239836
     117      27       4    1990       86.0000000      102.0503986
     118      28       4    1990       74.0000000       99.2360357
     119      29       4    1990       72.0000000       96.3930777
     120      30       4    1990       77.0000000       93.7696271
     121       1       5    1990       56.0000000       91.3428895
     122       2       5    1990       64.0000000       89.0917943
     123       3       5    1990       58.0000000       86.9978572
     124       4       5    1990       50.0000000       85.0448110
     125       5       5    1990       50.0000000       83.2183112
     126       6       5    1990       50.0000000       81.5056840
     127       7       5    1990       50.0000000       79.9497697
     128       8       5    1990       53.0000000       79.6439838
     129       9       5    1990       62.0000000       78.5037673
     130      10       5    1990       64.0000000       83.9622504
     131      11       5    1990       65.0000000       84.8534759
     132      12       5    1990       75.0000000       77.9105896
     133      13       5    1990       71.0000000       76.0698737
     134      14       5    1990       63.0000000       74.7357417
     135      15       5    1990       61.0000000       73.8190197
     136      16       5    1990       49.0000000       72.6469569
     137      17       5    1990       46.0000000       71.2223306
     138      18       5    1990       46.0000000       70.0273532
     139      19       5    1990       48.0000000       68.8901624
     140      20       5    1990       41.0000000       67.8779459
     141      21       5    1990       45.0000000       73.8995546
     142      22       5    1990       52.0000000       74.0499927
     143      23       5    1990       50.0000000       73.5326483
     144      24       5    1990       56.0000000       77.3669540
     145      25       5    1990       41.0000000       73.2308458
     146      26       5    1990       40.0000000       68.3122521
     147      27       5    1990       39.0000000       67.0194613
     148      28       5    1990       39.0000000       65.8011033
     149      29       5    1990       33.0000000       64.6493266
     150      30       5    1990       37.0000000       63.5576282
     151      31       5    1990       30.0000000       62.5202567
     152       1       6    1990       37.0000000       68.2941463
     153       2       6    1990       36.0000000       69.6919697
     154       3       6    1990       40.0000000       99.6610115
     155       4       6    1990       45.0000000       81.3256972
     156       5       6    1990       39.0000000       66.8404928
     157       6       6    1990       48.0000000       65.3868070
     158       7       6    1990       39.0000000      113.3014870
     159       8       6    1990       49.0000000      121.6767687
     160       9       6    1990       84.0000000      106.9970625
     161      10       6    1990       91.0000000       95.9680695
     162      11       6    1990       80.0000000       86.2470341
     163      12       6    1990       66.0000000       82.8935542
     164      13       6    1990       53.0000000       80.1139838
     165      14       6    1990       64.0000000       77.4247648
     166      15       6    1990       55.0000000       74.7995644
     167      16       6    1990       54.0000000       72.5056537
     168      17       6    1990       42.0000000       70.3992296
     169      18       6    1990       48.0000000       68.8195002
     170      19       6    1990       48.0000000       86.1388680
     171      20       6    1990       60.0000000      103.6844227
     172      21       6    1990       75.0000000       96.6960482
     173      22       6    1990       78.0000000       83.8965221
     174      23       6    1990       66.0000000       80.3412320
     175      24       6    1990       63.0000000       76.6454713
     176      25       6    1990       52.0000000       73.9485955
     177      26       6    1990       49.0000000       71.6802082
     178      27       6    1990       44.0000000       78.6461638
     179      28       6    1990       51.0000000       76.7661179
     180      29       6    1990       61.0000000       97.1024368
     181      30       6    1990       81.0000000      131.2541817
     182       1       7    1990       79.0000000      104.6276533
     183       2       7    1990       92.0000000       90.3320905
     184       3       7    1990       72.0000000       96.8219830
     185       4       7    1990       58.0000000      114.0502607
     186       5       7    1990       69.0000000      144.5610834
     187       6       7    1990       94.0000000      130.6163261
     188       7       7    1990      199.0000000      126.0724393
     189       8       7    1990      133.0000000      129.0184653
     190       9       7    1990      124.0000000      112.0096085
     191      10       7    1990      123.0000000      104.8044583
     192      11       7    1990       99.0000000       99.2617292
     193      12       7    1990       88.0000000       94.6542130
     194      13       7    1990       84.0000000       90.5448698
     195      14       7    1990       72.0000000       86.8286809
     196      15       7    1990       55.0000000       83.4581855
     197      16       7    1990       65.0000000       80.3924151
     198      17       7    1990       50.0000000       77.5958986
     199      18       7    1990       50.0000000       75.0378385
     200      19       7    1990       46.0000000       72.6914231
     201      20       7    1990       44.0000000       70.5332521
     202      21       7    1990       42.0000000       68.5428526
     203      22       7    1990       37.0000000       66.7022722
     204      23       7    1990       38.0000000       64.9957340
     205      24       7    1990       44.0000000       63.4093443
     206      25       7    1990       30.0000000       61.9308431
     207      26       7    1990       26.0000000       60.5493921
     208      27       7    1990       31.0000000       59.2553919
     209      28       7    1990       33.0000000       61.1525653
     210      29       7    1990       42.0000000       58.4728956
     211      30       7    1990       36.0000000       56.2144308
     212      31       7    1990       34.0000000       55.1616370
     213       1       8    1990       25.0000000       54.1653583
     214       2       8    1990       22.0000000       53.2204406
     215       3       8    1990       28.0000000       52.3222757
     216       4       8    1990       25.0000000       51.4667379
     217       5       8    1990       19.0000000       50.6502861
     218       6       8    1990       22.0000000       49.8700681
     219       7       8    1990       19.0000000       49.1217251
     220       8       8    1990       22.0000000       48.4032418
     221       9       8    1990       19.0000000       47.7122833
     222      10       8    1990       20.0000000       47.0466681
     223      11       8    1990       19.0000000       46.4044268
     224      12       8    1990       19.0000000       45.7837797
     225      13       8    1990       22.0000000       50.2884067
     226      14       8    1990       36.0000000       71.6319891
     227      15       8    1990       31.0000000       62.4943363
     228      16       8    1990       30.0000000       56.6374877
     229      17       8    1990       28.0000000       52.8354236
     230      18       8    1990       34.0000000       45.9989975
     231      19       8    1990       21.0000000       45.2393519
     232      20       8    1990       30.0000000       44.5158920
     233      21       8    1990       22.0000000       43.8250420
     234      22       8    1990       21.0000000       43.1639432
     235      23       8    1990       23.0000000       42.5300385
     236      24       8    1990       20.0000000       41.9210378
     237      25       8    1990       29.0000000       41.3365115
     238      26       8    1990       20.0000000       41.2862883
     239      27       8    1990       22.0000000       42.4383857
     240      28       8    1990       23.0000000       40.4067915
     241      29       8    1990       35.0000000       39.3988992
     242      30       8    1990       51.0000000      126.8366757
     243      31       8    1990       80.0000000      122.1818980
     244       1       9    1990       56.0000000       62.0343229
     245       2       9    1990       33.0000000       52.9188446
     246       3       9    1990       27.0000000       51.2067610
     247       4       9    1990       27.0000000       53.7663047
     248       5       9    1990       28.0000000       53.2735559
     249       6       9    1990       26.0000000       48.3241461
     250       7       9    1990       24.0000000       53.5756057
     251       8       9    1990       33.0000000       50.3324315
     252       9       9    1990       26.0000000       46.1296430
     253      10       9    1990       27.0000000       44.9344329
     254      11       9    1990       22.0000000       43.8258010
     255      12       9    1990       22.0000000       42.7943128
     256      13       9    1990       21.0000000       41.8320100
     257      14       9    1990       22.0000000       40.9318704
     258      15       9    1990       22.0000000       40.0876868
     259      16       9    1990       22.0000000       39.2939624
     260      17       9    1990       20.0000000       38.5458214
     261      18       9    1990       22.0000000       37.8389316
     262      19       9    1990       16.0000000       37.1694380
     263      20       9    1990       22.0000000       36.5339047
     264      21       9    1990       19.0000000       45.1356779
     265      22       9    1990       32.0000000      111.9671157
     266      23       9    1990       27.0000000       92.5188562
     267      24       9    1990       45.0000000       68.9464482
     268      25       9    1990       42.0000000       54.5076430
     269      26       9    1990       39.0000000       50.6092863
     270      27       9    1990       30.0000000       48.8471546
     271      28       9    1990       28.0000000       47.2327206
     272      29       9    1990       30.0000000       45.7518925
     273      30       9    1990       30.0000000       96.6784332
     274       1      10    1990       56.0000000      142.5516058
     275       2      10    1990       72.0000000      110.1510064
     276       3      10    1990       73.0000000      106.3976151
     277       4      10    1990       68.0000000      100.1708026
     278       5      10    1990       53.0000000       87.3886359
     279       6      10    1990       42.0000000       80.8337360
     280       7      10    1990       33.0000000       76.3944966
     281       8      10    1990       42.0000000       72.5871654
     282       9      10    1990       34.0000000       69.1603657
     283      10      10    1990       36.0000000       66.0520269
     284      11      10    1990       36.0000000       63.2341586
     285      12      10    1990       28.0000000       60.6731095
     286      13      10    1990       32.0000000       58.3396253
     287      14      10    1990       27.0000000       56.2082074
     288      15      10    1990       35.0000000       54.6973789
     289      16      10    1990       42.0000000       55.5929306
     290      17      10    1990       35.0000000       64.9404775
     291      18      10    1990       39.0000000       63.9767544
     292      19      10    1990       34.0000000       54.7805376
     293      20      10    1990       32.0000000       52.9204455
     294      21      10    1990       34.0000000       51.2200401
     295      22      10    1990       27.0000000       49.6540179
     296      23      10    1990       31.0000000       48.2082394
     297      24      10    1990       28.0000000       46.8702539
     298      25      10    1990       25.0000000       46.8263623
     299      26      10    1990       29.0000000       65.1154561
     300      27      10    1990       31.0000000       72.9748611
     301      28      10    1990       65.0000000      200.8684462
     302      29      10    1990       69.0000000      210.7551052
     303      30      10    1990      157.0000000      179.9384238
     304      31      10    1990      190.0000000      158.8559212
     305       1      11    1990      115.0000000      162.3849469
     306       2      11    1990      104.0000000      171.2411216
     307       3      11    1990      100.0000000      181.3069339
     308       4      11    1990      131.0000000      178.5518676
     309       5      11    1990      130.0000000      172.1129435
     310       6      11    1990      115.0000000      152.1606861
     311       7      11    1990      102.0000000      134.4137928
     312       8      11    1990       95.0000000      119.4317034
     313       9      11    1990       81.0000000      106.8985897
     314      10      11    1990       66.0000000      112.9100788
     315      11      11    1990       67.0000000      145.2553179
     316      12      11    1990       74.0000000      159.7051614
     317      13      11    1990      109.0000000      151.4564758
     318      14      11    1990       92.0000000      174.7217112
     319      15      11    1990       92.0000000      188.5826716
     320      16      11    1990      155.0000000      177.5594225
     321      17      11    1990      159.0000000      166.9085424
     322      18      11    1990      131.0000000      182.4563186
     323      19      11    1990      161.0000000      193.0072294
     324      20      11    1990      196.0000000      295.7940077
     325      21      11    1990      336.0000000      363.3814344
     326      22      11    1990      566.0000000      332.2177824
     327      23      11    1990      373.0000000      344.1894335
     328      24      11    1990      293.0000000      318.1241279
     329      25      11    1990      264.0000000      302.8024003
     330      26      11    1990      226.0000000      273.2707168
     331      27      11    1990      201.0000000      234.6192613
     332      28      11    1990      180.0000000      204.0311804
     333      29      11    1990      161.0000000      191.6618367
     334      30      11    1990      149.0000000      179.2887331
     335       1      12    1990      134.0000000      157.5859428
     336       2      12    1990      113.0000000      143.1170768
     337       3      12    1990       99.0000000      133.1598791
     338       4      12    1990      107.0000000      126.0862033
     339       5      12    1990       99.0000000      119.6422341
     340       6      12    1990       89.0000000      113.7160939
     341       7      12    1990       77.0000000      108.4365539
     342       8      12    1990       71.0000000      103.6815823
     343       9      12    1990       68.0000000       99.3862572
     344      10      12    1990       73.0000000       95.4947278
     345      11      12    1990       84.0000000       91.9588010
     346      12      12    1990       88.0000000      109.6249321
     347      13      12    1990       92.0000000      115.0492261
     348      14      12    1990      128.0000000      106.7256674
     349      15      12    1990      136.0000000       99.9562687
     350      16      12    1990      114.0000000       95.5747906
     351      17      12    1990      101.0000000       91.6863408
     352      18      12    1990       93.0000000       88.1744342
     353      19      12    1990       85.0000000       84.9921192
     354      20      12    1990       81.0000000       82.0990674
     355      21      12    1990      106.0000000      117.8078183
     356      22      12    1990      159.0000000      144.0809166
     357      23      12    1990      250.0000000      158.3042764
     358      24      12    1990      298.0000000      148.7790443
     359      25      12    1990      261.0000000      194.1537567
     360      26      12    1990      228.0000000      304.3853506
     361      27      12    1990      409.0000000      371.8352138
     362      28      12    1990      486.0000000      397.8369007
     363      29      12    1990      440.0000000      507.2832002
     364      30      12    1990      486.0000000      639.2281518
     365      31      12    1990      774.0000000      730.5092437
     366       1       1    1991      889.0000000      775.0548028
     367       2       1    1991      863.0000000      820.8735821
     368       3       1    1991      875.0000000      880.3958948
     369       4       1    1991      932.0000000      791.5895065
     370       5       1    1991      826.0000000      748.2797766
     371       6       1    1991      731.0000000      698.9019235
     372       7       1    1991      613.0000000      661.6424499
     373       8       1    1991      610.0000000      650.7398848
     374       9       1    1991      686.0000000      587.5498748
     375      10       1    1991      556.0000000      623.2817677
     376      11       1    1991      669.0000000      658.3223937
     377      12       1    1991      828.0000000      618.9932876
     378      13       1    1991      735.0000000      508.9771987
     379      14       1    1991      513.0000000      421.3368149
     380      15       1    1991      411.0000000      350.7385310
     381      16       1    1991      345.0000000      294.2804752
     382      17       1    1991      293.0000000      252.4552604
     383      18       1    1991      251.0000000      223.0254679
     384      19       1    1991      222.0000000      202.2536225
     385      20       1    1991      215.0000000      188.1307741
     386      21       1    1991      213.0000000      182.7978979
     387      22       1    1991      202.0000000      183.5448940
     388      23       1    1991      200.0000000      175.0488178
     389      24       1    1991      192.0000000      166.2830878
     390      25       1    1991      176.0000000      158.2413691
     391      26       1    1991      164.0000000      151.1578275
     392      27       1    1991      157.0000000      144.6383238
     393      28       1    1991      134.0000000      138.7782042
     394      29       1    1991      130.0000000      133.4924756
     395      30       1    1991      119.0000000      128.7084959
     396      31       1    1991      107.0000000      124.3639998
     397       1       2    1991      112.0000000      120.4054529
     398       2       2    1991      109.0000000      116.7866923
     399       3       2    1991      101.0000000      113.4678018
     400       4       2    1991       98.0000000      110.4141745
     401       5       2    1991       84.0000000      107.5957311
     402       6       2    1991       93.0000000      104.9862648
     403       7       2    1991       80.0000000      102.5628898
     404       8       2    1991       73.0000000      100.3055766
     405       9       2    1991       89.0000000       98.1967583
     406      10       2    1991       84.0000000       96.2209971
     407      11       2    1991       78.0000000       94.3646995
     408      12       2    1991       79.0000000       92.6158736
     409      13       2    1991       77.0000000       90.9639218
     410      14       2    1991       80.0000000       89.3994618
     411      15       2    1991       72.0000000       87.9141742
     412      16       2    1991       78.0000000       88.1435547
     413      17       2    1991       74.0000000       88.0459444
     414      18       2    1991       77.0000000       86.4205687
     415      19       2    1991       73.0000000       96.7060468
     416      20       2    1991       69.0000000      112.0992966
     417      21       2    1991       74.0000000      142.4421455
     418      22       2    1991       81.0000000      157.0435285
     419      23       2    1991      110.0000000      152.9536293
     420      24       2    1991      180.0000000      149.1191510
     421      25       2    1991      213.0000000      146.1580325
     422      26       2    1991      222.0000000      142.8811311
     423      27       2    1991      208.0000000      143.8516593
     424      28       2    1991      211.0000000      137.9924800
     425       1       3    1991      214.0000000      133.0918112
     426       2       3    1991      208.0000000      140.9311955
     427       3       3    1991      221.0000000      139.5822618
     428       4       3    1991      281.0000000      130.7060447
     429       5       3    1991      219.0000000      125.1888514
     430       6       3    1991      190.0000000      120.3369532
     431       7       3    1991      173.0000000      115.9384281
     432       8       3    1991      164.0000000      112.1753505
     433       9       3    1991      142.0000000      109.5236767
     434      10       3    1991      133.0000000      109.3384717
     435      11       3    1991      133.0000000      106.5745177
     436      12       3    1991      118.0000000      103.2024470
     437      13       3    1991      127.0000000      100.1073333
     438      14       3    1991      113.0000000       97.2654664
     439      15       3    1991      107.0000000       94.6457105
     440      16       3    1991      100.0000000       92.2235115
     441      17       3    1991      100.0000000       89.9830242
     442      18       3    1991       95.0000000       87.9452796
     443      19       3    1991       98.0000000      144.9763226
     444      20       3    1991      119.0000000      152.9806180
     445      21       3    1991      159.0000000      168.4418915
     446      22       3    1991      196.0000000      182.9082703
     447      23       3    1991      242.0000000      166.5466239
     448      24       3    1991      216.0000000      153.3916948
     449      25       3    1991      180.0000000      144.2688231
     450      26       3    1991      145.0000000      136.8062264
     451      27       3    1991      127.0000000      131.5387699
     452      28       3    1991      117.0000000      124.8890299
     453      29       3    1991      109.0000000      119.3218412
     454      30       3    1991      106.0000000      114.3180224
     455      31       3    1991       99.0000000      109.8052675
     456       1       4    1991       96.0000000      105.7218963
     457       2       4    1991       88.0000000      102.0149969
     458       3       4    1991       87.0000000       98.6390367
     459       4       4    1991       82.0000000       96.0177857
     460       5       4    1991       84.0000000       93.9838964
     461       6       4    1991       67.0000000       91.2871949
     462       7       4    1991       89.0000000       89.0022988
     463       8       4    1991       75.0000000       86.9927696
     464       9       4    1991       79.0000000       84.8775225
     465      10       4    1991       70.0000000       82.8453782
     466      11       4    1991       69.0000000       80.9518230
     467      12       4    1991       69.0000000       79.1851427
     468      13       4    1991       56.0000000       77.5323019
     469      14       4    1991       63.0000000       75.9844731
     470      15       4    1991       58.0000000       74.5312336
     471      16       4    1991       56.0000000       73.1549100
     472      17       4    1991       54.0000000       71.8534897
     473      18       4    1991       57.0000000       70.6667044
     474      19       4    1991       53.0000000       70.6961241
     475      20       4    1991       53.0000000       70.3382273
     476      21       4    1991       65.0000000       69.2343377
     477      22       4    1991       69.0000000       71.1360698
     478      23       4    1991       61.0000000       72.5945202
     479      24       4    1991       56.0000000       69.2619686
     480      25       4    1991       56.0000000       67.6611815
     481      26       4    1991       53.0000000       66.4865706
     482      27       4    1991       49.0000000       65.3901293
     483      28       4    1991       53.0000000       64.3518719
     484      29       4    1991       48.0000000       67.9144869
     485      30       4    1991       57.0000000      112.5783352
     486       1       5    1991       69.0000000      105.9900606
     487       2       5    1991       89.0000000       84.0917878
     488       3       5    1991      105.0000000       80.7320219
     489       4       5    1991       79.0000000       78.3548142
     490       5       5    1991       69.0000000       76.3024734
     491       6       5    1991       71.0000000       74.6549040
     492       7       5    1991       60.0000000       72.5331504
     493       8       5    1991       64.0000000       70.7259632
     494       9       5    1991       59.0000000       69.0556818
     495      10       5    1991       57.0000000       69.5321097
     496      11       5    1991       55.0000000       71.8101720
     497      12       5    1991       53.0000000       68.4023971
     498      13       5    1991       52.0000000       66.5433716
     499      14       5    1991       50.0000000       65.3630801
     500      15       5    1991       52.0000000       69.9894601
     501      16       5    1991       54.0000000       70.8677980
     502      17       5    1991       54.0000000       65.9809451
     503      18       5    1991       55.0000000       64.5897091
     504      19       5    1991       48.0000000       63.3017175
     505      20       5    1991       48.0000000       62.0846379
     506      21       5    1991       49.0000000       60.9321215
     507      22       5    1991       41.0000000       59.8386145
     508      23       5    1991       40.0000000       58.7991059
     509      24       5    1991       40.0000000       57.8090705
     510      25       5    1991       39.0000000       56.8644177
     511      26       5    1991       43.0000000       55.9614468
     512      27       5    1991       39.0000000       55.0968065
     513      28       5    1991       36.0000000       54.2674600
     514      29       5    1991       33.0000000       53.4706526
     515      30       5    1991       39.0000000       52.7038840
     516      31       5    1991       34.0000000       51.9648830
     517       1       6    1991       37.0000000       51.2515847
     518       2       6    1991       35.0000000       50.5621106
     519       3       6    1991       29.0000000       49.8947507
     520       4       6    1991       33.0000000       49.2479468
     521       5       6    1991       34.0000000       48.6472077
     522       6       6    1991       32.0000000       66.2354854
     523       7       6    1991       38.0000000       68.7436594
     524       8       6    1991       39.0000000       58.1212723
     525       9       6    1991       41.0000000       55.3310564
     526      10       6    1991       44.0000000       68.9420378
     527      11       6    1991       48.0000000       54.0753925
     528      12       6    1991       42.0000000       51.1765972
     529      13       6    1991       37.0000000       50.2401993
     530      14       6    1991       39.0000000       49.5207423
     531      15       6    1991       35.0000000       49.1072151
     532      16       6    1991       31.0000000       52.0437416
     533      17       6    1991       33.0000000       55.4500572
     534      18       6    1991       31.0000000       52.6181012
     535      19       6    1991       28.0000000       49.5778282
     536      20       6    1991       60.0000000       85.5241114
     537      21       6    1991       48.0000000       70.8890971
     538      22       6    1991       54.0000000       55.2638544
     539      23       6    1991       63.0000000       62.5810698
     540      24       6    1991       41.0000000       56.7139005
     541      25       6    1991       42.0000000       52.7885128
     542      26       6    1991       43.0000000       51.5234778
     543      27       6    1991       38.0000000       60.1226093
     544      28       6    1991       38.0000000       59.8820392
     545      29       6    1991       35.0000000       53.0556217
     546      30       6    1991       41.0000000       50.9870293
     547       1       7    1991       41.0000000       49.7810269
     548       2       7    1991       38.0000000       48.6571803
     549       3       7    1991       34.0000000       47.6043432
     550       4       7    1991       27.0000000       46.6156852
     551       5       7    1991       31.0000000       45.6851258
     552       6       7    1991       30.0000000       44.8075507
     553       7       7    1991       26.0000000       51.4170181
     554       8       7    1991       30.0000000       50.1762411
     555       9       7    1991       31.0000000       43.8962569
     556      10       7    1991       23.0000000       43.0742060
     557      11       7    1991       35.0000000       42.2963102
     558      12       7    1991       19.0000000       43.4249476
     559      13       7    1991       24.0000000       71.0151353
     560      14       7    1991       26.0000000       63.6300025
     561      15       7    1991       27.0000000       47.8060985
     562      16       7    1991       41.0000000       44.6775477
     563      17       7    1991       34.0000000       43.7065224
     564      18       7    1991       27.0000000       42.7963326
     565      19       7    1991       25.0000000       41.9390803
     566      20       7    1991       23.0000000       41.1293222
     567      21       7    1991       22.0000000       40.3636853
     568      22       7    1991       27.0000000       39.6382003
     569      23       7    1991       23.0000000       38.9493098
     570      24       7    1991       21.0000000       39.9160919
     571      25       7    1991       23.0000000       65.0873600
     572      26       7    1991       33.0000000       57.4930899
     573      27       7    1991       23.0000000       43.9746554
     574      28       7    1991       29.0000000       40.5788665
     575      29       7    1991       30.0000000       39.7358364
     576      30       7    1991       35.0000000       53.3605678
     577      31       7    1991       27.0000000       52.1508833
     578       1       8    1991       45.0000000       41.1530672
     579       2       8    1991       47.0000000       40.1877126
     580       3       8    1991       40.0000000       39.3336386
     581       4       8    1991       35.0000000       38.5301830
     582       5       8    1991       26.0000000       37.7726646
     583       6       8    1991       23.0000000       37.0569010
     584       7       8    1991       30.0000000       38.1343767
     585       8       8    1991       33.0000000       38.6759937
     586       9       8    1991       30.0000000       35.8738119
     587      10       8    1991       28.0000000       34.8502200
     588      11       8    1991       19.0000000       34.2712034
     589      12       8    1991       20.0000000       33.7186347
     590      13       8    1991       16.0000000       33.1903040
     591      14       8    1991       18.0000000       32.6842188
     592      15       8    1991       18.0000000       32.1985811
     593      16       8    1991       20.0000000       31.7317669
     594      17       8    1991       16.0000000       31.2823074
     595      18       8    1991       15.0000000       30.8488729
     596      19       8    1991       15.0000000       30.4302588
     597      20       8    1991       14.0000000       30.0253724
     598      21       8    1991       15.0000000       29.6332218
     599      22       8    1991       13.0000000       29.2534449
     600      23       8    1991       12.0000000       29.1142617
     601      24       8    1991       11.0000000       28.8605664
     602      25       8    1991       12.0000000       28.2140232
     603      26       8    1991       11.0000000       27.8713636
     604      27       8    1991       13.0000000       27.5374475
     605      28       8    1991       11.0000000       27.2115598
     606      29       8    1991       12.0000000       26.8932158
     607      30       8    1991       12.0000000       26.5819720
     608      31       8    1991       11.0000000       26.2774224
     609       1       9    1991       11.0000000       28.0936707
     610       2       9    1991       17.0000000       28.2546439
     611       3       9    1991       11.0000000       25.5538039
     612       4       9    1991       12.0000000       25.2632924
     613       5       9    1991       11.0000000       24.9789511
     614       6       9    1991       11.0000000       24.7001491
     615       7       9    1991       18.0000000       24.4266017
     616       8       9    1991       11.0000000       24.1580470
     617       9       9    1991       13.0000000       23.8942444
     618      10       9    1991       12.0000000       24.5377158
     619      11       9    1991       11.0000000       53.6126119
     620      12       9    1991       20.0000000       46.4203669
     621      13       9    1991       21.0000000       25.2785921
     622      14       9    1991       29.0000000       24.8869877
     623      15       9    1991       28.0000000       24.5130959
     624      16       9    1991       20.0000000       24.1541738
     625      17       9    1991       20.0000000       23.8090114
     626      18       9    1991       20.0000000       23.4765177
     627      19       9    1991       12.0000000       23.1557084
     628      20       9    1991       11.0000000       22.8456940
     629      21       9    1991       11.0000000       22.5456700
     630      22       9    1991       22.0000000       44.6435424
     631      23       9    1991       14.0000000       44.3386234
     632      24       9    1991       48.0000000       24.7970824
     633      25       9    1991       45.0000000       83.9062920
     634      26       9    1991       80.0000000       84.9442585
     635      27       9    1991       61.0000000       62.8558415
     636      28       9    1991       61.0000000       88.0761125
     637      29       9    1991       65.0000000       85.5461315
     638      30       9    1991       63.0000000       72.9832456
     639       1      10    1991       90.0000000       58.1305792
     640       2      10    1991       59.0000000       53.3825821
     641       3      10    1991       45.0000000       50.3652800
     642       4      10    1991       42.0000000       47.7401038
     643       5      10    1991       41.0000000       93.0378012
     644       6      10    1991       41.0000000       98.5035094
     645       7      10    1991       73.0000000       69.2185699
     646       8      10    1991       96.0000000       62.2286699
     647       9      10    1991       61.0000000       58.6529158
     648      10      10    1991       44.0000000       55.4530316
     649      11      10    1991       42.0000000       52.7260543
     650      12      10    1991       41.0000000       77.3664324
     651      13      10    1991       42.0000000       76.7617338
     652      14      10    1991       61.0000000       59.5978459
     653      15      10    1991       55.0000000       56.5558453
     654      16      10    1991       41.0000000       59.3737503
     655      17      10    1991       48.0000000       74.8210657
     656      18      10    1991       52.0000000       98.7562949
     657      19      10    1991       66.0000000       81.8148633
     658      20      10    1991       59.0000000       72.1282959
     659      21      10    1991       71.0000000       68.2304923
     660      22      10    1991       74.0000000       63.2265855
     661      23      10    1991       70.0000000       59.9492249
     662      24      10    1991       59.0000000       57.0425343
     663      25      10    1991       57.0000000       54.4275667
     664      26      10    1991       57.0000000       52.0565178
     665      27      10    1991       51.0000000       49.9013553
     666      28      10    1991       47.0000000       47.9376769
     667      29      10    1991       48.0000000       46.1441850
     668      30      10    1991       45.0000000       49.0564218
     669      31      10    1991       43.0000000       51.5247307
     670       1      11    1991       40.0000000       63.6507942
     671       2      11    1991       47.0000000       65.9032679
     672       3      11    1991       46.0000000       93.1902252
     673       4      11    1991       76.0000000      128.7992282
     674       5      11    1991       60.0000000      120.7514110
     675       6      11    1991      132.0000000      112.6963092
     676       7      11    1991      133.0000000      119.6609014
     677       8      11    1991      113.0000000      142.6793595
     678       9      11    1991      120.0000000      150.6230573
     679      10      11    1991      141.0000000      133.8335907
     680      11      11    1991      208.0000000      159.8579255
     681      12      11    1991      166.0000000      214.1912366
     682      13      11    1991      183.0000000      277.0026474
     683      14      11    1991      299.0000000      417.5056063
     684      15      11    1991      521.0000000      388.6320437
     685      16      11    1991      443.0000000      335.3827650
     686      17      11    1991      304.0000000      287.6761259
     687      18      11    1991      231.0000000      280.8023797
     688      19      11    1991      192.0000000      276.9168491
     689      20      11    1991      199.0000000      252.2504904
     690      21      11    1991      201.0000000      232.0894894
     691      22      11    1991      173.0000000      198.9803941
     692      23      11    1991      159.0000000      172.8616774
     693      24      11    1991      160.0000000      153.0612565
     694      25      11    1991      146.0000000      136.5760118
     695      26      11    1991      110.0000000      122.5378650
     696      27      11    1991      114.0000000      111.8358222
     697      28      11    1991       97.0000000      105.4495350
     698      29      11    1991       89.0000000      100.0887346
     699      30      11    1991       73.0000000       95.2702415
     700       1      12    1991       69.0000000       90.9260790
     701       2      12    1991       67.0000000       86.9987655
     702       3      12    1991       63.0000000       83.4386745
     703       4      12    1991       58.0000000       80.2028367
     704       5      12    1991       59.0000000       77.2539443
     705       6      12    1991       53.0000000       74.5595201
     706       7      12    1991       54.0000000       72.0912224
     707       8      12    1991       51.0000000       69.8242589
     708       9      12    1991       47.0000000       67.7368943
     709      10      12    1991       42.0000000       65.8100319
     710      11      12    1991       40.0000000       64.0268594
     711      12      12    1991       39.0000000       62.3725466
     712      13      12    1991       36.0000000       60.8339874
     713      14      12    1991       37.0000000       59.3995790
     714      15      12    1991       32.0000000       58.0590316
     715      16      12    1991       37.0000000       69.7240670
     716      17      12    1991       62.0000000      171.2903905
     717      18      12    1991      118.0000000      209.9956288
     718      19      12    1991      170.0000000      292.7689397
     719      20      12    1991      229.0000000      389.6344965
     720      21      12    1991      448.0000000      476.9938189
     721      22      12    1991      464.0000000      647.0827643
     722      23      12    1991      675.0000000      587.9008766
     723      24      12    1991      844.0000000      510.0984539
     724      25      12    1991      569.0000000      423.5497962
     725      26      12    1991      358.0000000      356.4867171
     726      27      12    1991      279.0000000      306.0759299
     727      28      12    1991      238.0000000      263.7519795
     728      29      12    1991      201.0000000      226.5384203
     729      30      12    1991      185.0000000      197.1731414
     730      31      12    1991      165.0000000      174.4044530
     731       1       1    1992      140.0000000      156.6145976
     732       2       1    1992      126.0000000      142.3831820
     733       3       1    1992      117.0000000      132.6957798
     734       4       1    1992      114.0000000      129.3266592
     735       5       1    1992      108.0000000      124.6459312
     736       6       1    1992      108.0000000      118.0567373
     737       7       1    1992      101.0000000      112.7843559
     738       8       1    1992       97.0000000      111.4526202
     739       9       1    1992       89.0000000      127.8739780
     740      10       1    1992      111.0000000      158.5907292
     741      11       1    1992      135.0000000      152.5437548
     742      12       1    1992      171.0000000      138.2105732
     743      13       1    1992      125.0000000      130.7154310
     744      14       1    1992      111.0000000      124.1126193
     745      15       1    1992      100.0000000      118.2471470
     746      16       1    1992       87.0000000      113.1011613
     747      17       1    1992       75.0000000      108.3364735
     748      18       1    1992       79.0000000      104.0062826
     749      19       1    1992       70.0000000      106.6613696
     750      20       1    1992       72.0000000      103.4709279
     751      21       1    1992       87.0000000      100.4029915
     752      22       1    1992       79.0000000       96.1804077
     753      23       1    1992       71.0000000       92.8718093
     754      24       1    1992       66.0000000       89.8536467
     755      25       1    1992       67.0000000       87.0918619
     756      26       1    1992       65.0000000       84.5569280
     757      27       1    1992       59.0000000       82.2231775
     758      28       1    1992       57.0000000       80.1025200
     759      29       1    1992       54.0000000       78.5712806
     760      30       1    1992       59.0000000       80.4325256
     761      31       1    1992       57.0000000       87.4860837
     762       1       2    1992       56.0000000       89.3617182
     763       2       2    1992       54.0000000       87.3043727
     764       3       2    1992       58.0000000       85.2524193
     765       4       2    1992       63.0000000      141.6354383
     766       5       2    1992       76.0000000      179.1767874
     767       6       2    1992      250.0000000      203.5263546
     768       7       2    1992      346.0000000      178.0736494
     769       8       2    1992      241.0000000      158.7012346
     770       9       2    1992      180.0000000      156.6581877
     771      10       2    1992      164.0000000      163.5024108
     772      11       2    1992      183.0000000      183.5250108
     773      12       2    1992      215.0000000      210.6571364
     774      13       2    1992      265.0000000      223.6962230
     775      14       2    1992      287.0000000      237.6289904
     776      15       2    1992      272.0000000      237.9733980
     777      16       2    1992      253.0000000      266.3989844
     778      17       2    1992      301.0000000      256.5064322
     779      18       2    1992      275.0000000      219.2438528
     780      19       2    1992      224.0000000      191.2014145
     781      20       2    1992      194.0000000      170.4119291
     782      21       2    1992      173.0000000      155.7187878
     783      22       2    1992      157.0000000      146.1374723
     784      23       2    1992      142.0000000      139.3060271
     785      24       2    1992      133.0000000      134.7580509
     786      25       2    1992      128.0000000      128.8007978
     787      26       2    1992      125.0000000      122.5274758
     788      27       2    1992      125.0000000      117.2544739
     789      28       2    1992      110.0000000      112.5077504
     790      29       2    1992      107.0000000      108.2048668
     791       1       3    1992       97.0000000      104.4372923
     792       2       3    1992       97.0000000      102.6665124
     793       3       3    1992       86.0000000      103.5509353
     794       4       3    1992       93.0000000       98.7414763
     795       5       3    1992       86.0000000       95.7698802
     796       6       3    1992       82.0000000       93.0461047
     797       7       3    1992       80.0000000       90.4059099
     798       8       3    1992       77.0000000       87.9623364
     799       9       3    1992       73.0000000       85.6993071
     800      10       3    1992       76.0000000       83.8130975
     801      11       3    1992       68.0000000       82.1802377
     802      12       3    1992       70.0000000      139.9341018
     803      13       3    1992      116.0000000      205.4818570
     804      14       3    1992      206.0000000      248.1151076
     805      15       3    1992      433.0000000      302.1767510
     806      16       3    1992      495.0000000      323.6533578
     807      17       3    1992      331.0000000      273.3952454
     808      18       3    1992      240.0000000      235.8222799
     809      19       3    1992      215.0000000      205.7727327
     810      20       3    1992      185.0000000      182.0704581
     811      21       3    1992      185.0000000      174.5918972
     812      22       3    1992      185.0000000      234.4748127
     813      23       3    1992      213.0000000      340.3997907
     814      24       3    1992      466.0000000      379.1688034
     815      25       3    1992      580.0000000      397.1602058
     816      26       3    1992      566.0000000      366.3398703
     817      27       3    1992      487.0000000      325.6557129
     818      28       3    1992      387.0000000      294.8473526
     819      29       3    1992      311.0000000      260.9786877
     820      30       3    1992      270.0000000      231.3830761
     821      31       3    1992      246.0000000      218.5033553
     822       1       4    1992      229.0000000      234.5501372
     823       2       4    1992      222.0000000      226.8385284
     824       3       4    1992      217.0000000      243.2197075
     825       4       4    1992      208.0000000      301.2989650
     826       5       4    1992      220.0000000      277.6739784
     827       6       4    1992      210.0000000      242.9274402
     828       7       4    1992      190.0000000      213.7088706
     829       8       4    1992      173.0000000      189.6600751
     830       9       4    1992      166.0000000      170.7299704
     831      10       4    1992      133.0000000      155.9775041
     832      11       4    1992      126.0000000      143.5650001
     833      12       4    1992      124.0000000      135.3477072
     834      13       4    1992      116.0000000      129.8942495
     835      14       4    1992      112.0000000      132.8286497
     836      15       4    1992      111.0000000      167.2364702
     837      16       4    1992      137.0000000      175.7917617
     838      17       4    1992      206.0000000      166.7618853
     839      18       4    1992      176.0000000      164.4076662
     840      19       4    1992      161.0000000      152.1873633
     841      20       4    1992      161.0000000      144.7146856
     842      21       4    1992      139.0000000      138.2805761
     843      22       4    1992      139.0000000      132.5110376
     844      23       4    1992      123.0000000      127.3049314
     845      24       4    1992      119.0000000      122.5923266
     846      25       4    1992      111.0000000      118.3141920
     847      26       4    1992       94.0000000      114.5102533
     848      27       4    1992       94.0000000      115.4813977
     849      28       4    1992      102.0000000      120.1017824
     850      29       4    1992      120.0000000      117.7538674
     851      30       4    1992      120.0000000      112.8180841
     852       1       5    1992      114.0000000      139.9919043
     853       2       5    1992      115.0000000      155.2179410
     854       3       5    1992      206.0000000      136.0024680
     855       4       5    1992      215.0000000      128.8191327
     856       5       5    1992      125.0000000      123.7954443
     857       6       5    1992      123.0000000      119.2511163
     858       7       5    1992      113.0000000      115.1221745
     859       8       5    1992       77.0000000      111.3584128
     860       9       5    1992       83.0000000      108.1642876
     861      10       5    1992       83.0000000      118.1153330
     862      11       5    1992       96.0000000      116.6032749
     863      12       5    1992      120.0000000      106.4225291
     864      13       5    1992       80.0000000      102.0832112
     865      14       5    1992       76.0000000       99.2888166
     866      15       5    1992       69.0000000       96.7085161
     867      16       5    1992       63.0000000       94.3186621
     868      17       5    1992       61.0000000       92.0987032
     869      18       5    1992       60.0000000       90.0306236
     870      19       5    1992       59.0000000       88.0985956
     871      20       5    1992       67.0000000       86.2899028
     872      21       5    1992       51.0000000       84.5946594
     873      22       5    1992       44.0000000       82.9967552
     874      23       5    1992       42.0000000       81.4840774
     875      24       5    1992       51.0000000       80.1822639
     876      25       5    1992       42.0000000       79.0597697
     877      26       5    1992       54.0000000       89.1703220
     878      27       5    1992       53.0000000       81.1781362
     879      28       5    1992       59.0000000       76.8923593
     880      29       5    1992       55.0000000       85.5629567
     881      30       5    1992       54.0000000       84.8505104
     882      31       5    1992       48.0000000       78.9010792
     883       1       6    1992       63.0000000       81.5949467
     884       2       6    1992       61.0000000       80.5991688
     885       3       6    1992       55.0000000       81.7318787
     886       4       6    1992       75.0000000       98.5815580
     887       5       6    1992       53.0000000      110.7615535
     888       6       6    1992       77.0000000      107.2228208
     889       7       6    1992      114.0000000      102.6793721
     890       8       6    1992      167.0000000      113.0436300
     891       9       6    1992      116.0000000      101.5932107
     892      10       6    1992       91.0000000       92.7531177
     893      11       6    1992       85.0000000       89.7687886
     894      12       6    1992       68.0000000       87.0948105
     895      13       6    1992       71.0000000       84.6449710
     896      14       6    1992       63.0000000       82.3811893
     897      15       6    1992       59.0000000       80.2841070
     898      16       6    1992       46.0000000       78.3361138
     899      17       6    1992       44.0000000       76.5217200
     900      18       6    1992       39.0000000       74.8272731
     901      19       6    1992       41.0000000       73.2500389
     902      20       6    1992       44.0000000       74.2391340
     903      21       6    1992       39.0000000       72.1510644
     904      22       6    1992       32.0000000       69.7243174
     905      23       6    1992       40.0000000       71.0245009
     906      24       6    1992       41.0000000       84.1325999
     907      25       6    1992       42.0000000       77.9357686
     908      26       6    1992       42.0000000       70.1294828
     909      27       6    1992       48.0000000       67.8663681
     910      28       6    1992       37.0000000       66.5339630
     911      29       6    1992       40.0000000       65.2800819
     912      30       6    1992       29.0000000       64.3181711
     913       1       7    1992       30.0000000       63.9190677
     914       2       7    1992       36.0000000       62.2608051
     915       3       7    1992       29.0000000       67.6441616
     916       4       7    1992       36.0000000       78.2369377
     917       5       7    1992       50.0000000       95.9732704
     918       6       7    1992       78.0000000       96.5353193
     919       7       7    1992       54.0000000       77.1910910
     920       8       7    1992       57.0000000       68.7667103
     921       9       7    1992       51.0000000       67.2939504
     922      10       7    1992       47.0000000       87.2125263
     923      11       7    1992       46.0000000      105.6628265
     924      12       7    1992       76.0000000       97.8313840
     925      13       7    1992       72.0000000       85.5843891
     926      14       7    1992       67.0000000       77.5695395
     927      15       7    1992       63.0000000       75.0770191
     928      16       7    1992       47.0000000       72.7903684
     929      17       7    1992       47.0000000       70.6860821
     930      18       7    1992       42.0000000       68.7441620
     931      19       7    1992       41.0000000       66.9471084
     932      20       7    1992       39.0000000       65.2795715
     933      21       7    1992       37.0000000       65.2789698
     934      22       7    1992       33.0000000       65.1957084
     935      23       7    1992       33.0000000       62.0614335
     936      24       7    1992       33.0000000       60.7268975
     937      25       7    1992       37.0000000       59.4732992
     938      26       7    1992       26.0000000       58.2909028
     939      27       7    1992       24.0000000       57.1758145
     940      28       7    1992       26.0000000       56.1217687
     941      29       7    1992       29.0000000       55.1231732
     942      30       7    1992       19.0000000       54.1750302
     943      31       7    1992       22.0000000       55.4673734
     944       1       8    1992       28.0000000       55.0520687
     945       2       8    1992       35.0000000       52.0562659
     946       3       8    1992       29.0000000       51.2325318
     947       4       8    1992       36.0000000       50.4455508
     948       5       8    1992       52.0000000       49.6913825
     949       6       8    1992       74.0000000       48.9673147
     950       7       8    1992       54.0000000       48.2709065
     951       8       8    1992       57.0000000       47.5999581
     952       9       8    1992       48.0000000       49.9118786
     953      10       8    1992       47.0000000       48.6089271
     954      11       8    1992       46.0000000       56.1992638
     955      12       8    1992       75.0000000       55.1733461
     956      13       8    1992       73.0000000       59.7073070
     957      14       8    1992       66.0000000       62.2976307
     958      15       8    1992       60.0000000       54.7945959
     959      16       8    1992       47.0000000       46.6930146
     960      17       8    1992       46.0000000       45.9067382
     961      18       8    1992       42.0000000       45.1594239
     962      19       8    1992       41.0000000       44.5654146
     963      20       8    1992       40.0000000       51.7226233
     964      21       8    1992       37.0000000       47.6113017
     965      22       8    1992       32.0000000       45.1372795
     966      23       8    1992       32.0000000       44.9018228
     967      24       8    1992       32.0000000       42.5749076
     968      25       8    1992       36.0000000       41.8803617
     969      26       8    1992       27.0000000       41.2577978
     970      27       8    1992       25.0000000       40.6608743
     971      28       8    1992       25.0000000       40.6347948
     972      29       8    1992       28.0000000       47.7026860
     973      30       8    1992       20.0000000       61.3358975
     974      31       8    1992       22.0000000      104.3844676
     975       1       9    1992       49.0000000       89.2777670
     976       2       9    1992       77.0000000       75.0721780
     977       3       9    1992       67.0000000       70.0132751
     978       4       9    1992       45.0000000       68.8749867
     979       5       9    1992       44.0000000       61.3078308
     980       6       9    1992       64.0000000       54.9180456
     981       7       9    1992       52.0000000       53.0275792
     982       8       9    1992       40.0000000       51.2991991
     983       9       9    1992       30.0000000       49.7140730
     984      10       9    1992       34.0000000       48.2563553
     985      11       9    1992       32.0000000       47.2775645
     986      12       9    1992       36.0000000       46.3083067
     987      13       9    1992       28.0000000       44.8961001
     988      14       9    1992       33.0000000       45.2432216
     989      15       9    1992       35.0000000       47.2353814
     990      16       9    1992       30.0000000       42.9895102
     991      17       9    1992       32.0000000       42.0084251
     992      18       9    1992       29.0000000       41.1799098
     993      19       9    1992       30.0000000       40.8998778
     994      20       9    1992       28.0000000       39.6254344
     995      21       9    1992       29.0000000       38.8524646
     996      22       9    1992       29.0000000       38.1241941
     997      23       9    1992       27.0000000       37.4429192
     998      24       9    1992       27.0000000       36.7879139
     999      25       9    1992       23.0000000       36.1643724
    1000      26       9    1992       28.0000000       35.5704515
    1001      27       9    1992       25.0000000       35.0046853
    1002      28       9    1992       25.0000000       36.4243344
    1003      29       9    1992       27.0000000       38.0931586
    1004      30       9    1992       25.0000000       34.3498890
    1005       1      10    1992       27.0000000       34.3504124
    1006       2      10    1992       33.0000000       36.5127077
    1007       3      10    1992       29.0000000       37.1392137
    1008       4      10    1992       31.0000000       34.8900481
    1009       5      10    1992       25.0000000       47.7634427
    1010       6      10    1992       25.0000000       53.3797579
    1011       7      10    1992       36.0000000       40.9988089
    1012       8      10    1992       42.0000000       35.1133465
    1013       9      10    1992       43.0000000       37.0297397
    1014      10      10    1992       26.0000000       43.2796444
    1015      11      10    1992       27.0000000       40.2217932
    1016      12      10    1992       27.0000000       35.7308658
    1017      13      10    1992       26.0000000       34.9846713
    1018      14      10    1992       26.0000000       34.3898428
    1019      15      10    1992       23.0000000       48.4813270
    1020      16      10    1992       21.0000000       46.8608174
    1021      17      10    1992       26.0000000       40.5965688
    1022      18      10    1992       34.0000000       42.8930971
    1023      19      10    1992       37.0000000       38.7069454
    1024      20      10    1992       31.0000000       46.9546157
    1025      21      10    1992       31.0000000       46.8360101
    1026      22      10    1992       35.0000000       44.9299802
    1027      23      10    1992       33.0000000       72.3216586
    1028      24      10    1992       40.0000000      135.0444496
    1029      25      10    1992       74.0000000      177.5516960
    1030      26      10    1992      161.0000000      177.7688074
    1031      27      10    1992      285.0000000      192.1513277
    1032      28      10    1992      244.0000000      209.6655675
    1033      29      10    1992      263.0000000      219.6620485
    1034      30      10    1992      276.0000000      183.3540295
    1035      31      10    1992      186.0000000      158.1820652
    1036       1      11    1992      154.0000000      138.6698215
    1037       2      11    1992      112.0000000      144.9459715
    1038       3      11    1992      104.0000000      148.1719935
    1039       4      11    1992       96.0000000      139.6944942
    1040       5      11    1992       99.0000000      122.2253694
    1041       6      11    1992      126.0000000      108.1381032
    1042       7      11    1992       91.0000000       98.0100988
    1043       8      11    1992       84.0000000       93.4558443
    1044       9      11    1992       81.0000000       99.7526080
    1045      10      11    1992       85.0000000      136.6404534
    1046      11      11    1992      126.0000000      220.5254610
    1047      12      11    1992      279.0000000      258.7602198
    1048      13      11    1992      390.0000000      265.4112936
    1049      14      11    1992      294.0000000      275.7652430
    1050      15      11    1992      260.0000000      361.5500513
    1051      16      11    1992      398.0000000      491.3145542
    1052      17      11    1992      520.0000000      464.6951986
    1053      18      11    1992      487.0000000      444.0854288
    1054      19      11    1992      380.0000000      454.4536806
    1055      20      11    1992      385.0000000      390.8965281
    1056      21      11    1992      351.0000000      418.2547007
    1057      22      11    1992      309.0000000      489.2803823
    1058      23      11    1992      587.0000000      408.1297150
    1059      24      11    1992      661.0000000      351.5341161
    1060      25      11    1992      447.0000000      354.0027222
    1061      26      11    1992      361.0000000      375.0838961
    1062      27      11    1992      351.0000000      360.3593493
    1063      28      11    1992      353.0000000      389.7709489
    1064      29      11    1992      369.0000000      475.1444918
    1065      30      11    1992      452.0000000      463.2074174
    1066       1      12    1992      441.0000000      383.5634252
    1067       2      12    1992      348.0000000      416.8101093
    1068       3      12    1992      394.0000000      458.6252975
    1069       4      12    1992      455.0000000      499.0775678
    1070       5      12    1992      491.0000000      530.1488017
    1071       6      12    1992      469.0000000      467.0012290
    1072       7      12    1992      364.0000000      453.3427465
    1073       8      12    1992      338.0000000      399.4810582
    1074       9      12    1992      334.0000000      336.1126847
    1075      10      12    1992      268.0000000      282.5009223
    1076      11      12    1992      236.0000000      280.9147640
    1077      12      12    1992      230.0000000      286.9222005
    1078      13      12    1992      239.0000000      261.1425527
    1079      14      12    1992      256.0000000      223.6541496
    1080      15      12    1992      217.0000000      201.5565833
    1081      16      12    1992      201.0000000      190.0678412
    1082      17      12    1992      188.0000000      183.2669327
    1083      18      12    1992      176.0000000      173.0506699
    1084      19      12    1992      170.0000000      162.2230600
    1085      20      12    1992      168.0000000      159.7964795
    1086      21      12    1992      131.0000000      164.8319567
    1087      22      12    1992      133.0000000      165.0020244
    1088      23      12    1992      134.0000000      153.3093604
    1089      24      12    1992      127.0000000      145.3652064
    1090      25      12    1992      117.0000000      138.6524183
    1091      26      12    1992      113.0000000      132.6270119
    1092      27      12    1992      100.0000000      127.2004394
    1093      28      12    1992       94.0000000      122.2971056
    1094      29      12    1992       87.0000000      117.8522211
    1095      30      12    1992       86.0000000      113.8100786
    1096      31      12    1992       81.0000000      110.1226335
    1097       1       1    1993       77.0000000      106.7483299
    1098       2       1    1993       76.0000000      103.6511255
    1099       3       1    1993       61.0000000      100.7996783
    1100       4       1    1993       61.0000000       98.1666658
    1101       5       1    1993       57.0000000       95.7282134
    1102       6       1    1993       66.0000000      113.1877323
    1103       7       1    1993       67.0000000      132.5792409
    1104       8       1    1993       84.0000000      135.4890243
    1105       9       1    1993       90.0000000      141.8312977
    1106      10       1    1993      113.0000000      185.2977010
    1107      11       1    1993      265.0000000      380.0353733
    1108      12       1    1993      559.0000000      548.9756786
    1109      13       1    1993      832.0000000      551.0956102
    1110      14       1    1993      601.0000000      476.3888069
    1111      15       1    1993      436.0000000      390.7379417
    1112      16       1    1993      339.0000000      323.7151652
    1113      17       1    1993      292.0000000      276.1428763
    1114      18       1    1993      247.0000000      245.0299963
    1115      19       1    1993      218.0000000      221.9137431
    1116      20       1    1993      205.0000000      202.6052515
    1117      21       1    1993      190.0000000      190.6195954
    1118      22       1    1993      176.0000000      184.1918493
    1119      23       1    1993      173.0000000      179.2231397
    1120      24       1    1993      173.0000000      233.4434385
    1121      25       1    1993      199.0000000      326.3113940
    1122      26       1    1993      361.0000000      284.7541265
    1123      27       1    1993      295.0000000      286.7998147
    1124      28       1    1993      238.0000000      308.5344049
    1125      29       1    1993      263.0000000      291.1673527
    1126      30       1    1993      245.0000000      256.4013957
    1127      31       1    1993      222.0000000      224.8021224
    1128       1       2    1993      199.0000000      201.6651916
    1129       2       2    1993      186.0000000      183.5127868
    1130       3       2    1993      171.0000000      169.1087543
    1131       4       2    1993      157.0000000      158.7503336
    1132       5       2    1993      159.0000000      151.0122274
    1133       6       2    1993      129.0000000      144.3610492
    1134       7       2    1993      119.0000000      138.5927920
    1135       8       2    1993      119.0000000      133.2111949
    1136       9       2    1993      105.0000000      128.3033809
    1137      10       2    1993      106.0000000      123.8426686
    1138      11       2    1993      105.0000000      119.7756452
    1139      12       2    1993       95.0000000      116.0561187
    1140      13       2    1993       91.0000000      112.6440314
    1141      14       2    1993       88.0000000      109.5045550
    1142      15       2    1993       84.0000000      106.6073319
    1143      16       2    1993       83.0000000      104.2200666
    1144      17       2    1993       79.0000000      105.0075774
    1145      18       2    1993       78.0000000      105.9876466
    1146      19       2    1993       84.0000000      105.2570221
    1147      20       2    1993       91.0000000      120.0027686
    1148      21       2    1993       91.0000000      124.0946072
    1149      22       2    1993       90.0000000      121.8181703
    1150      23       2    1993      103.0000000      116.7890005
    1151      24       2    1993       94.0000000      112.3349285
    1152      25       2    1993       81.0000000      108.5963599
    1153      26       2    1993       78.0000000      105.3192504
    1154      27       2    1993       75.0000000      106.5863880
    1155      28       2    1993       76.0000000      105.4374351
    1156       1       3    1993       80.0000000      101.9027903
    1157       2       3    1993       75.0000000      100.3701193
    1158       3       3    1993       76.0000000       99.1359693
    1159       4       3    1993       72.0000000       96.1504995
    1160       5       3    1993       65.0000000       93.6988277
    1161       6       3    1993       64.0000000       91.4658799
    1162       7       3    1993       64.0000000       89.7995029
    1163       8       3    1993       68.0000000       89.2014947
    1164       9       3    1993       68.0000000       87.0043380
    1165      10       3    1993       67.0000000       86.7143503
    1166      11       3    1993       61.0000000       87.6678110
    1167      12       3    1993       57.0000000       88.3733061
    1168      13       3    1993       58.0000000       86.3187480
    1169      14       3    1993       54.0000000       84.4208506
    1170      15       3    1993       66.0000000       82.6731148
    1171      16       3    1993       54.0000000       81.1209824
    1172      17       3    1993       57.0000000       79.6715235
    1173      18       3    1993       57.0000000       78.3412471
    1174      19       3    1993       52.0000000       77.0182235
    1175      20       3    1993       57.0000000       75.7489641
    1176      21       3    1993       58.0000000       75.5251995
    1177      22       3    1993       57.0000000       92.6663854
    1178      23       3    1993       56.0000000       96.4990945
    1179      24       3    1993       63.0000000       86.5418069
    1180      25       3    1993       76.0000000       84.3858630
    1181      26       3    1993       56.0000000       82.3796449
    1182      27       3    1993       59.0000000       80.5073345
    1183      28       3    1993       59.0000000       78.7555793
    1184      29       3    1993       54.0000000       77.1125455
    1185      30       3    1993       48.0000000       75.5677271
    1186      31       3    1993       55.0000000       74.1117808
    1187       1       4    1993       48.0000000       74.6494671
    1188       2       4    1993       53.0000000       77.7471965
    1189       3       4    1993       47.0000000       75.6767699
    1190       4       4    1993       59.0000000       83.4535083
    1191       5       4    1993       53.0000000      103.3320645
    1192       6       4    1993       64.0000000      100.1179928
    1193       7       4    1993       63.0000000       90.7234598
    1194       8       4    1993       75.0000000       88.6887276
    1195       9       4    1993       64.0000000       85.6455807
    1196      10       4    1993       59.0000000       87.8060528
    1197      11       4    1993       60.0000000       93.8928909
    1198      12       4    1993       63.0000000       91.7042568
    1199      13       4    1993       69.0000000       90.1753938
    1200      14       4    1993       79.0000000       88.4109606
    1201      15       4    1993       82.0000000       85.7012496
    1202      16       4    1993       68.0000000       83.9350060
    1203      17       4    1993       56.0000000       81.5434410
    1204      18       4    1993       59.0000000       79.4193296
    1205      19       4    1993       61.0000000       77.3631244
    1206      20       4    1993       62.0000000       75.4305654
    1207      21       4    1993       57.0000000       73.6315377
    1208      22       4    1993       53.0000000       71.9572669
    1209      23       4    1993       47.0000000       70.3894097
    1210      24       4    1993       46.0000000       68.9153372
    1211      25       4    1993       47.0000000       67.5294663
    1212      26       4    1993       45.0000000       66.2234238
    1213      27       4    1993       43.0000000       64.9897492
    1214      28       4    1993       41.0000000       63.8239389
    1215      29       4    1993       38.0000000       62.7266268
    1216      30       4    1993       39.0000000       62.1531050
    1217       1       5    1993       40.0000000       61.3564051
    1218       2       5    1993       41.0000000       62.3629775
    1219       3       5    1993       45.0000000       60.9238210
    1220       4       5    1993       49.0000000       59.3348914
    1221       5       5    1993       40.0000000       58.4076118
    1222       6       5    1993       43.0000000       57.6495010
    1223       7       5    1993       38.0000000       57.2716599
    1224       8       5    1993       38.0000000       57.3315615
    1225       9       5    1993       43.0000000       56.2859990
    1226      10       5    1993       44.0000000       55.7812095
    1227      11       5    1993       41.0000000       55.7338661
    1228      12       5    1993       51.0000000       64.7767794
    1229      13       5    1993       63.0000000      102.1711594
    1230      14       5    1993       68.0000000       73.5510617
    1231      15       5    1993       77.0000000       62.5060720
    1232      16       5    1993       77.0000000       60.9235889
    1233      17       5    1993       59.0000000       59.4242523
    1234      18       5    1993       49.0000000       58.0486651
    1235      19       5    1993       43.0000000       63.4514550
    1236      20       5    1993       44.0000000       71.9062273
    1237      21       5    1993       48.0000000       66.9642074
    1238      22       5    1993       44.0000000       59.3878394
    1239      23       5    1993       46.0000000       57.9541301
    1240      24       5    1993       40.0000000       56.6221298
    1241      25       5    1993       43.0000000       55.3802355
    1242      26       5    1993       30.0000000       55.0136513
    1243      27       5    1993       45.0000000       65.6820492
    1244      28       5    1993       43.0000000       69.5327314
    1245      29       5    1993       44.0000000       59.7013364
    1246      30       5    1993       54.0000000       62.2128631
    1247      31       5    1993       56.0000000       61.5453343
    1248       1       6    1993       44.0000000       55.5623717
    1249       2       6    1993       43.0000000       56.8873281
    1250       3       6    1993       33.0000000       62.3222233
    1251       4       6    1993       45.0000000       56.1117940
    1252       5       6    1993       46.0000000       53.8460015
    1253       6       6    1993       42.0000000       52.6350888
    1254       7       6    1993       40.0000000       51.5022417
    1255       8       6    1993       30.0000000       50.4394724
    1256       9       6    1993       31.0000000       49.6527340
    1257      10       6    1993       32.0000000       49.0576383
    1258      11       6    1993       25.0000000       49.1029841
    1259      12       6    1993       33.0000000       50.5098441
    1260      13       6    1993       29.0000000       48.3859965
    1261      14       6    1993       40.0000000       50.3100196
    1262      15       6    1993       42.0000000       52.0883549
    1263      16       6    1993       37.0000000       49.2341758
    1264      17       6    1993       46.0000000       47.6262632
    1265      18       6    1993       47.0000000       46.0361507
    1266      19       6    1993       50.0000000       48.2991766
    1267      20       6    1993       43.0000000       75.3647327
    1268      21       6    1993       69.0000000       65.4380536
    1269      22       6    1993       61.0000000       72.1525113
    1270      23       6    1993       67.0000000       81.3217789
    1271      24       6    1993       77.0000000       62.3354869
    1272      25       6    1993       87.0000000       60.0195227
    1273      26       6    1993       55.0000000       58.1113620
    1274      27       6    1993       43.0000000       56.3535276
    1275      28       6    1993       40.0000000       54.7300142
    1276      29       6    1993       30.0000000       53.2268842
    1277      30       6    1993       40.0000000       51.8318428
    1278       1       7    1993       40.0000000       52.9115450
    1279       2       7    1993       27.0000000       52.3048527
    1280       3       7    1993       34.0000000       49.3232636
    1281       4       7    1993       30.0000000       48.1630285
    1282       5       7    1993       31.0000000       47.1987433
    1283       6       7    1993       27.0000000       46.0788192
    1284       7       7    1993       31.0000000       45.1246631
    1285       8       7    1993       26.0000000       44.2265223
    1286       9       7    1993       23.0000000       44.3497971
    1287      10       7    1993       24.0000000       45.0393704
    1288      11       7    1993       25.0000000       49.2742780
    1289      12       7    1993       34.0000000       58.5420481
    1290      13       7    1993       40.0000000       56.2076149
    1291      14       7    1993       41.0000000       76.3808065
    1292      15       7    1993       46.0000000       62.6939793
    1293      16       7    1993       39.0000000       49.1760549
    1294      17       7    1993       43.0000000       48.3372164
    1295      18       7    1993       35.0000000       47.6954416
    1296      19       7    1993       49.0000000       67.2043427
    1297      20       7    1993       38.0000000       65.8906221
    1298      21       7    1993       41.0000000       61.4038541
    1299      22       7    1993       45.0000000       56.8314649
    1300      23       7    1993       41.0000000       50.1187410
    1301      24       7    1993       42.0000000       48.7508646
    1302      25       7    1993       40.0000000       47.5155493
    1303      26       7    1993       35.0000000       46.3360373
    1304      27       7    1993       40.0000000       71.0439150
    1305      28       7    1993       40.0000000       60.2614413
    1306      29       7    1993       36.0000000       48.0646698
    1307      30       7    1993       40.0000000      104.3427112
    1308      31       7    1993       61.0000000       84.8817000
    1309       1       8    1993       36.0000000       58.4361067
    1310       2       8    1993       46.0000000       56.1507503
    1311       3       8    1993       32.0000000       54.0715197
    1312       4       8    1993       38.0000000       52.1738543
    1313       5       8    1993       32.0000000       50.4412433
    1314       6       8    1993       25.0000000       48.8603971
    1315       7       8    1993       26.0000000       47.3934666
    1316       8       8    1993       29.0000000       46.0402528
    1317       9       8    1993       29.0000000       53.9545788
    1318      10       8    1993       28.0000000       55.8252943
    1319      11       8    1993       37.0000000       48.5017089
    1320      12       8    1993       40.0000000       44.8100754
    1321      13       8    1993       49.0000000       43.6342038
    1322      14       8    1993       32.0000000       44.6541976
    1323      15       8    1993       37.0000000       43.0881517
    1324      16       8    1993       37.0000000       41.2178782
    1325      17       8    1993       27.0000000       40.2740768
    1326      18       8    1993       24.0000000       39.3906884
    1327      19       8    1993       24.0000000       38.5618045
    1328      20       8    1993       22.0000000       37.7822300
    1329      21       8    1993       21.0000000       37.0473351
    1330      22       8    1993       16.0000000       38.1587489
    1331      23       8    1993       21.0000000       41.3165657
    1332      24       8    1993       27.0000000       38.0209903
    1333      25       8    1993       26.0000000       35.6053587
    1334      26       8    1993       23.0000000       34.9722574
    1335      27       8    1993       21.0000000       37.9371435
    1336      28       8    1993       28.0000000       39.2434520
    1337      29       8    1993       17.0000000       34.4502446
    1338      30       8    1993       24.0000000       33.8595044
    1339      31       8    1993       25.0000000       33.2970084
    1340       1       9    1993       25.0000000       32.7598731
    1341       2       9    1993       19.0000000       32.2460322
    1342       3       9    1993       17.0000000       35.3167824
    1343       4       9    1993       16.0000000       39.8284419
    1344       5       9    1993       19.0000000       32.8901578
    1345       6       9    1993       23.0000000       31.8941483
    1346       7       9    1993       25.0000000       55.1602182
    1347       8       9    1993       34.0000000       47.6866199
    1348       9       9    1993       31.0000000       61.1316755
    1349      10       9    1993       35.0000000       86.3585783
    1350      11       9    1993       53.0000000      112.7146535
    1351      12       9    1993       71.0000000      107.8791966
    1352      13       9    1993       74.0000000      140.3361129
    1353      14       9    1993       87.0000000      152.1064451
    1354      15       9    1993      173.0000000      142.3856968
    1355      16       9    1993      117.0000000      112.6296106
    1356      17       9    1993       93.0000000       98.3350730
    1357      18       9    1993       77.0000000       91.2228941
    1358      19       9    1993       62.0000000       85.0622388
    1359      20       9    1993       54.0000000       79.8724691
    1360      21       9    1993       48.0000000       78.3754032
    1361      22       9    1993       46.0000000      100.8035719
    1362      23       9    1993       55.0000000      106.3776079
    1363      24       9    1993       66.0000000      109.6537368
    1364      25       9    1993       64.0000000      105.8069596
    1365      26       9    1993       52.0000000       93.8919463
    1366      27       9    1993       68.0000000       87.7089119
    1367      28       9    1993       69.0000000       92.2302781
    1368      29       9    1993       62.0000000       89.6499848
    1369      30       9    1993       76.0000000       84.5028476
    1370       1      10    1993       72.0000000      110.4185373
    1371       2      10    1993       68.0000000      110.1469161
    1372       3      10    1993       72.0000000      107.3022322
    1373       4      10    1993       78.0000000      114.4290224
    1374       5      10    1993      116.0000000      185.9397996
    1375       6      10    1993      131.0000000      193.4362174
    1376       7      10    1993      180.0000000      170.0222456
    1377       8      10    1993      203.0000000      172.4229414
    1378       9      10    1993      164.0000000      183.7816582
    1379      10      10    1993      178.0000000      201.3212133
    1380      11      10    1993      161.0000000      237.0641463
    1381      12      10    1993      287.0000000      239.9278162
    1382      13      10    1993      360.0000000      311.1594564
    1383      14      10    1993      374.0000000      309.9578067
    1384      15      10    1993      297.0000000      271.0836531
    1385      16      10    1993      247.0000000      277.7216953
    1386      17      10    1993      273.0000000      283.2459050
    1387      18      10    1993      261.0000000      253.0699935
    1388      19      10    1993      265.0000000      224.4704681
    1389      20      10    1993      230.0000000      192.1765064
    1390      21      10    1993      199.0000000      171.1419668
    1391      22      10    1993      173.0000000      166.2852534
    1392      23      10    1993      182.0000000      187.1279232
    1393      24      10    1993      203.0000000      190.2615906
    1394      25      10    1993      213.0000000      165.2840250
    1395      26      10    1993      180.0000000      146.3960473
    1396      27      10    1993      154.0000000      132.8198822
    1397      28      10    1993      118.0000000      124.2262326
    1398      29      10    1993      112.0000000      117.3719417
    1399      30      10    1993       98.0000000      111.2540865
    1400      31      10    1993       97.0000000      105.7734891
    1401       1      11    1993       91.0000000      100.8488721
    1402       2      11    1993       85.0000000       96.4106758
    1403       3      11    1993       75.0000000       92.3991711
    1404       4      11    1993       76.0000000       88.7629082
    1405       5      11    1993       78.0000000       85.4574367
    1406       6      11    1993       72.0000000       82.5278556
    1407       7      11    1993       76.0000000       82.7377416
    1408       8      11    1993       69.0000000       80.3437915
    1409       9      11    1993       66.0000000       78.0195421
    1410      10      11    1993       71.0000000       78.5343286
    1411      11      11    1993       64.0000000       88.8468940
    1412      12      11    1993       67.0000000       92.2995235
    1413      13      11    1993       80.0000000       92.3660191
    1414      14      11    1993       78.0000000      121.8134555
    1415      15      11    1993       80.0000000      124.6768452
    1416      16      11    1993       86.0000000      115.4666878
    1417      17      11    1993      125.0000000      106.3964264
    1418      18      11    1993       96.0000000      101.4189788
    1419      19      11    1993       82.0000000       96.9209193
    1420      20      11    1993       77.0000000       92.8570608
    1421      21      11    1993       67.0000000       89.1724647
    1422      22      11    1993       71.0000000       85.8224126
    1423      23      11    1993       61.0000000       82.7681366
    1424      24      11    1993       42.0000000       79.9760780
    1425      25      11    1993       63.0000000       77.7988661
    1426      26      11    1993       57.0000000       76.7816926
    1427      27      11    1993       58.0000000       74.0207960
    1428      28      11    1993       49.0000000       71.9547544
    1429      29      11    1993       50.0000000       70.0413586
    1430      30      11    1993       55.0000000       68.2648096
    1431       1      12    1993       54.0000000       66.6112206
    1432       2      12    1993       54.0000000       73.5096371
    1433       3      12    1993       50.0000000       71.2555541
    1434       4      12    1993       51.0000000       71.9518474
    1435       5      12    1993       62.0000000       68.9139290
    1436       6      12    1993       62.0000000       66.5931356
    1437       7      12    1993       71.0000000      102.7999941
    1438       8      12    1993       79.0000000      161.8737965
    1439       9      12    1993      153.0000000      175.0144708
    1440      10      12    1993      291.0000000      237.8806641
    1441      11      12    1993      332.0000000      317.6701116
    1442      12      12    1993      465.0000000      368.4422672
    1443      13      12    1993      518.0000000      431.7156900
    1444      14      12    1993      539.0000000      460.9064556
    1445      15      12    1993      559.0000000      458.2287270
    1446      16      12    1993      500.0000000      527.2653570
    1447      17      12    1993      526.0000000      558.5161435
    1448      18      12    1993      583.0000000      566.2125520
    1449      19      12    1993      677.0000000      638.5694600
    1450      20      12    1993      781.0000000      951.8355191
    1451      21      12    1993     1180.0000000     1074.4367951
    1452      22      12    1993     1460.0000000     1061.1189332
    1453      23      12    1993     1600.0000000     1119.4909066
    1454      24      12    1993     1410.0000000     1122.2480503
    1455      25      12    1993     1230.0000000      957.3390607
    1456      26      12    1993     1070.0000000      779.9523969
    1457      27      12    1993      746.0000000      643.9477752
    1458      28      12    1993      542.0000000      547.7579324
    1459      29      12    1993      492.0000000      531.2847550
    1460      30      12    1993      491.0000000      600.6698749
    1461      31      12    1993      617.0000000      797.7685368
