      No     Day     Mon    Year  Qobs_0000000398  Qsim_0000000398
       1       1       1    1990      157.0000000      107.2830461
       2       2       1    1990      129.0000000       98.1840955
       3       3       1    1990      117.0000000       90.8866444
       4       4       1    1990      111.0000000       84.9950279
       5       5       1    1990      112.0000000       80.2050863
       6       6       1    1990       93.0000000       76.6631520
       7       7       1    1990       87.0000000       74.1688559
       8       8       1    1990       84.0000000       71.4169507
       9       9       1    1990       80.0000000       68.9362355
      10      10       1    1990       78.0000000       66.8374753
      11      11       1    1990       78.0000000       65.0436028
      12      12       1    1990       77.0000000       63.4934684
      13      13       1    1990       76.0000000       63.2256493
      14      14       1    1990       73.0000000       66.5546641
      15      15       1    1990       66.0000000       75.2054962
      16      16       1    1990       76.0000000       79.2459056
      17      17       1    1990       73.0000000       84.0008866
      18      18       1    1990       71.0000000       97.0053785
      19      19       1    1990       90.0000000       91.4250459
      20      20       1    1990       82.0000000       90.7691535
      21      21       1    1990       80.0000000       84.7386128
      22      22       1    1990       81.0000000       78.0613840
      23      23       1    1990       97.0000000      179.1262541
      24      24       1    1990      198.0000000      228.5385195
      25      25       1    1990      392.0000000      309.6235948
      26      26       1    1990      519.0000000      339.7182717
      27      27       1    1990      565.0000000      280.4000272
      28      28       1    1990      331.0000000      252.9370280
      29      29       1    1990      293.0000000      258.7963278
      30      30       1    1990      302.0000000      219.6135482
      31      31       1    1990      233.0000000      188.9681163
      32       1       2    1990      198.0000000      192.0902319
      33       2       2    1990      183.0000000      208.9910492
      34       3       2    1990      206.0000000      219.4541501
      35       4       2    1990      215.0000000      188.6069737
      36       5       2    1990      183.0000000      164.6189356
      37       6       2    1990      159.0000000      146.0450930
      38       7       2    1990      167.0000000      131.4128900
      39       8       2    1990      138.0000000      121.5630582
      40       9       2    1990      126.0000000      121.0854657
      41      10       2    1990      131.0000000      205.6851613
      42      11       2    1990      173.0000000      275.8827345
      43      12       2    1990      240.0000000      309.6773101
      44      13       2    1990      270.0000000      485.5000452
      45      14       2    1990      458.0000000      929.7891510
      46      15       2    1990      996.0000000     1224.4597984
      47      16       2    1990     1370.0000000      999.9630816
      48      17       2    1990     1540.0000000      742.8635482
      49      18       2    1990     1210.0000000      561.9936084
      50      19       2    1990      616.0000000      438.4643466
      51      20       2    1990      465.0000000      358.0486649
      52      21       2    1990      373.0000000      304.4974965
      53      22       2    1990      298.0000000      264.7600928
      54      23       2    1990      270.0000000      234.0300817
      55      24       2    1990      234.0000000      209.9886012
      56      25       2    1990      218.0000000      195.8803389
      57      26       2    1990      203.0000000      308.7362818
      58      27       2    1990      314.0000000      521.0643151
      59      28       2    1990      520.0000000      752.0935553
      60       1       3    1990      689.0000000      819.5191792
      61       2       3    1990      777.0000000      662.9834292
      62       3       3    1990      584.0000000      510.0829819
      63       4       3    1990      429.0000000      412.8532601
      64       5       3    1990      365.0000000      353.5775344
      65       6       3    1990      281.0000000      308.1803070
      66       7       3    1990      257.0000000      272.6908781
      67       8       3    1990      231.0000000      245.1039525
      68       9       3    1990      211.0000000      223.4665663
      69      10       3    1990      191.0000000      206.3547736
      70      11       3    1990      182.0000000      192.7095348
      71      12       3    1990      173.0000000      181.7100092
      72      13       3    1990      159.0000000      173.0145892
      73      14       3    1990      153.0000000      168.1915042
      74      15       3    1990      141.0000000      168.9873031
      75      16       3    1990      136.0000000      162.7883495
      76      17       3    1990      130.0000000      156.8685764
      77      18       3    1990      123.0000000      151.8943570
      78      19       3    1990      115.0000000      147.6692135
      79      20       3    1990      113.0000000      144.4039774
      80      21       3    1990      102.0000000      141.6607395
      81      22       3    1990      105.0000000      139.1886280
      82      23       3    1990      106.0000000      137.2047344
      83      24       3    1990       87.0000000      135.2561439
      84      25       3    1990       80.0000000      136.0760880
      85      26       3    1990       84.0000000      134.0683952
      86      27       3    1990       82.0000000      131.9254708
      87      28       3    1990       91.0000000      143.8061871
      88      29       3    1990       97.0000000      162.3701822
      89      30       3    1990      110.0000000      157.1962583
      90      31       3    1990       97.0000000      150.8605205
      91       1       4    1990       93.0000000      144.2769141
      92       2       4    1990       85.0000000      138.8023861
      93       3       4    1990       84.0000000      140.0154895
      94       4       4    1990       81.0000000      152.2131497
      95       5       4    1990       81.0000000      143.8221699
      96       6       4    1990       76.0000000      144.0483816
      97       7       4    1990       72.0000000      138.5397787
      98       8       4    1990       68.0000000      133.2137771
      99       9       4    1990       72.0000000      128.7615966
     100      10       4    1990       65.0000000      125.1281298
     101      11       4    1990       62.0000000      123.4556222
     102      12       4    1990       62.0000000      125.1070162
     103      13       4    1990       65.0000000      131.3751999
     104      14       4    1990       68.0000000      159.3442793
     105      15       4    1990       75.0000000      170.3388618
     106      16       4    1990       90.0000000      172.3830657
     107      17       4    1990       92.0000000      170.4979654
     108      18       4    1990       94.0000000      178.1664842
     109      19       4    1990      110.0000000      166.4503307
     110      20       4    1990       99.0000000      154.3668502
     111      21       4    1990       86.0000000      144.6645298
     112      22       4    1990       86.0000000      142.7080611
     113      23       4    1990       86.0000000      150.4450356
     114      24       4    1990       88.0000000      160.9058331
     115      25       4    1990       93.0000000      154.4397796
     116      26       4    1990       99.0000000      145.0681440
     117      27       4    1990       86.0000000      138.3410775
     118      28       4    1990       74.0000000      134.5116885
     119      29       4    1990       72.0000000      128.3597433
     120      30       4    1990       77.0000000      122.6704890
     121       1       5    1990       56.0000000      117.9367388
     122       2       5    1990       64.0000000      113.9631013
     123       3       5    1990       58.0000000      110.5952556
     124       4       5    1990       50.0000000      107.7111297
     125       5       5    1990       50.0000000      105.2140238
     126       6       5    1990       50.0000000      103.0272349
     127       7       5    1990       50.0000000      101.1069181
     128       8       5    1990       53.0000000      100.2627666
     129       9       5    1990       62.0000000       99.7144156
     130      10       5    1990       64.0000000      102.6159738
     131      11       5    1990       65.0000000      105.2489948
     132      12       5    1990       75.0000000      100.2310216
     133      13       5    1990       71.0000000       98.0595846
     134      14       5    1990       63.0000000       96.1817534
     135      15       5    1990       61.0000000       94.4185192
     136      16       5    1990       49.0000000       92.9930923
     137      17       5    1990       46.0000000       91.3924070
     138      18       5    1990       46.0000000       89.9998008
     139      19       5    1990       48.0000000       88.7170261
     140      20       5    1990       41.0000000       87.5348645
     141      21       5    1990       45.0000000       92.3346356
     142      22       5    1990       52.0000000       94.3217179
     143      23       5    1990       50.0000000       93.2073573
     144      24       5    1990       56.0000000       97.3138133
     145      25       5    1990       41.0000000       94.7404329
     146      26       5    1990       40.0000000       89.5727286
     147      27       5    1990       39.0000000       87.3138393
     148      28       5    1990       39.0000000       85.3595224
     149      29       5    1990       33.0000000       83.6471689
     150      30       5    1990       37.0000000       82.1277716
     151      31       5    1990       30.0000000       80.7628462
     152       1       6    1990       37.0000000       84.1174554
     153       2       6    1990       36.0000000       89.3958956
     154       3       6    1990       40.0000000      123.8934323
     155       4       6    1990       45.0000000      106.1675264
     156       5       6    1990       39.0000000       90.8458706
     157       6       6    1990       48.0000000       87.1688494
     158       7       6    1990       39.0000000      135.6362762
     159       8       6    1990       49.0000000      159.0646493
     160       9       6    1990       84.0000000      147.1295559
     161      10       6    1990       91.0000000      136.2878355
     162      11       6    1990       80.0000000      121.9128593
     163      12       6    1990       66.0000000      112.2443341
     164      13       6    1990       53.0000000      104.5113403
     165      14       6    1990       64.0000000       98.4044500
     166      15       6    1990       55.0000000       92.8296528
     167      16       6    1990       54.0000000       88.3262169
     168      17       6    1990       42.0000000       84.6012463
     169      18       6    1990       48.0000000       81.8203545
     170      19       6    1990       48.0000000      101.0711258
     171      20       6    1990       60.0000000      133.3796636
     172      21       6    1990       75.0000000      138.2796890
     173      22       6    1990       78.0000000      126.9265652
     174      23       6    1990       66.0000000      116.9186885
     175      24       6    1990       63.0000000      106.5099510
     176      25       6    1990       52.0000000       98.7444365
     177      26       6    1990       49.0000000       92.4988034
     178      27       6    1990       44.0000000       93.7754366
     179      28       6    1990       51.0000000       92.9399328
     180      29       6    1990       61.0000000      110.4255826
     181      30       6    1990       81.0000000      147.5889930
     182       1       7    1990       79.0000000      117.5442560
     183       2       7    1990       92.0000000      100.0644626
     184       3       7    1990       72.0000000      106.5766880
     185       4       7    1990       58.0000000      142.0422911
     186       5       7    1990       69.0000000      185.4191671
     187       6       7    1990       94.0000000      183.3816341
     188       7       7    1990      199.0000000      173.4390905
     189       8       7    1990      133.0000000      181.4999508
     190       9       7    1990      124.0000000      156.7052416
     191      10       7    1990      123.0000000      139.0983409
     192      11       7    1990       99.0000000      125.0499499
     193      12       7    1990       88.0000000      113.7926631
     194      13       7    1990       84.0000000      104.7304361
     195      14       7    1990       72.0000000       97.3986407
     196      15       7    1990       55.0000000       91.4339655
     197      16       7    1990       65.0000000       86.5515563
     198      17       7    1990       50.0000000       82.5275446
     199      18       7    1990       50.0000000       79.1856205
     200      19       7    1990       46.0000000       76.3866672
     201      20       7    1990       44.0000000       74.0207271
     202      21       7    1990       42.0000000       72.0007534
     203      22       7    1990       37.0000000       70.2577369
     204      23       7    1990       38.0000000       68.7368938
     205      24       7    1990       44.0000000       67.3946787
     206      25       7    1990       30.0000000       66.1964369
     207      26       7    1990       26.0000000       65.1145578
     208      27       7    1990       31.0000000       64.1270182
     209      28       7    1990       33.0000000       65.0119559
     210      29       7    1990       42.0000000       63.4199229
     211      30       7    1990       36.0000000       61.6585874
     212      31       7    1990       34.0000000       60.8937975
     213       1       8    1990       25.0000000       60.1661813
     214       2       8    1990       22.0000000       59.4695607
     215       3       8    1990       28.0000000       58.7989716
     216       4       8    1990       25.0000000       58.1504194
     217       5       8    1990       19.0000000       57.5206938
     218       6       8    1990       22.0000000       56.9072040
     219       7       8    1990       19.0000000       56.3078127
     220       8       8    1990       22.0000000       55.7208472
     221       9       8    1990       19.0000000       55.1449294
     222      10       8    1990       20.0000000       54.5789393
     223      11       8    1990       19.0000000       54.0219644
     224      12       8    1990       19.0000000       53.4732589
     225      13       8    1990       22.0000000       55.8281490
     226      14       8    1990       36.0000000       79.2800571
     227      15       8    1990       31.0000000       69.2807487
     228      16       8    1990       30.0000000       62.6552802
     229      17       8    1990       28.0000000       59.7307752
     230      18       8    1990       34.0000000       53.2002149
     231      19       8    1990       21.0000000       52.2140178
     232      20       8    1990       30.0000000       51.3278872
     233      21       8    1990       22.0000000       50.5228504
     234      22       8    1990       21.0000000       49.7837424
     235      23       8    1990       23.0000000       49.0984307
     236      24       8    1990       20.0000000       48.4571996
     237      25       8    1990       29.0000000       47.8523582
     238      26       8    1990       20.0000000       47.4408222
     239      27       8    1990       22.0000000       48.9312092
     240      28       8    1990       23.0000000       47.2991353
     241      29       8    1990       35.0000000       46.2862596
     242      30       8    1990       51.0000000      134.2909651
     243      31       8    1990       80.0000000      122.6886948
     244       1       9    1990       56.0000000       63.1185636
     245       2       9    1990       33.0000000       53.7104105
     246       3       9    1990       27.0000000       51.5738328
     247       4       9    1990       27.0000000       54.8658741
     248       5       9    1990       28.0000000       57.4612381
     249       6       9    1990       26.0000000       52.7615407
     250       7       9    1990       24.0000000       55.7410065
     251       8       9    1990       33.0000000       53.2479271
     252       9       9    1990       26.0000000       48.9251927
     253      10       9    1990       27.0000000       47.2645914
     254      11       9    1990       22.0000000       45.8549286
     255      12       9    1990       22.0000000       44.6463123
     256      13       9    1990       21.0000000       43.5990768
     257      14       9    1990       22.0000000       42.6816466
     258      15       9    1990       22.0000000       41.8688564
     259      16       9    1990       22.0000000       41.1406272
     260      17       9    1990       20.0000000       40.4809211
     261      18       9    1990       22.0000000       39.8769146
     262      19       9    1990       16.0000000       39.3183439
     263      20       9    1990       22.0000000       38.7969859
     264      21       9    1990       19.0000000       45.1146400
     265      22       9    1990       32.0000000      118.0924110
     266      23       9    1990       27.0000000      102.8454275
     267      24       9    1990       45.0000000       82.2073748
     268      25       9    1990       42.0000000       64.3175690
     269      26       9    1990       39.0000000       57.3494016
     270      27       9    1990       30.0000000       53.2321023
     271      28       9    1990       28.0000000       49.8772990
     272      29       9    1990       30.0000000       47.1286304
     273      30       9    1990       30.0000000      100.0778255
     274       1      10    1990       56.0000000      168.1148528
     275       2      10    1990       72.0000000      150.1508171
     276       3      10    1990       73.0000000      139.7217576
     277       4      10    1990       68.0000000      126.6140681
     278       5      10    1990       53.0000000      112.1869706
     279       6      10    1990       42.0000000       98.1980198
     280       7      10    1990       33.0000000       86.5392515
     281       8      10    1990       42.0000000       77.2443231
     282       9      10    1990       34.0000000       69.7867956
     283      10      10    1990       36.0000000       63.7684804
     284      11      10    1990       36.0000000       58.9023323
     285      12      10    1990       28.0000000       54.9487388
     286      13      10    1990       32.0000000       51.7191841
     287      14      10    1990       27.0000000       49.0650532
     288      15      10    1990       35.0000000       46.9606485
     289      16      10    1990       42.0000000       46.8861924
     290      17      10    1990       35.0000000       57.4849655
     291      18      10    1990       39.0000000       61.4427397
     292      19      10    1990       34.0000000       52.4888205
     293      20      10    1990       32.0000000       49.4512658
     294      21      10    1990       34.0000000       46.9598690
     295      22      10    1990       27.0000000       44.8993591
     296      23      10    1990       31.0000000       43.1816779
     297      24      10    1990       28.0000000       41.7372581
     298      25      10    1990       25.0000000       40.9243049
     299      26      10    1990       29.0000000       60.7760288
     300      27      10    1990       31.0000000       74.0184781
     301      28      10    1990       65.0000000      210.5121363
     302      29      10    1990       69.0000000      243.6633378
     303      30      10    1990      157.0000000      220.4889737
     304      31      10    1990      190.0000000      189.7988200
     305       1      11    1990      115.0000000      186.5589173
     306       2      11    1990      104.0000000      192.1930875
     307       3      11    1990      100.0000000      205.9765721
     308       4      11    1990      131.0000000      207.9059747
     309       5      11    1990      130.0000000      199.5922493
     310       6      11    1990      115.0000000      169.4283477
     311       7      11    1990      102.0000000      145.2427313
     312       8      11    1990       95.0000000      126.0341068
     313       9      11    1990       81.0000000      110.8429223
     314      10      11    1990       66.0000000      111.4042354
     315      11      11    1990       67.0000000      150.8528816
     316      12      11    1990       74.0000000      186.6000129
     317      13      11    1990      109.0000000      175.0238194
     318      14      11    1990       92.0000000      197.9833669
     319      15      11    1990       92.0000000      217.1473416
     320      16      11    1990      155.0000000      210.0006004
     321      17      11    1990      159.0000000      191.6621114
     322      18      11    1990      131.0000000      203.8561375
     323      19      11    1990      161.0000000      216.1328516
     324      20      11    1990      196.0000000      325.0023972
     325      21      11    1990      336.0000000      383.2903141
     326      22      11    1990      566.0000000      361.5480940
     327      23      11    1990      373.0000000      395.0495345
     328      24      11    1990      293.0000000      353.4350998
     329      25      11    1990      264.0000000      316.2925898
     330      26      11    1990      226.0000000      275.1663876
     331      27      11    1990      201.0000000      234.0516009
     332      28      11    1990      180.0000000      201.8609960
     333      29      11    1990      161.0000000      190.6307715
     334      30      11    1990      149.0000000      179.9596665
     335       1      12    1990      134.0000000      157.3960886
     336       2      12    1990      113.0000000      141.4434927
     337       3      12    1990       99.0000000      128.8457538
     338       4      12    1990      107.0000000      119.1022077
     339       5      12    1990       99.0000000      111.1334402
     340       6      12    1990       89.0000000      104.4289669
     341       7      12    1990       77.0000000       99.0190136
     342       8      12    1990       71.0000000       94.5786070
     343       9      12    1990       68.0000000       93.7176487
     344      10      12    1990       73.0000000       88.8064768
     345      11      12    1990       84.0000000       86.0175769
     346      12      12    1990       88.0000000      107.0399381
     347      13      12    1990       92.0000000      115.7963415
     348      14      12    1990      128.0000000      108.2491957
     349      15      12    1990      136.0000000       98.9748499
     350      16      12    1990      114.0000000       93.5922648
     351      17      12    1990      101.0000000       89.3600226
     352      18      12    1990       93.0000000       85.9119165
     353      19      12    1990       85.0000000       83.0629188
     354      20      12    1990       81.0000000       85.8118732
     355      21      12    1990      106.0000000      122.3389263
     356      22      12    1990      159.0000000      154.9737279
     357      23      12    1990      250.0000000      162.8151333
     358      24      12    1990      298.0000000      157.9840090
     359      25      12    1990      261.0000000      206.8823772
     360      26      12    1990      228.0000000      338.5229690
     361      27      12    1990      409.0000000      406.1333173
     362      28      12    1990      486.0000000      421.7346425
     363      29      12    1990      440.0000000      528.6683337
     364      30      12    1990      486.0000000      685.1211645
     365      31      12    1990      774.0000000      870.3239696
     366       1       1    1991      889.0000000      877.5512581
     367       2       1    1991      863.0000000      875.5166636
     368       3       1    1991      875.0000000      901.9861798
     369       4       1    1991      932.0000000      753.0554704
     370       5       1    1991      826.0000000      679.8132978
     371       6       1    1991      731.0000000      620.9840506
     372       7       1    1991      613.0000000      587.4433492
     373       8       1    1991      610.0000000      589.7454553
     374       9       1    1991      686.0000000      516.7088632
     375      10       1    1991      556.0000000      554.5936810
     376      11       1    1991      669.0000000      593.1564898
     377      12       1    1991      828.0000000      556.0607831
     378      13       1    1991      735.0000000      442.3018989
     379      14       1    1991      513.0000000      370.2960548
     380      15       1    1991      411.0000000      320.7938609
     381      16       1    1991      345.0000000      283.2580617
     382      17       1    1991      293.0000000      254.2914450
     383      18       1    1991      251.0000000      231.7083848
     384      19       1    1991      222.0000000      213.9618244
     385      20       1    1991      215.0000000      200.0015920
     386      21       1    1991      213.0000000      195.3012145
     387      22       1    1991      202.0000000      197.7881429
     388      23       1    1991      200.0000000      189.5032996
     389      24       1    1991      192.0000000      179.8559963
     390      25       1    1991      176.0000000      171.8058739
     391      26       1    1991      164.0000000      165.2553749
     392      27       1    1991      157.0000000      159.8060456
     393      28       1    1991      134.0000000      155.2307099
     394      29       1    1991      130.0000000      151.3359272
     395      30       1    1991      119.0000000      147.9733767
     396      31       1    1991      107.0000000      145.0302470
     397       1       2    1991      112.0000000      142.4191318
     398       2       2    1991      109.0000000      140.0722537
     399       3       2    1991      101.0000000      137.9368215
     400       4       2    1991       98.0000000      135.9715480
     401       5       2    1991       84.0000000      134.1440217
     402       6       2    1991       93.0000000      132.4287103
     403       7       2    1991       80.0000000      130.8054353
     404       8       2    1991       73.0000000      129.2582007
     405       9       2    1991       89.0000000      127.7742891
     406      10       2    1991       84.0000000      126.3435617
     407      11       2    1991       78.0000000      124.9579138
     408      12       2    1991       79.0000000      123.6108489
     409      13       2    1991       77.0000000      122.2971461
     410      14       2    1991       80.0000000      121.0125981
     411      15       2    1991       72.0000000      119.7538051
     412      16       2    1991       78.0000000      120.5247374
     413      17       2    1991       74.0000000      120.7458071
     414      18       2    1991       77.0000000      119.0120703
     415      19       2    1991       73.0000000      135.8402993
     416      20       2    1991       69.0000000      165.9302989
     417      21       2    1991       74.0000000      202.3113036
     418      22       2    1991       81.0000000      217.8073632
     419      23       2    1991      110.0000000      210.2587479
     420      24       2    1991      180.0000000      207.2524017
     421      25       2    1991      213.0000000      217.0876675
     422      26       2    1991      222.0000000      224.0985924
     423      27       2    1991      208.0000000      226.6553181
     424      28       2    1991      211.0000000      223.1098724
     425       1       3    1991      214.0000000      206.4282501
     426       2       3    1991      208.0000000      202.7564514
     427       3       3    1991      221.0000000      196.3062565
     428       4       3    1991      281.0000000      178.5098081
     429       5       3    1991      219.0000000      165.3148532
     430       6       3    1991      190.0000000      154.7890177
     431       7       3    1991      173.0000000      146.2368803
     432       8       3    1991      164.0000000      139.4453113
     433       9       3    1991      142.0000000      134.6501867
     434      10       3    1991      133.0000000      136.9487436
     435      11       3    1991      133.0000000      136.4834708
     436      12       3    1991      118.0000000      131.6060456
     437      13       3    1991      127.0000000      126.5632778
     438      14       3    1991      113.0000000      122.3374528
     439      15       3    1991      107.0000000      118.7594528
     440      16       3    1991      100.0000000      115.6967015
     441      17       3    1991      100.0000000      113.0472186
     442      18       3    1991       95.0000000      110.7517956
     443      19       3    1991       98.0000000      170.8918168
     444      20       3    1991      119.0000000      200.1580862
     445      21       3    1991      159.0000000      219.1180694
     446      22       3    1991      196.0000000      256.2468747
     447      23       3    1991      242.0000000      241.0538334
     448      24       3    1991      216.0000000      213.1723143
     449      25       3    1991      180.0000000      190.7472227
     450      26       3    1991      145.0000000      173.3016286
     451      27       3    1991      127.0000000      162.5883202
     452      28       3    1991      117.0000000      151.2850130
     453      29       3    1991      109.0000000      141.5615711
     454      30       3    1991      106.0000000      133.6829877
     455      31       3    1991       99.0000000      127.2455659
     456       1       4    1991       96.0000000      121.9385160
     457       2       4    1991       88.0000000      117.5213200
     458       3       4    1991       87.0000000      113.8070072
     459       4       4    1991       82.0000000      110.9075706
     460       5       4    1991       84.0000000      109.0965355
     461       6       4    1991       67.0000000      106.8390494
     462       7       4    1991       89.0000000      104.6425536
     463       8       4    1991       75.0000000      102.7543415
     464       9       4    1991       79.0000000      100.9423755
     465      10       4    1991       70.0000000       99.2703654
     466      11       4    1991       69.0000000       97.7474109
     467      12       4    1991       69.0000000       96.3455464
     468      13       4    1991       56.0000000       95.0422893
     469      14       4    1991       63.0000000       93.8221774
     470      15       4    1991       58.0000000       92.6707751
     471      16       4    1991       56.0000000       91.5686557
     472      17       4    1991       54.0000000       90.5126255
     473      18       4    1991       57.0000000       89.5099078
     474      19       4    1991       53.0000000       88.8921828
     475      20       4    1991       53.0000000       90.1059268
     476      21       4    1991       65.0000000       91.4452034
     477      22       4    1991       69.0000000       93.0802330
     478      23       4    1991       61.0000000       98.1972966
     479      24       4    1991       56.0000000       98.2639327
     480      25       4    1991       56.0000000       95.5041725
     481      26       4    1991       53.0000000       92.3959927
     482      27       4    1991       49.0000000       89.7537600
     483      28       4    1991       53.0000000       87.4868921
     484      29       4    1991       48.0000000       87.8045831
     485      30       4    1991       57.0000000      138.1516991
     486       1       5    1991       69.0000000      154.9803207
     487       2       5    1991       89.0000000      136.7234267
     488       3       5    1991      105.0000000      125.4710049
     489       4       5    1991       79.0000000      115.9705963
     490       5       5    1991       69.0000000      108.5223765
     491       6       5    1991       71.0000000      104.3300418
     492       7       5    1991       60.0000000       99.4405822
     493       8       5    1991       64.0000000       94.6493270
     494       9       5    1991       59.0000000       90.6776463
     495      10       5    1991       57.0000000       91.0961598
     496      11       5    1991       55.0000000      105.6022891
     497      12       5    1991       53.0000000      104.7093334
     498      13       5    1991       52.0000000      100.1251099
     499      14       5    1991       50.0000000       95.1257371
     500      15       5    1991       52.0000000      102.4131723
     501      16       5    1991       54.0000000      115.8739915
     502      17       5    1991       54.0000000      107.8866376
     503      18       5    1991       55.0000000      100.5218974
     504      19       5    1991       48.0000000       94.4393756
     505      20       5    1991       48.0000000       89.4493838
     506      21       5    1991       49.0000000       85.3296060
     507      22       5    1991       41.0000000       81.9036724
     508      23       5    1991       40.0000000       79.0315663
     509      24       5    1991       40.0000000       76.6020551
     510      25       5    1991       39.0000000       74.5267133
     511      26       5    1991       43.0000000       72.7351990
     512      27       5    1991       39.0000000       71.1715182
     513      28       5    1991       36.0000000       69.7910690
     514      29       5    1991       33.0000000       68.5582999
     515      30       5    1991       39.0000000       67.4448543
     516      31       5    1991       34.0000000       66.4280990
     517       1       6    1991       37.0000000       65.4899568
     518       2       6    1991       35.0000000       64.6159786
     519       3       6    1991       29.0000000       63.7946071
     520       4       6    1991       33.0000000       63.0165905
     521       5       6    1991       34.0000000       62.2787989
     522       6       6    1991       32.0000000       77.7283268
     523       7       6    1991       38.0000000       84.1926693
     524       8       6    1991       39.0000000       76.7372675
     525       9       6    1991       41.0000000       73.7041621
     526      10       6    1991       44.0000000       90.0809150
     527      11       6    1991       48.0000000       74.0624629
     528      12       6    1991       42.0000000       69.1538766
     529      13       6    1991       37.0000000       66.5577104
     530      14       6    1991       39.0000000       64.3876381
     531      15       6    1991       35.0000000       63.1665577
     532      16       6    1991       31.0000000       68.9041860
     533      17       6    1991       33.0000000       79.6271488
     534      18       6    1991       31.0000000       79.9675730
     535      19       6    1991       28.0000000       76.6861985
     536      20       6    1991       60.0000000      109.5934990
     537      21       6    1991       48.0000000       93.8220447
     538      22       6    1991       54.0000000       75.7370287
     539      23       6    1991       63.0000000       78.7002966
     540      24       6    1991       41.0000000       71.3594938
     541      25       6    1991       42.0000000       65.7105837
     542      26       6    1991       43.0000000       62.9643657
     543      27       6    1991       38.0000000       70.8890088
     544      28       6    1991       38.0000000       76.3214552
     545      29       6    1991       35.0000000       72.0099021
     546      30       6    1991       41.0000000       67.9899905
     547       1       7    1991       41.0000000       64.4289868
     548       2       7    1991       38.0000000       61.4856744
     549       3       7    1991       34.0000000       59.0350221
     550       4       7    1991       27.0000000       56.9779528
     551       5       7    1991       31.0000000       55.2357246
     552       6       7    1991       30.0000000       53.7457050
     553       7       7    1991       26.0000000       57.7081203
     554       8       7    1991       30.0000000       57.6865077
     555       9       7    1991       31.0000000       51.6841227
     556      10       7    1991       23.0000000       50.5647924
     557      11       7    1991       35.0000000       49.5766289
     558      12       7    1991       19.0000000       50.9096414
     559      13       7    1991       24.0000000       81.7598796
     560      14       7    1991       26.0000000       79.4938426
     561      15       7    1991       27.0000000       66.7935585
     562      16       7    1991       41.0000000       61.5600023
     563      17       7    1991       34.0000000       58.0831404
     564      18       7    1991       27.0000000       55.2184976
     565      19       7    1991       25.0000000       52.8424259
     566      20       7    1991       23.0000000       50.8566733
     567      21       7    1991       22.0000000       49.1831139
     568      22       7    1991       27.0000000       47.7595727
     569      23       7    1991       23.0000000       46.5365361
     570      24       7    1991       21.0000000       46.8476993
     571      25       7    1991       23.0000000       73.5313711
     572      26       7    1991       33.0000000       69.0706905
     573      27       7    1991       23.0000000       57.2337664
     574      28       7    1991       29.0000000       52.5283256
     575      29       7    1991       30.0000000       50.0465930
     576      30       7    1991       35.0000000       61.3117003
     577      31       7    1991       27.0000000       67.6932480
     578       1       8    1991       45.0000000       56.8773724
     579       2       8    1991       47.0000000       53.3310123
     580       3       8    1991       40.0000000       50.4538161
     581       4       8    1991       35.0000000       48.0781909
     582       5       8    1991       26.0000000       46.1029756
     583       6       8    1991       23.0000000       44.4477616
     584       7       8    1991       30.0000000       43.9738040
     585       8       8    1991       33.0000000       44.3794628
     586       9       8    1991       30.0000000       41.2944833
     587      10       8    1991       28.0000000       39.9900844
     588      11       8    1991       19.0000000       39.1922928
     589      12       8    1991       20.0000000       38.4816999
     590      13       8    1991       16.0000000       37.8416204
     591      14       8    1991       18.0000000       37.2587177
     592      15       8    1991       18.0000000       36.7223248
     593      16       8    1991       20.0000000       36.2239032
     594      17       8    1991       16.0000000       35.7566135
     595      18       8    1991       15.0000000       35.3149727
     596      19       8    1991       15.0000000       34.8945820
     597      20       8    1991       14.0000000       34.4919093
     598      21       8    1991       15.0000000       34.1041155
     599      22       8    1991       13.0000000       33.7289314
     600      23       8    1991       12.0000000       33.4157576
     601      24       8    1991       11.0000000       33.3438234
     602      25       8    1991       12.0000000       32.8042735
     603      26       8    1991       11.0000000       32.4383516
     604      27       8    1991       13.0000000       32.0838089
     605      28       8    1991       11.0000000       31.7390118
     606      29       8    1991       12.0000000       31.4026431
     607      30       8    1991       12.0000000       31.0736393
     608      31       8    1991       11.0000000       30.7511402
     609       1       9    1991       11.0000000       31.8150377
     610       2       9    1991       17.0000000       32.2917302
     611       3       9    1991       11.0000000       29.8548412
     612       4       9    1991       12.0000000       29.5487070
     613       5       9    1991       11.0000000       29.2474312
     614       6       9    1991       11.0000000       28.9506056
     615       7       9    1991       18.0000000       28.6578974
     616       8       9    1991       11.0000000       28.3690344
     617       9       9    1991       13.0000000       28.0837932
     618      10       9    1991       12.0000000       28.1933673
     619      11       9    1991       11.0000000       58.3699315
     620      12       9    1991       20.0000000       49.3746211
     621      13       9    1991       21.0000000       30.0872006
     622      14       9    1991       29.0000000       29.2568941
     623      15       9    1991       28.0000000       28.5402644
     624      16       9    1991       20.0000000       27.9150854
     625      17       9    1991       20.0000000       27.3636093
     626      18       9    1991       20.0000000       26.8716518
     627      19       9    1991       12.0000000       26.4278866
     628      20       9    1991       11.0000000       26.0232465
     629      21       9    1991       11.0000000       25.6504718
     630      22       9    1991       22.0000000       47.6361620
     631      23       9    1991       14.0000000       46.7634673
     632      24       9    1991       48.0000000       28.9231483
     633      25       9    1991       45.0000000       86.6912659
     634      26       9    1991       80.0000000       84.7214916
     635      27       9    1991       61.0000000       65.7103615
     636      28       9    1991       61.0000000       93.0780051
     637      29       9    1991       65.0000000       86.3017502
     638      30       9    1991       63.0000000       74.8134513
     639       1      10    1991       90.0000000       58.0107851
     640       2      10    1991       59.0000000       50.2993717
     641       3      10    1991       45.0000000       45.1058130
     642       4      10    1991       42.0000000       41.0382590
     643       5      10    1991       41.0000000       86.8127063
     644       6      10    1991       41.0000000      100.8728566
     645       7      10    1991       73.0000000       72.6267408
     646       8      10    1991       96.0000000       61.4143353
     647       9      10    1991       61.0000000       54.3357985
     648      10      10    1991       44.0000000       48.7022597
     649      11      10    1991       42.0000000       44.2774784
     650      12      10    1991       41.0000000       69.7074294
     651      13      10    1991       42.0000000       85.0012477
     652      14      10    1991       61.0000000       67.1032892
     653      15      10    1991       55.0000000       59.1082276
     654      16      10    1991       41.0000000       56.4854871
     655      17      10    1991       48.0000000       71.1768364
     656      18      10    1991       52.0000000      100.9948705
     657      19      10    1991       66.0000000       83.2439454
     658      20      10    1991       59.0000000       74.9076171
     659      21      10    1991       71.0000000       70.3885452
     660      22      10    1991       74.0000000       62.5199503
     661      23      10    1991       70.0000000       56.1091921
     662      24      10    1991       59.0000000       50.6356593
     663      25      10    1991       57.0000000       46.2313836
     664      26      10    1991       57.0000000       42.6711425
     665      27      10    1991       51.0000000       39.7793019
     666      28      10    1991       47.0000000       37.4177434
     667      29      10    1991       48.0000000       35.4776149
     668      30      10    1991       45.0000000       36.7741467
     669      31      10    1991       43.0000000       42.4417512
     670       1      11    1991       40.0000000       55.1286797
     671       2      11    1991       47.0000000       56.1537036
     672       3      11    1991       46.0000000       97.9686065
     673       4      11    1991       76.0000000      165.4461944
     674       5      11    1991       60.0000000      156.6908734
     675       6      11    1991      132.0000000      145.0765526
     676       7      11    1991      133.0000000      146.0707184
     677       8      11    1991      113.0000000      165.1594131
     678       9      11    1991      120.0000000      172.7925409
     679      10      11    1991      141.0000000      152.9256296
     680      11      11    1991      208.0000000      173.4737161
     681      12      11    1991      166.0000000      219.3076022
     682      13      11    1991      183.0000000      282.7048484
     683      14      11    1991      299.0000000      462.2129020
     684      15      11    1991      521.0000000      412.5446311
     685      16      11    1991      443.0000000      341.5461427
     686      17      11    1991      304.0000000      284.1853875
     687      18      11    1991      231.0000000      272.5532063
     688      19      11    1991      192.0000000      269.2222888
     689      20      11    1991      199.0000000      248.6842663
     690      21      11    1991      201.0000000      233.8672852
     691      22      11    1991      173.0000000      199.3818070
     692      23      11    1991      159.0000000      171.0429193
     693      24      11    1991      160.0000000      148.6947282
     694      25      11    1991      146.0000000      131.0183891
     695      26      11    1991      110.0000000      116.9671353
     696      27      11    1991      114.0000000      105.7424977
     697      28      11    1991       97.0000000       96.7371281
     698      29      11    1991       89.0000000       89.4761799
     699      30      11    1991       73.0000000       83.5900227
     700       1      12    1991       69.0000000       78.7898847
     701       2      12    1991       67.0000000       74.8495069
     702       3      12    1991       63.0000000       71.5911579
     703       4      12    1991       58.0000000       68.8749105
     704       5      12    1991       59.0000000       66.5903779
     705       6      12    1991       53.0000000       64.6503185
     706       7      12    1991       54.0000000       62.9856675
     707       8      12    1991       51.0000000       61.5416664
     708       9      12    1991       47.0000000       60.2748368
     709      10      12    1991       42.0000000       59.1506110
     710      11      12    1991       40.0000000       58.1414709
     711      12      12    1991       39.0000000       57.2254835
     712      13      12    1991       36.0000000       56.3851474
     713      14      12    1991       37.0000000       55.6064814
     714      15      12    1991       32.0000000       54.8783039
     715      16      12    1991       37.0000000       69.4985058
     716      17      12    1991       62.0000000      201.1606113
     717      18      12    1991      118.0000000      304.2337335
     718      19      12    1991      170.0000000      404.2227581
     719      20      12    1991      229.0000000      507.9841802
     720      21      12    1991      448.0000000      576.3364994
     721      22      12    1991      464.0000000      796.6863006
     722      23      12    1991      675.0000000      683.5972460
     723      24      12    1991      844.0000000      553.7328590
     724      25      12    1991      569.0000000      427.5346611
     725      26      12    1991      358.0000000      340.4687786
     726      27      12    1991      279.0000000      285.7187038
     727      28      12    1991      238.0000000      245.9346329
     728      29      12    1991      201.0000000      213.6635504
     729      30      12    1991      185.0000000      188.4003347
     730      31      12    1991      165.0000000      168.4704439
     731       1       1    1992      140.0000000      152.6933973
     732       2       1    1992      126.0000000      141.3956278
     733       3       1    1992      117.0000000      135.6524338
     734       4       1    1992      114.0000000      129.8966245
     735       5       1    1992      108.0000000      123.2440931
     736       6       1    1992      108.0000000      115.6184712
     737       7       1    1992      101.0000000      109.9341570
     738       8       1    1992       97.0000000      108.2179361
     739       9       1    1992       89.0000000      129.9664480
     740      10       1    1992      111.0000000      190.5819145
     741      11       1    1992      135.0000000      193.0770298
     742      12       1    1992      171.0000000      169.1208360
     743      13       1    1992      125.0000000      152.4443642
     744      14       1    1992      111.0000000      139.2626962
     745      15       1    1992      100.0000000      128.8905115
     746      16       1    1992       87.0000000      121.4301538
     747      17       1    1992       75.0000000      114.4285079
     748      18       1    1992       79.0000000      108.6758575
     749      19       1    1992       70.0000000      110.2054459
     750      20       1    1992       72.0000000      106.8306445
     751      21       1    1992       87.0000000      103.7131765
     752      22       1    1992       79.0000000       99.2026560
     753      23       1    1992       71.0000000       95.8914605
     754      24       1    1992       66.0000000       93.0998991
     755      25       1    1992       67.0000000       90.7170561
     756      26       1    1992       65.0000000       88.6571623
     757      27       1    1992       59.0000000       86.8536428
     758      28       1    1992       57.0000000       85.3257667
     759      29       1    1992       54.0000000       84.5910181
     760      30       1    1992       59.0000000       88.1842988
     761      31       1    1992       57.0000000       99.2124355
     762       1       2    1992       56.0000000      106.2743432
     763       2       2    1992       54.0000000      105.6697576
     764       3       2    1992       58.0000000      104.6838777
     765       4       2    1992       63.0000000      165.6751264
     766       5       2    1992       76.0000000      272.2103999
     767       6       2    1992      250.0000000      326.0966016
     768       7       2    1992      346.0000000      273.5657343
     769       8       2    1992      241.0000000      233.4613996
     770       9       2    1992      180.0000000      217.4242092
     771      10       2    1992      164.0000000      221.0781174
     772      11       2    1992      183.0000000      237.1000825
     773      12       2    1992      215.0000000      265.1675686
     774      13       2    1992      265.0000000      270.8603288
     775      14       2    1992      287.0000000      280.8651132
     776      15       2    1992      272.0000000      276.1571514
     777      16       2    1992      253.0000000      303.8670536
     778      17       2    1992      301.0000000      290.3536780
     779      18       2    1992      275.0000000      246.3564251
     780      19       2    1992      224.0000000      214.4946869
     781      20       2    1992      194.0000000      189.8720870
     782      21       2    1992      173.0000000      170.6632481
     783      22       2    1992      157.0000000      155.7693655
     784      23       2    1992      142.0000000      147.1823483
     785      24       2    1992      133.0000000      147.3068954
     786      25       2    1992      128.0000000      147.7751772
     787      26       2    1992      125.0000000      138.6927866
     788      27       2    1992      125.0000000      129.6608608
     789      28       2    1992      110.0000000      122.2988591
     790      29       2    1992      107.0000000      116.2567686
     791       1       3    1992       97.0000000      111.3567811
     792       2       3    1992       97.0000000      109.1473628
     793       3       3    1992       86.0000000      116.4057832
     794       4       3    1992       93.0000000      111.4981510
     795       5       3    1992       86.0000000      107.0014020
     796       6       3    1992       82.0000000      103.2467691
     797       7       3    1992       80.0000000      100.0048799
     798       8       3    1992       77.0000000       97.2401489
     799       9       3    1992       73.0000000       94.8595413
     800      10       3    1992       76.0000000       92.8979722
     801      11       3    1992       68.0000000       91.2326859
     802      12       3    1992       70.0000000      151.0643744
     803      13       3    1992      116.0000000      245.0934103
     804      14       3    1992      206.0000000      326.9583356
     805      15       3    1992      433.0000000      394.1500730
     806      16       3    1992      495.0000000      415.9417834
     807      17       3    1992      331.0000000      336.4012795
     808      18       3    1992      240.0000000      281.2843894
     809      19       3    1992      215.0000000      242.3210148
     810      20       3    1992      185.0000000      212.3776091
     811      21       3    1992      185.0000000      197.7205721
     812      22       3    1992      185.0000000      264.5814514
     813      23       3    1992      213.0000000      383.7743847
     814      24       3    1992      466.0000000      426.9513685
     815      25       3    1992      580.0000000      438.9193740
     816      26       3    1992      566.0000000      392.9100071
     817      27       3    1992      487.0000000      341.2999325
     818      28       3    1992      387.0000000      311.1882434
     819      29       3    1992      311.0000000      278.5808348
     820      30       3    1992      270.0000000      253.4435791
     821      31       3    1992      246.0000000      248.6565753
     822       1       4    1992      229.0000000      273.3629972
     823       2       4    1992      222.0000000      262.5532395
     824       3       4    1992      217.0000000      290.5808962
     825       4       4    1992      208.0000000      372.8509431
     826       5       4    1992      220.0000000      339.4410077
     827       6       4    1992      210.0000000      292.4157724
     828       7       4    1992      190.0000000      256.6437876
     829       8       4    1992      173.0000000      228.8212844
     830       9       4    1992      166.0000000      206.6833812
     831      10       4    1992      133.0000000      188.9783438
     832      11       4    1992      126.0000000      174.7431462
     833      12       4    1992      124.0000000      163.2324682
     834      13       4    1992      116.0000000      153.8789613
     835      14       4    1992      112.0000000      151.9575259
     836      15       4    1992      111.0000000      195.8534285
     837      16       4    1992      137.0000000      216.3700254
     838      17       4    1992      206.0000000      203.7914824
     839      18       4    1992      176.0000000      198.7434753
     840      19       4    1992      161.0000000      181.8592141
     841      20       4    1992      161.0000000      168.5497836
     842      21       4    1992      139.0000000      157.5644698
     843      22       4    1992      139.0000000      148.7236395
     844      23       4    1992      123.0000000      141.5368684
     845      24       4    1992      119.0000000      135.6362036
     846      25       4    1992      111.0000000      130.7416202
     847      26       4    1992       94.0000000      126.6820739
     848      27       4    1992       94.0000000      128.7620094
     849      28       4    1992      102.0000000      144.3990891
     850      29       4    1992      120.0000000      147.5899220
     851      30       4    1992      120.0000000      141.8292551
     852       1       5    1992      114.0000000      169.1487426
     853       2       5    1992      115.0000000      208.6986550
     854       3       5    1992      206.0000000      194.8836988
     855       4       5    1992      215.0000000      177.8514445
     856       5       5    1992      125.0000000      163.5815559
     857       6       5    1992      123.0000000      152.1270568
     858       7       5    1992      113.0000000      142.8682531
     859       8       5    1992       77.0000000      135.3287324
     860       9       5    1992       83.0000000      129.2202281
     861      10       5    1992       83.0000000      135.5293730
     862      11       5    1992       96.0000000      132.4270465
     863      12       5    1992      120.0000000      121.5395470
     864      13       5    1992       80.0000000      117.0993926
     865      14       5    1992       76.0000000      113.7594876
     866      15       5    1992       69.0000000      110.8971953
     867      16       5    1992       63.0000000      108.4148672
     868      17       5    1992       61.0000000      106.2358119
     869      18       5    1992       60.0000000      104.2996301
     870      19       5    1992       59.0000000      102.5586348
     871      20       5    1992       67.0000000      100.9751575
     872      21       5    1992       51.0000000       99.5194273
     873      22       5    1992       44.0000000       98.1673855
     874      23       5    1992       42.0000000       96.8998804
     875      24       5    1992       51.0000000       95.8049651
     876      25       5    1992       42.0000000       95.3266815
     877      26       5    1992       54.0000000      103.7655664
     878      27       5    1992       53.0000000       96.4351603
     879      28       5    1992       59.0000000       92.5003115
     880      29       5    1992       55.0000000       98.8989515
     881      30       5    1992       54.0000000       99.5856325
     882      31       5    1992       48.0000000       93.8212216
     883       1       6    1992       63.0000000       98.8231247
     884       2       6    1992       61.0000000      101.2097175
     885       3       6    1992       55.0000000      103.6387528
     886       4       6    1992       75.0000000      129.0704097
     887       5       6    1992       53.0000000      149.4935033
     888       6       6    1992       77.0000000      146.3081631
     889       7       6    1992      114.0000000      145.0271164
     890       8       6    1992      167.0000000      162.7687419
     891       9       6    1992      116.0000000      145.4459685
     892      10       6    1992       91.0000000      128.6322573
     893      11       6    1992       85.0000000      119.3236285
     894      12       6    1992       68.0000000      111.8203830
     895      13       6    1992       71.0000000      105.7026622
     896      14       6    1992       63.0000000      100.6741517
     897      15       6    1992       59.0000000       96.5090116
     898      16       6    1992       46.0000000       93.0295932
     899      17       6    1992       44.0000000       90.0958637
     900      18       6    1992       39.0000000       87.5972379
     901      19       6    1992       41.0000000       85.4477932
     902      20       6    1992       44.0000000       85.0670548
     903      21       6    1992       39.0000000       83.1847646
     904      22       6    1992       32.0000000       80.7429566
     905      23       6    1992       40.0000000       81.0792872
     906      24       6    1992       41.0000000       96.1781308
     907      25       6    1992       42.0000000       95.8274157
     908      26       6    1992       42.0000000       89.3711787
     909      27       6    1992       48.0000000       85.5221994
     910      28       6    1992       37.0000000       82.6224394
     911      29       6    1992       40.0000000       80.1662726
     912      30       6    1992       29.0000000       78.2479863
     913       1       7    1992       30.0000000       78.2251506
     914       2       7    1992       36.0000000       76.6434200
     915       3       7    1992       29.0000000       81.1758207
     916       4       7    1992       36.0000000       99.1699909
     917       5       7    1992       50.0000000      118.4727855
     918       6       7    1992       78.0000000      120.0344675
     919       7       7    1992       54.0000000       97.9107275
     920       8       7    1992       57.0000000       87.0744966
     921       9       7    1992       51.0000000       83.2066026
     922      10       7    1992       47.0000000      103.0589786
     923      11       7    1992       46.0000000      131.8207524
     924      12       7    1992       76.0000000      131.1134347
     925      13       7    1992       72.0000000      123.9359182
     926      14       7    1992       67.0000000      110.2039570
     927      15       7    1992       63.0000000      101.2187402
     928      16       7    1992       47.0000000       93.9462153
     929      17       7    1992       47.0000000       88.0300027
     930      18       7    1992       42.0000000       83.1895792
     931      19       7    1992       41.0000000       79.2037406
     932      20       7    1992       39.0000000       75.8977814
     933      21       7    1992       37.0000000       74.7725441
     934      22       7    1992       33.0000000       77.9655965
     935      23       7    1992       33.0000000       74.3928121
     936      24       7    1992       33.0000000       71.6279002
     937      25       7    1992       37.0000000       69.2972121
     938      26       7    1992       26.0000000       67.3139788
     939      27       7    1992       24.0000000       65.6095701
     940      28       7    1992       26.0000000       64.1288648
     941      29       7    1992       29.0000000       62.8279725
     942      30       7    1992       19.0000000       61.6719175
     943      31       7    1992       22.0000000       62.1087423
     944       1       8    1992       28.0000000       61.7843477
     945       2       8    1992       35.0000000       59.0042457
     946       3       8    1992       29.0000000       58.1717984
     947       4       8    1992       36.0000000       57.3990437
     948       5       8    1992       52.0000000       56.6722807
     949       6       8    1992       74.0000000       55.9834350
     950       7       8    1992       54.0000000       55.3260418
     951       8       8    1992       57.0000000       54.6949191
     952       9       8    1992       48.0000000       55.7636561
     953      10       8    1992       47.0000000       55.2286571
     954      11       8    1992       46.0000000       60.9791807
     955      12       8    1992       75.0000000       60.5469602
     956      13       8    1992       73.0000000       65.2219825
     957      14       8    1992       66.0000000       66.7805717
     958      15       8    1992       60.0000000       60.4397185
     959      16       8    1992       47.0000000       53.0038695
     960      17       8    1992       46.0000000       52.0349936
     961      18       8    1992       42.0000000       51.1634326
     962      19       8    1992       41.0000000       50.3768706
     963      20       8    1992       40.0000000       55.7183311
     964      21       8    1992       37.0000000       52.3432595
     965      22       8    1992       32.0000000       49.0764837
     966      23       8    1992       32.0000000       49.1021755
     967      24       8    1992       32.0000000       47.6795458
     968      25       8    1992       36.0000000       47.0242796
     969      26       8    1992       27.0000000       46.4417005
     970      27       8    1992       25.0000000       45.8874142
     971      28       8    1992       25.0000000       45.6484195
     972      29       8    1992       28.0000000       50.9048488
     973      30       8    1992       20.0000000       65.3036087
     974      31       8    1992       22.0000000      110.9448491
     975       1       9    1992       49.0000000       91.2639203
     976       2       9    1992       77.0000000       79.2820962
     977       3       9    1992       67.0000000       73.3429066
     978       4       9    1992       45.0000000       73.2635214
     979       5       9    1992       44.0000000       67.1256341
     980       6       9    1992       64.0000000       59.5809424
     981       7       9    1992       52.0000000       56.0173790
     982       8       9    1992       40.0000000       53.0975286
     983       9       9    1992       30.0000000       50.6878877
     984      10       9    1992       34.0000000       48.6835324
     985      11       9    1992       32.0000000       47.2276026
     986      12       9    1992       36.0000000       46.4923413
     987      13       9    1992       28.0000000       45.1465128
     988      14       9    1992       33.0000000       44.3669500
     989      15       9    1992       35.0000000       46.1287377
     990      16       9    1992       30.0000000       43.5665133
     991      17       9    1992       32.0000000       42.4839518
     992      18       9    1992       29.0000000       41.6170286
     993      19       9    1992       30.0000000       41.9395253
     994      20       9    1992       28.0000000       41.0476404
     995      21       9    1992       29.0000000       40.1773897
     996      22       9    1992       29.0000000       39.4075190
     997      23       9    1992       27.0000000       38.7205559
     998      24       9    1992       27.0000000       38.0972956
     999      25       9    1992       23.0000000       37.5264348
    1000      26       9    1992       28.0000000       36.9990024
    1001      27       9    1992       25.0000000       36.5072384
    1002      28       9    1992       25.0000000       37.7179453
    1003      29       9    1992       27.0000000       41.1013365
    1004      30       9    1992       25.0000000       37.8238632
    1005       1      10    1992       27.0000000       37.7641274
    1006       2      10    1992       33.0000000       40.3484265
    1007       3      10    1992       29.0000000       43.2025327
    1008       4      10    1992       31.0000000       41.1159110
    1009       5      10    1992       25.0000000       53.2644518
    1010       6      10    1992       25.0000000       58.7355875
    1011       7      10    1992       36.0000000       44.1493277
    1012       8      10    1992       42.0000000       37.8615416
    1013       9      10    1992       43.0000000       39.5458300
    1014      10      10    1992       26.0000000       49.2764674
    1015      11      10    1992       27.0000000       48.2329743
    1016      12      10    1992       27.0000000       42.7275739
    1017      13      10    1992       26.0000000       40.3947503
    1018      14      10    1992       26.0000000       38.5118869
    1019      15      10    1992       23.0000000       50.4222837
    1020      16      10    1992       21.0000000       53.3335123
    1021      17      10    1992       26.0000000       51.0849869
    1022      18      10    1992       34.0000000       58.2581691
    1023      19      10    1992       37.0000000       52.7699524
    1024      20      10    1992       31.0000000       58.3309638
    1025      21      10    1992       31.0000000       57.6452142
    1026      22      10    1992       35.0000000       56.1021187
    1027      23      10    1992       33.0000000       87.7520067
    1028      24      10    1992       40.0000000      168.7227157
    1029      25      10    1992       74.0000000      225.2906131
    1030      26      10    1992      161.0000000      227.8678867
    1031      27      10    1992      285.0000000      235.8661156
    1032      28      10    1992      244.0000000      246.3106798
    1033      29      10    1992      263.0000000      259.2452188
    1034      30      10    1992      276.0000000      206.4208802
    1035      31      10    1992      186.0000000      170.3023443
    1036       1      11    1992      154.0000000      144.5244939
    1037       2      11    1992      112.0000000      147.4049361
    1038       3      11    1992      104.0000000      154.1655755
    1039       4      11    1992       96.0000000      144.1667195
    1040       5      11    1992       99.0000000      123.6960050
    1041       6      11    1992      126.0000000      107.9055438
    1042       7      11    1992       91.0000000       95.9307561
    1043       8      11    1992       84.0000000       88.7737679
    1044       9      11    1992       81.0000000       91.3571433
    1045      10      11    1992       85.0000000      135.8370058
    1046      11      11    1992      126.0000000      256.7311360
    1047      12      11    1992      279.0000000      304.2604185
    1048      13      11    1992      390.0000000      303.9717893
    1049      14      11    1992      294.0000000      308.1759100
    1050      15      11    1992      260.0000000      405.3893647
    1051      16      11    1992      398.0000000      557.1845849
    1052      17      11    1992      520.0000000      495.0575939
    1053      18      11    1992      487.0000000      447.1682784
    1054      19      11    1992      380.0000000      444.9431419
    1055      20      11    1992      385.0000000      371.0409779
    1056      21      11    1992      351.0000000      398.5485452
    1057      22      11    1992      309.0000000      477.7921727
    1058      23      11    1992      587.0000000      381.4871878
    1059      24      11    1992      661.0000000      317.9805769
    1060      25      11    1992      447.0000000      324.2563802
    1061      26      11    1992      361.0000000      346.1042650
    1062      27      11    1992      351.0000000      341.8528320
    1063      28      11    1992      353.0000000      369.8462240
    1064      29      11    1992      369.0000000      469.7611673
    1065      30      11    1992      452.0000000      450.4550263
    1066       1      12    1992      441.0000000      362.5364447
    1067       2      12    1992      348.0000000      394.8416943
    1068       3      12    1992      394.0000000      427.7492717
    1069       4      12    1992      455.0000000      473.5563057
    1070       5      12    1992      491.0000000      513.5596455
    1071       6      12    1992      469.0000000      439.9482634
    1072       7      12    1992      364.0000000      424.9762427
    1073       8      12    1992      338.0000000      375.2938870
    1074       9      12    1992      334.0000000      324.2375404
    1075      10      12    1992      268.0000000      280.6024707
    1076      11      12    1992      236.0000000      283.1407923
    1077      12      12    1992      230.0000000      281.8624849
    1078      13      12    1992      239.0000000      256.3545715
    1079      14      12    1992      256.0000000      225.8674869
    1080      15      12    1992      217.0000000      209.2740697
    1081      16      12    1992      201.0000000      203.3746647
    1082      17      12    1992      188.0000000      200.4970275
    1083      18      12    1992      176.0000000      196.9944220
    1084      19      12    1992      170.0000000      187.4111660
    1085      20      12    1992      168.0000000      180.7154072
    1086      21      12    1992      131.0000000      191.5032043
    1087      22      12    1992      133.0000000      198.6968452
    1088      23      12    1992      134.0000000      182.3276770
    1089      24      12    1992      127.0000000      169.0931052
    1090      25      12    1992      117.0000000      158.7402570
    1091      26      12    1992      113.0000000      150.3262091
    1092      27      12    1992      100.0000000      143.4298711
    1093      28      12    1992       94.0000000      137.7260827
    1094      29      12    1992       87.0000000      132.9625377
    1095      30      12    1992       86.0000000      128.9426746
    1096      31      12    1992       81.0000000      125.5128228
    1097       1       1    1993       77.0000000      122.5524711
    1098       2       1    1993       76.0000000      119.9668506
    1099       3       1    1993       61.0000000      117.6812502
    1100       4       1    1993       61.0000000      115.6366374
    1101       5       1    1993       57.0000000      113.7862711
    1102       6       1    1993       66.0000000      131.5617164
    1103       7       1    1993       67.0000000      166.1484277
    1104       8       1    1993       84.0000000      179.2704362
    1105       9       1    1993       90.0000000      199.2207941
    1106      10       1    1993      113.0000000      239.5210544
    1107      11       1    1993      265.0000000      450.8414423
    1108      12       1    1993      559.0000000      644.8594899
    1109      13       1    1993      832.0000000      614.5185563
    1110      14       1    1993      601.0000000      501.3745232
    1111      15       1    1993      436.0000000      394.1027436
    1112      16       1    1993      339.0000000      325.1219114
    1113      17       1    1993      292.0000000      282.2149973
    1114      18       1    1993      247.0000000      252.4376555
    1115      19       1    1993      218.0000000      226.7678970
    1116      20       1    1993      205.0000000      205.4955904
    1117      21       1    1993      190.0000000      192.4831606
    1118      22       1    1993      176.0000000      184.9928108
    1119      23       1    1993      173.0000000      181.8505329
    1120      24       1    1993      173.0000000      261.8194106
    1121      25       1    1993      199.0000000      401.2005833
    1122      26       1    1993      361.0000000      350.3136469
    1123      27       1    1993      295.0000000      341.7609393
    1124      28       1    1993      238.0000000      364.9870806
    1125      29       1    1993      263.0000000      340.0155092
    1126      30       1    1993      245.0000000      297.0607416
    1127      31       1    1993      222.0000000      262.0573431
    1128       1       2    1993      199.0000000      235.0630490
    1129       2       2    1993      186.0000000      213.7649076
    1130       3       2    1993      171.0000000      196.8320665
    1131       4       2    1993      157.0000000      183.2704442
    1132       5       2    1993      159.0000000      172.3261323
    1133       6       2    1993      129.0000000      163.4230959
    1134       7       2    1993      119.0000000      156.2856543
    1135       8       2    1993      119.0000000      150.2235949
    1136       9       2    1993      105.0000000      145.1374753
    1137      10       2    1993      106.0000000      140.8409076
    1138      11       2    1993      105.0000000      137.1704926
    1139      12       2    1993       95.0000000      133.9981311
    1140      13       2    1993       91.0000000      131.2231260
    1141      14       2    1993       88.0000000      128.7661272
    1142      15       2    1993       84.0000000      126.5644684
    1143      16       2    1993       83.0000000      124.7695279
    1144      17       2    1993       79.0000000      124.9013318
    1145      18       2    1993       78.0000000      127.0926654
    1146      19       2    1993       84.0000000      129.9761423
    1147      20       2    1993       91.0000000      151.3607749
    1148      21       2    1993       91.0000000      165.5840474
    1149      22       2    1993       90.0000000      160.4227578
    1150      23       2    1993      103.0000000      151.4147439
    1151      24       2    1993       94.0000000      142.9692251
    1152      25       2    1993       81.0000000      136.4879039
    1153      26       2    1993       78.0000000      131.4035000
    1154      27       2    1993       75.0000000      131.1974632
    1155      28       2    1993       76.0000000      131.4563397
    1156       1       3    1993       80.0000000      126.9053626
    1157       2       3    1993       75.0000000      124.3099432
    1158       3       3    1993       76.0000000      125.1736867
    1159       4       3    1993       72.0000000      121.3617615
    1160       5       3    1993       65.0000000      117.9849275
    1161       6       3    1993       64.0000000      115.1793016
    1162       7       3    1993       64.0000000      114.6343377
    1163       8       3    1993       68.0000000      118.9270384
    1164       9       3    1993       68.0000000      117.1859428
    1165      10       3    1993       67.0000000      120.3212168
    1166      11       3    1993       61.0000000      129.6798813
    1167      12       3    1993       57.0000000      138.3366859
    1168      13       3    1993       58.0000000      135.6410080
    1169      14       3    1993       54.0000000      128.0830897
    1170      15       3    1993       66.0000000      121.8119791
    1171      16       3    1993       54.0000000      116.6406515
    1172      17       3    1993       57.0000000      112.3330234
    1173      18       3    1993       57.0000000      109.3265165
    1174      19       3    1993       52.0000000      106.4225552
    1175      20       3    1993       57.0000000      103.6047168
    1176      21       3    1993       58.0000000      102.0777536
    1177      22       3    1993       57.0000000      125.8557377
    1178      23       3    1993       56.0000000      148.3102142
    1179      24       3    1993       63.0000000      134.8644359
    1180      25       3    1993       76.0000000      126.0901821
    1181      26       3    1993       56.0000000      118.9305308
    1182      27       3    1993       59.0000000      113.0506461
    1183      28       3    1993       59.0000000      108.1868081
    1184      29       3    1993       54.0000000      104.1309581
    1185      30       3    1993       48.0000000      100.7187001
    1186      31       3    1993       55.0000000       97.8199562
    1187       1       4    1993       48.0000000       98.4741924
    1188       2       4    1993       53.0000000      113.0432445
    1189       3       4    1993       47.0000000      117.3505558
    1190       4       4    1993       59.0000000      120.9996573
    1191       5       4    1993       53.0000000      145.8666617
    1192       6       4    1993       64.0000000      150.4504122
    1193       7       4    1993       63.0000000      136.3689670
    1194       8       4    1993       75.0000000      128.7779003
    1195       9       4    1993       64.0000000      119.9060540
    1196      10       4    1993       59.0000000      118.5880130
    1197      11       4    1993       60.0000000      132.2331958
    1198      12       4    1993       63.0000000      133.0433673
    1199      13       4    1993       69.0000000      130.7491204
    1200      14       4    1993       79.0000000      126.0782245
    1201      15       4    1993       82.0000000      118.0252733
    1202      16       4    1993       68.0000000      111.9090971
    1203      17       4    1993       56.0000000      106.3611543
    1204      18       4    1993       59.0000000      101.5186184
    1205      19       4    1993       61.0000000       97.2944466
    1206      20       4    1993       62.0000000       93.6380081
    1207      21       4    1993       57.0000000       90.5640284
    1208      22       4    1993       53.0000000       87.9554726
    1209      23       4    1993       47.0000000       85.7169986
    1210      24       4    1993       46.0000000       83.7739499
    1211      25       4    1993       47.0000000       82.0687369
    1212      26       4    1993       45.0000000       80.5546996
    1213      27       4    1993       43.0000000       79.1947441
    1214      28       4    1993       41.0000000       77.9604176
    1215      29       4    1993       38.0000000       76.8325518
    1216      30       4    1993       39.0000000       75.9690968
    1217       1       5    1993       40.0000000       75.3483992
    1218       2       5    1993       41.0000000       79.2460781
    1219       3       5    1993       45.0000000       80.6813258
    1220       4       5    1993       49.0000000       78.5234872
    1221       5       5    1993       40.0000000       76.5223842
    1222       6       5    1993       43.0000000       74.8776286
    1223       7       5    1993       38.0000000       73.3541561
    1224       8       5    1993       38.0000000       72.6178098
    1225       9       5    1993       43.0000000       71.5075713
    1226      10       5    1993       44.0000000       73.1704789
    1227      11       5    1993       41.0000000       72.0095654
    1228      12       5    1993       51.0000000       80.3856124
    1229      13       5    1993       63.0000000      122.0039826
    1230      14       5    1993       68.0000000       91.6228017
    1231      15       5    1993       77.0000000       79.7276658
    1232      16       5    1993       77.0000000       76.3761348
    1233      17       5    1993       59.0000000       73.5765892
    1234      18       5    1993       49.0000000       71.2296466
    1235      19       5    1993       43.0000000       73.6887273
    1236      20       5    1993       44.0000000       85.2719456
    1237      21       5    1993       48.0000000       90.6278754
    1238      22       5    1993       44.0000000       82.4284029
    1239      23       5    1993       46.0000000       77.9677000
    1240      24       5    1993       40.0000000       74.2906682
    1241      25       5    1993       43.0000000       71.2373986
    1242      26       5    1993       30.0000000       68.7670318
    1243      27       5    1993       45.0000000       77.4390992
    1244      28       5    1993       43.0000000       86.4230260
    1245      29       5    1993       44.0000000       80.9021839
    1246      30       5    1993       54.0000000       79.3350064
    1247      31       5    1993       56.0000000       77.0281253
    1248       1       6    1993       44.0000000       69.6449849
    1249       2       6    1993       43.0000000       68.6417537
    1250       3       6    1993       33.0000000       77.0671915
    1251       4       6    1993       45.0000000       74.4699302
    1252       5       6    1993       46.0000000       70.5871225
    1253       6       6    1993       42.0000000       67.3657346
    1254       7       6    1993       40.0000000       64.6852464
    1255       8       6    1993       30.0000000       62.4363565
    1256       9       6    1993       31.0000000       60.5657186
    1257      10       6    1993       32.0000000       59.2671507
    1258      11       6    1993       25.0000000       59.4680994
    1259      12       6    1993       33.0000000       63.2527627
    1260      13       6    1993       29.0000000       61.4173103
    1261      14       6    1993       40.0000000       62.4683194
    1262      15       6    1993       42.0000000       66.1605445
    1263      16       6    1993       37.0000000       66.2690125
    1264      17       6    1993       46.0000000       65.9616256
    1265      18       6    1993       47.0000000       62.9204646
    1266      19       6    1993       50.0000000       63.4241576
    1267      20       6    1993       43.0000000       95.2363093
    1268      21       6    1993       69.0000000       90.1824405
    1269      22       6    1993       61.0000000      100.0091045
    1270      23       6    1993       67.0000000      132.9430457
    1271      24       6    1993       77.0000000      112.8951053
    1272      25       6    1993       87.0000000      100.7423793
    1273      26       6    1993       55.0000000       90.5420310
    1274      27       6    1993       43.0000000       82.3413084
    1275      28       6    1993       40.0000000       75.7226398
    1276      29       6    1993       30.0000000       70.3574970
    1277      30       6    1993       40.0000000       65.9869470
    1278       1       7    1993       40.0000000       64.3866308
    1279       2       7    1993       27.0000000       61.9500820
    1280       3       7    1993       34.0000000       57.7996357
    1281       4       7    1993       30.0000000       55.6101441
    1282       5       7    1993       31.0000000       53.8007402
    1283       6       7    1993       27.0000000       52.2226674
    1284       7       7    1993       31.0000000       50.8736293
    1285       8       7    1993       26.0000000       49.7131194
    1286       9       7    1993       23.0000000       49.2467909
    1287      10       7    1993       24.0000000       51.9965092
    1288      11       7    1993       25.0000000       59.4605326
    1289      12       7    1993       34.0000000       77.6926847
    1290      13       7    1993       40.0000000       81.9000372
    1291      14       7    1993       41.0000000      101.5872319
    1292      15       7    1993       46.0000000       91.6949291
    1293      16       7    1993       39.0000000       74.8449165
    1294      17       7    1993       43.0000000       69.1898292
    1295      18       7    1993       35.0000000       66.4548884
    1296      19       7    1993       49.0000000       81.3979606
    1297      20       7    1993       38.0000000       82.9776975
    1298      21       7    1993       41.0000000       78.5416953
    1299      22       7    1993       45.0000000       76.2919263
    1300      23       7    1993       41.0000000       66.9485920
    1301      24       7    1993       42.0000000       62.0873089
    1302      25       7    1993       40.0000000       58.1341463
    1303      26       7    1993       35.0000000       54.8941113
    1304      27       7    1993       40.0000000       75.6690880
    1305      28       7    1993       40.0000000       63.5574228
    1306      29       7    1993       36.0000000       51.5610432
    1307      30       7    1993       40.0000000      106.5121160
    1308      31       7    1993       61.0000000       88.9652296
    1309       1       8    1993       36.0000000       63.6038871
    1310       2       8    1993       46.0000000       59.1408927
    1311       3       8    1993       32.0000000       55.5147633
    1312       4       8    1993       38.0000000       52.5492772
    1313       5       8    1993       32.0000000       50.1088704
    1314       6       8    1993       25.0000000       48.0861657
    1315       7       8    1993       26.0000000       46.3869276
    1316       8       8    1993       29.0000000       44.9506246
    1317       9       8    1993       29.0000000       50.4741758
    1318      10       8    1993       28.0000000       54.8748396
    1319      11       8    1993       37.0000000       53.4302995
    1320      12       8    1993       40.0000000       49.6528650
    1321      13       8    1993       49.0000000       47.3151611
    1322      14       8    1993       32.0000000       46.1865331
    1323      15       8    1993       37.0000000       44.6978890
    1324      16       8    1993       37.0000000       42.6625126
    1325      17       8    1993       27.0000000       41.4401375
    1326      18       8    1993       24.0000000       40.3889582
    1327      19       8    1993       24.0000000       39.4752904
    1328      20       8    1993       22.0000000       38.6722856
    1329      21       8    1993       21.0000000       37.9585252
    1330      22       8    1993       16.0000000       39.5986676
    1331      23       8    1993       21.0000000       46.1311831
    1332      24       8    1993       27.0000000       44.3977152
    1333      25       8    1993       26.0000000       41.3466709
    1334      26       8    1993       23.0000000       39.8254039
    1335      27       8    1993       21.0000000       42.5765629
    1336      28       8    1993       28.0000000       46.9827302
    1337      29       8    1993       17.0000000       42.0504033
    1338      30       8    1993       24.0000000       40.1936643
    1339      31       8    1993       25.0000000       38.6442205
    1340       1       9    1993       25.0000000       37.3405471
    1341       2       9    1993       19.0000000       36.2336703
    1342       3       9    1993       17.0000000       38.9155580
    1343       4       9    1993       16.0000000       47.8693079
    1344       5       9    1993       19.0000000       42.1531389
    1345       6       9    1993       23.0000000       39.7811968
    1346       7       9    1993       25.0000000       59.8699547
    1347       8       9    1993       34.0000000       52.2514599
    1348       9       9    1993       31.0000000       72.9304598
    1349      10       9    1993       35.0000000      111.7111041
    1350      11       9    1993       53.0000000      145.6408651
    1351      12       9    1993       71.0000000      134.6454671
    1352      13       9    1993       74.0000000      170.9514350
    1353      14       9    1993       87.0000000      196.2778371
    1354      15       9    1993      173.0000000      177.0786683
    1355      16       9    1993      117.0000000      137.4302197
    1356      17       9    1993       93.0000000      113.7790642
    1357      18       9    1993       77.0000000       98.3381520
    1358      19       9    1993       62.0000000       86.1278820
    1359      20       9    1993       54.0000000       76.4310071
    1360      21       9    1993       48.0000000       70.3140144
    1361      22       9    1993       46.0000000       90.7510044
    1362      23       9    1993       55.0000000       99.4671053
    1363      24       9    1993       66.0000000      101.3638406
    1364      25       9    1993       64.0000000       98.2814969
    1365      26       9    1993       52.0000000       85.4274369
    1366      27       9    1993       68.0000000       79.0445806
    1367      28       9    1993       69.0000000       94.7545933
    1368      29       9    1993       62.0000000      101.3535647
    1369      30       9    1993       76.0000000       92.1970902
    1370       1      10    1993       72.0000000      121.9890282
    1371       2      10    1993       68.0000000      135.9309447
    1372       3      10    1993       72.0000000      139.3447548
    1373       4      10    1993       78.0000000      142.5837901
    1374       5      10    1993      116.0000000      213.5030704
    1375       6      10    1993      131.0000000      213.9472980
    1376       7      10    1993      180.0000000      185.4724052
    1377       8      10    1993      203.0000000      190.9760480
    1378       9      10    1993      164.0000000      210.2139601
    1379      10      10    1993      178.0000000      225.0146452
    1380      11      10    1993      161.0000000      257.5564702
    1381      12      10    1993      287.0000000      256.2134698
    1382      13      10    1993      360.0000000      327.9375371
    1383      14      10    1993      374.0000000      315.9511131
    1384      15      10    1993      297.0000000      266.7136899
    1385      16      10    1993      247.0000000      269.4101810
    1386      17      10    1993      273.0000000      274.9005006
    1387      18      10    1993      261.0000000      243.9092546
    1388      19      10    1993      265.0000000      213.9347196
    1389      20      10    1993      230.0000000      183.0683657
    1390      21      10    1993      199.0000000      162.2676646
    1391      22      10    1993      173.0000000      159.6942025
    1392      23      10    1993      182.0000000      190.8906318
    1393      24      10    1993      203.0000000      198.2186064
    1394      25      10    1993      213.0000000      173.1944277
    1395      26      10    1993      180.0000000      152.1600064
    1396      27      10    1993      154.0000000      135.6818165
    1397      28      10    1993      118.0000000      122.6303198
    1398      29      10    1993      112.0000000      112.2290617
    1399      30      10    1993       98.0000000      103.8877647
    1400      31      10    1993       97.0000000       97.1545147
    1401       1      11    1993       91.0000000       91.6812752
    1402       2      11    1993       85.0000000       87.1986611
    1403       3      11    1993       75.0000000       83.4972654
    1404       4      11    1993       76.0000000       80.4136974
    1405       5      11    1993       78.0000000       77.8200545
    1406       6      11    1993       72.0000000       75.6634044
    1407       7      11    1993       76.0000000       75.4877677
    1408       8      11    1993       69.0000000       74.4936837
    1409       9      11    1993       66.0000000       75.4101466
    1410      10      11    1993       71.0000000       76.3914189
    1411      11      11    1993       64.0000000       96.3767306
    1412      12      11    1993       67.0000000      130.7039633
    1413      13      11    1993       80.0000000      127.1952697
    1414      14      11    1993       78.0000000      152.3384420
    1415      15      11    1993       80.0000000      164.0338125
    1416      16      11    1993       86.0000000      165.9641272
    1417      17      11    1993      125.0000000      145.3523844
    1418      18      11    1993       96.0000000      129.6905095
    1419      19      11    1993       82.0000000      117.1996951
    1420      20      11    1993       77.0000000      107.2080207
    1421      21      11    1993       67.0000000       99.1683762
    1422      22      11    1993       71.0000000       92.6617886
    1423      23      11    1993       61.0000000       87.3626660
    1424      24      11    1993       42.0000000       83.0177146
    1425      25      11    1993       63.0000000       80.1719162
    1426      26      11    1993       57.0000000       81.3486566
    1427      27      11    1993       58.0000000       77.8321660
    1428      28      11    1993       49.0000000       74.9915115
    1429      29      11    1993       50.0000000       72.5972260
    1430      30      11    1993       55.0000000       70.5591715
    1431       1      12    1993       54.0000000       68.8059388
    1432       2      12    1993       54.0000000       74.2468077
    1433       3      12    1993       50.0000000       74.8063896
    1434       4      12    1993       51.0000000       81.7469533
    1435       5      12    1993       62.0000000       78.8462770
    1436       6      12    1993       62.0000000       74.7698669
    1437       7      12    1993       71.0000000      113.0446867
    1438       8      12    1993       79.0000000      213.3149610
    1439       9      12    1993      153.0000000      262.3802824
    1440      10      12    1993      291.0000000      327.8396995
    1441      11      12    1993      332.0000000      411.5956251
    1442      12      12    1993      465.0000000      437.8814043
    1443      13      12    1993      518.0000000      475.3499206
    1444      14      12    1993      539.0000000      500.3911842
    1445      15      12    1993      559.0000000      480.4045831
    1446      16      12    1993      500.0000000      553.7894462
    1447      17      12    1993      526.0000000      567.4120386
    1448      18      12    1993      583.0000000      550.0168173
    1449      19      12    1993      677.0000000      616.2907631
    1450      20      12    1993      781.0000000      975.7849873
    1451      21      12    1993     1180.0000000     1116.0268618
    1452      22      12    1993     1460.0000000     1057.8157516
    1453      23      12    1993     1600.0000000     1109.9875137
    1454      24      12    1993     1410.0000000     1125.6241399
    1455      25      12    1993     1230.0000000      886.9708856
    1456      26      12    1993     1070.0000000      660.8627136
    1457      27      12    1993      746.0000000      514.4498354
    1458      28      12    1993      542.0000000      434.2275018
    1459      29      12    1993      492.0000000      433.0247366
    1460      30      12    1993      491.0000000      516.0387343
    1461      31      12    1993      617.0000000      803.3355897
