      No     Day     Mon    Year  Qobs_0000000398  Qsim_0000000398
       1       1       1    1992      140.0000000      106.5688502
       2       2       1    1992      126.0000000      103.1471180
       3       3       1    1992      117.0000000      100.5109926
       4       4       1    1992      114.0000000      100.0145922
       5       5       1    1992      108.0000000       97.5550141
       6       6       1    1992      108.0000000       93.8982484
       7       7       1    1992      101.0000000       91.2961178
       8       8       1    1992       97.0000000       91.3016324
       9       9       1    1992       89.0000000       97.7231512
      10      10       1    1992      111.0000000      121.7633803
      11      11       1    1992      135.0000000      113.6014123
      12      12       1    1992      171.0000000       99.3349608
      13      13       1    1992      125.0000000       96.1217580
      14      14       1    1992      111.0000000       93.2723548
      15      15       1    1992      100.0000000       90.6575552
      16      16       1    1992       87.0000000       88.3612975
      17      17       1    1992       75.0000000       86.1318706
      18      18       1    1992       79.0000000       84.0448875
      19      19       1    1992       70.0000000       87.3846305
      20      20       1    1992       72.0000000       83.9826627
      21      21       1    1992       87.0000000       82.2042407
      22      22       1    1992       79.0000000       79.0988101
      23      23       1    1992       71.0000000       77.4396499
      24      24       1    1992       66.0000000       75.8851864
      25      25       1    1992       67.0000000       74.4242514
      26      26       1    1992       65.0000000       73.0474454
      27      27       1    1992       59.0000000       71.7464737
      28      28       1    1992       57.0000000       70.5181195
      29      29       1    1992       54.0000000       69.5214627
      30      30       1    1992       59.0000000       70.0215209
      31      31       1    1992       57.0000000       73.7413704
      32       1       2    1992       56.0000000       75.3407879
      33       2       2    1992       54.0000000       72.9591203
      34       3       2    1992       58.0000000       70.7105717
      35       4       2    1992       63.0000000       99.5100058
      36       5       2    1992       76.0000000      129.6317379
      37       6       2    1992      250.0000000      125.6247831
      38       7       2    1992      346.0000000      110.4826910
      39       8       2    1992      241.0000000      102.5731579
      40       9       2    1992      180.0000000      103.5418760
      41      10       2    1992      164.0000000      111.5000296
      42      11       2    1992      183.0000000      122.0410445
      43      12       2    1992      215.0000000      137.3305058
      44      13       2    1992      265.0000000      137.1790371
      45      14       2    1992      287.0000000      146.2015271
      46      15       2    1992      272.0000000      143.0683252
      47      16       2    1992      253.0000000      162.8263111
      48      17       2    1992      301.0000000      161.1337781
      49      18       2    1992      275.0000000      141.8878087
      50      19       2    1992      224.0000000      127.7923995
      51      20       2    1992      194.0000000      117.5604462
      52      21       2    1992      173.0000000      110.8508997
      53      22       2    1992      157.0000000      105.7488462
      54      23       2    1992      142.0000000      101.7852382
      55      24       2    1992      133.0000000       99.6578706
      56      25       2    1992      128.0000000       97.4938661
      57      26       2    1992      125.0000000       93.3860914
      58      27       2    1992      125.0000000       90.1953754
      59      28       2    1992      110.0000000       87.3384547
      60      29       2    1992      107.0000000       84.7163486
      61       1       3    1992       97.0000000       82.3577505
      62       2       3    1992       97.0000000       80.3866150
      63       3       3    1992       86.0000000       82.6001094
      64       4       3    1992       93.0000000       79.2795988
      65       5       3    1992       86.0000000       77.0693291
      66       6       3    1992       82.0000000       75.2676255
      67       7       3    1992       80.0000000       73.5262331
      68       8       3    1992       77.0000000       71.8931567
      69       9       3    1992       73.0000000       70.3641145
      70      10       3    1992       76.0000000       68.9977120
      71      11       3    1992       68.0000000       67.8182408
      72      12       3    1992       70.0000000      103.4953223
      73      13       3    1992      116.0000000      148.2741293
      74      14       3    1992      206.0000000      167.4938141
      75      15       3    1992      433.0000000      189.4726901
      76      16       3    1992      495.0000000      219.5967641
      77      17       3    1992      331.0000000      194.0577165
      78      18       3    1992      240.0000000      170.2638881
      79      19       3    1992      215.0000000      150.8754086
      80      20       3    1992      185.0000000      134.8044842
      81      21       3    1992      185.0000000      128.3395814
      82      22       3    1992      185.0000000      152.1594804
      83      23       3    1992      213.0000000      228.1195436
      84      24       3    1992      466.0000000      259.2229525
      85      25       3    1992      580.0000000      281.4659676
      86      26       3    1992      566.0000000      268.1429888
      87      27       3    1992      487.0000000      242.7365570
      88      28       3    1992      387.0000000      222.3865271
      89      29       3    1992      311.0000000      202.9891392
      90      30       3    1992      270.0000000      182.6530609
      91      31       3    1992      246.0000000      166.1651460
      92       1       4    1992      229.0000000      182.1171300
      93       2       4    1992      222.0000000      181.1098655
      94       3       4    1992      217.0000000      176.7206044
      95       4       4    1992      208.0000000      227.4424609
      96       5       4    1992      220.0000000      231.8062348
      97       6       4    1992      210.0000000      206.9149937
      98       7       4    1992      190.0000000      181.7827683
      99       8       4    1992      173.0000000      161.3800852
     100       9       4    1992      166.0000000      144.5603292
     101      10       4    1992      133.0000000      131.1362965
     102      11       4    1992      126.0000000      120.3632610
     103      12       4    1992      124.0000000      112.7707292
     104      13       4    1992      116.0000000      107.9374947
     105      14       4    1992      112.0000000      107.9410649
     106      15       4    1992      111.0000000      129.8084295
     107      16       4    1992      137.0000000      146.7505535
     108      17       4    1992      206.0000000      135.4110838
     109      18       4    1992      176.0000000      134.5092069
     110      19       4    1992      161.0000000      124.5948519
     111      20       4    1992      161.0000000      117.9018078
     112      21       4    1992      139.0000000      112.8251669
     113      22       4    1992      139.0000000      108.5022107
     114      23       4    1992      123.0000000      104.5931101
     115      24       4    1992      119.0000000      101.0406187
     116      25       4    1992      111.0000000       97.8033988
     117      26       4    1992       94.0000000       94.8794553
     118      27       4    1992       94.0000000       93.6547251
     119      28       4    1992      102.0000000       99.7866202
     120      29       4    1992      120.0000000       98.6744781
     121      30       4    1992      120.0000000       95.0861358
     122       1       5    1992      114.0000000      105.7391808
     123       2       5    1992      115.0000000      136.6801485
     124       3       5    1992      206.0000000      116.0245847
     125       4       5    1992      215.0000000      108.6563298
     126       5       5    1992      125.0000000      104.1273471
     127       6       5    1992      123.0000000      100.4122596
     128       7       5    1992      113.0000000       97.0740120
     129       8       5    1992       77.0000000       94.0296849
     130       9       5    1992       83.0000000       91.4425329
     131      10       5    1992       83.0000000      100.0356528
     132      11       5    1992       96.0000000       99.6021278
     133      12       5    1992      120.0000000       89.9589309
     134      13       5    1992       80.0000000       86.0006249
     135      14       5    1992       76.0000000       83.7211381
     136      15       5    1992       69.0000000       81.6734231
     137      16       5    1992       63.0000000       79.7702089
     138      17       5    1992       61.0000000       77.9961016
     139      18       5    1992       60.0000000       76.3376104
     140      19       5    1992       59.0000000       74.7828832
     141      20       5    1992       67.0000000       73.3215304
     142      21       5    1992       51.0000000       71.9475884
     143      22       5    1992       44.0000000       70.6509665
     144      23       5    1992       42.0000000       69.4179774
     145      24       5    1992       51.0000000       68.2557765
     146      25       5    1992       42.0000000       67.5509522
     147      26       5    1992       54.0000000       76.2920548
     148      27       5    1992       53.0000000       70.7033879
     149      28       5    1992       59.0000000       65.5548012
     150      29       5    1992       55.0000000       72.2341704
     151      30       5    1992       54.0000000       74.2244986
     152      31       5    1992       48.0000000       66.6834238
     153       1       6    1992       63.0000000       69.6446291
     154       2       6    1992       61.0000000       70.9037209
     155       3       6    1992       55.0000000       68.8285353
     156       4       6    1992       75.0000000       82.0578709
     157       5       6    1992       53.0000000      100.4501839
     158       6       6    1992       77.0000000       95.2054779
     159       7       6    1992      114.0000000       91.3977800
     160       8       6    1992      167.0000000      101.2767760
     161       9       6    1992      116.0000000       93.3454171
     162      10       6    1992       91.0000000       82.3050571
     163      11       6    1992       85.0000000       79.4613624
     164      12       6    1992       68.0000000       76.9281767
     165      13       6    1992       71.0000000       74.6481617
     166      14       6    1992       63.0000000       72.5520362
     167      15       6    1992       59.0000000       70.6196760
     168      16       6    1992       46.0000000       68.8326159
     169      17       6    1992       44.0000000       67.1748145
     170      18       6    1992       39.0000000       65.6322972
     171      19       6    1992       41.0000000       64.2010692
     172      20       6    1992       44.0000000       64.8769173
     173      21       6    1992       39.0000000       63.6831567
     174      22       6    1992       32.0000000       60.9899786
     175      23       6    1992       40.0000000       62.0986100
     176      24       6    1992       41.0000000       72.7484944
     177      25       6    1992       42.0000000       70.3590053
     178      26       6    1992       42.0000000       62.4268143
     179      27       6    1992       48.0000000       59.5803625
     180      28       6    1992       37.0000000       58.3326001
     181      29       6    1992       40.0000000       57.2076947
     182      30       6    1992       29.0000000       56.1548847
     183       1       7    1992       30.0000000       55.8314202
     184       2       7    1992       36.0000000       54.9553758
     185       3       7    1992       29.0000000       55.9799436
     186       4       7    1992       36.0000000       70.0841827
     187       5       7    1992       50.0000000       85.3964719
     188       6       7    1992       78.0000000       89.0837960
     189       7       7    1992       54.0000000       74.4453967
     190       8       7    1992       57.0000000       62.2671443
     191       9       7    1992       51.0000000       60.4354757
     192      10       7    1992       47.0000000       74.1473276
     193      11       7    1992       46.0000000       96.2579893
     194      12       7    1992       76.0000000       91.0082165
     195      13       7    1992       72.0000000       82.1617904
     196      14       7    1992       67.0000000       71.8964022
     197      15       7    1992       63.0000000       69.0352966
     198      16       7    1992       47.0000000       66.7207623
     199      17       7    1992       47.0000000       64.6054300
     200      18       7    1992       42.0000000       62.6660187
     201      19       7    1992       41.0000000       60.8823849
     202      20       7    1992       39.0000000       59.2370437
     203      21       7    1992       37.0000000       57.9356707
     204      22       7    1992       33.0000000       59.9427993
     205      23       7    1992       33.0000000       56.4712818
     206      24       7    1992       33.0000000       54.9415459
     207      25       7    1992       37.0000000       53.7230609
     208      26       7    1992       26.0000000       52.5786923
     209      27       7    1992       24.0000000       51.5045338
     210      28       7    1992       26.0000000       50.4937452
     211      29       7    1992       29.0000000       49.5402550
     212      30       7    1992       19.0000000       48.6386677
     213      31       7    1992       22.0000000       48.6627296
     214       1       8    1992       28.0000000       50.8481820
     215       2       8    1992       35.0000000       46.9495826
     216       3       8    1992       29.0000000       46.0266802
     217       4       8    1992       36.0000000       45.2750426
     218       5       8    1992       52.0000000       44.5581620
     219       6       8    1992       74.0000000       43.8729726
     220       7       8    1992       54.0000000       43.2167347
     221       8       8    1992       57.0000000       42.5869955
     222       9       8    1992       48.0000000       44.3799548
     223      10       8    1992       47.0000000       44.2885551
     224      11       8    1992       46.0000000       49.0127495
     225      12       8    1992       75.0000000       52.5110273
     226      13       8    1992       73.0000000       53.6984636
     227      14       8    1992       66.0000000       54.5129170
     228      15       8    1992       60.0000000       54.4064450
     229      16       8    1992       47.0000000       42.8935052
     230      17       8    1992       46.0000000       41.7954136
     231      18       8    1992       42.0000000       41.0409888
     232      19       8    1992       41.0000000       40.4960995
     233      20       8    1992       40.0000000       46.5003679
     234      21       8    1992       37.0000000       44.5680525
     235      22       8    1992       32.0000000       41.0068982
     236      23       8    1992       32.0000000       41.0452898
     237      24       8    1992       32.0000000       38.8736630
     238      25       8    1992       36.0000000       37.9977704
     239      26       8    1992       27.0000000       37.3782633
     240      27       8    1992       25.0000000       36.7924924
     241      28       8    1992       25.0000000       36.7517155
     242      29       8    1992       28.0000000       40.6482133
     243      30       8    1992       20.0000000       57.5486949
     244      31       8    1992       22.0000000       80.7334508
     245       1       9    1992       49.0000000      104.3035615
     246       2       9    1992       77.0000000       71.9609687
     247       3       9    1992       67.0000000       67.6018904
     248       4       9    1992       45.0000000       67.4751172
     249       5       9    1992       44.0000000       63.2675236
     250       6       9    1992       64.0000000       54.4065104
     251       7       9    1992       52.0000000       51.8780464
     252       8       9    1992       40.0000000       49.8551663
     253       9       9    1992       30.0000000       48.0226687
     254      10       9    1992       34.0000000       46.3571105
     255      11       9    1992       32.0000000       44.9435676
     256      12       9    1992       36.0000000       44.2176588
     257      13       9    1992       28.0000000       42.6488812
     258      14       9    1992       33.0000000       42.1394022
     259      15       9    1992       35.0000000       45.1607730
     260      16       9    1992       30.0000000       40.7500455
     261      17       9    1992       32.0000000       39.5293747
     262      18       9    1992       29.0000000       38.5470258
     263      19       9    1992       30.0000000       38.2189311
     264      20       9    1992       28.0000000       37.0657879
     265      21       9    1992       29.0000000       36.1709176
     266      22       9    1992       29.0000000       35.4138117
     267      23       9    1992       27.0000000       34.7140423
     268      24       9    1992       27.0000000       34.0499079
     269      25       9    1992       23.0000000       33.4155899
     270      26       9    1992       28.0000000       32.8155570
     271      27       9    1992       25.0000000       32.2465795
     272      28       9    1992       25.0000000       31.9151706
     273      29       9    1992       27.0000000       36.5876116
     274      30       9    1992       25.0000000       31.9495913
     275       1      10    1992       27.0000000       31.5320376
     276       2      10    1992       33.0000000       31.7797736
     277       3      10    1992       29.0000000       36.1951432
     278       4      10    1992       31.0000000       31.6205599
     279       5      10    1992       25.0000000       42.7669579
     280       6      10    1992       25.0000000       50.4764334
     281       7      10    1992       36.0000000       42.2146480
     282       8      10    1992       42.0000000       33.5031927
     283       9      10    1992       43.0000000       33.0069711
     284      10      10    1992       26.0000000       39.9921976
     285      11      10    1992       27.0000000       40.9719473
     286      12      10    1992       27.0000000       34.4252676
     287      13      10    1992       26.0000000       33.3737933
     288      14      10    1992       26.0000000       32.6676171
     289      15      10    1992       23.0000000       40.9160731
     290      16      10    1992       21.0000000       48.6355611
     291      17      10    1992       26.0000000       37.4567674
     292      18      10    1992       34.0000000       42.9030131
     293      19      10    1992       37.0000000       37.4550232
     294      20      10    1992       31.0000000       43.9675730
     295      21      10    1992       31.0000000       45.0323434
     296      22      10    1992       35.0000000       43.9124963
     297      23      10    1992       33.0000000       58.5772152
     298      24      10    1992       40.0000000      122.7832038
     299      25      10    1992       74.0000000      159.4098373
     300      26      10    1992      161.0000000      183.5259014
     301      27      10    1992      285.0000000      187.8045756
     302      28      10    1992      244.0000000      206.6862578
     303      29      10    1992      263.0000000      230.7332210
     304      30      10    1992      276.0000000      202.5127893
     305      31      10    1992      186.0000000      170.1800864
     306       1      11    1992      154.0000000      146.9657265
     307       2      11    1992      112.0000000      143.3032965
     308       3      11    1992      104.0000000      147.2162280
     309       4      11    1992       96.0000000      143.9747262
     310       5      11    1992       99.0000000      128.0910084
     311       6      11    1992      126.0000000      112.3874930
     312       7      11    1992       91.0000000      101.0625979
     313       8      11    1992       84.0000000       95.2962255
     314       9      11    1992       81.0000000       97.9391537
     315      10      11    1992       85.0000000      119.3966195
     316      11      11    1992      126.0000000      196.8957433
     317      12      11    1992      279.0000000      252.3757401
     318      13      11    1992      390.0000000      271.4742128
     319      14      11    1992      294.0000000      275.3924916
     320      15      11    1992      260.0000000      323.8317404
     321      16      11    1992      398.0000000      469.2549214
     322      17      11    1992      520.0000000      489.0195808
     323      18      11    1992      487.0000000      448.0000388
     324      19      11    1992      380.0000000      463.7539001
     325      20      11    1992      385.0000000      413.7310515
     326      21      11    1992      351.0000000      391.3004241
     327      22      11    1992      309.0000000      490.3697054
     328      23      11    1992      587.0000000      435.2210039
     329      24      11    1992      661.0000000      369.4301118
     330      25      11    1992      447.0000000      345.6229031
     331      26      11    1992      361.0000000      373.3133609
     332      27      11    1992      351.0000000      365.5322950
     333      28      11    1992      353.0000000      372.3755292
     334      29      11    1992      369.0000000      453.7407680
     335      30      11    1992      452.0000000      478.2495871
     336       1      12    1992      441.0000000      406.2640355
     337       2      12    1992      348.0000000      400.9957019
     338       3      12    1992      394.0000000      457.7113533
     339       4      12    1992      455.0000000      477.2510032
     340       5      12    1992      491.0000000      538.1610632
     341       6      12    1992      469.0000000      480.6357342
     342       7      12    1992      364.0000000      460.6019167
     343       8      12    1992      338.0000000      415.8996938
     344       9      12    1992      334.0000000      352.2196537
     345      10      12    1992      268.0000000      295.3009987
     346      11      12    1992      236.0000000      277.7687376
     347      12      12    1992      230.0000000      287.1810425
     348      13      12    1992      239.0000000      269.9581235
     349      14      12    1992      256.0000000      231.4758426
     350      15      12    1992      217.0000000      205.6310839
     351      16      12    1992      201.0000000      191.4770266
     352      17      12    1992      188.0000000      181.8405898
     353      18      12    1992      176.0000000      174.6759879
     354      19      12    1992      170.0000000      163.2951169
     355      20      12    1992      168.0000000      158.5421378
     356      21      12    1992      131.0000000      160.4765160
     357      22      12    1992      133.0000000      165.3772754
     358      23      12    1992      134.0000000      154.1356077
     359      24      12    1992      127.0000000      145.6088697
     360      25      12    1992      117.0000000      138.6898234
     361      26      12    1992      113.0000000      132.5011629
     362      27      12    1992      100.0000000      126.9443468
     363      28      12    1992       94.0000000      121.9371045
     364      29      12    1992       87.0000000      117.4093901
     365      30      12    1992       86.0000000      113.3013398
     366      31      12    1992       81.0000000      109.5616104
