--------------------------------------------------------------------------------
                                                                   mHM-UFZ v-5.9
                                                    L. Samaniego & R. Kumar, UFZ
--------------------------------------------------------------------------------

         M A I N  mHM  C O N F I G U R A T I O N  I N F O R M A T I O N         

Number of basins                       6
Total No. of gauges                    6
Time Step [h]                          1
             Basin                     1
No. of cells L0                    46545
             Basin                     1
No. of cells L1                       34
Total No. of nodes                    34
Total No. of reaches                  33
No. of cells L11                      34
Total No. of gauges                    6
Basin   1   Hydrology Resolution [m]              24000.
Basin   1   Routing Resolution [m]                24000.
             Basin                     2
No. of cells L0                    46545
             Basin                     2
No. of cells L1                      109
Total No. of nodes                    34
Total No. of reaches                  33
No. of cells L11                      34
Total No. of gauges                    6
Basin   2   Hydrology Resolution [m]              12000.
Basin   2   Routing Resolution [m]                24000.
             Basin                     3
No. of cells L0                    21025
             Basin                     3
No. of cells L1                       19
Total No. of nodes                    19
Total No. of reaches                  18
No. of cells L11                      19
Total No. of gauges                    6
Basin   3   Hydrology Resolution [m]              24000.
Basin   3   Routing Resolution [m]                24000.
             Basin                     4
No. of cells L0                    46545
             Basin                     4
No. of cells L1                       34
Total No. of nodes                    34
Total No. of reaches                  33
No. of cells L11                      34
Total No. of gauges                    6
Basin   4   Hydrology Resolution [m]              24000.
Basin   4   Routing Resolution [m]                24000.
             Basin                     5
No. of cells L0                    46545
             Basin                     5
No. of cells L1                      109
Total No. of nodes                   109
Total No. of reaches                 108
No. of cells L11                     109
Total No. of gauges                    6
Basin   5   Hydrology Resolution [m]              12000.
Basin   5   Routing Resolution [m]                12000.
             Basin                     6
No. of cells L0                    21025
             Basin                     6
No. of cells L1                       19
Total No. of nodes                    19
Total No. of reaches                  18
No. of cells L11                      19
Total No. of gauges                    6
Basin   6   Hydrology Resolution [m]              24000.
Basin   6   Routing Resolution [m]                24000.
Flag READ  restart                     F
Flag WRITE restart                     T

-------------------------------------------------------------
                      Model Run Periods for Basin          1
-------------------------------------------------------------
                                       From                To
                            Day Month  Year   Day Month  Year
Warming Period (1)            2     1  1990    30     6  1990Evaluation Period (2)         1     7  1990    31    12  1990Simulation Period (1)+(2)     2     1  1990    31    12  1990

-------------------------------------------------------------
                      Model Run Periods for Basin          2
-------------------------------------------------------------
                                       From                To
                            Day Month  Year   Day Month  Year
Warming Period (1)            5     7  1990    31    12  1990Evaluation Period (2)         1     1  1991    31    12  1992Simulation Period (1)+(2)     5     7  1990    31    12  1992

-------------------------------------------------------------
                      Model Run Periods for Basin          3
-------------------------------------------------------------
                                       From                To
                            Day Month  Year   Day Month  Year
Warming Period (1)            5     7  1992    31    12  1992Evaluation Period (2)         1     1  1993    31    12  1993Simulation Period (1)+(2)     5     7  1992    31    12  1993

-------------------------------------------------------------
                      Model Run Periods for Basin          4
-------------------------------------------------------------
                                       From                To
                            Day Month  Year   Day Month  Year
Warming Period (1)            6     7  1989    30     6  1990Evaluation Period (2)         1     7  1990    31    12  1990Simulation Period (1)+(2)     6     7  1989    31    12  1990

-------------------------------------------------------------
                      Model Run Periods for Basin          5
-------------------------------------------------------------
                                       From                To
                            Day Month  Year   Day Month  Year
Warming Period (1)           12    11  1991    31    12  1991Evaluation Period (2)         1     1  1992    31    12  1992Simulation Period (1)+(2)    12    11  1991    31    12  1992

-------------------------------------------------------------
                      Model Run Periods for Basin          6
-------------------------------------------------------------
                                       From                To
                            Day Month  Year   Day Month  Year
Warming Period (1)            1     1  1991    31    12  1990Evaluation Period (2)         1     1  1991    31    12  1991Simulation Period (1)+(2)     1     1  1991    31    12  1991

--------------------------------------------------
       Land Cover Observations for Basin         7
--------------------------------------------------
 Start Yea  End Year    Land cover scene     Land Cover File

      1981      1990                   1         lc_1981.asc
      1991      2000               -9999         lc_1991.asc

--------------------------------------------------
       Land Cover Observations for Basin         3
--------------------------------------------------
 Start Yea  End Year    Land cover scene     Land Cover File

      1981      1990                   2         lc_1981.asc
      1991      2000                   2         lc_1991.asc

--------------------------------------------------
       Land Cover Observations for Basin         3
--------------------------------------------------
 Start Yea  End Year    Land cover scene     Land Cover File

      1981      1990                   2         lc_1981.asc
      1991      2000                   2         lc_1991.asc

--------------------------------------------------
       Land Cover Observations for Basin         3
--------------------------------------------------
 Start Yea  End Year    Land cover scene     Land Cover File

      1981      1990                   1         lc_1981.asc
      1991      2000               -9999         lc_1991.asc

--------------------------------------------------
       Land Cover Observations for Basin         3
--------------------------------------------------
 Start Yea  End Year    Land cover scene     Land Cover File

      1981      1990                   2         lc_1981.asc
      1991      2000                   2         lc_1991.asc

--------------------------------------------------
       Land Cover Observations for Basin         3
--------------------------------------------------
 Start Yea  End Year    Land cover scene     Land Cover File

      1981      1990                   2         lc_1981.asc
      1991      2000                   2         lc_1991.asc

-------------------------------------------------------
  Initial Transfer Function Parameter Ranges (gammas)  
-------------------------------------------------------
         i            min            max        current                               name
         1          0.150          0.400          0.150           canopyInterceptionFactor
         2         -2.000          2.000          1.000           snowTreshholdTemperature
         3          0.000          4.000          1.500             degreeDayFactor_forest
         4          0.000          1.000          0.500         degreeDayFactor_impervious
         5          0.000          2.000          0.500           degreeDayFactor_pervious
         6          0.100          0.900          0.500    increaseDegreeDayFactorByPrecip
         7          0.000          8.000          3.000          maxDegreeDayFactor_forest
         8          0.000          8.000          3.500      maxDegreeDayFactor_impervious
         9          0.000          8.000          4.000        maxDegreeDayFactor_pervious
        10          0.000         20.000          3.400            orgMatterContent_forest
        11          0.000          1.000          0.100        orgMatterContent_impervious
        12          0.000          4.000          0.600          orgMatterContent_pervious
        13          0.646          0.951          0.760             PTF_lower66_5_constant
        14          0.000          0.003          0.001                 PTF_lower66_5_clay
        15         -0.373         -0.187         -0.264                   PTF_lower66_5_Db
        16          0.536          1.123          0.890            PTF_higher66_5_constant
        17         -0.005          0.005         -0.001                PTF_higher66_5_clay
        18         -0.551         -0.091         -0.324                  PTF_higher66_5_Db
        19         -1.200         -0.285         -0.585                    PTF_Ks_constant
        20          0.006          0.026          0.013                        PTF_Ks_sand
        21          0.003          0.013          0.006                        PTF_Ks_clay
        22         60.960         60.960         60.960                  PTF_Ks_curveSlope
        23          0.900          0.999          0.970     rootFractionCoefficient_forest
        24          0.900          0.950          0.930 rootFractionCoefficient_impervious
        25          0.001          0.090          0.020   rootFractionCoefficient_pervious
        26          1.000          4.000          1.750            infiltrationShapeFactor
        27          0.000          5.000          0.500          imperviousStorageCapacity
        28          0.700          1.300          0.900             minCorrectionFactorPET
        29          0.000          0.200          0.100             maxCorrectionFactorPET
        30        160.000        200.000        180.000                  aspectTresholdPET
        31         75.000        200.000         85.000     interflowStorageCapacityFactor
        32          0.000         10.000          7.000           interflowRecession_slope
        33          1.000          3.000          1.500      fastInterflowRecession_forest
        34          1.000         30.000         15.000          slowInterflowRecession_Ks
        35          0.050          0.300          0.125              exponentSlowInterflow
        36          0.000         50.000         35.000                rechargeCoefficient
        37         -5.000          5.000         -1.000             rechargeFactor_karstic
        38          1.000          1.000          1.000      gain_loss_GWreservoir_karstic
        39          0.310          0.350          0.325       muskingumTravelTime_constant
        40          0.070          0.080          0.075    muskingumTravelTime_riverLength
        41          1.950          2.100          2.000     muskingumTravelTime_riverSlope
        42          0.090          0.110          0.100     muskingumTravelTime_impervious
        43          0.010          0.500          0.300    muskingumAttenuation_riverSlope
        44          1.000       1000.000        100.000                      GeoParam(1,:)
        45          1.000       1000.000        100.000                      GeoParam(2,:)
        46          1.000       1000.000        100.000                      GeoParam(3,:)
        47          1.000       1000.000        100.000                      GeoParam(4,:)
        48          1.000       1000.000        100.000                      GeoParam(5,:)
        49          1.000       1000.000        100.000                      GeoParam(6,:)
        50          1.000       1000.000        100.000                      GeoParam(7,:)
        51          1.000       1000.000        100.000                      GeoParam(8,:)
        52          1.000       1000.000        100.000                      GeoParam(9,:)
        53          1.000       1000.000        100.000                     GeoParam(10,:)

--------------------------------------------------
                 Basin Runoff Data                
--------------------------------------------------
 Gauge No.  Basin Id     Qmax[m3/s]     Qmin[m3/s]
         1         1        774.000         16.000
         2         2        932.000         11.000
         3         3       1185.000         32.800
         4         4        774.000         16.000
         5         5        661.000         19.000
         6         6      -9999.000      -9999.000

--------------------------------------------------------------------------------
                          Basin-wise Configuration
--------------------------------------------------------------------------------

--------------------------------------------------------------------------------
                                 Directory list
--------------------------------------------------------------------------------
Directory to morphological input             ../../test_basin/input/morph/                                                                                                                                                                                                                                   
Directory to land cover input                ../../test_basin/input/luse/                                                                                                                                                                                                                                    
Directory to gauging station input           ../../test_basin/input/gauge/                                                                                                                                                                                                                                   
Directory to precipitation input             ../../test_basin/input/meteo/pre/                                                                                                                                                                                                                               
Directory to temperature input               ../../test_basin/input/meteo/tavg/                                                                                                                                                                                                                              
Directory to reference ET input              ../../test_basin/input/meteo/pet/                                                                                                                                                                                                                               
Directory to write output by default         output_b1/b1_                                                                                                                                                                                                                                                   
Directory to write output when restarted     output_b1/b1_                                                                                                                                                                                                                                                   

------------------------------
River Network  (Routing level)
------------------------------
                                           Label 0 = intermediate draining cell 
                                           Label 1 = headwater cell             
                                           Label 2 = sink cell                  

---------------------------------------------------------------------------
   Overall      From        To   Routing     Label         Length      Mean
      Link   Routing   Routing  Sequence                              Slope
        Id      Node      Node                               [km]    [o/oo]
---------------------------------------------------------------------------
         1         1         5         1         1          7.536     0.100
         6         7         3         2         1         28.349     0.100
         9        10         9         3         1          9.243     1.190
        10        11         8         4         1         40.042     0.999
        14        15        14         5         1         27.728     0.938
        19        20        19         6         1         28.435     1.653
        20        21        16         7         1         21.728     4.786
        24        25        24         8         1         32.127     4.171
        29        30        26         9         1         28.642     3.840
        32        33        29        10         1         27.142    13.116
        33        34        32        11         1         31.763     2.613
         2         3         4        12         0         29.642     0.100
         7         8         4        13         0          1.414     0.100
        13        14        13        14         0         38.213     0.576
        15        16        17        15         0          9.985     0.100
        18        19        18        16         0         33.799     1.036
        25        26        22        17         0         61.734     0.794
        28        29        28        18         0          6.243     3.204
        31        32        31        19         0         16.399     1.342
         3         4         5        20         0         38.420     0.833
        12        13        12        21         0         42.127     0.166
        17        18        17        22         0         42.542     0.282
        27        28        24        23         0         32.835     1.980
        30        31        27        24         0         32.728     2.781
        23        24        23        25         0         34.420     1.133
        26        27        23        26         0         29.799     1.141
        22        23        22        27         0          0.707     0.100
        21        22        17        28         0         38.456     0.364
        16        17        12        29         0         35.885     1.728
        11        12         9        30         0         30.263     0.100
         8         9         5        31         0         24.399     0.100
         4         5         6        32         0          5.036     0.100
         5         6         2        33         2         14.692     0.100

--------------------
   Overall     Basin
      Cell   Routing
        Id   Node Id
--------------------
         1
         2
         3
         4
         5
         6
         7
         8
         9
        10
        11
        12
        13
        14
        15
        16
        17
        18
        19
        20
        21
        22
        23
        24
        25
        26
        27
        28
        29
        30
        31
        32
        33
        34

------------------------------
  Modeling   Routing Effective
      Cell   Cell Id      Area
        Id       [-]     [km2]
------------------------------
         1         1   126.750
         2         2   229.750
         3         3   107.750
         4         4   312.500
         5         5   573.750
         6         6   314.250
         7         7    42.500
         8         8   524.750
         9         9   576.000
        10        10   146.500
        11        11   470.000
        12        12   576.000
        13        13   414.500
        14        14   340.750
        15        15     9.000
        16        16   230.250
        17        17   576.000
        18        18   576.000
        19        19   527.250
        20        20    48.250
        21        21    10.500
        22        22   545.000
        23        23   576.000
        24        24   576.000
        25        25   318.500
        26        26   456.250
        27        27   551.250
        28        28   576.000
        29        29   337.000
        30        30     3.250
        31        31   198.000
        32        32   555.250
        33        33    89.000
        34        34   121.750
------------------------------
     Total[km2]      11636.250


--------------------------------------------------------------------------------
                                 Directory list
--------------------------------------------------------------------------------
Directory to morphological input             ../../test_basin/input/morph/                                                                                                                                                                                                                                   
Directory to land cover input                ../../test_basin/input/luse/                                                                                                                                                                                                                                    
Directory to gauging station input           ../../test_basin/input/gauge/                                                                                                                                                                                                                                   
Directory to precipitation input             ../../test_basin/input/meteo/pre/                                                                                                                                                                                                                               
Directory to temperature input               ../../test_basin/input/meteo/tavg/                                                                                                                                                                                                                              
Directory to reference ET input              ../../test_basin/input/meteo/pet/                                                                                                                                                                                                                               
Directory to write output by default         output_b1/b2_                                                                                                                                                                                                                                                   
Directory to write output when restarted     output_b1/b2_                                                                                                                                                                                                                                                   

------------------------------
River Network  (Routing level)
------------------------------
                                           Label 0 = intermediate draining cell 
                                           Label 1 = headwater cell             
                                           Label 2 = sink cell                  

---------------------------------------------------------------------------
   Overall      From        To   Routing     Label         Length      Mean
      Link   Routing   Routing  Sequence                              Slope
        Id      Node      Node                               [km]    [o/oo]
---------------------------------------------------------------------------
        35         1         5         1         1          7.536     0.100
        40         7         3         2         1         28.349     0.100
        43        10         9         3         1          9.243     1.190
        44        11         8         4         1         40.042     0.999
        48        15        14         5         1         27.728     0.938
        53        20        19         6         1         28.435     1.653
        54        21        16         7         1         21.728     4.786
        58        25        24         8         1         32.127     4.171
        63        30        26         9         1         28.642     3.840
        66        33        29        10         1         27.142    13.116
        67        34        32        11         1         31.763     2.613
        36         3         4        12         0         29.642     0.100
        41         8         4        13         0          1.414     0.100
        47        14        13        14         0         38.213     0.576
        49        16        17        15         0          9.985     0.100
        52        19        18        16         0         33.799     1.036
        59        26        22        17         0         61.734     0.794
        62        29        28        18         0          6.243     3.204
        65        32        31        19         0         16.399     1.342
        37         4         5        20         0         38.420     0.833
        46        13        12        21         0         42.127     0.166
        51        18        17        22         0         42.542     0.282
        61        28        24        23         0         32.835     1.980
        64        31        27        24         0         32.728     2.781
        57        24        23        25         0         34.420     1.133
        60        27        23        26         0         29.799     1.141
        56        23        22        27         0          0.707     0.100
        55        22        17        28         0         38.456     0.364
        50        17        12        29         0         35.885     1.728
        45        12         9        30         0         30.263     0.100
        42         9         5        31         0         24.399     0.100
        38         5         6        32         0          5.036     0.100
        39         6         2        33         2         14.692     0.100

--------------------
   Overall     Basin
      Cell   Routing
        Id   Node Id
--------------------
         1
         2
         3
         4
         5
         6
         7
         8
         9
        10
        11
        12
        13
        14
        15
        16
        17
        18
        19
        20
        21
        22
        23
        24
        25
        26
        27
        28
        29
        30
        31
        32
        33
        34

------------------------------
  Modeling   Routing Effective
      Cell   Cell Id      Area
        Id       [-]     [km2]
------------------------------
         1         1     8.250
         2         2    29.750
         3         3    26.750
         4         4    91.750
         5         5   134.250
         6         6    65.750
         7         7     8.000
         8         8    20.750
         9         9    35.000
        10        10   141.750
        11        11   144.000
        12        12   144.000
        13        13    29.500
        14        14    99.750
        15        15   138.750
        16        16   118.000
        17        17   144.000
        18        18   144.000
        19        19   138.000
        20        20     2.750
        21        21    41.750
        22        22   144.000
        23        23   144.000
        24        24   144.000
        25        25   144.000
        26        26    86.500
        27        27     0.750
        28        28    92.750
        29        29   144.000
        30        30   144.000
        31        31   144.000
        32        32    60.000
        33        33    95.750
        34        34   144.000
        35         1   144.000
        36         2   144.000
        37         1   112.000
        38         1    23.250
        39         2    61.750
        40         2     7.000
        41         3    86.250
        42         4   144.000
        43         4   144.000
        44         5   144.000
        45         5   144.000
        46         6   135.250
        47         6   144.000
        48         3   128.000
        49         4     9.000
        50         4   134.000
        51         5   144.000
        52         5   144.000
        53         6   144.000
        54         6   144.000
        55         7   144.000
        56         8    99.250
        57         8    96.250
        58         9   144.000
        59         9   144.000
        60        10   144.000
        61         7   144.000
        62         8   144.000
        63         8   140.000
        64         9    48.250
        65         9    10.500
        66        10   141.250
        67        11   144.000
        68        11   144.000
        69        12   144.000
        70        12   144.000
        71        13   144.000
        72        13   140.000
        73        14    29.250
        74        14   115.750
        75        11   144.000
        76        11   144.000
        77        12   144.000
        78        12   144.000
        79        13   144.000
        80        13   144.000
        81        14     5.250
        82        14   112.750
        83        15   144.000
        84        16   144.000
        85        17   144.000
        86        17   144.000
        87        18   144.000
        88        18   144.000
        89        19    59.250
        90        19    61.250
        91        16   138.250
        92        17   119.250
        93        17   144.000
        94        18   144.000
        95        18   144.000
        96        19   128.000
        97        19     5.750
        98        20     3.250
        99        21    10.250
       100        22   138.500
       101        22   144.000
       102        23   144.000
       103        23    83.750
       104        24    49.250
       105        24   144.000
       106        25   123.250
       107        25     5.250
       108        22    45.750
       109        22    76.000
------------------------------
     Total[km2]      11636.250


--------------------------------------------------------------------------------
                                 Directory list
--------------------------------------------------------------------------------
Directory to morphological input             ../../test_basin_2/input/morph/                                                                                                                                                                                                                                 
Directory to land cover input                ../../test_basin_2/input/luse/                                                                                                                                                                                                                                  
Directory to gauging station input           ../../test_basin_2/input/gauge/                                                                                                                                                                                                                                 
Directory to precipitation input             ../../test_basin_2/input/meteo/pre/                                                                                                                                                                                                                             
Directory to temperature input               ../../test_basin_2/input/meteo/tavg/                                                                                                                                                                                                                            
Directory to reference ET input              ../../test_basin_2/input/meteo/pet/                                                                                                                                                                                                                             
Directory to write output by default         output_b1/b3_                                                                                                                                                                                                                                                   
Directory to write output when restarted     output_b1/b3_                                                                                                                                                                                                                                                   

------------------------------
River Network  (Routing level)
------------------------------
                                           Label 0 = intermediate draining cell 
                                           Label 1 = headwater cell             
                                           Label 2 = sink cell                  

---------------------------------------------------------------------------
   Overall      From        To   Routing     Label         Length      Mean
      Link   Routing   Routing  Sequence                              Slope
        Id      Node      Node                               [km]    [o/oo]
---------------------------------------------------------------------------
        69         1         2         1         1         25.521     9.326
        72         4         3         2         1         45.249    15.249
        73         5         6         3         1         32.435     4.902
        76         8        12         4         1         21.814     0.100
        77        10        11         5         1         21.814     2.888
        81        14        15         6         1         67.684     3.516
        84        17        16         7         1         18.399     5.000
        86        19        18         8         1          0.707     0.100
        70         2         6         9         0          7.450     3.356
        71         3         7        10         0         33.006     3.333
        74         6         7        11         0         31.335     2.042
        75         7        11        12         0          6.328     0.100
        83        16        12        13         0         54.648     0.100
        85        18        15        14         0         33.835     4.581
        82        15        11        15         0         61.855     1.633
        78        11        12        16         0         27.814     0.100
        79        12        13        17         0         15.607     0.100
        80        13         9        18         2         10.157     0.100

--------------------
   Overall     Basin
      Cell   Routing
        Id   Node Id
--------------------
         1
         2
         3
         4
         5
         6
         7
         8
         9
        10
        11
        12
        13
        14
        15
        16
        17
        18
        19

------------------------------
  Modeling   Routing Effective
      Cell   Cell Id      Area
        Id       [-]     [km2]
------------------------------
         1         1   210.750
         2         2   299.750
         3         3   218.500
         4         4    31.250
         5         5   150.500
         6         6   487.250
         7         7   576.000
         8         8   450.500
         9         9   179.500
        10        10   227.000
        11        11   576.000
        12        12   524.500
        13        13   168.500
        14        14    42.750
        15        15   449.250
        16        16   398.750
        17        17    12.000
        18        18    89.500
        19        19   164.000
------------------------------
     Total[km2]       5256.250


--------------------------------------------------------------------------------
                                 Directory list
--------------------------------------------------------------------------------
Directory to morphological input             ../../test_basin/input/morph/                                                                                                                                                                                                                                   
Directory to land cover input                ../../test_basin/input/luse/                                                                                                                                                                                                                                    
Directory to gauging station input           ../../test_basin/input/gauge/                                                                                                                                                                                                                                   
Directory to precipitation input             ../../test_basin/input/meteo/pre/                                                                                                                                                                                                                               
Directory to temperature input               ../../test_basin/input/meteo/tavg/                                                                                                                                                                                                                              
Directory to reference ET input              ../../test_basin/input/meteo/pet/                                                                                                                                                                                                                               
Directory to write output by default         output_b1/b4_                                                                                                                                                                                                                                                   
Directory to write output when restarted     output_b1/b4_                                                                                                                                                                                                                                                   

------------------------------
River Network  (Routing level)
------------------------------
                                           Label 0 = intermediate draining cell 
                                           Label 1 = headwater cell             
                                           Label 2 = sink cell                  

---------------------------------------------------------------------------
   Overall      From        To   Routing     Label         Length      Mean
      Link   Routing   Routing  Sequence                              Slope
        Id      Node      Node                               [km]    [o/oo]
---------------------------------------------------------------------------
        88         1         5         1         1          7.536     0.100
        93         7         3         2         1         28.349     0.100
        96        10         9         3         1          9.243     1.190
        97        11         8         4         1         40.042     0.999
       101        15        14         5         1         27.728     0.938
       106        20        19         6         1         28.435     1.653
       107        21        16         7         1         21.728     4.786
       111        25        24         8         1         32.127     4.171
       116        30        26         9         1         28.642     3.840
       119        33        29        10         1         27.142    13.116
       120        34        32        11         1         31.763     2.613
        89         3         4        12         0         29.642     0.100
        94         8         4        13         0          1.414     0.100
       100        14        13        14         0         38.213     0.576
       102        16        17        15         0          9.985     0.100
       105        19        18        16         0         33.799     1.036
       112        26        22        17         0         61.734     0.794
       115        29        28        18         0          6.243     3.204
       118        32        31        19         0         16.399     1.342
        90         4         5        20         0         38.420     0.833
        99        13        12        21         0         42.127     0.166
       104        18        17        22         0         42.542     0.282
       114        28        24        23         0         32.835     1.980
       117        31        27        24         0         32.728     2.781
       110        24        23        25         0         34.420     1.133
       113        27        23        26         0         29.799     1.141
       109        23        22        27         0          0.707     0.100
       108        22        17        28         0         38.456     0.364
       103        17        12        29         0         35.885     1.728
        98        12         9        30         0         30.263     0.100
        95         9         5        31         0         24.399     0.100
        91         5         6        32         0          5.036     0.100
        92         6         2        33         2         14.692     0.100

--------------------
   Overall     Basin
      Cell   Routing
        Id   Node Id
--------------------
         1
         2
         3
         4
         5
         6
         7
         8
         9
        10
        11
        12
        13
        14
        15
        16
        17
        18
        19
        20
        21
        22
        23
        24
        25
        26
        27
        28
        29
        30
        31
        32
        33
        34

------------------------------
  Modeling   Routing Effective
      Cell   Cell Id      Area
        Id       [-]     [km2]
------------------------------
         1         1   126.750
         2         2   229.750
         3         3   107.750
         4         4   312.500
         5         5   573.750
         6         6   314.250
         7         7    42.500
         8         8   524.750
         9         9   576.000
        10        10   146.500
        11        11   470.000
        12        12   576.000
        13        13   414.500
        14        14   340.750
        15        15     9.000
        16        16   230.250
        17        17   576.000
        18        18   576.000
        19        19   527.250
        20        20    48.250
        21        21    10.500
        22        22   545.000
        23        23   576.000
        24        24   576.000
        25        25   318.500
        26        26   456.250
        27        27   551.250
        28        28   576.000
        29        29   337.000
        30        30     3.250
        31        31   198.000
        32        32   555.250
        33        33    89.000
        34        34   121.750
------------------------------
     Total[km2]      11636.250


--------------------------------------------------------------------------------
                                 Directory list
--------------------------------------------------------------------------------
Directory to morphological input             ../../test_basin/input/morph/                                                                                                                                                                                                                                   
Directory to land cover input                ../../test_basin/input/luse/                                                                                                                                                                                                                                    
Directory to gauging station input           ../../test_basin/input/gauge/                                                                                                                                                                                                                                   
Directory to precipitation input             ../../test_basin/input/meteo/pre/                                                                                                                                                                                                                               
Directory to temperature input               ../../test_basin/input/meteo/tavg/                                                                                                                                                                                                                              
Directory to reference ET input              ../../test_basin/input/meteo/pet/                                                                                                                                                                                                                               
Directory to write output by default         output_b1/b5_                                                                                                                                                                                                                                                   
Directory to write output when restarted     output_b1/b5_                                                                                                                                                                                                                                                   

------------------------------
River Network  (Routing level)
------------------------------
                                           Label 0 = intermediate draining cell 
                                           Label 1 = headwater cell             
                                           Label 2 = sink cell                  

---------------------------------------------------------------------------
   Overall      From        To   Routing     Label         Length      Mean
      Link   Routing   Routing  Sequence                              Slope
        Id      Node      Node                               [km]    [o/oo]
---------------------------------------------------------------------------
       122         1         2         1         1          5.328     7.695
       124         3        10         2         1         24.678     5.997
       125         4        11         3         1          7.536     0.100
       127         7         8         4         1          1.207     0.100
       129         9        10         5         1         19.642     3.920
       133        13         6         6         2          7.036    10.092
       140        20        19         7         1          4.121    18.441
       141        21        14         8         1         15.399     0.100
       144        24        25         9         1         18.228     1.591
       146        26        25        10         1          9.243     1.190
       147        27        28        11         1         33.592     4.674
       152        32        31        12         1         16.450     0.100
       158        38        37        13         1         17.435     2.409
       159        39        47        14         1         21.607     0.231
       160        40        48        15         1         19.399     0.412
       161        41        33        16         1          3.328     0.100
       162        42        43        17         1          8.864     0.100
       169        49        48        18         1         13.657     3.222
       176        56        55        19         1         13.036     0.460
       184        64        63        20         1         14.778     2.368
       185        65        57        21         1         14.485     7.180
       186        66        67        22         1         14.278     2.381
       191        71        70        23         1         17.278     2.141
       193        73        72        24         1         13.485     5.636
       194        74        75        25         1         37.799     0.635
       197        77        69        26         1         19.142     1.515
       201        81        89        27         1         20.314    10.732
       202        82        83        28         1         39.006     0.897
       205        85        84        29         1          7.243     4.418
       206        86        78        30         1         14.278     2.872
       210        90        91        31         1          4.121     3.882
       217        97        96        32         1         17.899    14.581
       218        98        91        33         1         10.864     7.456
       219        99       100        34         1         14.692     6.398
       222       102        95        35         1          6.036    23.030
       223       103        96        36         1         17.192    16.984
       224       104       100        37         1         15.899     1.384
       227       107       106        38         1         16.899    17.397
       229       109       108        39         1          7.864     4.578
       123         2         5        40         0         12.485     0.641
       128         8        15        41         0         18.399     0.100
       130        10        17        42         0          5.536    20.775
       134        14        15        43         0         16.692     0.100
       135        15        22        44         0          0.500     0.100
       139        19        12        45         0         24.435     0.100
       142        22        23        46         0         12.450     0.100
       143        23        16        47         0          1.414     0.100
       148        28        29        48         0         19.349     0.100
       153        33        34        49         0         14.021     0.100
       154        34        29        50         0          4.243     0.100
       168        48        47        51         0         14.071     0.100
       175        55        54        52         0          9.743     0.308
       177        57        50        53         0          7.243     0.100
       183        63        62        54         0         13.657     0.879
       192        72        80        55         0         16.814     4.520
       200        80        79        56         0         15.192     4.937
       209        89        88        57         0         16.192     4.632
       211        91        83        58         0         13.657     2.636
       215        95        94        59         0         16.399     4.817
       216        96        88        60         0          9.950     5.829
       226       106       105        61         0         11.450     6.376
       228       108       105        62         0         15.864     3.845
       136        16        17        63         0         15.107     2.118
       137        17        18        64         0         11.950     0.100
       149        29        30        65         0         16.864     3.499
       167        47        46        66         0         13.657     0.439
       170        50        51        67         0          9.985     0.100
       174        54        61        68         0         16.278     1.229
       182        62        61        69         0         15.485     0.517
       203        83        75        70         0         38.299     0.914
       208        88        87        71         0          6.243     3.204
       214        94        93        72         0          6.450     1.550
       225       105       101        73         0          6.828     0.732
       166        46        45        74         0         15.192     0.922
       207        87        79        75         0         15.899     0.377
       221       101       100        76         0         16.399     1.342
       165        45        37        77         0          9.364     0.214
       199        79        78        78         0          1.414     0.100
       220       100        93        79         0         10.243     3.417
       157        37        36        80         0         42.127     0.166
       198        78        70        81         0         15.521     2.062
       213        93        92        82         0          7.914     3.285
       156        36        35        83         0         10.036     0.100
       190        70        69        84         0          3.828     1.045
       212        92        84        85         0         14.571     1.853
       189        69        61        86         0         12.278     0.489
       204        84        76        87         0          9.485     2.214
       181        61        60        88         0         16.399     3.232
       196        76        75        89         0          6.536     0.765
       180        60        53        90         0          1.914    10.971
       195        75        68        91         0         13.778     0.145
       173        53        52        92         0         13.985     0.143
       188        68        67        93         0          0.707     0.100
       172        52        44        94         0         13.692     1.753
       187        67        59        95         0         15.021     0.100
       164        44        43        96         0          1.000     0.100
       179        59        58        97         0          5.243     0.100
       178        58        51        98         0         18.192     0.770
       171        51        43        99         0         21.021     2.949
       163        43        35       100         0          3.828     0.100
       155        35        30       101         0         11.328     0.100
       150        30        31       102         0          1.914     0.100
       151        31        25       103         0         17.021     0.100
       145        25        18       104         0         13.036     0.100
       138        18        11       105         0         11.364     0.100
       131        11        12       106         0          5.036     0.100
       132        12         5       107         0         11.485     0.100
       126         5         6       108         2          3.207     9.354

--------------------
   Overall     Basin
      Cell   Routing
        Id   Node Id
--------------------
         1
         2
         3
         4
         5
         6
         7
         8
         9
        10
        11
        12
        13
        14
        15
        16
        17
        18
        19
        20
        21
        22
        23
        24
        25
        26
        27
        28
        29
        30
        31
        32
        33
        34
        35
        36
        37
        38
        39
        40
        41
        42
        43
        44
        45
        46
        47
        48
        49
        50
        51
        52
        53
        54
        55
        56
        57
        58
        59
        60
        61
        62
        63
        64
        65
        66
        67
        68
        69
        70
        71
        72
        73
        74
        75
        76
        77
        78
        79
        80
        81
        82
        83
        84
        85
        86
        87
        88
        89
        90
        91
        92
        93
        94
        95
        96
        97
        98
        99
       100
       101
       102
       103
       104
       105
       106
       107
       108
       109

------------------------------
  Modeling   Routing Effective
      Cell   Cell Id      Area
        Id       [-]     [km2]
------------------------------
         1         1     8.250
         2         2    29.750
         3         3    26.750
         4         4    91.750
         5         5   134.250
         6         6    65.750
         7         7     8.000
         8         8    20.750
         9         9    35.000
        10        10   141.750
        11        11   144.000
        12        12   144.000
        13        13    29.500
        14        14    99.750
        15        15   138.750
        16        16   118.000
        17        17   144.000
        18        18   144.000
        19        19   138.000
        20        20     2.750
        21        21    41.750
        22        22   144.000
        23        23   144.000
        24        24   144.000
        25        25   144.000
        26        26    86.500
        27        27     0.750
        28        28    92.750
        29        29   144.000
        30        30   144.000
        31        31   144.000
        32        32    60.000
        33        33    95.750
        34        34   144.000
        35         1   144.000
        36         2   144.000
        37         1   112.000
        38         1    23.250
        39         2    61.750
        40         2     7.000
        41         3    86.250
        42         4   144.000
        43         4   144.000
        44         5   144.000
        45         5   144.000
        46         6   135.250
        47         6   144.000
        48         3   128.000
        49         4     9.000
        50         4   134.000
        51         5   144.000
        52         5   144.000
        53         6   144.000
        54         6   144.000
        55         7   144.000
        56         8    99.250
        57         8    96.250
        58         9   144.000
        59         9   144.000
        60        10   144.000
        61         7   144.000
        62         8   144.000
        63         8   140.000
        64         9    48.250
        65         9    10.500
        66        10   141.250
        67        11   144.000
        68        11   144.000
        69        12   144.000
        70        12   144.000
        71        13   144.000
        72        13   140.000
        73        14    29.250
        74        14   115.750
        75        11   144.000
        76        11   144.000
        77        12   144.000
        78        12   144.000
        79        13   144.000
        80        13   144.000
        81        14     5.250
        82        14   112.750
        83        15   144.000
        84        16   144.000
        85        17   144.000
        86        17   144.000
        87        18   144.000
        88        18   144.000
        89        19    59.250
        90        19    61.250
        91        16   138.250
        92        17   119.250
        93        17   144.000
        94        18   144.000
        95        18   144.000
        96        19   128.000
        97        19     5.750
        98        20     3.250
        99        21    10.250
       100        22   138.500
       101        22   144.000
       102        23   144.000
       103        23    83.750
       104        24    49.250
       105        24   144.000
       106        25   123.250
       107        25     5.250
       108        22    45.750
       109        22    76.000
------------------------------
     Total[km2]      11636.250


--------------------------------------------------------------------------------
                                 Directory list
--------------------------------------------------------------------------------
Directory to morphological input             ../../test_basin_2/input/morph/                                                                                                                                                                                                                                 
Directory to land cover input                ../../test_basin_2/input/luse/                                                                                                                                                                                                                                  
Directory to gauging station input           ../../test_basin_2/input/gauge/                                                                                                                                                                                                                                 
Directory to precipitation input             ../../test_basin_2/input/meteo/pre/                                                                                                                                                                                                                             
Directory to temperature input               ../../test_basin_2/input/meteo/tavg/                                                                                                                                                                                                                            
Directory to reference ET input              ../../test_basin_2/input/meteo/pet/                                                                                                                                                                                                                             
Directory to write output by default         output_b1/b6_                                                                                                                                                                                                                                                   
Directory to write output when restarted     output_b1/b6_                                                                                                                                                                                                                                                   

------------------------------
River Network  (Routing level)
------------------------------
                                           Label 0 = intermediate draining cell 
                                           Label 1 = headwater cell             
                                           Label 2 = sink cell                  

---------------------------------------------------------------------------
   Overall      From        To   Routing     Label         Length      Mean
      Link   Routing   Routing  Sequence                              Slope
        Id      Node      Node                               [km]    [o/oo]
---------------------------------------------------------------------------
       231         1         2         1         1         25.521     9.326
       234         4         3         2         1         45.249    15.249
       235         5         6         3         1         32.435     4.902
       238         8        12         4         1         21.814     0.100
       239        10        11         5         1         21.814     2.888
       243        14        15         6         1         67.684     3.516
       246        17        16         7         1         18.399     5.000
       248        19        18         8         1          0.707     0.100
       232         2         6         9         0          7.450     3.356
       233         3         7        10         0         33.006     3.333
       236         6         7        11         0         31.335     2.042
       237         7        11        12         0          6.328     0.100
       245        16        12        13         0         54.648     0.100
       247        18        15        14         0         33.835     4.581
       244        15        11        15         0         61.855     1.633
       240        11        12        16         0         27.814     0.100
       241        12        13        17         0         15.607     0.100
       242        13         9        18         2         10.157     0.100

--------------------
   Overall     Basin
      Cell   Routing
        Id   Node Id
--------------------
         1
         2
         3
         4
         5
         6
         7
         8
         9
        10
        11
        12
        13
        14
        15
        16
        17
        18
        19

------------------------------
  Modeling   Routing Effective
      Cell   Cell Id      Area
        Id       [-]     [km2]
------------------------------
         1         1   210.750
         2         2   299.750
         3         3   218.500
         4         4    31.250
         5         5   150.500
         6         6   487.250
         7         7   576.000
         8         8   450.500
         9         9   179.500
        10        10   227.000
        11        11   576.000
        12        12   524.500
        13        13   168.500
        14        14    42.750
        15        15   449.250
        16        16   398.750
        17        17    12.000
        18        18    89.500
        19        19   164.000
------------------------------
     Total[km2]       5256.250

 
