--------------------------------------------------------------------------------
                                                                   mHM-UFZ v-5.0
                                                    L. Samaniego & R. Kumar, UFZ
--------------------------------------------------------------------------------

         M A I N  mHM  C O N F I G U R A T I O N  I N F O R M A T I O N         

Number of basins                       3
Total No. of nodes                   102
Total No. of reaches                 101
No. of cells L0                    46545
No. of cells L1                      102
No. of cells L11                     102
Total No. of gauges                    6
Time Step [h]                          1
Basin   1   Hydrology Resolution [m]          24000.
Basin   1   Routing Resolution [m]            24000.
Basin   2   Hydrology Resolution [m]          24000.
Basin   2   Routing Resolution [m]            24000.
Basin   3   Hydrology Resolution [m]          24000.
Basin   3   Routing Resolution [m]            24000.
Flag READ  restart                     F
Flag WRITE restart                     T

-------------------------------------------------------------
                      Model Run Periods for Basin          1
-------------------------------------------------------------
                                       From                To
                            Day Month  Year   Day Month  Year
Warming Period (1)            6     1  1989    31    12  1989
Evaluation Period (2)         1     1  1990    31    12  1993
Simulation Period (1)+(2)     6     1  1989    31    12  1993


-------------------------------------------------------------
                      Model Run Periods for Basin          2
-------------------------------------------------------------
                                       From                To
                            Day Month  Year   Day Month  Year
Warming Period (1)            6     1  1989    31    12  1989
Evaluation Period (2)         1     1  1990    31    12  1993
Simulation Period (1)+(2)     6     1  1989    31    12  1993


-------------------------------------------------------------
                      Model Run Periods for Basin          3
-------------------------------------------------------------
                                       From                To
                            Day Month  Year   Day Month  Year
Warming Period (1)            6     1  1989    31    12  1989
Evaluation Period (2)         1     1  1990    31    12  1993
Simulation Period (1)+(2)     6     1  1989    31    12  1993


--------------------------------------------------
       Land Cover Observations for Basin         4
--------------------------------------------------
      Year    Land cover scene     Land Cover File

      1989                   1         lc_1990.asc
      1990                   1         lc_1990.asc
      1991                   2         lc_1990.asc
      1992                   2         lc_1990.asc
      1993                   2         lc_1990.asc

--------------------------------------------------
       Land Cover Observations for Basin         6
--------------------------------------------------
      Year    Land cover scene     Land Cover File

      1989                   1         lc_1990.asc
      1990                   1         lc_1990.asc
      1991                   2         lc_1990.asc
      1992                   2         lc_1990.asc
      1993                   2         lc_1990.asc

--------------------------------------------------
       Land Cover Observations for Basin         6
--------------------------------------------------
      Year    Land cover scene     Land Cover File

      1989                   1         lc_1990.asc
      1990                   1         lc_1990.asc
      1991                   2         lc_1990.asc
      1992                   2         lc_1990.asc
      1993                   2         lc_1990.asc

-------------------------------------------------------
  Initial Transfer Function Parameter Ranges (gammas)  
-------------------------------------------------------
         i            min            max        current                               name
         1          0.150          0.400          0.182           canopyInterceptionFactor
         2         -2.000          2.000          0.773           snowTreshholdTemperature
         3          0.000          4.000          1.122             degreeDayFactor_forest
         4          0.000          1.000          0.736         degreeDayFactor_impervious
         5          0.000          2.000          1.368           degreeDayFactor_pervious
         6          0.100          0.900          0.287    increaseDegreeDayFactorByPrecip
         7          0.000          8.000          5.260          maxDegreeDayFactor_forest
         8          0.000          8.000          4.342      maxDegreeDayFactor_impervious
         9          0.000          8.000          5.078        maxDegreeDayFactor_pervious
        10          0.000         20.000          6.374            orgMatterContent_forest
        11          0.000          1.000          0.063        orgMatterContent_impervious
        12          0.000          4.000          0.163          orgMatterContent_pervious
        13          0.646          0.951          0.798             PTF_lower66_5_constant
        14          0.000          0.003          0.001                 PTF_lower66_5_clay
        15         -0.373         -0.187         -0.262                   PTF_lower66_5_Db
        16          0.536          1.123          0.881            PTF_higher66_5_constant
        17         -0.005          0.005         -0.001                PTF_higher66_5_clay
        18         -0.551         -0.091         -0.321                  PTF_higher66_5_Db
        19         -1.200         -0.285         -0.597                    PTF_Ks_constant
        20          0.006          0.026          0.012                        PTF_Ks_sand
        21          0.003          0.013          0.006                        PTF_Ks_clay
        22          1.000        150.000         61.960                  PTF_Ks_curveSlope
        23          0.900          0.999          0.990     rootFractionCoefficient_forest
        24          0.900          0.950          0.924 rootFractionCoefficient_impervious
        25          0.001          0.090          0.042   rootFractionCoefficient_pervious
        26          1.000          4.000          2.895            infiltrationShapeFactor
        27          0.000          5.000          0.905          imperviousStorageCapacity
        28          0.700          1.300          0.931             minCorrectionFactorPET
        29          0.000          0.200          0.077             maxCorrectionFactorPET
        30        160.000        200.000        183.800                  aspectTresholdPET
        31         75.000        200.000         91.280     interflowStorageCapacityFactor
        32          0.000         10.000          8.490           interflowRecession_slope
        33          1.000          3.000          1.760      fastInterflowRecession_forest
        34          1.000         30.000          8.907          slowInterflowRecession_Ks
        35          0.050          0.300          0.150              exponentSlowInterflow
        36          0.000         50.000         10.380                rechargeCoefficient
        37         -5.000          5.000         -1.251             rechargeFactor_karstic
        38          1.000          1.000          1.000      gain_loss_GWreservoir_karstic
        39          0.310          0.350          0.310       muskingumTravelTime_constant
        40          0.070          0.080          0.073    muskingumTravelTime_riverLength
        41          1.950          2.100          1.964     muskingumTravelTime_riverSlope
        42          0.090          0.110          0.092     muskingumTravelTime_impervious
        43          0.010          0.500          0.095    muskingumAttenuation_riverSlope
        44          1.000       1000.000        100.000                      GeoParam(1,:)
        45          1.000       1000.000        100.000                      GeoParam(2,:)
        46          1.000       1000.000        100.000                      GeoParam(3,:)
        47          1.000       1000.000        100.000                      GeoParam(4,:)
        48          1.000       1000.000        100.000                      GeoParam(5,:)
        49          1.000       1000.000        100.000                      GeoParam(6,:)
        50          1.000       1000.000        100.000                      GeoParam(7,:)
        51          1.000       1000.000        100.000                      GeoParam(8,:)
        52          1.000       1000.000        100.000                      GeoParam(9,:)
        53      -9999.000      -9999.000      -9999.000                     GeoParam(10,:)

--------------------------------------------------
                 Basin Runoff Data                
--------------------------------------------------
 Gauge No.  Basin Id     Qmax[m3/s]     Qmin[m3/s]
         1         1       1600.000         11.000
         2         1       6310.000        714.000
         3         2       1600.000         11.000
         4         2       6310.000        714.000
         5         3       1600.000         11.000
         6         3       6310.000        714.000

--------------------------------------------------
                Basin Inflow Data                 
--------------------------------------------------
 Gauge No.  Basin Id     Qmax[m3/s]     Qmin[m3/s]
         1         1       6310.000        678.000
         2         2       6310.000        678.000

--------------------------------------------------------------------------------
                          Basin-wise Configuration
--------------------------------------------------------------------------------
Basin No.                              1
No. of gauges                          2

--------------------------------------------------------------------------------
                                 Directory list
--------------------------------------------------------------------------------
Directory to morphological input             ../../test_basin/input/morph/                                                                                                                                                                                                                                   
Directory to land cover input                ../../test_basin/input/luse/                                                                                                                                                                                                                                    
Directory to gauging station input           ../../test_basin/input/gauge/                                                                                                                                                                                                                                   
Directory to precipitation input             ../../test_basin/input/meteo/pre/                                                                                                                                                                                                                               
Directory to temperature input               ../../test_basin/input/meteo/tavg/                                                                                                                                                                                                                              
Directory to reference ET input              ../../test_basin/input/meteo/pet/                                                                                                                                                                                                                               
Directory to write output by default         output_b1/b1_                                                                                                                                                                                                                                                   
Directory to write output when restarted     output_b1/b1_                                                                                                                                                                                                                                                   

------------------------------
River Network       
------------------------------
                                           Label 0 = intermediate draining cell 
                                           Label 1 = headwater cell             
                                           Label 2 = sink cell                  

---------------------------------------------------------------------------
      Link      From        To   Routing     Label         Length      mean
        Id      Node      Node  Sequence                              Slope
                                                             [km]       [-]
---------------------------------------------------------------------------
         1         1         5         1         1          7.536     0.000
         6         7         3         2         1         28.349     0.000
         9        10         9         3         1          9.243     0.001
        10        11         8         4         1         40.042     0.001
        14        15        14         5         1         27.728     0.001
        19        20        19         6         1         28.435     0.002
        20        21        16         7         1         21.728     0.005
        24        25        24         8         1         32.127     0.004
        29        30        26         9         1         28.642     0.004
        32        33        29        10         1         27.142     0.013
        33        34        32        11         1         31.763     0.003
         2         3         4        12         0         29.642     0.000
         7         8         4        13         0          1.414     0.000
        13        14        13        14         0         38.213     0.001
        15        16        17        15         0          9.985     0.000
        18        19        18        16         0         33.799     0.001
        25        26        22        17         0         61.734     0.001
        28        29        28        18         0          6.243     0.003
        31        32        31        19         0         16.399     0.001
         3         4         5        20         0         38.420     0.001
        12        13        12        21         0         42.127     0.000
        17        18        17        22         0         42.542     0.000
        27        28        24        23         0         32.835     0.002
        30        31        27        24         0         32.728     0.003
        23        24        23        25         0         34.420     0.001
        26        27        23        26         0         29.799     0.001
        22        23        22        27         0          0.707     0.000
        21        22        17        28         0         38.456     0.000
        16        17        12        29         0         35.885     0.002
        11        12         9        30         0         30.263     0.000
         8         9         5        31         0         24.399     0.000
         4         5         6        32         0          5.036     0.000
         5         6         2        33         2         14.692     0.000

--------------------
Node Index   Node Id
--------------------
         1         1
         2         2
         3         3
         4         4
         5         5
         6         6
         7         7
         8         8
         9         9
        10        10
        11        11
        12        12
        13        13
        14        14
        15        15
        16        16
        17        17
        18        18
        19        19
        20        20
        21        21
        22        22
        23        23
        24        24
        25        25
        26        26
        27        27
        28        28
        29        29
        30        30
        31        31
        32        32
        33        33
        34        34

------------------------------
      Cell    L11-Id  efecArea
       No.       [-]     [km2]
------------------------------
         1         1   126.750
         2         2   229.750
         3         3   107.750
         4         4   312.500
         5         5   573.750
         6         6   314.250
         7         7    42.500
         8         8   524.750
         9         9   576.000
        10        10   146.500
        11        11   470.000
        12        12   576.000
        13        13   414.500
        14        14   340.750
        15        15     9.000
        16        16   230.250
        17        17   576.000
        18        18   576.000
        19        19   527.250
        20        20    48.250
        21        21    10.500
        22        22   545.000
        23        23   576.000
        24        24   576.000
        25        25   318.500
        26        26   456.250
        27        27   551.250
        28        28   576.000
        29        29   337.000
        30        30     3.250
        31        31   198.000
        32        32   555.250
        33        33    89.000
        34        34   121.750
        35         1   126.750
        36         2   229.750
        37         3   107.750
        38         4   312.500
        39         5   573.750
        40         6   314.250
        41         7    42.500
        42         8   524.750
        43         9   576.000
        44        10   146.500
        45        11   470.000
        46        12   576.000
        47        13   414.500
        48        14   340.750
        49        15     9.000
        50        16   230.250
        51        17   576.000
        52        18   576.000
        53        19   527.250
        54        20    48.250
        55        21    10.500
        56        22   545.000
        57        23   576.000
        58        24   576.000
        59        25   318.500
        60        26   456.250
        61        27   551.250
        62        28   576.000
        63        29   337.000
        64        30     3.250
        65        31   198.000
        66        32   555.250
        67        33    89.000
        68        34   121.750
        69         1   126.750
        70         2   229.750
        71         3   107.750
        72         4   312.500
        73         5   573.750
        74         6   314.250
        75         7    42.500
        76         8   524.750
        77         9   576.000
        78        10   146.500
        79        11   470.000
        80        12   576.000
        81        13   414.500
        82        14   340.750
        83        15     9.000
        84        16   230.250
        85        17   576.000
        86        18   576.000
        87        19   527.250
        88        20    48.250
        89        21    10.500
        90        22   545.000
        91        23   576.000
        92        24   576.000
        93        25   318.500
        94        26   456.250
        95        27   551.250
        96        28   576.000
        97        29   337.000
        98        30     3.250
        99        31   198.000
       100        32   555.250
       101        33    89.000
       102        34   121.750
------------------------------
     Total[km2]      34908.750

Basin No.                              2
No. of gauges                          2

--------------------------------------------------------------------------------
                                 Directory list
--------------------------------------------------------------------------------
Directory to morphological input             ../../test_basin/input/morph/                                                                                                                                                                                                                                   
Directory to land cover input                ../../test_basin/input/luse/                                                                                                                                                                                                                                    
Directory to gauging station input           ../../test_basin/input/gauge/                                                                                                                                                                                                                                   
Directory to precipitation input             ../../test_basin/input/meteo/pre/                                                                                                                                                                                                                               
Directory to temperature input               ../../test_basin/input/meteo/tavg/                                                                                                                                                                                                                              
Directory to reference ET input              ../../test_basin/input/meteo/pet/                                                                                                                                                                                                                               
Directory to write output by default         output_b1/b2_                                                                                                                                                                                                                                                   
Directory to write output when restarted     output_b1/b2_                                                                                                                                                                                                                                                   

------------------------------
River Network       
------------------------------
                                           Label 0 = intermediate draining cell 
                                           Label 1 = headwater cell             
                                           Label 2 = sink cell                  

---------------------------------------------------------------------------
      Link      From        To   Routing     Label         Length      mean
        Id      Node      Node  Sequence                              Slope
                                                             [km]       [-]
---------------------------------------------------------------------------
        35         1         5         1         1          7.536     0.000
        40         7         3         2         1         28.349     0.000
        43        10         9         3         1          9.243     0.001
        44        11         8         4         1         40.042     0.001
        48        15        14         5         1         27.728     0.001
        53        20        19         6         1         28.435     0.002
        54        21        16         7         1         21.728     0.005
        58        25        24         8         1         32.127     0.004
        63        30        26         9         1         28.642     0.004
        66        33        29        10         1         27.142     0.013
        67        34        32        11         1         31.763     0.003
        36         3         4        12         0         29.642     0.000
        41         8         4        13         0          1.414     0.000
        47        14        13        14         0         38.213     0.001
        49        16        17        15         0          9.985     0.000
        52        19        18        16         0         33.799     0.001
        59        26        22        17         0         61.734     0.001
        62        29        28        18         0          6.243     0.003
        65        32        31        19         0         16.399     0.001
        37         4         5        20         0         38.420     0.001
        46        13        12        21         0         42.127     0.000
        51        18        17        22         0         42.542     0.000
        61        28        24        23         0         32.835     0.002
        64        31        27        24         0         32.728     0.003
        57        24        23        25         0         34.420     0.001
        60        27        23        26         0         29.799     0.001
        56        23        22        27         0          0.707     0.000
        55        22        17        28         0         38.456     0.000
        50        17        12        29         0         35.885     0.002
        45        12         9        30         0         30.263     0.000
        42         9         5        31         0         24.399     0.000
        38         5         6        32         0          5.036     0.000
        39         6         2        33         2         14.692     0.000

--------------------
Node Index   Node Id
--------------------
        35         1
        36         2
        37         3
        38         4
        39         5
        40         6
        41         7
        42         8
        43         9
        44        10
        45        11
        46        12
        47        13
        48        14
        49        15
        50        16
        51        17
        52        18
        53        19
        54        20
        55        21
        56        22
        57        23
        58        24
        59        25
        60        26
        61        27
        62        28
        63        29
        64        30
        65        31
        66        32
        67        33
        68        34

------------------------------
      Cell    L11-Id  efecArea
       No.       [-]     [km2]
------------------------------
         1         1   126.750
         2         2   229.750
         3         3   107.750
         4         4   312.500
         5         5   573.750
         6         6   314.250
         7         7    42.500
         8         8   524.750
         9         9   576.000
        10        10   146.500
        11        11   470.000
        12        12   576.000
        13        13   414.500
        14        14   340.750
        15        15     9.000
        16        16   230.250
        17        17   576.000
        18        18   576.000
        19        19   527.250
        20        20    48.250
        21        21    10.500
        22        22   545.000
        23        23   576.000
        24        24   576.000
        25        25   318.500
        26        26   456.250
        27        27   551.250
        28        28   576.000
        29        29   337.000
        30        30     3.250
        31        31   198.000
        32        32   555.250
        33        33    89.000
        34        34   121.750
        35         1   126.750
        36         2   229.750
        37         3   107.750
        38         4   312.500
        39         5   573.750
        40         6   314.250
        41         7    42.500
        42         8   524.750
        43         9   576.000
        44        10   146.500
        45        11   470.000
        46        12   576.000
        47        13   414.500
        48        14   340.750
        49        15     9.000
        50        16   230.250
        51        17   576.000
        52        18   576.000
        53        19   527.250
        54        20    48.250
        55        21    10.500
        56        22   545.000
        57        23   576.000
        58        24   576.000
        59        25   318.500
        60        26   456.250
        61        27   551.250
        62        28   576.000
        63        29   337.000
        64        30     3.250
        65        31   198.000
        66        32   555.250
        67        33    89.000
        68        34   121.750
        69         1   126.750
        70         2   229.750
        71         3   107.750
        72         4   312.500
        73         5   573.750
        74         6   314.250
        75         7    42.500
        76         8   524.750
        77         9   576.000
        78        10   146.500
        79        11   470.000
        80        12   576.000
        81        13   414.500
        82        14   340.750
        83        15     9.000
        84        16   230.250
        85        17   576.000
        86        18   576.000
        87        19   527.250
        88        20    48.250
        89        21    10.500
        90        22   545.000
        91        23   576.000
        92        24   576.000
        93        25   318.500
        94        26   456.250
        95        27   551.250
        96        28   576.000
        97        29   337.000
        98        30     3.250
        99        31   198.000
       100        32   555.250
       101        33    89.000
       102        34   121.750
------------------------------
     Total[km2]      34908.750

Basin No.                              3
No. of gauges                          2

--------------------------------------------------------------------------------
                                 Directory list
--------------------------------------------------------------------------------
Directory to morphological input             ../../test_basin/input/morph/                                                                                                                                                                                                                                   
Directory to land cover input                ../../test_basin/input/luse/                                                                                                                                                                                                                                    
Directory to gauging station input           ../../test_basin/input/gauge/                                                                                                                                                                                                                                   
Directory to precipitation input             ../../test_basin/input/meteo/pre/                                                                                                                                                                                                                               
Directory to temperature input               ../../test_basin/input/meteo/tavg/                                                                                                                                                                                                                              
Directory to reference ET input              ../../test_basin/input/meteo/pet/                                                                                                                                                                                                                               
Directory to write output by default         output_b1/b3_                                                                                                                                                                                                                                                   
Directory to write output when restarted     output_b1/b3_                                                                                                                                                                                                                                                   

------------------------------
River Network       
------------------------------
                                           Label 0 = intermediate draining cell 
                                           Label 1 = headwater cell             
                                           Label 2 = sink cell                  

---------------------------------------------------------------------------
      Link      From        To   Routing     Label         Length      mean
        Id      Node      Node  Sequence                              Slope
                                                             [km]       [-]
---------------------------------------------------------------------------
        69         1         5         1         1          7.536     0.000
        74         7         3         2         1         28.349     0.000
        77        10         9         3         1          9.243     0.001
        78        11         8         4         1         40.042     0.001
        82        15        14         5         1         27.728     0.001
        87        20        19         6         1         28.435     0.002
        88        21        16         7         1         21.728     0.005
        92        25        24         8         1         32.127     0.004
        97        30        26         9         1         28.642     0.004
       100        33        29        10         1         27.142     0.013
       101        34        32        11         1         31.763     0.003
        70         3         4        12         0         29.642     0.000
        75         8         4        13         0          1.414     0.000
        81        14        13        14         0         38.213     0.001
        83        16        17        15         0          9.985     0.000
        86        19        18        16         0         33.799     0.001
        93        26        22        17         0         61.734     0.001
        96        29        28        18         0          6.243     0.003
        99        32        31        19         0         16.399     0.001
        71         4         5        20         0         38.420     0.001
        80        13        12        21         0         42.127     0.000
        85        18        17        22         0         42.542     0.000
        95        28        24        23         0         32.835     0.002
        98        31        27        24         0         32.728     0.003
        91        24        23        25         0         34.420     0.001
        94        27        23        26         0         29.799     0.001
        90        23        22        27         0          0.707     0.000
        89        22        17        28         0         38.456     0.000
        84        17        12        29         0         35.885     0.002
        79        12         9        30         0         30.263     0.000
        76         9         5        31         0         24.399     0.000
        72         5         6        32         0          5.036     0.000
        73         6         2        33         2         14.692     0.000

--------------------
Node Index   Node Id
--------------------
        69         1
        70         2
        71         3
        72         4
        73         5
        74         6
        75         7
        76         8
        77         9
        78        10
        79        11
        80        12
        81        13
        82        14
        83        15
        84        16
        85        17
        86        18
        87        19
        88        20
        89        21
        90        22
        91        23
        92        24
        93        25
        94        26
        95        27
        96        28
        97        29
        98        30
        99        31
       100        32
       101        33
       102        34

------------------------------
      Cell    L11-Id  efecArea
       No.       [-]     [km2]
------------------------------
         1         1   126.750
         2         2   229.750
         3         3   107.750
         4         4   312.500
         5         5   573.750
         6         6   314.250
         7         7    42.500
         8         8   524.750
         9         9   576.000
        10        10   146.500
        11        11   470.000
        12        12   576.000
        13        13   414.500
        14        14   340.750
        15        15     9.000
        16        16   230.250
        17        17   576.000
        18        18   576.000
        19        19   527.250
        20        20    48.250
        21        21    10.500
        22        22   545.000
        23        23   576.000
        24        24   576.000
        25        25   318.500
        26        26   456.250
        27        27   551.250
        28        28   576.000
        29        29   337.000
        30        30     3.250
        31        31   198.000
        32        32   555.250
        33        33    89.000
        34        34   121.750
        35         1   126.750
        36         2   229.750
        37         3   107.750
        38         4   312.500
        39         5   573.750
        40         6   314.250
        41         7    42.500
        42         8   524.750
        43         9   576.000
        44        10   146.500
        45        11   470.000
        46        12   576.000
        47        13   414.500
        48        14   340.750
        49        15     9.000
        50        16   230.250
        51        17   576.000
        52        18   576.000
        53        19   527.250
        54        20    48.250
        55        21    10.500
        56        22   545.000
        57        23   576.000
        58        24   576.000
        59        25   318.500
        60        26   456.250
        61        27   551.250
        62        28   576.000
        63        29   337.000
        64        30     3.250
        65        31   198.000
        66        32   555.250
        67        33    89.000
        68        34   121.750
        69         1   126.750
        70         2   229.750
        71         3   107.750
        72         4   312.500
        73         5   573.750
        74         6   314.250
        75         7    42.500
        76         8   524.750
        77         9   576.000
        78        10   146.500
        79        11   470.000
        80        12   576.000
        81        13   414.500
        82        14   340.750
        83        15     9.000
        84        16   230.250
        85        17   576.000
        86        18   576.000
        87        19   527.250
        88        20    48.250
        89        21    10.500
        90        22   545.000
        91        23   576.000
        92        24   576.000
        93        25   318.500
        94        26   456.250
        95        27   551.250
        96        28   576.000
        97        29   337.000
        98        30     3.250
        99        31   198.000
       100        32   555.250
       101        33    89.000
       102        34   121.750
------------------------------
     Total[km2]      34908.750


